clang version 7.0.0 (http://llvm.org/git/clang.git 0f6b139a0ce2f74a708f120da6336c05c14ea1cb) (http://llvm.org/git/llvm.git a02ad35dfa959d5c50a5d0008b010e5fb0c5cbe8)
Target: powerpc64le-ibm-linux-gnu
Thread model: posix
InstalledDir: /localhd/gbercea/patch-compiler/obj-release/bin
Found candidate GCC installation: /usr/lib/gcc/powerpc64le-linux-gnu/4.8
Found candidate GCC installation: /usr/lib/gcc/powerpc64le-linux-gnu/4.8.4
Found candidate GCC installation: /usr/lib/gcc/powerpc64le-linux-gnu/4.9
Found candidate GCC installation: /usr/lib/gcc/powerpc64le-linux-gnu/4.9.1
Selected GCC installation: /usr/lib/gcc/powerpc64le-linux-gnu/4.8
Candidate multilib: .;@m64
Selected multilib: .;@m64
Found CUDA installation: /usr/local/cuda-8.0, version 8.0
 "/localhd/gbercea/patch-compiler/obj-release/bin/clang-6.0" -cc1 -triple powerpc64le-ibm-linux-gnu -emit-llvm-bc -emit-llvm-uselists -disable-free -main-file-name test.c -mrelocation-model pic -pic-level 2 -mthread-model posix -fmath-errno -masm-verbose -mconstructor-aliases -fuse-init-array -target-cpu pwr8 -mfloat-abi hard -target-abi elfv2 -dwarf-column-info -debugger-tuning=gdb -momit-leaf-frame-pointer -v -resource-dir /localhd/gbercea/patch-compiler/obj-release/lib/clang/7.0.0 -I /localhd/gbercea/patch-compiler/obj-release/lib -I /localhd/gbercea/patch-compiler/obj-release/lib/../ -I /localhd/gbercea/patch-compiler/obj-release/lib/../projects/openmp/runtime/src/ -internal-isystem /usr/local/include -internal-isystem /localhd/gbercea/patch-compiler/obj-release/lib/clang/7.0.0/include -internal-externc-isystem /usr/include/powerpc64le-linux-gnu -internal-externc-isystem /include -internal-externc-isystem /usr/include -internal-isystem /usr/local/include -internal-isystem /localhd/gbercea/patch-compiler/obj-release/lib/clang/7.0.0/include -internal-externc-isystem /usr/include/powerpc64le-linux-gnu -internal-externc-isystem /include -internal-externc-isystem /usr/include -O3 -fdebug-compilation-dir /localhd/gbercea/patch-compiler/src/projects/openmp/libomptarget/omptests/t-barrier/results -ferror-limit 19 -fmessage-length 0 -fopenmp -fno-signed-char -fobjc-runtime=gcc -fdiagnostics-show-option -vectorize-loops -vectorize-slp -o /tmp/test-c2d6a4.bc -x c /localhd/gbercea/patch-compiler/src/projects/openmp/libomptarget/omptests/t-barrier/test.c -fopenmp-targets=nvptx64-nvidia-cuda -faddrsig
clang -cc1 version 7.0.0 based upon LLVM 7.0.0svn default target powerpc64le-unknown-linux-gnu
ignoring nonexistent directory "/include"
ignoring nonexistent directory "/include"
ignoring duplicate directory "/usr/local/include"
ignoring duplicate directory "/localhd/gbercea/patch-compiler/obj-release/lib/clang/7.0.0/include"
ignoring duplicate directory "/usr/include/powerpc64le-linux-gnu"
ignoring duplicate directory "/usr/include"
#include "..." search starts here:
#include <...> search starts here:
 /localhd/gbercea/patch-compiler/obj-release/lib
 /localhd/gbercea/patch-compiler/obj-release/lib/..
 /localhd/gbercea/patch-compiler/obj-release/lib/../projects/openmp/runtime/src
 /usr/local/include
 /localhd/gbercea/patch-compiler/obj-release/lib/clang/7.0.0/include
 /usr/include/powerpc64le-linux-gnu
 /usr/include
End of search list.
/localhd/gbercea/patch-compiler/src/projects/openmp/libomptarget/omptests/t-barrier/test.c:122:25: warning: format specifies type 'double' but the argument has type 'int' [-Wformat]
  }, VERIFY(0, 1, B[i], i+1));
     ~~~~~~~~~~~~~~~~~~~^~~~
/localhd/gbercea/patch-compiler/src/projects/openmp/libomptarget/omptests/t-barrier/../utilities/utilities.h:35:70: note: expanded from macro 'VERIFY'
      printf ("Failed at %3d with %s, expected %f, got %f\n", i, #X, VAL, X); \
                                               ~~                    ^~~
/localhd/gbercea/patch-compiler/src/projects/openmp/libomptarget/omptests/t-barrier/../utilities/utilities.h:80:5: note: expanded from macro 'TESTD'
    V \
    ^
/localhd/gbercea/patch-compiler/src/projects/openmp/libomptarget/omptests/t-barrier/test.c:132:38: warning: format specifies type 'double' but the argument has type 'int' [-Wformat]
    }, VERIFY(0, threads[0]-1, B[i], 5));
       ~~~~~~~~~~~~~~~~~~~~~~~~~~~~~~^~
/localhd/gbercea/patch-compiler/src/projects/openmp/libomptarget/omptests/t-barrier/../utilities/utilities.h:35:70: note: expanded from macro 'VERIFY'
      printf ("Failed at %3d with %s, expected %f, got %f\n", i, #X, VAL, X); \
                                               ~~                    ^~~
/localhd/gbercea/patch-compiler/src/projects/openmp/libomptarget/omptests/t-barrier/../utilities/utilities.h:80:5: note: expanded from macro 'TESTD'
    V \
    ^
/localhd/gbercea/patch-compiler/src/projects/openmp/libomptarget/omptests/t-barrier/test.c:145:37: warning: format specifies type 'double' but the argument has type 'int' [-Wformat]
  }, VERIFY(0, max_threads-1, B[i], max_threads-i-1));
     ~~~~~~~~~~~~~~~~~~~~~~~~~~~~~~~^~~~~~~~~~~~~~~~
/localhd/gbercea/patch-compiler/src/projects/openmp/libomptarget/omptests/t-barrier/../utilities/utilities.h:35:70: note: expanded from macro 'VERIFY'
      printf ("Failed at %3d with %s, expected %f, got %f\n", i, #X, VAL, X); \
                                               ~~                    ^~~
/localhd/gbercea/patch-compiler/src/projects/openmp/libomptarget/omptests/t-barrier/../utilities/utilities.h:80:5: note: expanded from macro 'TESTD'
    V \
    ^
/localhd/gbercea/patch-compiler/src/projects/openmp/libomptarget/omptests/t-barrier/test.c:153:25: warning: format specifies type 'double' but the argument has type 'int' [-Wformat]
  }, VERIFY(0, 1, C[i], 491535));
     ~~~~~~~~~~~~~~~~~~~^~~~~~~
/localhd/gbercea/patch-compiler/src/projects/openmp/libomptarget/omptests/t-barrier/../utilities/utilities.h:35:70: note: expanded from macro 'VERIFY'
      printf ("Failed at %3d with %s, expected %f, got %f\n", i, #X, VAL, X); \
                                               ~~                    ^~~
/localhd/gbercea/patch-compiler/src/projects/openmp/libomptarget/omptests/t-barrier/../utilities/utilities.h:80:5: note: expanded from macro 'TESTD'
    V \
    ^
4 warnings generated.
 "/localhd/gbercea/patch-compiler/obj-release/bin/clang-6.0" -cc1 -triple nvptx64-nvidia-cuda -aux-triple powerpc64le-ibm-linux-gnu -S -disable-free -main-file-name test.c -mrelocation-model pic -pic-level 2 -mthread-model posix -mdisable-fp-elim -no-integrated-as -fuse-init-array -mlink-cuda-bitcode /usr/local/cuda-8.0/nvvm/libdevice/libdevice.compute_35.10.bc -target-feature +ptx42 -mlink-cuda-bitcode /localhd/gbercea/patch-compiler/obj-release/lib/libomptarget-nvptx-sm_37.bc -target-cpu sm_37 -dwarf-column-info -debugger-tuning=gdb -v -resource-dir /localhd/gbercea/patch-compiler/obj-release/lib/clang/7.0.0 -I /localhd/gbercea/patch-compiler/obj-release/lib -I /localhd/gbercea/patch-compiler/obj-release/lib/../ -I /localhd/gbercea/patch-compiler/obj-release/lib/../projects/openmp/runtime/src/ -internal-isystem /usr/local/include -internal-isystem /localhd/gbercea/patch-compiler/obj-release/lib/clang/7.0.0/include -internal-externc-isystem /usr/include/powerpc64le-linux-gnu -internal-externc-isystem /include -internal-externc-isystem /usr/include -internal-isystem /usr/local/include -internal-isystem /localhd/gbercea/patch-compiler/obj-release/lib/clang/7.0.0/include -internal-externc-isystem /usr/include/powerpc64le-linux-gnu -internal-externc-isystem /include -internal-externc-isystem /usr/include -O3 -fno-dwarf-directory-asm -fdebug-compilation-dir /localhd/gbercea/patch-compiler/src/projects/openmp/libomptarget/omptests/t-barrier/results -ferror-limit 19 -fmessage-length 0 -fopenmp -fobjc-runtime=gcc -fdiagnostics-show-option -vectorize-loops -vectorize-slp -o /tmp/test-e626fc.s -x c /localhd/gbercea/patch-compiler/src/projects/openmp/libomptarget/omptests/t-barrier/test.c -fopenmp-is-device -fopenmp-host-ir-file-path /tmp/test-c2d6a4.bc
clang -cc1 version 7.0.0 based upon LLVM 7.0.0svn default target powerpc64le-unknown-linux-gnu
ignoring nonexistent directory "/include"
ignoring nonexistent directory "/include"
ignoring duplicate directory "/usr/local/include"
ignoring duplicate directory "/localhd/gbercea/patch-compiler/obj-release/lib/clang/7.0.0/include"
ignoring duplicate directory "/usr/include/powerpc64le-linux-gnu"
ignoring duplicate directory "/usr/include"
#include "..." search starts here:
#include <...> search starts here:
 /localhd/gbercea/patch-compiler/obj-release/lib
 /localhd/gbercea/patch-compiler/obj-release/lib/..
 /localhd/gbercea/patch-compiler/obj-release/lib/../projects/openmp/runtime/src
 /usr/local/include
 /localhd/gbercea/patch-compiler/obj-release/lib/clang/7.0.0/include
 /usr/include/powerpc64le-linux-gnu
 /usr/include
End of search list.
/localhd/gbercea/patch-compiler/src/projects/openmp/libomptarget/omptests/t-barrier/test.c:122:25: warning: format specifies type 'double' but the argument has type 'int' [-Wformat]
  }, VERIFY(0, 1, B[i], i+1));
     ~~~~~~~~~~~~~~~~~~~^~~~
/localhd/gbercea/patch-compiler/src/projects/openmp/libomptarget/omptests/t-barrier/../utilities/utilities.h:35:70: note: expanded from macro 'VERIFY'
      printf ("Failed at %3d with %s, expected %f, got %f\n", i, #X, VAL, X); \
                                               ~~                    ^~~
/localhd/gbercea/patch-compiler/src/projects/openmp/libomptarget/omptests/t-barrier/../utilities/utilities.h:80:5: note: expanded from macro 'TESTD'
    V \
    ^
/localhd/gbercea/patch-compiler/src/projects/openmp/libomptarget/omptests/t-barrier/test.c:132:38: warning: format specifies type 'double' but the argument has type 'int' [-Wformat]
    }, VERIFY(0, threads[0]-1, B[i], 5));
       ~~~~~~~~~~~~~~~~~~~~~~~~~~~~~~^~
/localhd/gbercea/patch-compiler/src/projects/openmp/libomptarget/omptests/t-barrier/../utilities/utilities.h:35:70: note: expanded from macro 'VERIFY'
      printf ("Failed at %3d with %s, expected %f, got %f\n", i, #X, VAL, X); \
                                               ~~                    ^~~
/localhd/gbercea/patch-compiler/src/projects/openmp/libomptarget/omptests/t-barrier/../utilities/utilities.h:80:5: note: expanded from macro 'TESTD'
    V \
    ^
/localhd/gbercea/patch-compiler/src/projects/openmp/libomptarget/omptests/t-barrier/test.c:145:37: warning: format specifies type 'double' but the argument has type 'int' [-Wformat]
  }, VERIFY(0, max_threads-1, B[i], max_threads-i-1));
     ~~~~~~~~~~~~~~~~~~~~~~~~~~~~~~~^~~~~~~~~~~~~~~~
/localhd/gbercea/patch-compiler/src/projects/openmp/libomptarget/omptests/t-barrier/../utilities/utilities.h:35:70: note: expanded from macro 'VERIFY'
      printf ("Failed at %3d with %s, expected %f, got %f\n", i, #X, VAL, X); \
                                               ~~                    ^~~
/localhd/gbercea/patch-compiler/src/projects/openmp/libomptarget/omptests/t-barrier/../utilities/utilities.h:80:5: note: expanded from macro 'TESTD'
    V \
    ^
/localhd/gbercea/patch-compiler/src/projects/openmp/libomptarget/omptests/t-barrier/test.c:153:25: warning: format specifies type 'double' but the argument has type 'int' [-Wformat]
  }, VERIFY(0, 1, C[i], 491535));
     ~~~~~~~~~~~~~~~~~~~^~~~~~~
/localhd/gbercea/patch-compiler/src/projects/openmp/libomptarget/omptests/t-barrier/../utilities/utilities.h:35:70: note: expanded from macro 'VERIFY'
      printf ("Failed at %3d with %s, expected %f, got %f\n", i, #X, VAL, X); \
                                               ~~                    ^~~
/localhd/gbercea/patch-compiler/src/projects/openmp/libomptarget/omptests/t-barrier/../utilities/utilities.h:80:5: note: expanded from macro 'TESTD'
    V \
    ^
4 warnings generated.
 "/usr/local/cuda-8.0/bin/ptxas" -m64 -O3 -v --gpu-name sm_37 --output-file /tmp/test-a2f209.cubin /tmp/test-e626fc.s -c
ptxas info    : 6 bytes gmem
ptxas info    : Compiling entry function '__omp_offloading_811_27e0e4f_main_l129' for 'sm_37'
ptxas info    : Function properties for __omp_offloading_811_27e0e4f_main_l129
    0 bytes stack frame, 0 bytes spill stores, 0 bytes spill loads
ptxas info    : Used 38 registers, 368 bytes cmem[0], 8 bytes cmem[2]
ptxas info    : Compiling entry function '__omp_offloading_811_27e0e4f_main_l161' for 'sm_37'
ptxas info    : Function properties for __omp_offloading_811_27e0e4f_main_l161
    0 bytes stack frame, 0 bytes spill stores, 0 bytes spill loads
ptxas info    : Used 40 registers, 360 bytes cmem[0], 8 bytes cmem[2]
ptxas info    : Compiling entry function '__omp_offloading_811_27e0e4f_main_l109' for 'sm_37'
ptxas info    : Function properties for __omp_offloading_811_27e0e4f_main_l109
    0 bytes stack frame, 0 bytes spill stores, 0 bytes spill loads
ptxas info    : Used 38 registers, 328 bytes cmem[0], 4 bytes cmem[2]
ptxas info    : Compiling entry function '__omp_offloading_811_27e0e4f_main_l120' for 'sm_37'
ptxas info    : Function properties for __omp_offloading_811_27e0e4f_main_l120
    0 bytes stack frame, 0 bytes spill stores, 0 bytes spill loads
ptxas info    : Used 40 registers, 344 bytes cmem[0], 8 bytes cmem[2]
ptxas info    : Compiling entry function '__omp_offloading_811_27e04ce_check_offloading_l22' for 'sm_37'
ptxas info    : Function properties for __omp_offloading_811_27e04ce_check_offloading_l22
    0 bytes stack frame, 0 bytes spill stores, 0 bytes spill loads
ptxas info    : Used 38 registers, 328 bytes cmem[0], 4 bytes cmem[2]
ptxas info    : Compiling entry function '__omp_offloading_811_27e0e4f_main_l139' for 'sm_37'
ptxas info    : Function properties for __omp_offloading_811_27e0e4f_main_l139
    0 bytes stack frame, 0 bytes spill stores, 0 bytes spill loads
ptxas info    : Used 39 registers, 368 bytes cmem[0], 8 bytes cmem[2]
ptxas info    : Function properties for __omp_outlined__4_wrapper
    0 bytes stack frame, 0 bytes spill stores, 0 bytes spill loads
ptxas info    : Function properties for __omp_outlined__9_wrapper
    0 bytes stack frame, 0 bytes spill stores, 0 bytes spill loads
ptxas info    : Function properties for __omp_outlined__6_wrapper
    0 bytes stack frame, 0 bytes spill stores, 0 bytes spill loads
ptxas info    : Function properties for __omp_outlined__3_wrapper
    0 bytes stack frame, 0 bytes spill stores, 0 bytes spill loads
ptxas info    : Function properties for __omp_outlined__7_wrapper
    0 bytes stack frame, 0 bytes spill stores, 0 bytes spill loads
ptxas info    : Function properties for __omp_outlined__5_wrapper
    0 bytes stack frame, 0 bytes spill stores, 0 bytes spill loads
ptxas info    : Function properties for __omp_outlined__10_wrapper
    0 bytes stack frame, 0 bytes spill stores, 0 bytes spill loads
 "/usr/local/cuda-8.0/bin/nvlink" -o /tmp/test-7a4d07.out -v -arch sm_37 -L/localhd/gbercea/patch-compiler/obj-release/lib -L/usr/local/cuda-8.0/lib64 -L/usr/local/cuda-8.0/nvvm/libdevice -L/localhd/gbercea/patch-compiler/obj-release/lib -lomptarget-nvptx /tmp/test-a2f209.cubin
nvlink info    : 100538532 bytes gmem
nvlink info    : Function properties for '__omp_offloading_811_27e0e4f_main_l139':
nvlink info    : used 42 registers, 0 stack, 1092 bytes smem, 368 bytes cmem[0], 36 bytes cmem[2], 0 bytes lmem
nvlink info    : Function properties for '__omp_offloading_811_27e04ce_check_offloading_l22':
nvlink info    : used 42 registers, 0 stack, 1092 bytes smem, 328 bytes cmem[0], 36 bytes cmem[2], 0 bytes lmem
nvlink info    : Function properties for '__omp_offloading_811_27e0e4f_main_l120':
nvlink info    : used 42 registers, 0 stack, 1092 bytes smem, 344 bytes cmem[0], 36 bytes cmem[2], 0 bytes lmem
nvlink info    : Function properties for '__omp_offloading_811_27e0e4f_main_l109':
nvlink info    : used 42 registers, 0 stack, 1092 bytes smem, 328 bytes cmem[0], 36 bytes cmem[2], 0 bytes lmem
nvlink info    : Function properties for '__omp_offloading_811_27e0e4f_main_l161':
nvlink info    : used 42 registers, 0 stack, 1092 bytes smem, 360 bytes cmem[0], 36 bytes cmem[2], 0 bytes lmem
nvlink info    : Function properties for '__omp_offloading_811_27e0e4f_main_l129':
nvlink info    : used 42 registers, 0 stack, 1092 bytes smem, 368 bytes cmem[0], 36 bytes cmem[2], 0 bytes lmem
 "/localhd/gbercea/patch-compiler/obj-release/bin/clang-6.0" -cc1 -triple powerpc64le-ibm-linux-gnu -emit-obj -disable-free -main-file-name test.c -mrelocation-model pic -pic-level 2 -mthread-model posix -fmath-errno -masm-verbose -mconstructor-aliases -fuse-init-array -target-cpu pwr8 -mfloat-abi hard -target-abi elfv2 -dwarf-column-info -debugger-tuning=gdb -momit-leaf-frame-pointer -v -resource-dir /localhd/gbercea/patch-compiler/obj-release/lib/clang/7.0.0 -O3 -fdebug-compilation-dir /localhd/gbercea/patch-compiler/src/projects/openmp/libomptarget/omptests/t-barrier/results -ferror-limit 19 -fmessage-length 0 -fopenmp -fno-signed-char -fobjc-runtime=gcc -fdiagnostics-show-option -vectorize-loops -vectorize-slp -o /tmp/test-eb9343.o -x ir /tmp/test-c2d6a4.bc -faddrsig
clang -cc1 version 7.0.0 based upon LLVM 7.0.0svn default target powerpc64le-unknown-linux-gnu
 "/usr/bin/ld" -z relro --hash-style=gnu --eh-frame-hdr -m elf64lppc -dynamic-linker /lib64/ld64.so.2 -o /localhd/gbercea/patch-compiler/src/projects/openmp/libomptarget/omptests/t-barrier/results/a.out /usr/lib/gcc/powerpc64le-linux-gnu/4.8/../../../powerpc64le-linux-gnu/crt1.o /usr/lib/gcc/powerpc64le-linux-gnu/4.8/../../../powerpc64le-linux-gnu/crti.o /usr/lib/gcc/powerpc64le-linux-gnu/4.8/crtbegin.o -L/localhd/gbercea/patch-compiler/obj-release/lib -L/localhd/gbercea/patch-compiler/obj-release/lib -L/usr/lib/gcc/powerpc64le-linux-gnu/4.8 -L/usr/lib/gcc/powerpc64le-linux-gnu/4.8/../../../powerpc64le-linux-gnu -L/usr/lib/gcc/powerpc64le-linux-gnu/4.8/../../../../lib64 -L/lib/powerpc64le-linux-gnu -L/lib/../lib64 -L/usr/lib/powerpc64le-linux-gnu -L/usr/lib/../lib64 -L/usr/lib/powerpc64le-linux-gnu/../../lib64 -L/usr/lib/gcc/powerpc64le-linux-gnu/4.8/../../.. -L/localhd/gbercea/patch-compiler/obj-release/bin/../lib -L/lib -L/usr/lib /tmp/test-eb9343.o -L/localhd/gbercea/patch-compiler/obj-release/lib -L/usr/local/cuda-8.0/lib64 -L/usr/local/cuda-8.0/nvvm/libdevice -lomp -lomptarget -lgcc --as-needed -lgcc_s --no-as-needed -lpthread -latomic -lc -lgcc --as-needed -lgcc_s --no-as-needed /usr/lib/gcc/powerpc64le-linux-gnu/4.8/crtend.o /usr/lib/gcc/powerpc64le-linux-gnu/4.8/../../../powerpc64le-linux-gnu/crtn.o -T /tmp/a-60537f.lk
