clang version 7.0.0 (http://llvm.org/git/clang.git 0f6b139a0ce2f74a708f120da6336c05c14ea1cb) (http://llvm.org/git/llvm.git a02ad35dfa959d5c50a5d0008b010e5fb0c5cbe8)
Target: powerpc64le-ibm-linux-gnu
Thread model: posix
InstalledDir: /localhd/gbercea/patch-compiler/obj-release/bin
Found candidate GCC installation: /usr/lib/gcc/powerpc64le-linux-gnu/4.8
Found candidate GCC installation: /usr/lib/gcc/powerpc64le-linux-gnu/4.8.4
Found candidate GCC installation: /usr/lib/gcc/powerpc64le-linux-gnu/4.9
Found candidate GCC installation: /usr/lib/gcc/powerpc64le-linux-gnu/4.9.1
Selected GCC installation: /usr/lib/gcc/powerpc64le-linux-gnu/4.8
Candidate multilib: .;@m64
Selected multilib: .;@m64
Found CUDA installation: /usr/local/cuda-8.0, version 8.0
 "/localhd/gbercea/patch-compiler/obj-release/bin/clang-6.0" -cc1 -triple powerpc64le-ibm-linux-gnu -emit-llvm-bc -emit-llvm-uselists -disable-free -main-file-name test.c -mrelocation-model pic -pic-level 2 -mthread-model posix -mdisable-fp-elim -fmath-errno -masm-verbose -mconstructor-aliases -fuse-init-array -target-cpu pwr8 -mfloat-abi hard -target-abi elfv2 -dwarf-column-info -debugger-tuning=gdb -v -resource-dir /localhd/gbercea/patch-compiler/obj-release/lib/clang/7.0.0 -I /localhd/gbercea/patch-compiler/obj-release/lib -I /localhd/gbercea/patch-compiler/obj-release/lib/../ -I /localhd/gbercea/patch-compiler/obj-release/lib/../projects/openmp/runtime/src/ -internal-isystem /usr/local/include -internal-isystem /localhd/gbercea/patch-compiler/obj-release/lib/clang/7.0.0/include -internal-externc-isystem /usr/include/powerpc64le-linux-gnu -internal-externc-isystem /include -internal-externc-isystem /usr/include -internal-isystem /usr/local/include -internal-isystem /localhd/gbercea/patch-compiler/obj-release/lib/clang/7.0.0/include -internal-externc-isystem /usr/include/powerpc64le-linux-gnu -internal-externc-isystem /include -internal-externc-isystem /usr/include -O0 -fdebug-compilation-dir /localhd/gbercea/patch-compiler/src/projects/openmp/libomptarget/omptests/t-target-parallel/results -ferror-limit 19 -fmessage-length 0 -fopenmp -fopenmp-version=45 -fno-signed-char -fobjc-runtime=gcc -fdiagnostics-show-option -o /tmp/test-40249c.bc -x c /localhd/gbercea/patch-compiler/src/projects/openmp/libomptarget/omptests/t-target-parallel/test.c -fopenmp-targets=nvptx64-nvidia-cuda -faddrsig
clang -cc1 version 7.0.0 based upon LLVM 7.0.0svn default target powerpc64le-unknown-linux-gnu
ignoring nonexistent directory "/include"
ignoring nonexistent directory "/include"
ignoring duplicate directory "/usr/local/include"
ignoring duplicate directory "/localhd/gbercea/patch-compiler/obj-release/lib/clang/7.0.0/include"
ignoring duplicate directory "/usr/include/powerpc64le-linux-gnu"
ignoring duplicate directory "/usr/include"
#include "..." search starts here:
#include <...> search starts here:
 /localhd/gbercea/patch-compiler/obj-release/lib
 /localhd/gbercea/patch-compiler/obj-release/lib/..
 /localhd/gbercea/patch-compiler/obj-release/lib/../projects/openmp/runtime/src
 /usr/local/include
 /localhd/gbercea/patch-compiler/obj-release/lib/clang/7.0.0/include
 /usr/include/powerpc64le-linux-gnu
 /usr/include
End of search list.
/localhd/gbercea/patch-compiler/src/projects/openmp/libomptarget/omptests/t-target-parallel/test.c:39:36: warning: format specifies type 'double' but the argument has type 'int' [-Wformat]
  }, VERIFY(0,  max_threads, A[i], i*(trial+1)));
     ~~~~~~~~~~~~~~~~~~~~~~~~~~~~~~^~~~~~~~~~~~
/localhd/gbercea/patch-compiler/src/projects/openmp/libomptarget/omptests/t-target-parallel/../utilities/utilities.h:35:70: note: expanded from macro 'VERIFY'
      printf ("Failed at %3d with %s, expected %f, got %f\n", i, #X, VAL, X); \
                                               ~~                    ^~~
/localhd/gbercea/patch-compiler/src/projects/openmp/libomptarget/omptests/t-target-parallel/../utilities/utilities.h:80:5: note: expanded from macro 'TESTD'
    V \
    ^
/localhd/gbercea/patch-compiler/src/projects/openmp/libomptarget/omptests/t-target-parallel/test.c:58:35: warning: format specifies type 'double' but the argument has type 'int' [-Wformat]
  }, VERIFY(0, max_threads, A[i], 0));
     ~~~~~~~~~~~~~~~~~~~~~~~~~~~~~^~
/localhd/gbercea/patch-compiler/src/projects/openmp/libomptarget/omptests/t-target-parallel/../utilities/utilities.h:35:70: note: expanded from macro 'VERIFY'
      printf ("Failed at %3d with %s, expected %f, got %f\n", i, #X, VAL, X); \
                                               ~~                    ^~~
/localhd/gbercea/patch-compiler/src/projects/openmp/libomptarget/omptests/t-target-parallel/../utilities/utilities.h:80:5: note: expanded from macro 'TESTD'
    V \
    ^
/localhd/gbercea/patch-compiler/src/projects/openmp/libomptarget/omptests/t-target-parallel/test.c:67:35: warning: format specifies type 'double' but the argument has type 'int' [-Wformat]
  }, VERIFY(0, max_threads, A[i], i + cpuExec));
     ~~~~~~~~~~~~~~~~~~~~~~~~~~~~~^~~~~~~~~~~~
/localhd/gbercea/patch-compiler/src/projects/openmp/libomptarget/omptests/t-target-parallel/../utilities/utilities.h:35:70: note: expanded from macro 'VERIFY'
      printf ("Failed at %3d with %s, expected %f, got %f\n", i, #X, VAL, X); \
                                               ~~                    ^~~
/localhd/gbercea/patch-compiler/src/projects/openmp/libomptarget/omptests/t-target-parallel/../utilities/utilities.h:80:5: note: expanded from macro 'TESTD'
    V \
    ^
/localhd/gbercea/patch-compiler/src/projects/openmp/libomptarget/omptests/t-target-parallel/test.c:76:35: warning: format specifies type 'double' but the argument has type 'int' [-Wformat]
  }, VERIFY(0, max_threads, A[i], i == 0 ? 1 - cpuExec : 0));
     ~~~~~~~~~~~~~~~~~~~~~~~~~~~~~^~~~~~~~~~~~~~~~~~~~~~~~~
/localhd/gbercea/patch-compiler/src/projects/openmp/libomptarget/omptests/t-target-parallel/../utilities/utilities.h:35:70: note: expanded from macro 'VERIFY'
      printf ("Failed at %3d with %s, expected %f, got %f\n", i, #X, VAL, X); \
                                               ~~                    ^~~
/localhd/gbercea/patch-compiler/src/projects/openmp/libomptarget/omptests/t-target-parallel/../utilities/utilities.h:80:5: note: expanded from macro 'TESTD'
    V \
    ^
/localhd/gbercea/patch-compiler/src/projects/openmp/libomptarget/omptests/t-target-parallel/test.c:86:50: warning: format specifies type 'double' but the argument has type 'int' [-Wformat]
  }, VERIFY(0, /* bound to */ cpu_threads, A[i], i+1));
     ~~~~~~~~~~~~~~~~~~~~~~~~~~~~~~~~~~~~~~~~~~~~^~~~
/localhd/gbercea/patch-compiler/src/projects/openmp/libomptarget/omptests/t-target-parallel/../utilities/utilities.h:35:70: note: expanded from macro 'VERIFY'
      printf ("Failed at %3d with %s, expected %f, got %f\n", i, #X, VAL, X); \
                                               ~~                    ^~~
/localhd/gbercea/patch-compiler/src/projects/openmp/libomptarget/omptests/t-target-parallel/../utilities/utilities.h:80:5: note: expanded from macro 'TESTD'
    V \
    ^
/localhd/gbercea/patch-compiler/src/projects/openmp/libomptarget/omptests/t-target-parallel/test.c:96:25: warning: format specifies type 'double' but the argument has type 'int' [-Wformat]
  }, VERIFY(0, 1, A[0], 1));
     ~~~~~~~~~~~~~~~~~~~^~
/localhd/gbercea/patch-compiler/src/projects/openmp/libomptarget/omptests/t-target-parallel/../utilities/utilities.h:35:70: note: expanded from macro 'VERIFY'
      printf ("Failed at %3d with %s, expected %f, got %f\n", i, #X, VAL, X); \
                                               ~~                    ^~~
/localhd/gbercea/patch-compiler/src/projects/openmp/libomptarget/omptests/t-target-parallel/../utilities/utilities.h:80:5: note: expanded from macro 'TESTD'
    V \
    ^
/localhd/gbercea/patch-compiler/src/projects/openmp/libomptarget/omptests/t-target-parallel/test.c:120:25: warning: format specifies type 'double' but the argument has type 'int' [-Wformat]
  }, VERIFY(0, 1, A[0], 2));
     ~~~~~~~~~~~~~~~~~~~^~
/localhd/gbercea/patch-compiler/src/projects/openmp/libomptarget/omptests/t-target-parallel/../utilities/utilities.h:35:70: note: expanded from macro 'VERIFY'
      printf ("Failed at %3d with %s, expected %f, got %f\n", i, #X, VAL, X); \
                                               ~~                    ^~~
/localhd/gbercea/patch-compiler/src/projects/openmp/libomptarget/omptests/t-target-parallel/../utilities/utilities.h:80:5: note: expanded from macro 'TESTD'
    V \
    ^
/localhd/gbercea/patch-compiler/src/projects/openmp/libomptarget/omptests/t-target-parallel/test.c:130:37: warning: format specifies type 'double' but the argument has type 'int' [-Wformat]
  }, VERIFY(0, max_threads*4, B[i], 1));
     ~~~~~~~~~~~~~~~~~~~~~~~~~~~~~~~^~
/localhd/gbercea/patch-compiler/src/projects/openmp/libomptarget/omptests/t-target-parallel/../utilities/utilities.h:35:70: note: expanded from macro 'VERIFY'
      printf ("Failed at %3d with %s, expected %f, got %f\n", i, #X, VAL, X); \
                                               ~~                    ^~~
/localhd/gbercea/patch-compiler/src/projects/openmp/libomptarget/omptests/t-target-parallel/../utilities/utilities.h:80:5: note: expanded from macro 'TESTD'
    V \
    ^
/localhd/gbercea/patch-compiler/src/projects/openmp/libomptarget/omptests/t-target-parallel/test.c:136:37: warning: format specifies type 'double' but the argument has type 'int' [-Wformat]
  }, VERIFY(0, max_threads*4, B[i], 1));
     ~~~~~~~~~~~~~~~~~~~~~~~~~~~~~~~^~
/localhd/gbercea/patch-compiler/src/projects/openmp/libomptarget/omptests/t-target-parallel/../utilities/utilities.h:35:70: note: expanded from macro 'VERIFY'
      printf ("Failed at %3d with %s, expected %f, got %f\n", i, #X, VAL, X); \
                                               ~~                    ^~~
/localhd/gbercea/patch-compiler/src/projects/openmp/libomptarget/omptests/t-target-parallel/../utilities/utilities.h:80:5: note: expanded from macro 'TESTD'
    V \
    ^
/localhd/gbercea/patch-compiler/src/projects/openmp/libomptarget/omptests/t-target-parallel/test.c:142:37: warning: format specifies type 'double' but the argument has type 'int' [-Wformat]
  }, VERIFY(0, max_threads*4, B[i], 1));
     ~~~~~~~~~~~~~~~~~~~~~~~~~~~~~~~^~
/localhd/gbercea/patch-compiler/src/projects/openmp/libomptarget/omptests/t-target-parallel/../utilities/utilities.h:35:70: note: expanded from macro 'VERIFY'
      printf ("Failed at %3d with %s, expected %f, got %f\n", i, #X, VAL, X); \
                                               ~~                    ^~~
/localhd/gbercea/patch-compiler/src/projects/openmp/libomptarget/omptests/t-target-parallel/../utilities/utilities.h:80:5: note: expanded from macro 'TESTD'
    V \
    ^
/localhd/gbercea/patch-compiler/src/projects/openmp/libomptarget/omptests/t-target-parallel/test.c:153:29: warning: format specifies type 'double' but the argument has type 'int' [-Wformat]
    }, VERIFY(0, 128, A[i], 99*(i < t)));
       ~~~~~~~~~~~~~~~~~~~~~^~~~~~~~~~~
/localhd/gbercea/patch-compiler/src/projects/openmp/libomptarget/omptests/t-target-parallel/../utilities/utilities.h:35:70: note: expanded from macro 'VERIFY'
      printf ("Failed at %3d with %s, expected %f, got %f\n", i, #X, VAL, X); \
                                               ~~                    ^~~
/localhd/gbercea/patch-compiler/src/projects/openmp/libomptarget/omptests/t-target-parallel/../utilities/utilities.h:80:5: note: expanded from macro 'TESTD'
    V \
    ^
/localhd/gbercea/patch-compiler/src/projects/openmp/libomptarget/omptests/t-target-parallel/test.c:167:31: warning: format specifies type 'double' but the argument has type 'int' [-Wformat]
    }, VERIFY(0, 1, A[i]+tmp, (1+trial)*2+1+2));
       ~~~~~~~~~~~~~~~~~~~~~~~^~~~~~~~~~~~~~~~
/localhd/gbercea/patch-compiler/src/projects/openmp/libomptarget/omptests/t-target-parallel/../utilities/utilities.h:35:70: note: expanded from macro 'VERIFY'
      printf ("Failed at %3d with %s, expected %f, got %f\n", i, #X, VAL, X); \
                                               ~~                    ^~~
/localhd/gbercea/patch-compiler/src/projects/openmp/libomptarget/omptests/t-target-parallel/../utilities/utilities.h:80:5: note: expanded from macro 'TESTD'
    V \
    ^
/localhd/gbercea/patch-compiler/src/projects/openmp/libomptarget/omptests/t-target-parallel/test.c:182:34: warning: format specifies type 'double' but the argument has type 'int' [-Wformat]
    }, VERIFY(0, 1, A[i]+p[0]+q, (1+trial)*2+2+99));
       ~~~~~~~~~~~~~~~~~~~~~~~~~~^~~~~~~~~~~~~~~~~
/localhd/gbercea/patch-compiler/src/projects/openmp/libomptarget/omptests/t-target-parallel/../utilities/utilities.h:35:70: note: expanded from macro 'VERIFY'
      printf ("Failed at %3d with %s, expected %f, got %f\n", i, #X, VAL, X); \
                                               ~~                    ^~~
/localhd/gbercea/patch-compiler/src/projects/openmp/libomptarget/omptests/t-target-parallel/../utilities/utilities.h:80:5: note: expanded from macro 'TESTD'
    V \
    ^
/localhd/gbercea/patch-compiler/src/projects/openmp/libomptarget/omptests/t-target-parallel/test.c:197:34: warning: format specifies type 'double' but the argument has type 'int' [-Wformat]
    }, VERIFY(0, 1, A[i]+p[0]+q, (1+trial)*(99+5)+5+5+99));
       ~~~~~~~~~~~~~~~~~~~~~~~~~~^~~~~~~~~~~~~~~~~~~~~~~~
/localhd/gbercea/patch-compiler/src/projects/openmp/libomptarget/omptests/t-target-parallel/../utilities/utilities.h:35:70: note: expanded from macro 'VERIFY'
      printf ("Failed at %3d with %s, expected %f, got %f\n", i, #X, VAL, X); \
                                               ~~                    ^~~
/localhd/gbercea/patch-compiler/src/projects/openmp/libomptarget/omptests/t-target-parallel/../utilities/utilities.h:80:5: note: expanded from macro 'TESTD'
    V \
    ^
14 warnings generated.
 "/localhd/gbercea/patch-compiler/obj-release/bin/clang-6.0" -cc1 -triple nvptx64-nvidia-cuda -aux-triple powerpc64le-ibm-linux-gnu -S -disable-free -main-file-name test.c -mrelocation-model pic -pic-level 2 -mthread-model posix -mdisable-fp-elim -no-integrated-as -fuse-init-array -mlink-cuda-bitcode /usr/local/cuda-8.0/nvvm/libdevice/libdevice.compute_35.10.bc -target-feature +ptx42 -mlink-cuda-bitcode /localhd/gbercea/patch-compiler/obj-release/lib/libomptarget-nvptx-sm_37.bc -target-cpu sm_37 -dwarf-column-info -debugger-tuning=gdb -v -resource-dir /localhd/gbercea/patch-compiler/obj-release/lib/clang/7.0.0 -I /localhd/gbercea/patch-compiler/obj-release/lib -I /localhd/gbercea/patch-compiler/obj-release/lib/../ -I /localhd/gbercea/patch-compiler/obj-release/lib/../projects/openmp/runtime/src/ -internal-isystem /usr/local/include -internal-isystem /localhd/gbercea/patch-compiler/obj-release/lib/clang/7.0.0/include -internal-externc-isystem /usr/include/powerpc64le-linux-gnu -internal-externc-isystem /include -internal-externc-isystem /usr/include -internal-isystem /usr/local/include -internal-isystem /localhd/gbercea/patch-compiler/obj-release/lib/clang/7.0.0/include -internal-externc-isystem /usr/include/powerpc64le-linux-gnu -internal-externc-isystem /include -internal-externc-isystem /usr/include -O0 -fno-dwarf-directory-asm -fdebug-compilation-dir /localhd/gbercea/patch-compiler/src/projects/openmp/libomptarget/omptests/t-target-parallel/results -ferror-limit 19 -fmessage-length 0 -fopenmp -fopenmp-version=45 -fobjc-runtime=gcc -fdiagnostics-show-option -o /tmp/test-3682c7.s -x c /localhd/gbercea/patch-compiler/src/projects/openmp/libomptarget/omptests/t-target-parallel/test.c -fopenmp-is-device -fopenmp-host-ir-file-path /tmp/test-40249c.bc
clang -cc1 version 7.0.0 based upon LLVM 7.0.0svn default target powerpc64le-unknown-linux-gnu
ignoring nonexistent directory "/include"
ignoring nonexistent directory "/include"
ignoring duplicate directory "/usr/local/include"
ignoring duplicate directory "/localhd/gbercea/patch-compiler/obj-release/lib/clang/7.0.0/include"
ignoring duplicate directory "/usr/include/powerpc64le-linux-gnu"
ignoring duplicate directory "/usr/include"
#include "..." search starts here:
#include <...> search starts here:
 /localhd/gbercea/patch-compiler/obj-release/lib
 /localhd/gbercea/patch-compiler/obj-release/lib/..
 /localhd/gbercea/patch-compiler/obj-release/lib/../projects/openmp/runtime/src
 /usr/local/include
 /localhd/gbercea/patch-compiler/obj-release/lib/clang/7.0.0/include
 /usr/include/powerpc64le-linux-gnu
 /usr/include
End of search list.
/localhd/gbercea/patch-compiler/src/projects/openmp/libomptarget/omptests/t-target-parallel/test.c:39:36: warning: format specifies type 'double' but the argument has type 'int' [-Wformat]
  }, VERIFY(0,  max_threads, A[i], i*(trial+1)));
     ~~~~~~~~~~~~~~~~~~~~~~~~~~~~~~^~~~~~~~~~~~
/localhd/gbercea/patch-compiler/src/projects/openmp/libomptarget/omptests/t-target-parallel/../utilities/utilities.h:35:70: note: expanded from macro 'VERIFY'
      printf ("Failed at %3d with %s, expected %f, got %f\n", i, #X, VAL, X); \
                                               ~~                    ^~~
/localhd/gbercea/patch-compiler/src/projects/openmp/libomptarget/omptests/t-target-parallel/../utilities/utilities.h:80:5: note: expanded from macro 'TESTD'
    V \
    ^
/localhd/gbercea/patch-compiler/src/projects/openmp/libomptarget/omptests/t-target-parallel/test.c:58:35: warning: format specifies type 'double' but the argument has type 'int' [-Wformat]
  }, VERIFY(0, max_threads, A[i], 0));
     ~~~~~~~~~~~~~~~~~~~~~~~~~~~~~^~
/localhd/gbercea/patch-compiler/src/projects/openmp/libomptarget/omptests/t-target-parallel/../utilities/utilities.h:35:70: note: expanded from macro 'VERIFY'
      printf ("Failed at %3d with %s, expected %f, got %f\n", i, #X, VAL, X); \
                                               ~~                    ^~~
/localhd/gbercea/patch-compiler/src/projects/openmp/libomptarget/omptests/t-target-parallel/../utilities/utilities.h:80:5: note: expanded from macro 'TESTD'
    V \
    ^
/localhd/gbercea/patch-compiler/src/projects/openmp/libomptarget/omptests/t-target-parallel/test.c:67:35: warning: format specifies type 'double' but the argument has type 'int' [-Wformat]
  }, VERIFY(0, max_threads, A[i], i + cpuExec));
     ~~~~~~~~~~~~~~~~~~~~~~~~~~~~~^~~~~~~~~~~~
/localhd/gbercea/patch-compiler/src/projects/openmp/libomptarget/omptests/t-target-parallel/../utilities/utilities.h:35:70: note: expanded from macro 'VERIFY'
      printf ("Failed at %3d with %s, expected %f, got %f\n", i, #X, VAL, X); \
                                               ~~                    ^~~
/localhd/gbercea/patch-compiler/src/projects/openmp/libomptarget/omptests/t-target-parallel/../utilities/utilities.h:80:5: note: expanded from macro 'TESTD'
    V \
    ^
/localhd/gbercea/patch-compiler/src/projects/openmp/libomptarget/omptests/t-target-parallel/test.c:76:35: warning: format specifies type 'double' but the argument has type 'int' [-Wformat]
  }, VERIFY(0, max_threads, A[i], i == 0 ? 1 - cpuExec : 0));
     ~~~~~~~~~~~~~~~~~~~~~~~~~~~~~^~~~~~~~~~~~~~~~~~~~~~~~~
/localhd/gbercea/patch-compiler/src/projects/openmp/libomptarget/omptests/t-target-parallel/../utilities/utilities.h:35:70: note: expanded from macro 'VERIFY'
      printf ("Failed at %3d with %s, expected %f, got %f\n", i, #X, VAL, X); \
                                               ~~                    ^~~
/localhd/gbercea/patch-compiler/src/projects/openmp/libomptarget/omptests/t-target-parallel/../utilities/utilities.h:80:5: note: expanded from macro 'TESTD'
    V \
    ^
/localhd/gbercea/patch-compiler/src/projects/openmp/libomptarget/omptests/t-target-parallel/test.c:86:50: warning: format specifies type 'double' but the argument has type 'int' [-Wformat]
  }, VERIFY(0, /* bound to */ cpu_threads, A[i], i+1));
     ~~~~~~~~~~~~~~~~~~~~~~~~~~~~~~~~~~~~~~~~~~~~^~~~
/localhd/gbercea/patch-compiler/src/projects/openmp/libomptarget/omptests/t-target-parallel/../utilities/utilities.h:35:70: note: expanded from macro 'VERIFY'
      printf ("Failed at %3d with %s, expected %f, got %f\n", i, #X, VAL, X); \
                                               ~~                    ^~~
/localhd/gbercea/patch-compiler/src/projects/openmp/libomptarget/omptests/t-target-parallel/../utilities/utilities.h:80:5: note: expanded from macro 'TESTD'
    V \
    ^
/localhd/gbercea/patch-compiler/src/projects/openmp/libomptarget/omptests/t-target-parallel/test.c:96:25: warning: format specifies type 'double' but the argument has type 'int' [-Wformat]
  }, VERIFY(0, 1, A[0], 1));
     ~~~~~~~~~~~~~~~~~~~^~
/localhd/gbercea/patch-compiler/src/projects/openmp/libomptarget/omptests/t-target-parallel/../utilities/utilities.h:35:70: note: expanded from macro 'VERIFY'
      printf ("Failed at %3d with %s, expected %f, got %f\n", i, #X, VAL, X); \
                                               ~~                    ^~~
/localhd/gbercea/patch-compiler/src/projects/openmp/libomptarget/omptests/t-target-parallel/../utilities/utilities.h:80:5: note: expanded from macro 'TESTD'
    V \
    ^
/localhd/gbercea/patch-compiler/src/projects/openmp/libomptarget/omptests/t-target-parallel/test.c:120:25: warning: format specifies type 'double' but the argument has type 'int' [-Wformat]
  }, VERIFY(0, 1, A[0], 2));
     ~~~~~~~~~~~~~~~~~~~^~
/localhd/gbercea/patch-compiler/src/projects/openmp/libomptarget/omptests/t-target-parallel/../utilities/utilities.h:35:70: note: expanded from macro 'VERIFY'
      printf ("Failed at %3d with %s, expected %f, got %f\n", i, #X, VAL, X); \
                                               ~~                    ^~~
/localhd/gbercea/patch-compiler/src/projects/openmp/libomptarget/omptests/t-target-parallel/../utilities/utilities.h:80:5: note: expanded from macro 'TESTD'
    V \
    ^
/localhd/gbercea/patch-compiler/src/projects/openmp/libomptarget/omptests/t-target-parallel/test.c:130:37: warning: format specifies type 'double' but the argument has type 'int' [-Wformat]
  }, VERIFY(0, max_threads*4, B[i], 1));
     ~~~~~~~~~~~~~~~~~~~~~~~~~~~~~~~^~
/localhd/gbercea/patch-compiler/src/projects/openmp/libomptarget/omptests/t-target-parallel/../utilities/utilities.h:35:70: note: expanded from macro 'VERIFY'
      printf ("Failed at %3d with %s, expected %f, got %f\n", i, #X, VAL, X); \
                                               ~~                    ^~~
/localhd/gbercea/patch-compiler/src/projects/openmp/libomptarget/omptests/t-target-parallel/../utilities/utilities.h:80:5: note: expanded from macro 'TESTD'
    V \
    ^
/localhd/gbercea/patch-compiler/src/projects/openmp/libomptarget/omptests/t-target-parallel/test.c:136:37: warning: format specifies type 'double' but the argument has type 'int' [-Wformat]
  }, VERIFY(0, max_threads*4, B[i], 1));
     ~~~~~~~~~~~~~~~~~~~~~~~~~~~~~~~^~
/localhd/gbercea/patch-compiler/src/projects/openmp/libomptarget/omptests/t-target-parallel/../utilities/utilities.h:35:70: note: expanded from macro 'VERIFY'
      printf ("Failed at %3d with %s, expected %f, got %f\n", i, #X, VAL, X); \
                                               ~~                    ^~~
/localhd/gbercea/patch-compiler/src/projects/openmp/libomptarget/omptests/t-target-parallel/../utilities/utilities.h:80:5: note: expanded from macro 'TESTD'
    V \
    ^
/localhd/gbercea/patch-compiler/src/projects/openmp/libomptarget/omptests/t-target-parallel/test.c:142:37: warning: format specifies type 'double' but the argument has type 'int' [-Wformat]
  }, VERIFY(0, max_threads*4, B[i], 1));
     ~~~~~~~~~~~~~~~~~~~~~~~~~~~~~~~^~
/localhd/gbercea/patch-compiler/src/projects/openmp/libomptarget/omptests/t-target-parallel/../utilities/utilities.h:35:70: note: expanded from macro 'VERIFY'
      printf ("Failed at %3d with %s, expected %f, got %f\n", i, #X, VAL, X); \
                                               ~~                    ^~~
/localhd/gbercea/patch-compiler/src/projects/openmp/libomptarget/omptests/t-target-parallel/../utilities/utilities.h:80:5: note: expanded from macro 'TESTD'
    V \
    ^
/localhd/gbercea/patch-compiler/src/projects/openmp/libomptarget/omptests/t-target-parallel/test.c:153:29: warning: format specifies type 'double' but the argument has type 'int' [-Wformat]
    }, VERIFY(0, 128, A[i], 99*(i < t)));
       ~~~~~~~~~~~~~~~~~~~~~^~~~~~~~~~~
/localhd/gbercea/patch-compiler/src/projects/openmp/libomptarget/omptests/t-target-parallel/../utilities/utilities.h:35:70: note: expanded from macro 'VERIFY'
      printf ("Failed at %3d with %s, expected %f, got %f\n", i, #X, VAL, X); \
                                               ~~                    ^~~
/localhd/gbercea/patch-compiler/src/projects/openmp/libomptarget/omptests/t-target-parallel/../utilities/utilities.h:80:5: note: expanded from macro 'TESTD'
    V \
    ^
/localhd/gbercea/patch-compiler/src/projects/openmp/libomptarget/omptests/t-target-parallel/test.c:167:31: warning: format specifies type 'double' but the argument has type 'int' [-Wformat]
    }, VERIFY(0, 1, A[i]+tmp, (1+trial)*2+1+2));
       ~~~~~~~~~~~~~~~~~~~~~~~^~~~~~~~~~~~~~~~
/localhd/gbercea/patch-compiler/src/projects/openmp/libomptarget/omptests/t-target-parallel/../utilities/utilities.h:35:70: note: expanded from macro 'VERIFY'
      printf ("Failed at %3d with %s, expected %f, got %f\n", i, #X, VAL, X); \
                                               ~~                    ^~~
/localhd/gbercea/patch-compiler/src/projects/openmp/libomptarget/omptests/t-target-parallel/../utilities/utilities.h:80:5: note: expanded from macro 'TESTD'
    V \
    ^
/localhd/gbercea/patch-compiler/src/projects/openmp/libomptarget/omptests/t-target-parallel/test.c:182:34: warning: format specifies type 'double' but the argument has type 'int' [-Wformat]
    }, VERIFY(0, 1, A[i]+p[0]+q, (1+trial)*2+2+99));
       ~~~~~~~~~~~~~~~~~~~~~~~~~~^~~~~~~~~~~~~~~~~
/localhd/gbercea/patch-compiler/src/projects/openmp/libomptarget/omptests/t-target-parallel/../utilities/utilities.h:35:70: note: expanded from macro 'VERIFY'
      printf ("Failed at %3d with %s, expected %f, got %f\n", i, #X, VAL, X); \
                                               ~~                    ^~~
/localhd/gbercea/patch-compiler/src/projects/openmp/libomptarget/omptests/t-target-parallel/../utilities/utilities.h:80:5: note: expanded from macro 'TESTD'
    V \
    ^
/localhd/gbercea/patch-compiler/src/projects/openmp/libomptarget/omptests/t-target-parallel/test.c:197:34: warning: format specifies type 'double' but the argument has type 'int' [-Wformat]
    }, VERIFY(0, 1, A[i]+p[0]+q, (1+trial)*(99+5)+5+5+99));
       ~~~~~~~~~~~~~~~~~~~~~~~~~~^~~~~~~~~~~~~~~~~~~~~~~~
/localhd/gbercea/patch-compiler/src/projects/openmp/libomptarget/omptests/t-target-parallel/../utilities/utilities.h:35:70: note: expanded from macro 'VERIFY'
      printf ("Failed at %3d with %s, expected %f, got %f\n", i, #X, VAL, X); \
                                               ~~                    ^~~
/localhd/gbercea/patch-compiler/src/projects/openmp/libomptarget/omptests/t-target-parallel/../utilities/utilities.h:80:5: note: expanded from macro 'TESTD'
    V \
    ^
14 warnings generated.
 "/usr/local/cuda-8.0/bin/ptxas" -m64 -O0 -v --gpu-name sm_37 --output-file /tmp/test-a75f00.cubin /tmp/test-3682c7.s -c
ptxas info    : 104 bytes gmem
ptxas info    : Function properties for __omp_offloading_811_27c6d0e_main_l125_worker
    32 bytes stack frame, 12 bytes spill stores, 12 bytes spill loads
ptxas info    : Compiling entry function '__omp_offloading_811_27c6d0e_main_l131' for 'sm_37'
ptxas info    : Function properties for __omp_offloading_811_27c6d0e_main_l131
    48 bytes stack frame, 0 bytes spill stores, 0 bytes spill loads
ptxas info    : Used 27 registers, 352 bytes cmem[0]
ptxas info    : Compiling entry function '__omp_offloading_811_27c6d0e_main_l44' for 'sm_37'
ptxas info    : Function properties for __omp_offloading_811_27c6d0e_main_l44
    48 bytes stack frame, 0 bytes spill stores, 0 bytes spill loads
ptxas info    : Used 27 registers, 352 bytes cmem[0]
ptxas info    : Function properties for __omp_offloading_811_27c6d0e_main_l164_worker
    32 bytes stack frame, 12 bytes spill stores, 12 bytes spill loads
ptxas info    : Function properties for __omp_offloading_811_27c6d0e_main_l24_worker
    32 bytes stack frame, 12 bytes spill stores, 12 bytes spill loads
ptxas info    : Function properties for __omp_offloading_811_27c6d0e_main_l137_worker
    32 bytes stack frame, 12 bytes spill stores, 12 bytes spill loads
ptxas info    : Compiling entry function '__omp_offloading_811_27c6d0e_main_l178' for 'sm_37'
ptxas info    : Function properties for __omp_offloading_811_27c6d0e_main_l178
    24 bytes stack frame, 0 bytes spill stores, 0 bytes spill loads
ptxas info    : Used 21 registers, 328 bytes cmem[0]
ptxas info    : Function properties for __omp_offloading_811_27c6d0e_main_l93_worker
    32 bytes stack frame, 12 bytes spill stores, 12 bytes spill loads
ptxas info    : Compiling entry function '__omp_offloading_811_27c6d0e_main_l103' for 'sm_37'
ptxas info    : Function properties for __omp_offloading_811_27c6d0e_main_l103
    32 bytes stack frame, 0 bytes spill stores, 0 bytes spill loads
ptxas info    : Used 22 registers, 336 bytes cmem[0]
ptxas info    : Function properties for __omp_offloading_811_27c6d0e_main_l193_worker
    32 bytes stack frame, 12 bytes spill stores, 12 bytes spill loads
ptxas info    : Function properties for __omp_offloading_811_27c6d0e_main_l108_worker
    32 bytes stack frame, 12 bytes spill stores, 12 bytes spill loads
ptxas info    : Compiling entry function '__omp_offloading_811_27c6d0e_main_l117' for 'sm_37'
ptxas info    : Function properties for __omp_offloading_811_27c6d0e_main_l117
    32 bytes stack frame, 0 bytes spill stores, 0 bytes spill loads
ptxas info    : Used 22 registers, 336 bytes cmem[0]
ptxas info    : Function properties for __omp_offloading_811_27c6d0e_main_l150_worker
    32 bytes stack frame, 12 bytes spill stores, 12 bytes spill loads
ptxas info    : Function properties for __omp_offloading_811_27c6d0e_main_l131_worker
    32 bytes stack frame, 12 bytes spill stores, 12 bytes spill loads
ptxas info    : Compiling entry function '__omp_offloading_811_27c6d0e_main_l150' for 'sm_37'
ptxas info    : Function properties for __omp_offloading_811_27c6d0e_main_l150
    32 bytes stack frame, 0 bytes spill stores, 0 bytes spill loads
ptxas info    : Used 23 registers, 336 bytes cmem[0]
ptxas info    : Function properties for __omp_offloading_811_27c6d0e_main_l73_worker
    32 bytes stack frame, 12 bytes spill stores, 12 bytes spill loads
ptxas info    : Function properties for __omp_offloading_811_27c6d0e_main_l178_worker
    32 bytes stack frame, 12 bytes spill stores, 12 bytes spill loads
ptxas info    : Function properties for __omp_offloading_811_27c6d0e_main_l117_worker
    32 bytes stack frame, 12 bytes spill stores, 12 bytes spill loads
ptxas info    : Compiling entry function '__omp_offloading_811_27c6d0e_main_l125' for 'sm_37'
ptxas info    : Function properties for __omp_offloading_811_27c6d0e_main_l125
    48 bytes stack frame, 0 bytes spill stores, 0 bytes spill loads
ptxas info    : Used 27 registers, 352 bytes cmem[0]
ptxas info    : Function properties for __omp_offloading_811_27c6d0e_main_l44_worker
    32 bytes stack frame, 12 bytes spill stores, 12 bytes spill loads
ptxas info    : Compiling entry function '__omp_offloading_811_27c6d0e_main_l36' for 'sm_37'
ptxas info    : Function properties for __omp_offloading_811_27c6d0e_main_l36
    32 bytes stack frame, 0 bytes spill stores, 0 bytes spill loads
ptxas info    : Used 23 registers, 336 bytes cmem[0]
ptxas info    : Function properties for __omp_offloading_811_27e04ce_check_offloading_l22_worker
    32 bytes stack frame, 12 bytes spill stores, 12 bytes spill loads
ptxas info    : Compiling entry function '__omp_offloading_811_27c6d0e_main_l164' for 'sm_37'
ptxas info    : Function properties for __omp_offloading_811_27c6d0e_main_l164
    32 bytes stack frame, 0 bytes spill stores, 0 bytes spill loads
ptxas info    : Used 23 registers, 336 bytes cmem[0]
ptxas info    : Compiling entry function '__omp_offloading_811_27c6d0e_main_l93' for 'sm_37'
ptxas info    : Function properties for __omp_offloading_811_27c6d0e_main_l93
    32 bytes stack frame, 0 bytes spill stores, 0 bytes spill loads
ptxas info    : Used 22 registers, 336 bytes cmem[0]
ptxas info    : Compiling entry function '__omp_offloading_811_27c6d0e_main_l137' for 'sm_37'
ptxas info    : Function properties for __omp_offloading_811_27c6d0e_main_l137
    48 bytes stack frame, 0 bytes spill stores, 0 bytes spill loads
ptxas info    : Used 27 registers, 352 bytes cmem[0]
ptxas info    : Function properties for __omp_offloading_811_27c6d0e_main_l64_worker
    32 bytes stack frame, 12 bytes spill stores, 12 bytes spill loads
ptxas info    : Compiling entry function '__omp_offloading_811_27c6d0e_main_l64' for 'sm_37'
ptxas info    : Function properties for __omp_offloading_811_27c6d0e_main_l64
    40 bytes stack frame, 0 bytes spill stores, 0 bytes spill loads
ptxas info    : Used 24 registers, 344 bytes cmem[0]
ptxas info    : Function properties for __omp_offloading_811_27c6d0e_main_l103_worker
    32 bytes stack frame, 12 bytes spill stores, 12 bytes spill loads
ptxas info    : Compiling entry function '__omp_offloading_811_27c6d0e_main_l108' for 'sm_37'
ptxas info    : Function properties for __omp_offloading_811_27c6d0e_main_l108
    32 bytes stack frame, 0 bytes spill stores, 0 bytes spill loads
ptxas info    : Used 22 registers, 336 bytes cmem[0]
ptxas info    : Function properties for __omp_offloading_811_27c6d0e_main_l36_worker
    32 bytes stack frame, 12 bytes spill stores, 12 bytes spill loads
ptxas info    : Compiling entry function '__omp_offloading_811_27c6d0e_main_l193' for 'sm_37'
ptxas info    : Function properties for __omp_offloading_811_27c6d0e_main_l193
    48 bytes stack frame, 0 bytes spill stores, 0 bytes spill loads
ptxas info    : Used 25 registers, 344 bytes cmem[0]
ptxas info    : Function properties for _Z13isGenericModev
    0 bytes stack frame, 0 bytes spill stores, 0 bytes spill loads
ptxas info    : Function properties for __kmpc_global_thread_num
    0 bytes stack frame, 0 bytes spill stores, 0 bytes spill loads
ptxas info    : Function properties for __omp_outlined__6_wrapper
    32 bytes stack frame, 8 bytes spill stores, 8 bytes spill loads
ptxas info    : Function properties for _ZN21omptarget_nvptx_QueueI36omptarget_nvptx_ThreadPrivateContextLj16EE14ENQUEUE_TICKETEv
    0 bytes stack frame, 0 bytes spill stores, 0 bytes spill loads
ptxas info    : Function properties for _ZN26omptarget_nvptx_SharedArgs10EnsureSizeEm
    24 bytes stack frame, 24 bytes spill stores, 24 bytes spill loads
ptxas info    : Function properties for _ZN25omptarget_nvptx_TaskDescr17CopyFromWorkDescrEPS_
    8 bytes stack frame, 8 bytes spill stores, 8 bytes spill loads
ptxas info    : Function properties for _ZN25omptarget_nvptx_TaskDescr11ThreadLimitEv
    0 bytes stack frame, 0 bytes spill stores, 0 bytes spill loads
ptxas info    : Function properties for __omp_outlined__13_wrapper
    32 bytes stack frame, 8 bytes spill stores, 8 bytes spill loads
ptxas info    : Function properties for _ZN25omptarget_nvptx_TaskDescr15CopyToWorkDescrEPS_t
    16 bytes stack frame, 12 bytes spill stores, 12 bytes spill loads
ptxas info    : Function properties for _ZN21omptarget_nvptx_QueueI36omptarget_nvptx_ThreadPrivateContextLj16EE7DequeueEv
    24 bytes stack frame, 24 bytes spill stores, 24 bytes spill loads
ptxas info    : Function properties for __omp_outlined__1
    80 bytes stack frame, 32 bytes spill stores, 32 bytes spill loads
ptxas info    : Function properties for _Z25GetLogicalThreadIdInBlockv
    8 bytes stack frame, 4 bytes spill stores, 4 bytes spill loads
ptxas info    : Function properties for _ZN25omptarget_nvptx_TaskDescr12SaveLoopDataEv
    16 bytes stack frame, 16 bytes spill stores, 16 bytes spill loads
ptxas info    : Function properties for _ZN21omptarget_nvptx_QueueI36omptarget_nvptx_ThreadPrivateContextLj16EE9IsServingEjj
    8 bytes stack frame, 4 bytes spill stores, 4 bytes spill loads
ptxas info    : Function properties for __omp_outlined__2
    48 bytes stack frame, 16 bytes spill stores, 16 bytes spill loads
ptxas info    : Function properties for _ZN25omptarget_nvptx_TaskDescr8ThreadIdEv
    0 bytes stack frame, 0 bytes spill stores, 0 bytes spill loads
ptxas info    : Function properties for __omp_outlined__9_wrapper
    32 bytes stack frame, 8 bytes spill stores, 8 bytes spill loads
ptxas info    : Function properties for _ZN25omptarget_nvptx_TaskDescr16InParallelRegionEv
    0 bytes stack frame, 0 bytes spill stores, 0 bytes spill loads
ptxas info    : Function properties for __kmpc_end_sharing_variables
    0 bytes stack frame, 0 bytes spill stores, 0 bytes spill loads
ptxas info    : Function properties for __kmpc_kernel_end_parallel
    16 bytes stack frame, 12 bytes spill stores, 12 bytes spill loads
ptxas info    : Function properties for _Z22GetNumberOfProcsInTeamv
    0 bytes stack frame, 0 bytes spill stores, 0 bytes spill loads
ptxas info    : Function properties for _ZN26omptarget_nvptx_SharedArgs4InitEv
    0 bytes stack frame, 0 bytes spill stores, 0 bytes spill loads
ptxas info    : Function properties for _ZN25omptarget_nvptx_TaskDescr8CopyDataEPS_
    0 bytes stack frame, 0 bytes spill stores, 0 bytes spill loads
ptxas info    : Function properties for _ZN25omptarget_nvptx_TeamDescr18LevelZeroTaskDescrEv
    0 bytes stack frame, 0 bytes spill stores, 0 bytes spill loads
ptxas info    : Function properties for _Z25GetNumberOfThreadsInBlockv
    0 bytes stack frame, 0 bytes spill stores, 0 bytes spill loads
ptxas info    : Function properties for _ZN36omptarget_nvptx_ThreadPrivateContext5ChunkEi
    0 bytes stack frame, 0 bytes spill stores, 0 bytes spill loads
ptxas info    : Function properties for _ZL9atomicAddPyy11
    0 bytes stack frame, 0 bytes spill stores, 0 bytes spill loads
ptxas info    : Function properties for __omp_outlined__4_wrapper
    32 bytes stack frame, 8 bytes spill stores, 8 bytes spill loads
ptxas info    : Function properties for _ZN25omptarget_nvptx_TaskDescr13ThreadsInTeamEv
    0 bytes stack frame, 0 bytes spill stores, 0 bytes spill loads
ptxas info    : Function properties for __kmpc_end_serialized_parallel
    24 bytes stack frame, 20 bytes spill stores, 20 bytes spill loads
ptxas info    : Function properties for __omp_outlined__5_wrapper
    32 bytes stack frame, 8 bytes spill stores, 8 bytes spill loads
ptxas info    : Function properties for __kmpc_kernel_deinit
    0 bytes stack frame, 0 bytes spill stores, 0 bytes spill loads
ptxas info    : Function properties for _ZN25omptarget_nvptx_TeamDescr23GetPreallocatedSlotAddrEi
    0 bytes stack frame, 0 bytes spill stores, 0 bytes spill loads
ptxas info    : Function properties for __kmpc_kernel_parallel
    32 bytes stack frame, 28 bytes spill stores, 28 bytes spill loads
ptxas info    : Function properties for _Z24GetNumberOfWorkersInTeamv
    0 bytes stack frame, 0 bytes spill stores, 0 bytes spill loads
ptxas info    : Function properties for __omp_outlined__11_wrapper
    32 bytes stack frame, 8 bytes spill stores, 8 bytes spill loads
ptxas info    : Function properties for _Z19getMyWorkDescriptorv
    0 bytes stack frame, 0 bytes spill stores, 0 bytes spill loads
ptxas info    : Function properties for _Z22setExecutionParameters13ExecutionMode11RuntimeMode
    0 bytes stack frame, 0 bytes spill stores, 0 bytes spill loads
ptxas info    : Function properties for __omp_outlined__
    48 bytes stack frame, 16 bytes spill stores, 16 bytes spill loads
ptxas info    : Compiling entry function '__omp_offloading_811_27c6d0e_main_l24' for 'sm_37'
ptxas info    : Function properties for __omp_offloading_811_27c6d0e_main_l24
    8 bytes stack frame, 0 bytes spill stores, 0 bytes spill loads
ptxas info    : Used 18 registers, 328 bytes cmem[0]
ptxas info    : Function properties for __kmpc_get_shared_variables
    8 bytes stack frame, 8 bytes spill stores, 8 bytes spill loads
ptxas info    : Function properties for _ZN25omptarget_nvptx_TaskDescr16GetPrevTaskDescrEv
    0 bytes stack frame, 0 bytes spill stores, 0 bytes spill loads
ptxas info    : Function properties for _ZN21omptarget_nvptx_QueueI36omptarget_nvptx_ThreadPrivateContextLj16EE14DEQUEUE_TICKETEv
    0 bytes stack frame, 0 bytes spill stores, 0 bytes spill loads
ptxas info    : Function properties for __omp_outlined___wrapper
    32 bytes stack frame, 8 bytes spill stores, 8 bytes spill loads
ptxas info    : Function properties for omp_get_thread_num
    8 bytes stack frame, 8 bytes spill stores, 8 bytes spill loads
ptxas info    : Function properties for __kmpc_push_proc_bind
    0 bytes stack frame, 0 bytes spill stores, 0 bytes spill loads
ptxas info    : Function properties for __omp_outlined__7_wrapper
    32 bytes stack frame, 8 bytes spill stores, 8 bytes spill loads
ptxas info    : Function properties for _ZL10atomicExchPyy
    0 bytes stack frame, 0 bytes spill stores, 0 bytes spill loads
ptxas info    : Function properties for _Z8SafeFreePvPKc
    0 bytes stack frame, 0 bytes spill stores, 0 bytes spill loads
ptxas info    : Function properties for _ZN28omptarget_nvptx_CounterGroup4InitERy
    0 bytes stack frame, 0 bytes spill stores, 0 bytes spill loads
ptxas info    : Function properties for _ZN25omptarget_nvptx_WorkDescr13InitWorkDescrEv
    8 bytes stack frame, 8 bytes spill stores, 8 bytes spill loads
ptxas info    : Function properties for __kmpc_data_sharing_init_stack
    0 bytes stack frame, 0 bytes spill stores, 0 bytes spill loads
ptxas info    : Function properties for _ZN28omptarget_nvptx_CounterGroup5ResetEv
    0 bytes stack frame, 0 bytes spill stores, 0 bytes spill loads
ptxas info    : Function properties for _Z19getMyTeamDescriptorv
    0 bytes stack frame, 0 bytes spill stores, 0 bytes spill loads
ptxas info    : Compiling entry function '__omp_offloading_811_27c6d0e_main_l73' for 'sm_37'
ptxas info    : Function properties for __omp_offloading_811_27c6d0e_main_l73
    24 bytes stack frame, 0 bytes spill stores, 0 bytes spill loads
ptxas info    : Used 22 registers, 336 bytes cmem[0]
ptxas info    : Function properties for _Z22isRuntimeUninitializedv
    0 bytes stack frame, 0 bytes spill stores, 0 bytes spill loads
ptxas info    : Function properties for _ZN36omptarget_nvptx_ThreadPrivateContext14NextLowerBoundEi
    0 bytes stack frame, 0 bytes spill stores, 0 bytes spill loads
ptxas info    : Function properties for _ZN21omptarget_nvptx_QueueI36omptarget_nvptx_ThreadPrivateContextLj16EE11DoneServingEjj
    0 bytes stack frame, 0 bytes spill stores, 0 bytes spill loads
ptxas info    : Function properties for __omp_outlined__3
    48 bytes stack frame, 16 bytes spill stores, 16 bytes spill loads
ptxas info    : Function properties for _Z18GetThreadIdInBlockv
    0 bytes stack frame, 0 bytes spill stores, 0 bytes spill loads
ptxas info    : Function properties for _ZNK25omptarget_nvptx_TaskDescr15RestoreLoopDataEv
    32 bytes stack frame, 28 bytes spill stores, 28 bytes spill loads
ptxas info    : Function properties for __omp_outlined__6
    48 bytes stack frame, 16 bytes spill stores, 16 bytes spill loads
ptxas info    : Function properties for _ZN21omptarget_nvptx_QueueI36omptarget_nvptx_ThreadPrivateContextLj16EE7EnqueueEPS0_
    24 bytes stack frame, 24 bytes spill stores, 24 bytes spill loads
ptxas info    : Function properties for __kmpc_begin_sharing_variables
    16 bytes stack frame, 16 bytes spill stores, 16 bytes spill loads
ptxas info    : Function properties for _ZN36omptarget_nvptx_ThreadPrivateContext15Level1TaskDescrEi
    0 bytes stack frame, 0 bytes spill stores, 0 bytes spill loads
ptxas info    : Function properties for _ZN25omptarget_nvptx_TaskDescr8NThreadsEv
    0 bytes stack frame, 0 bytes spill stores, 0 bytes spill loads
ptxas info    : Function properties for __omp_outlined__12_wrapper
    32 bytes stack frame, 8 bytes spill stores, 8 bytes spill loads
ptxas info    : Function properties for _ZN25omptarget_nvptx_WorkDescr13WorkTaskDescrEv
    0 bytes stack frame, 0 bytes spill stores, 0 bytes spill loads
ptxas info    : Function properties for _Z4smidv
    0 bytes stack frame, 0 bytes spill stores, 0 bytes spill loads
ptxas info    : Function properties for omp_get_num_threads
    8 bytes stack frame, 8 bytes spill stores, 8 bytes spill loads
ptxas info    : Function properties for __kmpc_serialized_parallel
    24 bytes stack frame, 20 bytes spill stores, 20 bytes spill loads
ptxas info    : Function properties for _ZN21omptarget_nvptx_QueueI36omptarget_nvptx_ThreadPrivateContextLj16EE2IDEj
    0 bytes stack frame, 0 bytes spill stores, 0 bytes spill loads
ptxas info    : Function properties for __omp_outlined__11
    48 bytes stack frame, 16 bytes spill stores, 16 bytes spill loads
ptxas info    : Function properties for __omp_outlined__1_wrapper
    32 bytes stack frame, 8 bytes spill stores, 8 bytes spill loads
ptxas info    : Function properties for _Z14GetOmpThreadIdibb
    8 bytes stack frame, 8 bytes spill stores, 8 bytes spill loads
ptxas info    : Function properties for __omp_outlined__8_wrapper
    32 bytes stack frame, 8 bytes spill stores, 8 bytes spill loads
ptxas info    : Function properties for __kmpc_kernel_prepare_parallel
    24 bytes stack frame, 20 bytes spill stores, 20 bytes spill loads
ptxas info    : Function properties for _Z10SafeMallocmPKc
    0 bytes stack frame, 0 bytes spill stores, 0 bytes spill loads
ptxas info    : Function properties for _ZN25omptarget_nvptx_TaskDescr4CopyEPS_
    16 bytes stack frame, 16 bytes spill stores, 16 bytes spill loads
ptxas info    : Function properties for _ZN28omptarget_nvptx_CounterGroup5ClearEv
    0 bytes stack frame, 0 bytes spill stores, 0 bytes spill loads
ptxas info    : Function properties for __omp_outlined__9
    80 bytes stack frame, 32 bytes spill stores, 32 bytes spill loads
ptxas info    : Function properties for _Z30data_sharing_init_stack_commonv
    16 bytes stack frame, 12 bytes spill stores, 12 bytes spill loads
ptxas info    : Function properties for _ZN25omptarget_nvptx_TaskDescr10CopyParentEPS_
    16 bytes stack frame, 16 bytes spill stores, 16 bytes spill loads
ptxas info    : Function properties for _ZN25omptarget_nvptx_TeamDescr13InitTeamDescrEv
    8 bytes stack frame, 8 bytes spill stores, 8 bytes spill loads
ptxas info    : Function properties for __omp_outlined__3_wrapper
    32 bytes stack frame, 8 bytes spill stores, 8 bytes spill loads
ptxas info    : Function properties for _Z21GetNumberOfOmpThreadsibb
    8 bytes stack frame, 4 bytes spill stores, 4 bytes spill loads
ptxas info    : Function properties for _ZN36omptarget_nvptx_ThreadPrivateContext12ScheduleTypeEi
    0 bytes stack frame, 0 bytes spill stores, 0 bytes spill loads
ptxas info    : Function properties for _ZL10atomicExchPjj
    0 bytes stack frame, 0 bytes spill stores, 0 bytes spill loads
ptxas info    : Function properties for __omp_outlined__13
    40 bytes stack frame, 0 bytes spill stores, 0 bytes spill loads
ptxas info    : Function properties for __omp_outlined__4
    48 bytes stack frame, 16 bytes spill stores, 16 bytes spill loads
ptxas info    : Function properties for _Z17GetMasterThreadIDv
    0 bytes stack frame, 0 bytes spill stores, 0 bytes spill loads
ptxas info    : Function properties for __kmpc_push_num_threads
    8 bytes stack frame, 4 bytes spill stores, 4 bytes spill loads
ptxas info    : Function properties for __omp_outlined__7
    48 bytes stack frame, 16 bytes spill stores, 16 bytes spill loads
ptxas info    : Function properties for _ZN21omptarget_nvptx_QueueI36omptarget_nvptx_ThreadPrivateContextLj16EE11PushElementEjPS0_
    0 bytes stack frame, 0 bytes spill stores, 0 bytes spill loads
ptxas info    : Function properties for _ZN26omptarget_nvptx_SharedArgs7GetArgsEv
    0 bytes stack frame, 0 bytes spill stores, 0 bytes spill loads
ptxas info    : Function properties for _ZN36omptarget_nvptx_ThreadPrivateContext4PrivEi
    0 bytes stack frame, 0 bytes spill stores, 0 bytes spill loads
ptxas info    : Function properties for _ZN25omptarget_nvptx_TaskDescr22InitLevelZeroTaskDescrEv
    16 bytes stack frame, 12 bytes spill stores, 12 bytes spill loads
ptxas info    : Function properties for __omp_outlined__8
    80 bytes stack frame, 32 bytes spill stores, 32 bytes spill loads
ptxas info    : Function properties for __omp_outlined__14_wrapper
    32 bytes stack frame, 8 bytes spill stores, 8 bytes spill loads
ptxas info    : Function properties for _ZN25omptarget_nvptx_WorkDescr12CounterGroupEv
    0 bytes stack frame, 0 bytes spill stores, 0 bytes spill loads
ptxas info    : Function properties for _ZN36omptarget_nvptx_ThreadPrivateContext24InitThreadPrivateContextEi
    0 bytes stack frame, 0 bytes spill stores, 0 bytes spill loads
ptxas info    : Function properties for _Z10isSPMDModev
    0 bytes stack frame, 0 bytes spill stores, 0 bytes spill loads
ptxas info    : Function properties for _ZN36omptarget_nvptx_ThreadPrivateContext14LoopUpperBoundEi
    0 bytes stack frame, 0 bytes spill stores, 0 bytes spill loads
ptxas info    : Function properties for _ZN21omptarget_nvptx_QueueI36omptarget_nvptx_ThreadPrivateContextLj16EE10PopElementEj
    0 bytes stack frame, 0 bytes spill stores, 0 bytes spill loads
ptxas info    : Function properties for __omp_outlined__12
    32 bytes stack frame, 0 bytes spill stores, 0 bytes spill loads
ptxas info    : Function properties for __omp_outlined__2_wrapper
    32 bytes stack frame, 8 bytes spill stores, 8 bytes spill loads
ptxas info    : Function properties for _ZN36omptarget_nvptx_ThreadPrivateContext11TeamContextEv
    0 bytes stack frame, 0 bytes spill stores, 0 bytes spill loads
ptxas info    : Function properties for _ZN25omptarget_nvptx_TeamDescr9WorkDescrEv
    0 bytes stack frame, 0 bytes spill stores, 0 bytes spill loads
ptxas info    : Function properties for _ZN36omptarget_nvptx_ThreadPrivateContext20SetTopLevelTaskDescrEiP25omptarget_nvptx_TaskDescr
    0 bytes stack frame, 0 bytes spill stores, 0 bytes spill loads
ptxas info    : Function properties for _ZN36omptarget_nvptx_ThreadPrivateContext20GetTopLevelTaskDescrEi
    0 bytes stack frame, 0 bytes spill stores, 0 bytes spill loads
ptxas info    : Function properties for _ZN36omptarget_nvptx_ThreadPrivateContext6StrideEi
    0 bytes stack frame, 0 bytes spill stores, 0 bytes spill loads
ptxas info    : Function properties for _ZL9atomicAddPjj
    0 bytes stack frame, 0 bytes spill stores, 0 bytes spill loads
ptxas info    : Function properties for __omp_outlined__14
    48 bytes stack frame, 0 bytes spill stores, 0 bytes spill loads
ptxas info    : Function properties for __omp_outlined__5
    32 bytes stack frame, 8 bytes spill stores, 8 bytes spill loads
ptxas info    : Function properties for __omp_outlined__10_wrapper
    32 bytes stack frame, 8 bytes spill stores, 8 bytes spill loads
ptxas info    : Function properties for _ZN36omptarget_nvptx_ThreadPrivateContext25NumThreadsForNextParallelEi
    0 bytes stack frame, 0 bytes spill stores, 0 bytes spill loads
ptxas info    : Function properties for __kmpc_kernel_init
    32 bytes stack frame, 32 bytes spill stores, 32 bytes spill loads
ptxas info    : Compiling entry function '__omp_offloading_811_27e04ce_check_offloading_l22' for 'sm_37'
ptxas info    : Function properties for __omp_offloading_811_27e04ce_check_offloading_l22
    8 bytes stack frame, 0 bytes spill stores, 0 bytes spill loads
ptxas info    : Used 18 registers, 328 bytes cmem[0]
ptxas info    : Function properties for _ZN26omptarget_nvptx_SharedArgs6DeInitEv
    8 bytes stack frame, 8 bytes spill stores, 8 bytes spill loads
ptxas info    : Function properties for _Z22getMyTopTaskDescriptori
    0 bytes stack frame, 0 bytes spill stores, 0 bytes spill loads
ptxas info    : Function properties for _Z24GetNumberOfProcsInDevicev
    0 bytes stack frame, 0 bytes spill stores, 0 bytes spill loads
ptxas info    : Function properties for __omp_outlined__10
    80 bytes stack frame, 32 bytes spill stores, 32 bytes spill loads
 "/usr/local/cuda-8.0/bin/nvlink" -o /tmp/test-a97868.out -v -arch sm_37 -L/localhd/gbercea/patch-compiler/obj-release/lib -L/usr/local/cuda-8.0/lib64 -L/usr/local/cuda-8.0/nvvm/libdevice -L/localhd/gbercea/patch-compiler/obj-release/lib -lomptarget-nvptx /tmp/test-a75f00.cubin
nvlink info    : 100538630 bytes gmem
nvlink info    : Function properties for '__omp_offloading_811_27e04ce_check_offloading_l22':
nvlink info    : used 34 registers, 168 stack, 1092 bytes smem, 328 bytes cmem[0], 0 bytes lmem
nvlink info    : Function properties for '__omp_offloading_811_27c6d0e_main_l73':
nvlink info    : used 34 registers, 184 stack, 1092 bytes smem, 336 bytes cmem[0], 0 bytes lmem
nvlink info    : Function properties for '__omp_offloading_811_27c6d0e_main_l24':
nvlink info    : used 34 registers, 168 stack, 1092 bytes smem, 328 bytes cmem[0], 0 bytes lmem
nvlink info    : Function properties for '__omp_offloading_811_27c6d0e_main_l193':
nvlink info    : used 34 registers, 208 stack, 1092 bytes smem, 344 bytes cmem[0], 0 bytes lmem
nvlink info    : Function properties for '__omp_offloading_811_27c6d0e_main_l108':
nvlink info    : used 34 registers, 192 stack, 1092 bytes smem, 336 bytes cmem[0], 0 bytes lmem
nvlink info    : Function properties for '__omp_offloading_811_27c6d0e_main_l64':
nvlink info    : used 34 registers, 200 stack, 1092 bytes smem, 344 bytes cmem[0], 0 bytes lmem
nvlink info    : Function properties for '__omp_offloading_811_27c6d0e_main_l137':
nvlink info    : used 34 registers, 208 stack, 1092 bytes smem, 352 bytes cmem[0], 0 bytes lmem
nvlink info    : Function properties for '__omp_offloading_811_27c6d0e_main_l93':
nvlink info    : used 34 registers, 192 stack, 1092 bytes smem, 336 bytes cmem[0], 0 bytes lmem
nvlink info    : Function properties for '__omp_offloading_811_27c6d0e_main_l164':
nvlink info    : used 34 registers, 192 stack, 1092 bytes smem, 336 bytes cmem[0], 0 bytes lmem
nvlink info    : Function properties for '__omp_offloading_811_27c6d0e_main_l36':
nvlink info    : used 34 registers, 192 stack, 1092 bytes smem, 336 bytes cmem[0], 0 bytes lmem
nvlink info    : Function properties for '__omp_offloading_811_27c6d0e_main_l125':
nvlink info    : used 34 registers, 208 stack, 1092 bytes smem, 352 bytes cmem[0], 0 bytes lmem
nvlink info    : Function properties for '__omp_offloading_811_27c6d0e_main_l150':
nvlink info    : used 34 registers, 192 stack, 1092 bytes smem, 336 bytes cmem[0], 0 bytes lmem
nvlink info    : Function properties for '__omp_offloading_811_27c6d0e_main_l117':
nvlink info    : used 34 registers, 192 stack, 1092 bytes smem, 336 bytes cmem[0], 0 bytes lmem
nvlink info    : Function properties for '__omp_offloading_811_27c6d0e_main_l103':
nvlink info    : used 34 registers, 192 stack, 1092 bytes smem, 336 bytes cmem[0], 0 bytes lmem
nvlink info    : Function properties for '__omp_offloading_811_27c6d0e_main_l178':
nvlink info    : used 34 registers, 184 stack, 1092 bytes smem, 328 bytes cmem[0], 0 bytes lmem
nvlink info    : Function properties for '__omp_offloading_811_27c6d0e_main_l44':
nvlink info    : used 34 registers, 208 stack, 1092 bytes smem, 352 bytes cmem[0], 0 bytes lmem
nvlink info    : Function properties for '__omp_offloading_811_27c6d0e_main_l131':
nvlink info    : used 34 registers, 208 stack, 1092 bytes smem, 352 bytes cmem[0], 0 bytes lmem
 "/localhd/gbercea/patch-compiler/obj-release/bin/clang-6.0" -cc1 -triple powerpc64le-ibm-linux-gnu -emit-obj -mrelax-all -disable-free -main-file-name test.c -mrelocation-model pic -pic-level 2 -mthread-model posix -mdisable-fp-elim -fmath-errno -masm-verbose -mconstructor-aliases -fuse-init-array -target-cpu pwr8 -mfloat-abi hard -target-abi elfv2 -dwarf-column-info -debugger-tuning=gdb -v -resource-dir /localhd/gbercea/patch-compiler/obj-release/lib/clang/7.0.0 -O0 -fdebug-compilation-dir /localhd/gbercea/patch-compiler/src/projects/openmp/libomptarget/omptests/t-target-parallel/results -ferror-limit 19 -fmessage-length 0 -fopenmp -fopenmp-version=45 -fno-signed-char -fobjc-runtime=gcc -fdiagnostics-show-option -o /tmp/test-e65bbe.o -x ir /tmp/test-40249c.bc -faddrsig
clang -cc1 version 7.0.0 based upon LLVM 7.0.0svn default target powerpc64le-unknown-linux-gnu
 "/usr/bin/ld" -z relro --hash-style=gnu --eh-frame-hdr -m elf64lppc -dynamic-linker /lib64/ld64.so.2 -o /localhd/gbercea/patch-compiler/src/projects/openmp/libomptarget/omptests/t-target-parallel/results/a.out /usr/lib/gcc/powerpc64le-linux-gnu/4.8/../../../powerpc64le-linux-gnu/crt1.o /usr/lib/gcc/powerpc64le-linux-gnu/4.8/../../../powerpc64le-linux-gnu/crti.o /usr/lib/gcc/powerpc64le-linux-gnu/4.8/crtbegin.o -L/localhd/gbercea/patch-compiler/obj-release/lib -L/localhd/gbercea/patch-compiler/obj-release/lib -L/usr/lib/gcc/powerpc64le-linux-gnu/4.8 -L/usr/lib/gcc/powerpc64le-linux-gnu/4.8/../../../powerpc64le-linux-gnu -L/usr/lib/gcc/powerpc64le-linux-gnu/4.8/../../../../lib64 -L/lib/powerpc64le-linux-gnu -L/lib/../lib64 -L/usr/lib/powerpc64le-linux-gnu -L/usr/lib/../lib64 -L/usr/lib/powerpc64le-linux-gnu/../../lib64 -L/usr/lib/gcc/powerpc64le-linux-gnu/4.8/../../.. -L/localhd/gbercea/patch-compiler/obj-release/bin/../lib -L/lib -L/usr/lib /tmp/test-e65bbe.o -L/localhd/gbercea/patch-compiler/obj-release/lib -L/usr/local/cuda-8.0/lib64 -L/usr/local/cuda-8.0/nvvm/libdevice -lomp -lomptarget -lgcc --as-needed -lgcc_s --no-as-needed -lpthread -latomic -lc -lgcc --as-needed -lgcc_s --no-as-needed /usr/lib/gcc/powerpc64le-linux-gnu/4.8/crtend.o /usr/lib/gcc/powerpc64le-linux-gnu/4.8/../../../powerpc64le-linux-gnu/crtn.o -T /tmp/a-30e547.lk
