clang version 7.0.0 (http://llvm.org/git/clang.git 0f6b139a0ce2f74a708f120da6336c05c14ea1cb) (http://llvm.org/git/llvm.git a02ad35dfa959d5c50a5d0008b010e5fb0c5cbe8)
Target: powerpc64le-ibm-linux-gnu
Thread model: posix
InstalledDir: /localhd/gbercea/patch-compiler/obj-release/bin
Found candidate GCC installation: /usr/lib/gcc/powerpc64le-linux-gnu/4.8
Found candidate GCC installation: /usr/lib/gcc/powerpc64le-linux-gnu/4.8.4
Found candidate GCC installation: /usr/lib/gcc/powerpc64le-linux-gnu/4.9
Found candidate GCC installation: /usr/lib/gcc/powerpc64le-linux-gnu/4.9.1
Selected GCC installation: /usr/lib/gcc/powerpc64le-linux-gnu/4.8
Candidate multilib: .;@m64
Selected multilib: .;@m64
Found CUDA installation: /usr/local/cuda-8.0, version 8.0
 "/localhd/gbercea/patch-compiler/obj-release/bin/clang-6.0" -cc1 -triple powerpc64le-ibm-linux-gnu -emit-llvm-bc -emit-llvm-uselists -disable-free -main-file-name test.c -mrelocation-model pic -pic-level 2 -mthread-model posix -fmath-errno -masm-verbose -mconstructor-aliases -fuse-init-array -target-cpu pwr8 -mfloat-abi hard -target-abi elfv2 -dwarf-column-info -debugger-tuning=gdb -momit-leaf-frame-pointer -v -resource-dir /localhd/gbercea/patch-compiler/obj-release/lib/clang/7.0.0 -I /localhd/gbercea/patch-compiler/obj-release/lib -I /localhd/gbercea/patch-compiler/obj-release/lib/../ -I /localhd/gbercea/patch-compiler/obj-release/lib/../projects/openmp/runtime/src/ -internal-isystem /usr/local/include -internal-isystem /localhd/gbercea/patch-compiler/obj-release/lib/clang/7.0.0/include -internal-externc-isystem /usr/include/powerpc64le-linux-gnu -internal-externc-isystem /include -internal-externc-isystem /usr/include -internal-isystem /usr/local/include -internal-isystem /localhd/gbercea/patch-compiler/obj-release/lib/clang/7.0.0/include -internal-externc-isystem /usr/include/powerpc64le-linux-gnu -internal-externc-isystem /include -internal-externc-isystem /usr/include -O2 -fdebug-compilation-dir /localhd/gbercea/patch-compiler/src/projects/openmp/libomptarget/omptests/t-target-teams-distribute-parallel-for-simd/results -ferror-limit 19 -fmessage-length 0 -fopenmp -fno-signed-char -fobjc-runtime=gcc -fdiagnostics-show-option -vectorize-loops -vectorize-slp -o /tmp/test-b7a3fb.bc -x c /localhd/gbercea/patch-compiler/src/projects/openmp/libomptarget/omptests/t-target-teams-distribute-parallel-for-simd/test.c -fopenmp-targets=nvptx64-nvidia-cuda -faddrsig
clang -cc1 version 7.0.0 based upon LLVM 7.0.0svn default target powerpc64le-unknown-linux-gnu
ignoring nonexistent directory "/include"
ignoring nonexistent directory "/include"
ignoring duplicate directory "/usr/local/include"
ignoring duplicate directory "/localhd/gbercea/patch-compiler/obj-release/lib/clang/7.0.0/include"
ignoring duplicate directory "/usr/include/powerpc64le-linux-gnu"
ignoring duplicate directory "/usr/include"
#include "..." search starts here:
#include <...> search starts here:
 /localhd/gbercea/patch-compiler/obj-release/lib
 /localhd/gbercea/patch-compiler/obj-release/lib/..
 /localhd/gbercea/patch-compiler/obj-release/lib/../projects/openmp/runtime/src
 /usr/local/include
 /localhd/gbercea/patch-compiler/obj-release/lib/clang/7.0.0/include
 /usr/include/powerpc64le-linux-gnu
 /usr/include
End of search list.
warning: loop not vectorized: failed explicitly specified loop vectorization [-Wpass-failed=loop-vectorize]
warning: loop not vectorized: failed explicitly specified loop vectorization [-Wpass-failed=loop-vectorize]
warning: loop not vectorized: failed explicitly specified loop vectorization [-Wpass-failed=loop-vectorize]
warning: loop not vectorized: failed explicitly specified loop vectorization [-Wpass-failed=loop-vectorize]
warning: loop not vectorized: failed explicitly specified loop vectorization [-Wpass-failed=loop-vectorize]
warning: loop not vectorized: failed explicitly specified loop vectorization [-Wpass-failed=loop-vectorize]
warning: loop not vectorized: failed explicitly specified loop vectorization [-Wpass-failed=loop-vectorize]
warning: loop not vectorized: failed explicitly specified loop vectorization [-Wpass-failed=loop-vectorize]
warning: loop not vectorized: failed explicitly specified loop vectorization [-Wpass-failed=loop-vectorize]
warning: loop not vectorized: failed explicitly specified loop vectorization [-Wpass-failed=loop-vectorize]
warning: loop not vectorized: failed explicitly specified loop vectorization [-Wpass-failed=loop-vectorize]
warning: loop not vectorized: failed explicitly specified loop vectorization [-Wpass-failed=loop-vectorize]
warning: loop not vectorized: failed explicitly specified loop vectorization [-Wpass-failed=loop-vectorize]
warning: loop not vectorized: failed explicitly specified loop vectorization [-Wpass-failed=loop-vectorize]
warning: loop not vectorized: failed explicitly specified loop vectorization [-Wpass-failed=loop-vectorize]
warning: loop not vectorized: failed explicitly specified loop vectorization [-Wpass-failed=loop-vectorize]
warning: loop not vectorized: failed explicitly specified loop vectorization [-Wpass-failed=loop-vectorize]
warning: loop not vectorized: failed explicitly specified loop vectorization [-Wpass-failed=loop-vectorize]
warning: loop not vectorized: failed explicitly specified loop vectorization [-Wpass-failed=loop-vectorize]
warning: loop not vectorized: failed explicitly specified loop vectorization [-Wpass-failed=loop-vectorize]
warning: loop not vectorized: failed explicitly specified loop vectorization [-Wpass-failed=loop-vectorize]
warning: loop not vectorized: failed explicitly specified loop vectorization [-Wpass-failed=loop-vectorize]
warning: loop not vectorized: failed explicitly specified loop vectorization [-Wpass-failed=loop-vectorize]
warning: loop not vectorized: failed explicitly specified loop vectorization [-Wpass-failed=loop-vectorize]
warning: loop not vectorized: failed explicitly specified loop vectorization [-Wpass-failed=loop-vectorize]
warning: loop not vectorized: failed explicitly specified loop vectorization [-Wpass-failed=loop-vectorize]
warning: loop not vectorized: failed explicitly specified loop vectorization [-Wpass-failed=loop-vectorize]
warning: loop not vectorized: failed explicitly specified loop vectorization [-Wpass-failed=loop-vectorize]
warning: loop not vectorized: failed explicitly specified loop vectorization [-Wpass-failed=loop-vectorize]
warning: loop not vectorized: failed explicitly specified loop vectorization [-Wpass-failed=loop-vectorize]
warning: loop not vectorized: failed explicitly specified loop vectorization [-Wpass-failed=loop-vectorize]
warning: loop not vectorized: failed explicitly specified loop vectorization [-Wpass-failed=loop-vectorize]
warning: loop not vectorized: failed explicitly specified loop vectorization [-Wpass-failed=loop-vectorize]
warning: loop not vectorized: failed explicitly specified loop vectorization [-Wpass-failed=loop-vectorize]
warning: loop not vectorized: failed explicitly specified loop vectorization [-Wpass-failed=loop-vectorize]
warning: loop not vectorized: failed explicitly specified loop vectorization [-Wpass-failed=loop-vectorize]
warning: loop not vectorized: failed explicitly specified loop vectorization [-Wpass-failed=loop-vectorize]
warning: loop not vectorized: failed explicitly specified loop vectorization [-Wpass-failed=loop-vectorize]
warning: loop not vectorized: failed explicitly specified loop vectorization [-Wpass-failed=loop-vectorize]
warning: loop not vectorized: failed explicitly specified loop vectorization [-Wpass-failed=loop-vectorize]
warning: loop not vectorized: failed explicitly specified loop vectorization [-Wpass-failed=loop-vectorize]
warning: loop not vectorized: failed explicitly specified loop vectorization [-Wpass-failed=loop-vectorize]
warning: loop not vectorized: failed explicitly specified loop vectorization [-Wpass-failed=loop-vectorize]
warning: loop not vectorized: failed explicitly specified loop vectorization [-Wpass-failed=loop-vectorize]
warning: loop not vectorized: failed explicitly specified loop vectorization [-Wpass-failed=loop-vectorize]
warning: loop not vectorized: failed explicitly specified loop vectorization [-Wpass-failed=loop-vectorize]
warning: loop not vectorized: failed explicitly specified loop vectorization [-Wpass-failed=loop-vectorize]
warning: loop not vectorized: failed explicitly specified loop vectorization [-Wpass-failed=loop-vectorize]
warning: loop not vectorized: failed explicitly specified loop vectorization [-Wpass-failed=loop-vectorize]
49 warnings generated.
 "/localhd/gbercea/patch-compiler/obj-release/bin/clang-6.0" -cc1 -triple nvptx64-nvidia-cuda -aux-triple powerpc64le-ibm-linux-gnu -S -disable-free -main-file-name test.c -mrelocation-model pic -pic-level 2 -mthread-model posix -mdisable-fp-elim -no-integrated-as -fuse-init-array -mlink-cuda-bitcode /usr/local/cuda-8.0/nvvm/libdevice/libdevice.compute_35.10.bc -target-feature +ptx42 -mlink-cuda-bitcode /localhd/gbercea/patch-compiler/obj-release/lib/libomptarget-nvptx-sm_37.bc -target-cpu sm_37 -dwarf-column-info -debugger-tuning=gdb -v -resource-dir /localhd/gbercea/patch-compiler/obj-release/lib/clang/7.0.0 -I /localhd/gbercea/patch-compiler/obj-release/lib -I /localhd/gbercea/patch-compiler/obj-release/lib/../ -I /localhd/gbercea/patch-compiler/obj-release/lib/../projects/openmp/runtime/src/ -internal-isystem /usr/local/include -internal-isystem /localhd/gbercea/patch-compiler/obj-release/lib/clang/7.0.0/include -internal-externc-isystem /usr/include/powerpc64le-linux-gnu -internal-externc-isystem /include -internal-externc-isystem /usr/include -internal-isystem /usr/local/include -internal-isystem /localhd/gbercea/patch-compiler/obj-release/lib/clang/7.0.0/include -internal-externc-isystem /usr/include/powerpc64le-linux-gnu -internal-externc-isystem /include -internal-externc-isystem /usr/include -O2 -fno-dwarf-directory-asm -fdebug-compilation-dir /localhd/gbercea/patch-compiler/src/projects/openmp/libomptarget/omptests/t-target-teams-distribute-parallel-for-simd/results -ferror-limit 19 -fmessage-length 0 -fopenmp -fobjc-runtime=gcc -fdiagnostics-show-option -vectorize-loops -vectorize-slp -o /tmp/test-6959c5.s -x c /localhd/gbercea/patch-compiler/src/projects/openmp/libomptarget/omptests/t-target-teams-distribute-parallel-for-simd/test.c -fopenmp-is-device -fopenmp-host-ir-file-path /tmp/test-b7a3fb.bc
clang -cc1 version 7.0.0 based upon LLVM 7.0.0svn default target powerpc64le-unknown-linux-gnu
ignoring nonexistent directory "/include"
ignoring nonexistent directory "/include"
ignoring duplicate directory "/usr/local/include"
ignoring duplicate directory "/localhd/gbercea/patch-compiler/obj-release/lib/clang/7.0.0/include"
ignoring duplicate directory "/usr/include/powerpc64le-linux-gnu"
ignoring duplicate directory "/usr/include"
#include "..." search starts here:
#include <...> search starts here:
 /localhd/gbercea/patch-compiler/obj-release/lib
 /localhd/gbercea/patch-compiler/obj-release/lib/..
 /localhd/gbercea/patch-compiler/obj-release/lib/../projects/openmp/runtime/src
 /usr/local/include
 /localhd/gbercea/patch-compiler/obj-release/lib/clang/7.0.0/include
 /usr/include/powerpc64le-linux-gnu
 /usr/include
End of search list.
warning: loop not vectorized: failed explicitly specified loop vectorization [-Wpass-failed=loop-vectorize]
warning: loop not vectorized: failed explicitly specified loop vectorization [-Wpass-failed=loop-vectorize]
warning: loop not vectorized: failed explicitly specified loop vectorization [-Wpass-failed=loop-vectorize]
warning: loop not vectorized: failed explicitly specified loop vectorization [-Wpass-failed=loop-vectorize]
warning: loop not vectorized: failed explicitly specified loop vectorization [-Wpass-failed=loop-vectorize]
warning: loop not vectorized: failed explicitly specified loop vectorization [-Wpass-failed=loop-vectorize]
warning: loop not vectorized: failed explicitly specified loop vectorization [-Wpass-failed=loop-vectorize]
warning: loop not vectorized: failed explicitly specified loop vectorization [-Wpass-failed=loop-vectorize]
warning: loop not vectorized: failed explicitly specified loop vectorization [-Wpass-failed=loop-vectorize]
warning: loop not vectorized: failed explicitly specified loop vectorization [-Wpass-failed=loop-vectorize]
warning: loop not vectorized: failed explicitly specified loop vectorization [-Wpass-failed=loop-vectorize]
warning: loop not vectorized: failed explicitly specified loop vectorization [-Wpass-failed=loop-vectorize]
warning: loop not vectorized: failed explicitly specified loop vectorization [-Wpass-failed=loop-vectorize]
warning: loop not vectorized: failed explicitly specified loop vectorization [-Wpass-failed=loop-vectorize]
warning: loop not vectorized: failed explicitly specified loop vectorization [-Wpass-failed=loop-vectorize]
warning: loop not vectorized: failed explicitly specified loop vectorization [-Wpass-failed=loop-vectorize]
warning: loop not vectorized: failed explicitly specified loop vectorization [-Wpass-failed=loop-vectorize]
warning: loop not vectorized: failed explicitly specified loop vectorization [-Wpass-failed=loop-vectorize]
18 warnings generated.
 "/usr/local/cuda-8.0/bin/ptxas" -m64 -O2 -v --gpu-name sm_37 --output-file /tmp/test-ca03f2.cubin /tmp/test-6959c5.s -c
ptxas info    : 102 bytes gmem
ptxas info    : Compiling entry function '__omp_offloading_811_27c6c37_main_l737' for 'sm_37'
ptxas info    : Function properties for __omp_offloading_811_27c6c37_main_l737
    0 bytes stack frame, 0 bytes spill stores, 0 bytes spill loads
ptxas info    : Used 46 registers, 400 bytes cmem[0], 4 bytes cmem[2]
ptxas info    : Compiling entry function '__omp_offloading_811_27c6c37_main_l346' for 'sm_37'
ptxas info    : Function properties for __omp_offloading_811_27c6c37_main_l346
    16 bytes stack frame, 0 bytes spill stores, 0 bytes spill loads
ptxas info    : Used 62 registers, 384 bytes cmem[0], 4 bytes cmem[2]
ptxas info    : Compiling entry function '__omp_offloading_811_27c6c37_main_l166' for 'sm_37'
ptxas info    : Function properties for __omp_offloading_811_27c6c37_main_l166
    0 bytes stack frame, 0 bytes spill stores, 0 bytes spill loads
ptxas info    : Used 38 registers, 384 bytes cmem[0], 4 bytes cmem[2]
ptxas info    : Compiling entry function '__omp_offloading_811_27c6c37_main_l530' for 'sm_37'
ptxas info    : Function properties for __omp_offloading_811_27c6c37_main_l530
    16 bytes stack frame, 0 bytes spill stores, 0 bytes spill loads
ptxas info    : Used 71 registers, 384 bytes cmem[0], 4 bytes cmem[2]
ptxas info    : Compiling entry function '__omp_offloading_811_27c6c37_main_l256' for 'sm_37'
ptxas info    : Function properties for __omp_offloading_811_27c6c37_main_l256
    16 bytes stack frame, 0 bytes spill stores, 0 bytes spill loads
ptxas info    : Used 71 registers, 384 bytes cmem[0], 4 bytes cmem[2]
ptxas info    : Compiling entry function '__omp_offloading_811_27c6c37_main_l637' for 'sm_37'
ptxas info    : Function properties for __omp_offloading_811_27c6c37_main_l637
    16 bytes stack frame, 0 bytes spill stores, 0 bytes spill loads
ptxas info    : Used 63 registers, 400 bytes cmem[0], 4 bytes cmem[2]
ptxas info    : Compiling entry function '__omp_offloading_811_27c6c37_main_l949' for 'sm_37'
ptxas info    : Function properties for __omp_offloading_811_27c6c37_main_l949
    16 bytes stack frame, 0 bytes spill stores, 0 bytes spill loads
ptxas info    : Used 71 registers, 384 bytes cmem[0], 4 bytes cmem[2]
ptxas info    : Compiling entry function '__omp_offloading_811_27c6c37_main_l86' for 'sm_37'
ptxas info    : Function properties for __omp_offloading_811_27c6c37_main_l86
    16 bytes stack frame, 0 bytes spill stores, 0 bytes spill loads
ptxas info    : Used 62 registers, 384 bytes cmem[0], 4 bytes cmem[2]
ptxas info    : Compiling entry function '__omp_offloading_811_27c6c37_main_l426' for 'sm_37'
ptxas info    : Function properties for __omp_offloading_811_27c6c37_main_l426
    0 bytes stack frame, 0 bytes spill stores, 0 bytes spill loads
ptxas info    : Used 38 registers, 384 bytes cmem[0], 4 bytes cmem[2]
ptxas info    : Compiling entry function '__omp_offloading_811_27c6c37_main_l687' for 'sm_37'
ptxas info    : Function properties for __omp_offloading_811_27c6c37_main_l687
    16 bytes stack frame, 0 bytes spill stores, 0 bytes spill loads
ptxas info    : Used 71 registers, 400 bytes cmem[0], 4 bytes cmem[2]
ptxas info    : Compiling entry function '__omp_offloading_811_27c6c37_main_l296' for 'sm_37'
ptxas info    : Function properties for __omp_offloading_811_27c6c37_main_l296
    0 bytes stack frame, 0 bytes spill stores, 0 bytes spill loads
ptxas info    : Used 38 registers, 384 bytes cmem[0], 4 bytes cmem[2]
ptxas info    : Compiling entry function '__omp_offloading_811_27c6c37_main_l993' for 'sm_37'
ptxas info    : Function properties for __omp_offloading_811_27c6c37_main_l993
    0 bytes stack frame, 0 bytes spill stores, 0 bytes spill loads
ptxas info    : Used 38 registers, 384 bytes cmem[0], 4 bytes cmem[2]
ptxas info    : Compiling entry function '__omp_offloading_811_27c6c37_main_l126' for 'sm_37'
ptxas info    : Function properties for __omp_offloading_811_27c6c37_main_l126
    16 bytes stack frame, 0 bytes spill stores, 0 bytes spill loads
ptxas info    : Used 71 registers, 384 bytes cmem[0], 4 bytes cmem[2]
ptxas info    : Compiling entry function '__omp_offloading_811_27c6c37_main_l484' for 'sm_37'
ptxas info    : Function properties for __omp_offloading_811_27c6c37_main_l484
    16 bytes stack frame, 0 bytes spill stores, 0 bytes spill loads
ptxas info    : Used 62 registers, 384 bytes cmem[0], 4 bytes cmem[2]
ptxas info    : Compiling entry function '__omp_offloading_811_27c6c37_main_l216' for 'sm_37'
ptxas info    : Function properties for __omp_offloading_811_27c6c37_main_l216
    16 bytes stack frame, 0 bytes spill stores, 0 bytes spill loads
ptxas info    : Used 62 registers, 384 bytes cmem[0], 4 bytes cmem[2]
ptxas info    : Compiling entry function '__omp_offloading_811_27c6c37_main_l576' for 'sm_37'
ptxas info    : Function properties for __omp_offloading_811_27c6c37_main_l576
    0 bytes stack frame, 0 bytes spill stores, 0 bytes spill loads
ptxas info    : Used 38 registers, 384 bytes cmem[0], 4 bytes cmem[2]
ptxas info    : Compiling entry function '__omp_offloading_811_27c6c37_main_l905' for 'sm_37'
ptxas info    : Function properties for __omp_offloading_811_27c6c37_main_l905
    16 bytes stack frame, 0 bytes spill stores, 0 bytes spill loads
ptxas info    : Used 62 registers, 384 bytes cmem[0], 4 bytes cmem[2]
ptxas info    : Compiling entry function '__omp_offloading_811_27c6c37_main_l45' for 'sm_37'
ptxas info    : Function properties for __omp_offloading_811_27c6c37_main_l45
    0 bytes stack frame, 0 bytes spill stores, 0 bytes spill loads
ptxas info    : Used 32 registers, 328 bytes cmem[0], 4 bytes cmem[2]
ptxas info    : Compiling entry function '__omp_offloading_811_27c6c37_main_l386' for 'sm_37'
ptxas info    : Function properties for __omp_offloading_811_27c6c37_main_l386
    16 bytes stack frame, 0 bytes spill stores, 0 bytes spill loads
ptxas info    : Used 71 registers, 384 bytes cmem[0], 4 bytes cmem[2]
ptxas info    : Compiling entry function '__omp_offloading_811_27c6c37_main_l712' for 'sm_37'
ptxas info    : Function properties for __omp_offloading_811_27c6c37_main_l712
    16 bytes stack frame, 0 bytes spill stores, 0 bytes spill loads
ptxas info    : Used 71 registers, 400 bytes cmem[0], 4 bytes cmem[2]
ptxas info    : Compiling entry function '__omp_offloading_811_27c6c37_main_l326' for 'sm_37'
ptxas info    : Function properties for __omp_offloading_811_27c6c37_main_l326
    0 bytes stack frame, 0 bytes spill stores, 0 bytes spill loads
ptxas info    : Used 38 registers, 384 bytes cmem[0], 4 bytes cmem[2]
ptxas info    : Compiling entry function '__omp_offloading_811_27c6c37_main_l146' for 'sm_37'
ptxas info    : Function properties for __omp_offloading_811_27c6c37_main_l146
    16 bytes stack frame, 0 bytes spill stores, 0 bytes spill loads
ptxas info    : Used 71 registers, 384 bytes cmem[0], 4 bytes cmem[2]
ptxas info    : Compiling entry function '__omp_offloading_811_27c6c37_main_l507' for 'sm_37'
ptxas info    : Function properties for __omp_offloading_811_27c6c37_main_l507
    16 bytes stack frame, 0 bytes spill stores, 0 bytes spill loads
ptxas info    : Used 71 registers, 384 bytes cmem[0], 4 bytes cmem[2]
ptxas info    : Compiling entry function '__omp_offloading_811_27c6c37_main_l236' for 'sm_37'
ptxas info    : Function properties for __omp_offloading_811_27c6c37_main_l236
    16 bytes stack frame, 0 bytes spill stores, 0 bytes spill loads
ptxas info    : Used 71 registers, 384 bytes cmem[0], 4 bytes cmem[2]
ptxas info    : Compiling entry function '__omp_offloading_811_27c6c37_main_l612' for 'sm_37'
ptxas info    : Function properties for __omp_offloading_811_27c6c37_main_l612
    0 bytes stack frame, 0 bytes spill stores, 0 bytes spill loads
ptxas info    : Used 46 registers, 400 bytes cmem[0], 4 bytes cmem[2]
ptxas info    : Compiling entry function '__omp_offloading_811_27c6c37_main_l927' for 'sm_37'
ptxas info    : Function properties for __omp_offloading_811_27c6c37_main_l927
    16 bytes stack frame, 0 bytes spill stores, 0 bytes spill loads
ptxas info    : Used 71 registers, 384 bytes cmem[0], 4 bytes cmem[2]
ptxas info    : Compiling entry function '__omp_offloading_811_27c6c37_main_l66' for 'sm_37'
ptxas info    : Function properties for __omp_offloading_811_27c6c37_main_l66
    0 bytes stack frame, 0 bytes spill stores, 0 bytes spill loads
ptxas info    : Used 38 registers, 384 bytes cmem[0], 4 bytes cmem[2]
ptxas info    : Compiling entry function '__omp_offloading_811_27c6c37_main_l406' for 'sm_37'
ptxas info    : Function properties for __omp_offloading_811_27c6c37_main_l406
    16 bytes stack frame, 0 bytes spill stores, 0 bytes spill loads
ptxas info    : Used 71 registers, 384 bytes cmem[0], 4 bytes cmem[2]
ptxas info    : Compiling entry function '__omp_offloading_811_27c6c37_main_l196' for 'sm_37'
ptxas info    : Function properties for __omp_offloading_811_27c6c37_main_l196
    0 bytes stack frame, 0 bytes spill stores, 0 bytes spill loads
ptxas info    : Used 38 registers, 384 bytes cmem[0], 4 bytes cmem[2]
ptxas info    : Compiling entry function '__omp_offloading_811_27c6c37_main_l553' for 'sm_37'
ptxas info    : Function properties for __omp_offloading_811_27c6c37_main_l553
    16 bytes stack frame, 0 bytes spill stores, 0 bytes spill loads
ptxas info    : Used 71 registers, 384 bytes cmem[0], 4 bytes cmem[2]
ptxas info    : Compiling entry function '__omp_offloading_811_27c6c37_main_l883' for 'sm_37'
ptxas info    : Function properties for __omp_offloading_811_27c6c37_main_l883
    0 bytes stack frame, 0 bytes spill stores, 0 bytes spill loads
ptxas info    : Used 38 registers, 384 bytes cmem[0], 4 bytes cmem[2]
ptxas info    : Compiling entry function '__omp_offloading_811_27e04ce_check_offloading_l22' for 'sm_37'
ptxas info    : Function properties for __omp_offloading_811_27e04ce_check_offloading_l22
    0 bytes stack frame, 0 bytes spill stores, 0 bytes spill loads
ptxas info    : Used 32 registers, 328 bytes cmem[0], 4 bytes cmem[2]
ptxas info    : Compiling entry function '__omp_offloading_811_27c6c37_main_l366' for 'sm_37'
ptxas info    : Function properties for __omp_offloading_811_27c6c37_main_l366
    16 bytes stack frame, 0 bytes spill stores, 0 bytes spill loads
ptxas info    : Used 71 registers, 384 bytes cmem[0], 4 bytes cmem[2]
ptxas info    : Compiling entry function '__omp_offloading_811_27c6c37_main_l276' for 'sm_37'
ptxas info    : Function properties for __omp_offloading_811_27c6c37_main_l276
    16 bytes stack frame, 0 bytes spill stores, 0 bytes spill loads
ptxas info    : Used 71 registers, 384 bytes cmem[0], 4 bytes cmem[2]
ptxas info    : Compiling entry function '__omp_offloading_811_27c6c37_main_l662' for 'sm_37'
ptxas info    : Function properties for __omp_offloading_811_27c6c37_main_l662
    16 bytes stack frame, 0 bytes spill stores, 0 bytes spill loads
ptxas info    : Used 71 registers, 400 bytes cmem[0], 4 bytes cmem[2]
ptxas info    : Compiling entry function '__omp_offloading_811_27c6c37_main_l971' for 'sm_37'
ptxas info    : Function properties for __omp_offloading_811_27c6c37_main_l971
    16 bytes stack frame, 0 bytes spill stores, 0 bytes spill loads
ptxas info    : Used 71 registers, 384 bytes cmem[0], 4 bytes cmem[2]
ptxas info    : Compiling entry function '__omp_offloading_811_27c6c37_main_l106' for 'sm_37'
ptxas info    : Function properties for __omp_offloading_811_27c6c37_main_l106
    16 bytes stack frame, 0 bytes spill stores, 0 bytes spill loads
ptxas info    : Used 71 registers, 384 bytes cmem[0], 4 bytes cmem[2]
ptxas info    : Compiling entry function '__omp_offloading_811_27c6c37_main_l461' for 'sm_37'
ptxas info    : Function properties for __omp_offloading_811_27c6c37_main_l461
    0 bytes stack frame, 0 bytes spill stores, 0 bytes spill loads
ptxas info    : Used 38 registers, 384 bytes cmem[0], 4 bytes cmem[2]
ptxas info    : Function properties for __omp_outlined__17_wrapper
    88 bytes stack frame, 72 bytes spill stores, 72 bytes spill loads
ptxas info    : Compiling entry function '__omp_offloading_811_27c6c37_main_l1354' for 'sm_37'
ptxas info    : Function properties for __omp_offloading_811_27c6c37_main_l1354
    0 bytes stack frame, 0 bytes spill stores, 0 bytes spill loads
ptxas info    : Used 31 registers, 376 bytes cmem[0], 4 bytes cmem[2]
ptxas info    : Function properties for __omp_outlined__49_wrapper
    0 bytes stack frame, 0 bytes spill stores, 0 bytes spill loads
ptxas info    : Compiling entry function '__omp_offloading_811_27c6c37_main_l1070' for 'sm_37'
ptxas info    : Function properties for __omp_offloading_811_27c6c37_main_l1070
    0 bytes stack frame, 0 bytes spill stores, 0 bytes spill loads
ptxas info    : Used 29 registers, 368 bytes cmem[0], 4 bytes cmem[2]
ptxas info    : Function properties for __omp_outlined__33_wrapper
    88 bytes stack frame, 72 bytes spill stores, 72 bytes spill loads
ptxas info    : Function properties for __omp_outlined__1_wrapper
    0 bytes stack frame, 0 bytes spill stores, 0 bytes spill loads
ptxas info    : Function properties for __omp_outlined__65_wrapper
    88 bytes stack frame, 72 bytes spill stores, 72 bytes spill loads
ptxas info    : Compiling entry function '__omp_offloading_811_27c6c37_main_l1213' for 'sm_37'
ptxas info    : Function properties for __omp_offloading_811_27c6c37_main_l1213
    0 bytes stack frame, 0 bytes spill stores, 0 bytes spill loads
ptxas info    : Used 29 registers, 368 bytes cmem[0], 4 bytes cmem[2]
ptxas info    : Function properties for __omp_outlined__41_wrapper
    88 bytes stack frame, 72 bytes spill stores, 72 bytes spill loads
ptxas info    : Function properties for __omp_outlined__9_wrapper
    88 bytes stack frame, 72 bytes spill stores, 72 bytes spill loads
ptxas info    : Function properties for __kmpc_dispatch_init_4
    0 bytes stack frame, 0 bytes spill stores, 0 bytes spill loads
ptxas info    : Function properties for __omp_outlined__25_wrapper
    0 bytes stack frame, 0 bytes spill stores, 0 bytes spill loads
ptxas info    : Compiling entry function '__omp_offloading_811_27c6c37_main_l1502' for 'sm_37'
ptxas info    : Function properties for __omp_offloading_811_27c6c37_main_l1502
    16 bytes stack frame, 0 bytes spill stores, 0 bytes spill loads
ptxas info    : Used 53 registers, 376 bytes cmem[0], 4 bytes cmem[2]
ptxas info    : Function properties for __omp_outlined__57_wrapper
    104 bytes stack frame, 88 bytes spill stores, 88 bytes spill loads
ptxas info    : Function properties for __omp_outlined__13_wrapper
    0 bytes stack frame, 0 bytes spill stores, 0 bytes spill loads
ptxas info    : Compiling entry function '__omp_offloading_811_27c6c37_main_l1283' for 'sm_37'
ptxas info    : Function properties for __omp_offloading_811_27c6c37_main_l1283
    0 bytes stack frame, 0 bytes spill stores, 0 bytes spill loads
ptxas info    : Used 29 registers, 368 bytes cmem[0], 4 bytes cmem[2]
ptxas info    : Function properties for __omp_outlined__45_wrapper
    88 bytes stack frame, 72 bytes spill stores, 72 bytes spill loads
ptxas info    : Function properties for __omp_outlined__29_wrapper
    88 bytes stack frame, 72 bytes spill stores, 72 bytes spill loads
ptxas info    : Compiling entry function '__omp_offloading_811_27c6c37_main_l1577' for 'sm_37'
ptxas info    : Function properties for __omp_offloading_811_27c6c37_main_l1577
    16 bytes stack frame, 0 bytes spill stores, 0 bytes spill loads
ptxas info    : Used 47 registers, 376 bytes cmem[0], 4 bytes cmem[2]
ptxas info    : Function properties for __omp_outlined__61_wrapper
    0 bytes stack frame, 0 bytes spill stores, 0 bytes spill loads
ptxas info    : Compiling entry function '__omp_offloading_811_27c6c37_main_l1140' for 'sm_37'
ptxas info    : Function properties for __omp_offloading_811_27c6c37_main_l1140
    16 bytes stack frame, 0 bytes spill stores, 0 bytes spill loads
ptxas info    : Used 53 registers, 368 bytes cmem[0], 4 bytes cmem[2]
ptxas info    : Function properties for __omp_outlined__37_wrapper
    0 bytes stack frame, 0 bytes spill stores, 0 bytes spill loads
ptxas info    : Function properties for __omp_outlined__5_wrapper
    88 bytes stack frame, 72 bytes spill stores, 72 bytes spill loads
ptxas info    : Function properties for __omp_outlined__69_wrapper
    88 bytes stack frame, 72 bytes spill stores, 72 bytes spill loads
ptxas info    : Function properties for __omp_outlined__21_wrapper
    88 bytes stack frame, 72 bytes spill stores, 72 bytes spill loads
ptxas info    : Compiling entry function '__omp_offloading_811_27c6c37_main_l1428' for 'sm_37'
ptxas info    : Function properties for __omp_offloading_811_27c6c37_main_l1428
    16 bytes stack frame, 0 bytes spill stores, 0 bytes spill loads
ptxas info    : Used 53 registers, 376 bytes cmem[0], 4 bytes cmem[2]
ptxas info    : Function properties for __omp_outlined__53_wrapper
    104 bytes stack frame, 88 bytes spill stores, 88 bytes spill loads
ptxas info    : Function properties for __omp_outlined__15_wrapper
    88 bytes stack frame, 72 bytes spill stores, 72 bytes spill loads
ptxas info    : Compiling entry function '__omp_offloading_811_27c6c37_main_l1318' for 'sm_37'
ptxas info    : Function properties for __omp_offloading_811_27c6c37_main_l1318
    0 bytes stack frame, 0 bytes spill stores, 0 bytes spill loads
ptxas info    : Used 34 registers, 376 bytes cmem[0], 4 bytes cmem[2]
ptxas info    : Function properties for __omp_outlined__47_wrapper
    0 bytes stack frame, 0 bytes spill stores, 0 bytes spill loads
ptxas info    : Compiling entry function '__omp_offloading_811_27c6c37_main_l1036' for 'sm_37'
ptxas info    : Function properties for __omp_offloading_811_27c6c37_main_l1036
    0 bytes stack frame, 0 bytes spill stores, 0 bytes spill loads
ptxas info    : Used 29 registers, 368 bytes cmem[0], 4 bytes cmem[2]
ptxas info    : Function properties for __omp_outlined__31_wrapper
    88 bytes stack frame, 72 bytes spill stores, 72 bytes spill loads
ptxas info    : Compiling entry function '__omp_offloading_811_27c6c37_main_l1613' for 'sm_37'
ptxas info    : Function properties for __omp_offloading_811_27c6c37_main_l1613
    16 bytes stack frame, 0 bytes spill stores, 0 bytes spill loads
ptxas info    : Used 53 registers, 376 bytes cmem[0], 4 bytes cmem[2]
ptxas info    : Function properties for __omp_outlined__63_wrapper
    88 bytes stack frame, 72 bytes spill stores, 72 bytes spill loads
ptxas info    : Compiling entry function '__omp_offloading_811_27c6c37_main_l1177' for 'sm_37'
ptxas info    : Function properties for __omp_offloading_811_27c6c37_main_l1177
    16 bytes stack frame, 0 bytes spill stores, 0 bytes spill loads
ptxas info    : Used 53 registers, 376 bytes cmem[0], 4 bytes cmem[2]
ptxas info    : Function properties for __omp_outlined__39_wrapper
    88 bytes stack frame, 72 bytes spill stores, 72 bytes spill loads
ptxas info    : Function properties for __omp_outlined__7_wrapper
    88 bytes stack frame, 72 bytes spill stores, 72 bytes spill loads
ptxas info    : Function properties for __omp_outlined__71_wrapper
    0 bytes stack frame, 0 bytes spill stores, 0 bytes spill loads
ptxas info    : Function properties for __omp_outlined__23_wrapper
    0 bytes stack frame, 0 bytes spill stores, 0 bytes spill loads
ptxas info    : Compiling entry function '__omp_offloading_811_27c6c37_main_l1465' for 'sm_37'
ptxas info    : Function properties for __omp_offloading_811_27c6c37_main_l1465
    16 bytes stack frame, 0 bytes spill stores, 0 bytes spill loads
ptxas info    : Used 55 registers, 384 bytes cmem[0], 4 bytes cmem[2]
ptxas info    : Function properties for __omp_outlined__55_wrapper
    104 bytes stack frame, 88 bytes spill stores, 88 bytes spill loads
ptxas info    : Compiling entry function '__omp_offloading_811_27c6c37_main_l1105' for 'sm_37'
ptxas info    : Function properties for __omp_offloading_811_27c6c37_main_l1105
    0 bytes stack frame, 0 bytes spill stores, 0 bytes spill loads
ptxas info    : Used 34 registers, 376 bytes cmem[0], 4 bytes cmem[2]
ptxas info    : Function properties for __omp_outlined__35_wrapper
    0 bytes stack frame, 0 bytes spill stores, 0 bytes spill loads
ptxas info    : Function properties for __omp_outlined__3_wrapper
    88 bytes stack frame, 72 bytes spill stores, 72 bytes spill loads
ptxas info    : Function properties for __omp_outlined__67_wrapper
    88 bytes stack frame, 72 bytes spill stores, 72 bytes spill loads
ptxas info    : Function properties for __omp_outlined__19_wrapper
    88 bytes stack frame, 72 bytes spill stores, 72 bytes spill loads
ptxas info    : Compiling entry function '__omp_offloading_811_27c6c37_main_l1391' for 'sm_37'
ptxas info    : Function properties for __omp_offloading_811_27c6c37_main_l1391
    0 bytes stack frame, 0 bytes spill stores, 0 bytes spill loads
ptxas info    : Used 36 registers, 384 bytes cmem[0], 4 bytes cmem[2]
ptxas info    : Function properties for __omp_outlined__51_wrapper
    104 bytes stack frame, 88 bytes spill stores, 88 bytes spill loads
ptxas info    : Compiling entry function '__omp_offloading_811_27c6c37_main_l1248' for 'sm_37'
ptxas info    : Function properties for __omp_offloading_811_27c6c37_main_l1248
    0 bytes stack frame, 0 bytes spill stores, 0 bytes spill loads
ptxas info    : Used 31 registers, 376 bytes cmem[0], 4 bytes cmem[2]
ptxas info    : Function properties for __omp_outlined__43_wrapper
    88 bytes stack frame, 72 bytes spill stores, 72 bytes spill loads
ptxas info    : Function properties for __omp_outlined__11_wrapper
    0 bytes stack frame, 0 bytes spill stores, 0 bytes spill loads
ptxas info    : Function properties for _ZN27omptarget_nvptx_LoopSupportIiiE13dispatch_nextEPiS1_S1_S1_
    0 bytes stack frame, 0 bytes spill stores, 0 bytes spill loads
ptxas info    : Function properties for __omp_outlined__27_wrapper
    88 bytes stack frame, 72 bytes spill stores, 72 bytes spill loads
ptxas info    : Compiling entry function '__omp_offloading_811_27c6c37_main_l1539' for 'sm_37'
ptxas info    : Function properties for __omp_offloading_811_27c6c37_main_l1539
    16 bytes stack frame, 0 bytes spill stores, 0 bytes spill loads
ptxas info    : Used 55 registers, 384 bytes cmem[0], 4 bytes cmem[2]
ptxas info    : Function properties for __omp_outlined__59_wrapper
    0 bytes stack frame, 0 bytes spill stores, 0 bytes spill loads
 "/usr/local/cuda-8.0/bin/nvlink" -o /tmp/test-088b13.out -v -arch sm_37 -L/localhd/gbercea/patch-compiler/obj-release/lib -L/usr/local/cuda-8.0/lib64 -L/usr/local/cuda-8.0/nvvm/libdevice -L/localhd/gbercea/patch-compiler/obj-release/lib -lomptarget-nvptx /tmp/test-ca03f2.cubin
nvlink info    : 100538643 bytes gmem
nvlink info    : Function properties for '__omp_offloading_811_27c6c37_main_l1539':
nvlink info    : used 55 registers, 16 stack, 1092 bytes smem, 384 bytes cmem[0], 8 bytes cmem[2], 0 bytes lmem
nvlink info    : Function properties for '__omp_offloading_811_27c6c37_main_l1248':
nvlink info    : used 31 registers, 0 stack, 1092 bytes smem, 376 bytes cmem[0], 4 bytes cmem[2], 0 bytes lmem
nvlink info    : Function properties for '__omp_offloading_811_27c6c37_main_l1391':
nvlink info    : used 36 registers, 0 stack, 1092 bytes smem, 384 bytes cmem[0], 4 bytes cmem[2], 0 bytes lmem
nvlink info    : Function properties for '__omp_offloading_811_27c6c37_main_l1105':
nvlink info    : used 34 registers, 0 stack, 1092 bytes smem, 376 bytes cmem[0], 4 bytes cmem[2], 0 bytes lmem
nvlink info    : Function properties for '__omp_offloading_811_27c6c37_main_l1465':
nvlink info    : used 55 registers, 16 stack, 1092 bytes smem, 384 bytes cmem[0], 8 bytes cmem[2], 0 bytes lmem
nvlink info    : Function properties for '__omp_offloading_811_27c6c37_main_l1177':
nvlink info    : used 53 registers, 16 stack, 1092 bytes smem, 376 bytes cmem[0], 8 bytes cmem[2], 0 bytes lmem
nvlink info    : Function properties for '__omp_offloading_811_27c6c37_main_l1613':
nvlink info    : used 53 registers, 16 stack, 1092 bytes smem, 376 bytes cmem[0], 8 bytes cmem[2], 0 bytes lmem
nvlink info    : Function properties for '__omp_offloading_811_27c6c37_main_l1036':
nvlink info    : used 29 registers, 0 stack, 1092 bytes smem, 368 bytes cmem[0], 4 bytes cmem[2], 0 bytes lmem
nvlink info    : Function properties for '__omp_offloading_811_27c6c37_main_l1318':
nvlink info    : used 34 registers, 0 stack, 1092 bytes smem, 376 bytes cmem[0], 4 bytes cmem[2], 0 bytes lmem
nvlink info    : Function properties for '__omp_offloading_811_27c6c37_main_l1428':
nvlink info    : used 53 registers, 16 stack, 1092 bytes smem, 376 bytes cmem[0], 8 bytes cmem[2], 0 bytes lmem
nvlink info    : Function properties for '__omp_offloading_811_27c6c37_main_l1140':
nvlink info    : used 53 registers, 16 stack, 1092 bytes smem, 368 bytes cmem[0], 8 bytes cmem[2], 0 bytes lmem
nvlink info    : Function properties for '__omp_offloading_811_27c6c37_main_l1577':
nvlink info    : used 47 registers, 16 stack, 1092 bytes smem, 376 bytes cmem[0], 8 bytes cmem[2], 0 bytes lmem
nvlink info    : Function properties for '__omp_offloading_811_27c6c37_main_l1283':
nvlink info    : used 29 registers, 0 stack, 1092 bytes smem, 368 bytes cmem[0], 4 bytes cmem[2], 0 bytes lmem
nvlink info    : Function properties for '__omp_offloading_811_27c6c37_main_l1502':
nvlink info    : used 53 registers, 16 stack, 1092 bytes smem, 376 bytes cmem[0], 8 bytes cmem[2], 0 bytes lmem
nvlink info    : Function properties for '__omp_offloading_811_27c6c37_main_l1213':
nvlink info    : used 29 registers, 0 stack, 1092 bytes smem, 368 bytes cmem[0], 4 bytes cmem[2], 0 bytes lmem
nvlink info    : Function properties for '__omp_offloading_811_27c6c37_main_l1070':
nvlink info    : used 29 registers, 0 stack, 1092 bytes smem, 368 bytes cmem[0], 4 bytes cmem[2], 0 bytes lmem
nvlink info    : Function properties for '__omp_offloading_811_27c6c37_main_l1354':
nvlink info    : used 31 registers, 0 stack, 1092 bytes smem, 376 bytes cmem[0], 4 bytes cmem[2], 0 bytes lmem
nvlink info    : Function properties for '__omp_offloading_811_27c6c37_main_l461':
nvlink info    : used 76 registers, 104 stack, 1092 bytes smem, 384 bytes cmem[0], 8 bytes cmem[2], 0 bytes lmem
nvlink info    : Function properties for '__omp_offloading_811_27c6c37_main_l106':
nvlink info    : used 76 registers, 120 stack, 1092 bytes smem, 384 bytes cmem[0], 8 bytes cmem[2], 0 bytes lmem
nvlink info    : Function properties for '__omp_offloading_811_27c6c37_main_l971':
nvlink info    : used 76 registers, 120 stack, 1092 bytes smem, 384 bytes cmem[0], 8 bytes cmem[2], 0 bytes lmem
nvlink info    : Function properties for '__omp_offloading_811_27c6c37_main_l662':
nvlink info    : used 76 registers, 120 stack, 1092 bytes smem, 400 bytes cmem[0], 8 bytes cmem[2], 0 bytes lmem
nvlink info    : Function properties for '__omp_offloading_811_27c6c37_main_l276':
nvlink info    : used 76 registers, 120 stack, 1092 bytes smem, 384 bytes cmem[0], 8 bytes cmem[2], 0 bytes lmem
nvlink info    : Function properties for '__omp_offloading_811_27c6c37_main_l366':
nvlink info    : used 76 registers, 120 stack, 1092 bytes smem, 384 bytes cmem[0], 8 bytes cmem[2], 0 bytes lmem
nvlink info    : Function properties for '__omp_offloading_811_27e04ce_check_offloading_l22':
nvlink info    : used 76 registers, 104 stack, 1092 bytes smem, 328 bytes cmem[0], 8 bytes cmem[2], 0 bytes lmem
nvlink info    : Function properties for '__omp_offloading_811_27c6c37_main_l883':
nvlink info    : used 76 registers, 104 stack, 1092 bytes smem, 384 bytes cmem[0], 8 bytes cmem[2], 0 bytes lmem
nvlink info    : Function properties for '__omp_offloading_811_27c6c37_main_l553':
nvlink info    : used 76 registers, 120 stack, 1092 bytes smem, 384 bytes cmem[0], 8 bytes cmem[2], 0 bytes lmem
nvlink info    : Function properties for '__omp_offloading_811_27c6c37_main_l196':
nvlink info    : used 76 registers, 104 stack, 1092 bytes smem, 384 bytes cmem[0], 8 bytes cmem[2], 0 bytes lmem
nvlink info    : Function properties for '__omp_offloading_811_27c6c37_main_l406':
nvlink info    : used 76 registers, 120 stack, 1092 bytes smem, 384 bytes cmem[0], 8 bytes cmem[2], 0 bytes lmem
nvlink info    : Function properties for '__omp_offloading_811_27c6c37_main_l66':
nvlink info    : used 76 registers, 104 stack, 1092 bytes smem, 384 bytes cmem[0], 8 bytes cmem[2], 0 bytes lmem
nvlink info    : Function properties for '__omp_offloading_811_27c6c37_main_l927':
nvlink info    : used 76 registers, 120 stack, 1092 bytes smem, 384 bytes cmem[0], 8 bytes cmem[2], 0 bytes lmem
nvlink info    : Function properties for '__omp_offloading_811_27c6c37_main_l612':
nvlink info    : used 76 registers, 104 stack, 1092 bytes smem, 400 bytes cmem[0], 8 bytes cmem[2], 0 bytes lmem
nvlink info    : Function properties for '__omp_offloading_811_27c6c37_main_l236':
nvlink info    : used 76 registers, 120 stack, 1092 bytes smem, 384 bytes cmem[0], 8 bytes cmem[2], 0 bytes lmem
nvlink info    : Function properties for '__omp_offloading_811_27c6c37_main_l507':
nvlink info    : used 76 registers, 120 stack, 1092 bytes smem, 384 bytes cmem[0], 8 bytes cmem[2], 0 bytes lmem
nvlink info    : Function properties for '__omp_offloading_811_27c6c37_main_l146':
nvlink info    : used 76 registers, 120 stack, 1092 bytes smem, 384 bytes cmem[0], 8 bytes cmem[2], 0 bytes lmem
nvlink info    : Function properties for '__omp_offloading_811_27c6c37_main_l326':
nvlink info    : used 76 registers, 104 stack, 1092 bytes smem, 384 bytes cmem[0], 8 bytes cmem[2], 0 bytes lmem
nvlink info    : Function properties for '__omp_offloading_811_27c6c37_main_l712':
nvlink info    : used 76 registers, 120 stack, 1092 bytes smem, 400 bytes cmem[0], 8 bytes cmem[2], 0 bytes lmem
nvlink info    : Function properties for '__omp_offloading_811_27c6c37_main_l386':
nvlink info    : used 76 registers, 120 stack, 1092 bytes smem, 384 bytes cmem[0], 8 bytes cmem[2], 0 bytes lmem
nvlink info    : Function properties for '__omp_offloading_811_27c6c37_main_l45':
nvlink info    : used 76 registers, 104 stack, 1092 bytes smem, 328 bytes cmem[0], 8 bytes cmem[2], 0 bytes lmem
nvlink info    : Function properties for '__omp_offloading_811_27c6c37_main_l905':
nvlink info    : used 76 registers, 120 stack, 1092 bytes smem, 384 bytes cmem[0], 8 bytes cmem[2], 0 bytes lmem
nvlink info    : Function properties for '__omp_offloading_811_27c6c37_main_l576':
nvlink info    : used 76 registers, 104 stack, 1092 bytes smem, 384 bytes cmem[0], 8 bytes cmem[2], 0 bytes lmem
nvlink info    : Function properties for '__omp_offloading_811_27c6c37_main_l216':
nvlink info    : used 76 registers, 120 stack, 1092 bytes smem, 384 bytes cmem[0], 8 bytes cmem[2], 0 bytes lmem
nvlink info    : Function properties for '__omp_offloading_811_27c6c37_main_l484':
nvlink info    : used 76 registers, 120 stack, 1092 bytes smem, 384 bytes cmem[0], 8 bytes cmem[2], 0 bytes lmem
nvlink info    : Function properties for '__omp_offloading_811_27c6c37_main_l126':
nvlink info    : used 76 registers, 120 stack, 1092 bytes smem, 384 bytes cmem[0], 8 bytes cmem[2], 0 bytes lmem
nvlink info    : Function properties for '__omp_offloading_811_27c6c37_main_l993':
nvlink info    : used 76 registers, 104 stack, 1092 bytes smem, 384 bytes cmem[0], 8 bytes cmem[2], 0 bytes lmem
nvlink info    : Function properties for '__omp_offloading_811_27c6c37_main_l296':
nvlink info    : used 76 registers, 104 stack, 1092 bytes smem, 384 bytes cmem[0], 8 bytes cmem[2], 0 bytes lmem
nvlink info    : Function properties for '__omp_offloading_811_27c6c37_main_l687':
nvlink info    : used 76 registers, 120 stack, 1092 bytes smem, 400 bytes cmem[0], 8 bytes cmem[2], 0 bytes lmem
nvlink info    : Function properties for '__omp_offloading_811_27c6c37_main_l426':
nvlink info    : used 76 registers, 104 stack, 1092 bytes smem, 384 bytes cmem[0], 8 bytes cmem[2], 0 bytes lmem
nvlink info    : Function properties for '__omp_offloading_811_27c6c37_main_l86':
nvlink info    : used 76 registers, 120 stack, 1092 bytes smem, 384 bytes cmem[0], 8 bytes cmem[2], 0 bytes lmem
nvlink info    : Function properties for '__omp_offloading_811_27c6c37_main_l949':
nvlink info    : used 76 registers, 120 stack, 1092 bytes smem, 384 bytes cmem[0], 8 bytes cmem[2], 0 bytes lmem
nvlink info    : Function properties for '__omp_offloading_811_27c6c37_main_l637':
nvlink info    : used 76 registers, 120 stack, 1092 bytes smem, 400 bytes cmem[0], 8 bytes cmem[2], 0 bytes lmem
nvlink info    : Function properties for '__omp_offloading_811_27c6c37_main_l256':
nvlink info    : used 76 registers, 120 stack, 1092 bytes smem, 384 bytes cmem[0], 8 bytes cmem[2], 0 bytes lmem
nvlink info    : Function properties for '__omp_offloading_811_27c6c37_main_l530':
nvlink info    : used 76 registers, 120 stack, 1092 bytes smem, 384 bytes cmem[0], 8 bytes cmem[2], 0 bytes lmem
nvlink info    : Function properties for '__omp_offloading_811_27c6c37_main_l166':
nvlink info    : used 76 registers, 104 stack, 1092 bytes smem, 384 bytes cmem[0], 8 bytes cmem[2], 0 bytes lmem
nvlink info    : Function properties for '__omp_offloading_811_27c6c37_main_l346':
nvlink info    : used 76 registers, 120 stack, 1092 bytes smem, 384 bytes cmem[0], 8 bytes cmem[2], 0 bytes lmem
nvlink info    : Function properties for '__omp_offloading_811_27c6c37_main_l737':
nvlink info    : used 76 registers, 104 stack, 1092 bytes smem, 400 bytes cmem[0], 8 bytes cmem[2], 0 bytes lmem
 "/localhd/gbercea/patch-compiler/obj-release/bin/clang-6.0" -cc1 -triple powerpc64le-ibm-linux-gnu -emit-obj -disable-free -main-file-name test.c -mrelocation-model pic -pic-level 2 -mthread-model posix -fmath-errno -masm-verbose -mconstructor-aliases -fuse-init-array -target-cpu pwr8 -mfloat-abi hard -target-abi elfv2 -dwarf-column-info -debugger-tuning=gdb -momit-leaf-frame-pointer -v -resource-dir /localhd/gbercea/patch-compiler/obj-release/lib/clang/7.0.0 -O2 -fdebug-compilation-dir /localhd/gbercea/patch-compiler/src/projects/openmp/libomptarget/omptests/t-target-teams-distribute-parallel-for-simd/results -ferror-limit 19 -fmessage-length 0 -fopenmp -fno-signed-char -fobjc-runtime=gcc -fdiagnostics-show-option -vectorize-loops -vectorize-slp -o /tmp/test-d3411a.o -x ir /tmp/test-b7a3fb.bc -faddrsig
clang -cc1 version 7.0.0 based upon LLVM 7.0.0svn default target powerpc64le-unknown-linux-gnu
remark: <unknown>:0:0: loop not vectorized: control flow cannot be substituted for a select
warning: <unknown>:0:0: loop not vectorized: failed explicitly specified loop vectorization
remark: <unknown>:0:0: loop not vectorized: control flow cannot be substituted for a select
warning: <unknown>:0:0: loop not vectorized: failed explicitly specified loop vectorization
remark: <unknown>:0:0: loop not vectorized: control flow cannot be substituted for a select
warning: <unknown>:0:0: loop not vectorized: failed explicitly specified loop vectorization
remark: <unknown>:0:0: loop not vectorized: control flow cannot be substituted for a select
warning: <unknown>:0:0: loop not vectorized: failed explicitly specified loop vectorization
remark: <unknown>:0:0: loop not vectorized: control flow cannot be substituted for a select
warning: <unknown>:0:0: loop not vectorized: failed explicitly specified loop vectorization
remark: <unknown>:0:0: loop not vectorized: control flow cannot be substituted for a select
warning: <unknown>:0:0: loop not vectorized: failed explicitly specified loop vectorization
remark: <unknown>:0:0: loop not vectorized: control flow cannot be substituted for a select
warning: <unknown>:0:0: loop not vectorized: failed explicitly specified loop vectorization
remark: <unknown>:0:0: loop not vectorized: control flow cannot be substituted for a select
warning: <unknown>:0:0: loop not vectorized: failed explicitly specified loop vectorization
remark: <unknown>:0:0: loop not vectorized: control flow cannot be substituted for a select
warning: <unknown>:0:0: loop not vectorized: failed explicitly specified loop vectorization
remark: <unknown>:0:0: loop not vectorized: control flow cannot be substituted for a select
warning: <unknown>:0:0: loop not vectorized: failed explicitly specified loop vectorization
remark: <unknown>:0:0: loop not vectorized: control flow cannot be substituted for a select
warning: <unknown>:0:0: loop not vectorized: failed explicitly specified loop vectorization
remark: <unknown>:0:0: loop not vectorized: control flow cannot be substituted for a select
warning: <unknown>:0:0: loop not vectorized: failed explicitly specified loop vectorization
remark: <unknown>:0:0: loop not vectorized: control flow cannot be substituted for a select
warning: <unknown>:0:0: loop not vectorized: failed explicitly specified loop vectorization
remark: <unknown>:0:0: loop not vectorized: control flow cannot be substituted for a select
warning: <unknown>:0:0: loop not vectorized: failed explicitly specified loop vectorization
remark: <unknown>:0:0: loop not vectorized: control flow cannot be substituted for a select
warning: <unknown>:0:0: loop not vectorized: failed explicitly specified loop vectorization
remark: <unknown>:0:0: loop not vectorized: control flow cannot be substituted for a select
warning: <unknown>:0:0: loop not vectorized: failed explicitly specified loop vectorization
remark: <unknown>:0:0: loop not vectorized: control flow cannot be substituted for a select
warning: <unknown>:0:0: loop not vectorized: failed explicitly specified loop vectorization
remark: <unknown>:0:0: loop not vectorized: control flow cannot be substituted for a select
warning: <unknown>:0:0: loop not vectorized: failed explicitly specified loop vectorization
remark: <unknown>:0:0: loop not vectorized: control flow cannot be substituted for a select
warning: <unknown>:0:0: loop not vectorized: failed explicitly specified loop vectorization
remark: <unknown>:0:0: loop not vectorized: control flow cannot be substituted for a select
warning: <unknown>:0:0: loop not vectorized: failed explicitly specified loop vectorization
remark: <unknown>:0:0: loop not vectorized: control flow cannot be substituted for a select
warning: <unknown>:0:0: loop not vectorized: failed explicitly specified loop vectorization
remark: <unknown>:0:0: loop not vectorized: control flow cannot be substituted for a select
warning: <unknown>:0:0: loop not vectorized: failed explicitly specified loop vectorization
remark: <unknown>:0:0: loop not vectorized: control flow cannot be substituted for a select
warning: <unknown>:0:0: loop not vectorized: failed explicitly specified loop vectorization
remark: <unknown>:0:0: loop not vectorized: value that could not be identified as reduction is used outside the loop
warning: <unknown>:0:0: loop not vectorized: failed explicitly specified loop vectorization
remark: <unknown>:0:0: loop not vectorized: control flow cannot be substituted for a select
warning: <unknown>:0:0: loop not vectorized: failed explicitly specified loop vectorization
remark: <unknown>:0:0: loop not vectorized: value that could not be identified as reduction is used outside the loop
warning: <unknown>:0:0: loop not vectorized: failed explicitly specified loop vectorization
remark: <unknown>:0:0: loop not vectorized: control flow cannot be substituted for a select
warning: <unknown>:0:0: loop not vectorized: failed explicitly specified loop vectorization
remark: <unknown>:0:0: loop not vectorized: value that could not be identified as reduction is used outside the loop
warning: <unknown>:0:0: loop not vectorized: failed explicitly specified loop vectorization
remark: <unknown>:0:0: loop not vectorized: control flow cannot be substituted for a select
warning: <unknown>:0:0: loop not vectorized: failed explicitly specified loop vectorization
remark: <unknown>:0:0: loop not vectorized: value that could not be identified as reduction is used outside the loop
warning: <unknown>:0:0: loop not vectorized: failed explicitly specified loop vectorization
remark: <unknown>:0:0: loop not vectorized: control flow cannot be substituted for a select
warning: <unknown>:0:0: loop not vectorized: failed explicitly specified loop vectorization
remark: <unknown>:0:0: loop not vectorized: value that could not be identified as reduction is used outside the loop
warning: <unknown>:0:0: loop not vectorized: failed explicitly specified loop vectorization
remark: <unknown>:0:0: loop not vectorized: control flow cannot be substituted for a select
warning: <unknown>:0:0: loop not vectorized: failed explicitly specified loop vectorization
remark: <unknown>:0:0: loop not vectorized: value that could not be identified as reduction is used outside the loop
warning: <unknown>:0:0: loop not vectorized: failed explicitly specified loop vectorization
remark: <unknown>:0:0: loop not vectorized: control flow cannot be substituted for a select
warning: <unknown>:0:0: loop not vectorized: failed explicitly specified loop vectorization
remark: <unknown>:0:0: loop not vectorized: control flow cannot be substituted for a select
warning: <unknown>:0:0: loop not vectorized: failed explicitly specified loop vectorization
remark: <unknown>:0:0: loop not vectorized: control flow cannot be substituted for a select
warning: <unknown>:0:0: loop not vectorized: failed explicitly specified loop vectorization
remark: <unknown>:0:0: loop not vectorized: control flow cannot be substituted for a select
warning: <unknown>:0:0: loop not vectorized: failed explicitly specified loop vectorization
remark: <unknown>:0:0: loop not vectorized: control flow cannot be substituted for a select
warning: <unknown>:0:0: loop not vectorized: failed explicitly specified loop vectorization
remark: <unknown>:0:0: loop not vectorized: control flow cannot be substituted for a select
warning: <unknown>:0:0: loop not vectorized: failed explicitly specified loop vectorization
remark: <unknown>:0:0: loop not vectorized: value that could not be identified as reduction is used outside the loop
warning: <unknown>:0:0: loop not vectorized: failed explicitly specified loop vectorization
remark: <unknown>:0:0: loop not vectorized: value that could not be identified as reduction is used outside the loop
warning: <unknown>:0:0: loop not vectorized: failed explicitly specified loop vectorization
remark: <unknown>:0:0: loop not vectorized: value that could not be identified as reduction is used outside the loop
warning: <unknown>:0:0: loop not vectorized: failed explicitly specified loop vectorization
remark: <unknown>:0:0: loop not vectorized: value that could not be identified as reduction is used outside the loop
warning: <unknown>:0:0: loop not vectorized: failed explicitly specified loop vectorization
remark: <unknown>:0:0: loop not vectorized: value that could not be identified as reduction is used outside the loop
warning: <unknown>:0:0: loop not vectorized: failed explicitly specified loop vectorization
remark: <unknown>:0:0: loop not vectorized: value that could not be identified as reduction is used outside the loop
warning: <unknown>:0:0: loop not vectorized: failed explicitly specified loop vectorization
remark: <unknown>:0:0: loop not vectorized: value that could not be identified as reduction is used outside the loop
warning: <unknown>:0:0: loop not vectorized: failed explicitly specified loop vectorization
remark: <unknown>:0:0: loop not vectorized: value that could not be identified as reduction is used outside the loop
warning: <unknown>:0:0: loop not vectorized: failed explicitly specified loop vectorization
remark: <unknown>:0:0: loop not vectorized: value that could not be identified as reduction is used outside the loop
warning: <unknown>:0:0: loop not vectorized: failed explicitly specified loop vectorization
 "/usr/bin/ld" -z relro --hash-style=gnu --eh-frame-hdr -m elf64lppc -dynamic-linker /lib64/ld64.so.2 -o /localhd/gbercea/patch-compiler/src/projects/openmp/libomptarget/omptests/t-target-teams-distribute-parallel-for-simd/results/a.out /usr/lib/gcc/powerpc64le-linux-gnu/4.8/../../../powerpc64le-linux-gnu/crt1.o /usr/lib/gcc/powerpc64le-linux-gnu/4.8/../../../powerpc64le-linux-gnu/crti.o /usr/lib/gcc/powerpc64le-linux-gnu/4.8/crtbegin.o -L/localhd/gbercea/patch-compiler/obj-release/lib -L/localhd/gbercea/patch-compiler/obj-release/lib -L/usr/lib/gcc/powerpc64le-linux-gnu/4.8 -L/usr/lib/gcc/powerpc64le-linux-gnu/4.8/../../../powerpc64le-linux-gnu -L/usr/lib/gcc/powerpc64le-linux-gnu/4.8/../../../../lib64 -L/lib/powerpc64le-linux-gnu -L/lib/../lib64 -L/usr/lib/powerpc64le-linux-gnu -L/usr/lib/../lib64 -L/usr/lib/powerpc64le-linux-gnu/../../lib64 -L/usr/lib/gcc/powerpc64le-linux-gnu/4.8/../../.. -L/localhd/gbercea/patch-compiler/obj-release/bin/../lib -L/lib -L/usr/lib /tmp/test-d3411a.o -L/localhd/gbercea/patch-compiler/obj-release/lib -L/usr/local/cuda-8.0/lib64 -L/usr/local/cuda-8.0/nvvm/libdevice -lomp -lomptarget -lgcc --as-needed -lgcc_s --no-as-needed -lpthread -latomic -lc -lgcc --as-needed -lgcc_s --no-as-needed /usr/lib/gcc/powerpc64le-linux-gnu/4.8/crtend.o /usr/lib/gcc/powerpc64le-linux-gnu/4.8/../../../powerpc64le-linux-gnu/crtn.o -T /tmp/a-1c1bf0.lk
