clang version 7.0.0 (http://llvm.org/git/clang.git 0f6b139a0ce2f74a708f120da6336c05c14ea1cb) (http://llvm.org/git/llvm.git a02ad35dfa959d5c50a5d0008b010e5fb0c5cbe8)
Target: powerpc64le-ibm-linux-gnu
Thread model: posix
InstalledDir: /localhd/gbercea/patch-compiler/obj-release/bin
Found candidate GCC installation: /usr/lib/gcc/powerpc64le-linux-gnu/4.8
Found candidate GCC installation: /usr/lib/gcc/powerpc64le-linux-gnu/4.8.4
Found candidate GCC installation: /usr/lib/gcc/powerpc64le-linux-gnu/4.9
Found candidate GCC installation: /usr/lib/gcc/powerpc64le-linux-gnu/4.9.1
Selected GCC installation: /usr/lib/gcc/powerpc64le-linux-gnu/4.8
Candidate multilib: .;@m64
Selected multilib: .;@m64
Found CUDA installation: /usr/local/cuda-8.0, version 8.0
 "/localhd/gbercea/patch-compiler/obj-release/bin/clang-6.0" -cc1 -triple powerpc64le-ibm-linux-gnu -emit-llvm-bc -emit-llvm-uselists -disable-free -main-file-name test.c -mrelocation-model pic -pic-level 2 -mthread-model posix -fmath-errno -masm-verbose -mconstructor-aliases -fuse-init-array -target-cpu pwr8 -mfloat-abi hard -target-abi elfv2 -dwarf-column-info -debugger-tuning=gdb -momit-leaf-frame-pointer -v -resource-dir /localhd/gbercea/patch-compiler/obj-release/lib/clang/7.0.0 -I /localhd/gbercea/patch-compiler/obj-release/lib -I /localhd/gbercea/patch-compiler/obj-release/lib/../ -I /localhd/gbercea/patch-compiler/obj-release/lib/../projects/openmp/runtime/src/ -internal-isystem /usr/local/include -internal-isystem /localhd/gbercea/patch-compiler/obj-release/lib/clang/7.0.0/include -internal-externc-isystem /usr/include/powerpc64le-linux-gnu -internal-externc-isystem /include -internal-externc-isystem /usr/include -internal-isystem /usr/local/include -internal-isystem /localhd/gbercea/patch-compiler/obj-release/lib/clang/7.0.0/include -internal-externc-isystem /usr/include/powerpc64le-linux-gnu -internal-externc-isystem /include -internal-externc-isystem /usr/include -O3 -fdebug-compilation-dir /localhd/gbercea/patch-compiler/src/projects/openmp/libomptarget/omptests/t-parallel-for/results -ferror-limit 19 -fmessage-length 0 -fopenmp -fno-signed-char -fobjc-runtime=gcc -fdiagnostics-show-option -vectorize-loops -vectorize-slp -o /tmp/test-614028.bc -x c /localhd/gbercea/patch-compiler/src/projects/openmp/libomptarget/omptests/t-parallel-for/test.c -fopenmp-targets=nvptx64-nvidia-cuda -faddrsig
clang -cc1 version 7.0.0 based upon LLVM 7.0.0svn default target powerpc64le-unknown-linux-gnu
ignoring nonexistent directory "/include"
ignoring nonexistent directory "/include"
ignoring duplicate directory "/usr/local/include"
ignoring duplicate directory "/localhd/gbercea/patch-compiler/obj-release/lib/clang/7.0.0/include"
ignoring duplicate directory "/usr/include/powerpc64le-linux-gnu"
ignoring duplicate directory "/usr/include"
#include "..." search starts here:
#include <...> search starts here:
 /localhd/gbercea/patch-compiler/obj-release/lib
 /localhd/gbercea/patch-compiler/obj-release/lib/..
 /localhd/gbercea/patch-compiler/obj-release/lib/../projects/openmp/runtime/src
 /usr/local/include
 /localhd/gbercea/patch-compiler/obj-release/lib/clang/7.0.0/include
 /usr/include/powerpc64le-linux-gnu
 /usr/include
End of search list.
/localhd/gbercea/patch-compiler/src/projects/openmp/libomptarget/omptests/t-parallel-for/test.c:52:24: warning: format specifies type 'double' but the argument has type 'int' [-Wformat]
    VERIFY(0, 1, S[0], SUMS * (N/2*(N+1))))
    ~~~~~~~~~~~~~~~~~~~^~~~~~~~~~~~~~~~~~~~
/localhd/gbercea/patch-compiler/src/projects/openmp/libomptarget/omptests/t-parallel-for/defines.h:27:14: note: expanded from macro 'SUMS'
#define SUMS (9)
             ^
/localhd/gbercea/patch-compiler/src/projects/openmp/libomptarget/omptests/t-parallel-for/../utilities/utilities.h:35:70: note: expanded from macro 'VERIFY'
      printf ("Failed at %3d with %s, expected %f, got %f\n", i, #X, VAL, X); \
                                               ~~                    ^
/localhd/gbercea/patch-compiler/src/projects/openmp/libomptarget/omptests/t-parallel-for/defines.h:24:4: note: expanded from macro 'PARALLEL_FOR'
}, VERIFY)
~~~^~~~~~~
/localhd/gbercea/patch-compiler/src/projects/openmp/libomptarget/omptests/t-parallel-for/../utilities/utilities.h:60:5: note: expanded from macro 'TEST'
    V \
    ^
/localhd/gbercea/patch-compiler/src/projects/openmp/libomptarget/omptests/t-parallel-for/test.c:78:24: warning: format specifies type 'double' but the argument has type 'int' [-Wformat]
    VERIFY(0, 1, S[0], SUMS * (N/2*(N+1))))
    ~~~~~~~~~~~~~~~~~~~^~~~~~~~~~~~~~~~~~~~
/localhd/gbercea/patch-compiler/src/projects/openmp/libomptarget/omptests/t-parallel-for/defines.h:27:14: note: expanded from macro 'SUMS'
#define SUMS (9)
             ^
/localhd/gbercea/patch-compiler/src/projects/openmp/libomptarget/omptests/t-parallel-for/../utilities/utilities.h:35:70: note: expanded from macro 'VERIFY'
      printf ("Failed at %3d with %s, expected %f, got %f\n", i, #X, VAL, X); \
                                               ~~                    ^
/localhd/gbercea/patch-compiler/src/projects/openmp/libomptarget/omptests/t-parallel-for/defines.h:24:4: note: expanded from macro 'PARALLEL_FOR'
}, VERIFY)
~~~^~~~~~~
/localhd/gbercea/patch-compiler/src/projects/openmp/libomptarget/omptests/t-parallel-for/../utilities/utilities.h:60:5: note: expanded from macro 'TEST'
    V \
    ^
/localhd/gbercea/patch-compiler/src/projects/openmp/libomptarget/omptests/t-parallel-for/test.c:104:24: warning: format specifies type 'double' but the argument has type 'int' [-Wformat]
    VERIFY(0, 1, S[0], SUMS * (N/2*(N+1))))
    ~~~~~~~~~~~~~~~~~~~^~~~~~~~~~~~~~~~~~~~
/localhd/gbercea/patch-compiler/src/projects/openmp/libomptarget/omptests/t-parallel-for/defines.h:27:14: note: expanded from macro 'SUMS'
#define SUMS (9)
             ^
/localhd/gbercea/patch-compiler/src/projects/openmp/libomptarget/omptests/t-parallel-for/../utilities/utilities.h:35:70: note: expanded from macro 'VERIFY'
      printf ("Failed at %3d with %s, expected %f, got %f\n", i, #X, VAL, X); \
                                               ~~                    ^
/localhd/gbercea/patch-compiler/src/projects/openmp/libomptarget/omptests/t-parallel-for/defines.h:24:4: note: expanded from macro 'PARALLEL_FOR'
}, VERIFY)
~~~^~~~~~~
/localhd/gbercea/patch-compiler/src/projects/openmp/libomptarget/omptests/t-parallel-for/../utilities/utilities.h:60:5: note: expanded from macro 'TEST'
    V \
    ^
/localhd/gbercea/patch-compiler/src/projects/openmp/libomptarget/omptests/t-parallel-for/test.c:130:24: warning: format specifies type 'double' but the argument has type 'int' [-Wformat]
    VERIFY(0, 1, S[0], SUMS * (N/2*(N+1))))
    ~~~~~~~~~~~~~~~~~~~^~~~~~~~~~~~~~~~~~~~
/localhd/gbercea/patch-compiler/src/projects/openmp/libomptarget/omptests/t-parallel-for/defines.h:27:14: note: expanded from macro 'SUMS'
#define SUMS (9)
             ^
/localhd/gbercea/patch-compiler/src/projects/openmp/libomptarget/omptests/t-parallel-for/../utilities/utilities.h:35:70: note: expanded from macro 'VERIFY'
      printf ("Failed at %3d with %s, expected %f, got %f\n", i, #X, VAL, X); \
                                               ~~                    ^
/localhd/gbercea/patch-compiler/src/projects/openmp/libomptarget/omptests/t-parallel-for/defines.h:24:4: note: expanded from macro 'PARALLEL_FOR'
}, VERIFY)
~~~^~~~~~~
/localhd/gbercea/patch-compiler/src/projects/openmp/libomptarget/omptests/t-parallel-for/../utilities/utilities.h:60:5: note: expanded from macro 'TEST'
    V \
    ^
/localhd/gbercea/patch-compiler/src/projects/openmp/libomptarget/omptests/t-parallel-for/test.c:164:24: warning: format specifies type 'double' but the argument has type 'int' [-Wformat]
    VERIFY(0, 1, S[0], 6 + SUMS * (N/2*(N+1))))
    ~~~~~~~~~~~~~~~~~~~^~~~~~~~~~~~~~~~~~~~~~~~
/localhd/gbercea/patch-compiler/src/projects/openmp/libomptarget/omptests/t-parallel-for/../utilities/utilities.h:35:70: note: expanded from macro 'VERIFY'
      printf ("Failed at %3d with %s, expected %f, got %f\n", i, #X, VAL, X); \
                                               ~~                    ^
/localhd/gbercea/patch-compiler/src/projects/openmp/libomptarget/omptests/t-parallel-for/defines.h:24:4: note: expanded from macro 'PARALLEL_FOR'
}, VERIFY)
~~~^~~~~~~
/localhd/gbercea/patch-compiler/src/projects/openmp/libomptarget/omptests/t-parallel-for/../utilities/utilities.h:60:5: note: expanded from macro 'TEST'
    V \
    ^
/localhd/gbercea/patch-compiler/src/projects/openmp/libomptarget/omptests/t-parallel-for/test.c:200:24: warning: format specifies type 'double' but the argument has type 'int' [-Wformat]
    VERIFY(0, 1, S[0], SUMS * (N/2*(N+1))))
    ~~~~~~~~~~~~~~~~~~~^~~~~~~~~~~~~~~~~~~~
/localhd/gbercea/patch-compiler/src/projects/openmp/libomptarget/omptests/t-parallel-for/defines.h:27:14: note: expanded from macro 'SUMS'
#define SUMS (9)
             ^
/localhd/gbercea/patch-compiler/src/projects/openmp/libomptarget/omptests/t-parallel-for/../utilities/utilities.h:35:70: note: expanded from macro 'VERIFY'
      printf ("Failed at %3d with %s, expected %f, got %f\n", i, #X, VAL, X); \
                                               ~~                    ^
/localhd/gbercea/patch-compiler/src/projects/openmp/libomptarget/omptests/t-parallel-for/defines.h:24:4: note: expanded from macro 'PARALLEL_FOR'
}, VERIFY)
~~~^~~~~~~
/localhd/gbercea/patch-compiler/src/projects/openmp/libomptarget/omptests/t-parallel-for/../utilities/utilities.h:60:5: note: expanded from macro 'TEST'
    V \
    ^
/localhd/gbercea/patch-compiler/src/projects/openmp/libomptarget/omptests/t-parallel-for/test.c:271:27: warning: format specifies type 'double' but the argument has type 'int' [-Wformat]
    }, VERIFY(0, 1, S[0], 5 * (N + (N/2*(N+1))) ));
    ~~~~~~~~~~~~~~~~~~~~~~^~~~~~~~~~~~~~~~~~~~~~~~
/localhd/gbercea/patch-compiler/src/projects/openmp/libomptarget/omptests/t-parallel-for/../utilities/utilities.h:35:70: note: expanded from macro 'VERIFY'
      printf ("Failed at %3d with %s, expected %f, got %f\n", i, #X, VAL, X); \
                                               ~~                    ^
/localhd/gbercea/patch-compiler/src/projects/openmp/libomptarget/omptests/t-parallel-for/../utilities/utilities.h:60:5: note: expanded from macro 'TEST'
    V \
    ^
/localhd/gbercea/patch-compiler/src/projects/openmp/libomptarget/omptests/t-parallel-for/test.c:304:24: warning: format specifies type 'double' but the argument has type 'int' [-Wformat]
    VERIFY(0, 1, S[0], 6 + SUMS * (N/2*(N+1))))
    ~~~~~~~~~~~~~~~~~~~^~~~~~~~~~~~~~~~~~~~~~~~
/localhd/gbercea/patch-compiler/src/projects/openmp/libomptarget/omptests/t-parallel-for/../utilities/utilities.h:35:70: note: expanded from macro 'VERIFY'
      printf ("Failed at %3d with %s, expected %f, got %f\n", i, #X, VAL, X); \
                                               ~~                    ^
/localhd/gbercea/patch-compiler/src/projects/openmp/libomptarget/omptests/t-parallel-for/defines.h:24:4: note: expanded from macro 'PARALLEL_FOR'
}, VERIFY)
~~~^~~~~~~
/localhd/gbercea/patch-compiler/src/projects/openmp/libomptarget/omptests/t-parallel-for/../utilities/utilities.h:60:5: note: expanded from macro 'TEST'
    V \
    ^
/localhd/gbercea/patch-compiler/src/projects/openmp/libomptarget/omptests/t-parallel-for/test.c:340:24: warning: format specifies type 'double' but the argument has type 'int' [-Wformat]
    VERIFY(0, 1, S[0], SUMS * (N/2*(N+1))))
    ~~~~~~~~~~~~~~~~~~~^~~~~~~~~~~~~~~~~~~~
/localhd/gbercea/patch-compiler/src/projects/openmp/libomptarget/omptests/t-parallel-for/defines.h:27:14: note: expanded from macro 'SUMS'
#define SUMS (9)
             ^
/localhd/gbercea/patch-compiler/src/projects/openmp/libomptarget/omptests/t-parallel-for/../utilities/utilities.h:35:70: note: expanded from macro 'VERIFY'
      printf ("Failed at %3d with %s, expected %f, got %f\n", i, #X, VAL, X); \
                                               ~~                    ^
/localhd/gbercea/patch-compiler/src/projects/openmp/libomptarget/omptests/t-parallel-for/defines.h:24:4: note: expanded from macro 'PARALLEL_FOR'
}, VERIFY)
~~~^~~~~~~
/localhd/gbercea/patch-compiler/src/projects/openmp/libomptarget/omptests/t-parallel-for/../utilities/utilities.h:60:5: note: expanded from macro 'TEST'
    V \
    ^
/localhd/gbercea/patch-compiler/src/projects/openmp/libomptarget/omptests/t-parallel-for/test.c:372:24: warning: format specifies type 'double' but the argument has type 'int' [-Wformat]
    VERIFY(0, 1, S[0], SUMS * (N/2*(N+1))))
    ~~~~~~~~~~~~~~~~~~~^~~~~~~~~~~~~~~~~~~~
/localhd/gbercea/patch-compiler/src/projects/openmp/libomptarget/omptests/t-parallel-for/defines.h:27:14: note: expanded from macro 'SUMS'
#define SUMS (9)
             ^
/localhd/gbercea/patch-compiler/src/projects/openmp/libomptarget/omptests/t-parallel-for/../utilities/utilities.h:35:70: note: expanded from macro 'VERIFY'
      printf ("Failed at %3d with %s, expected %f, got %f\n", i, #X, VAL, X); \
                                               ~~                    ^
/localhd/gbercea/patch-compiler/src/projects/openmp/libomptarget/omptests/t-parallel-for/defines.h:24:4: note: expanded from macro 'PARALLEL_FOR'
}, VERIFY)
~~~^~~~~~~
/localhd/gbercea/patch-compiler/src/projects/openmp/libomptarget/omptests/t-parallel-for/../utilities/utilities.h:60:5: note: expanded from macro 'TEST'
    V \
    ^
/localhd/gbercea/patch-compiler/src/projects/openmp/libomptarget/omptests/t-parallel-for/test.c:394:24: warning: format specifies type 'double' but the argument has type 'int' [-Wformat]
    VERIFY(0, 1, S[0], SUMS * (N/2*(N+1))))
    ~~~~~~~~~~~~~~~~~~~^~~~~~~~~~~~~~~~~~~~
/localhd/gbercea/patch-compiler/src/projects/openmp/libomptarget/omptests/t-parallel-for/defines.h:27:14: note: expanded from macro 'SUMS'
#define SUMS (9)
             ^
/localhd/gbercea/patch-compiler/src/projects/openmp/libomptarget/omptests/t-parallel-for/../utilities/utilities.h:35:70: note: expanded from macro 'VERIFY'
      printf ("Failed at %3d with %s, expected %f, got %f\n", i, #X, VAL, X); \
                                               ~~                    ^
/localhd/gbercea/patch-compiler/src/projects/openmp/libomptarget/omptests/t-parallel-for/defines.h:24:4: note: expanded from macro 'PARALLEL_FOR'
}, VERIFY)
~~~^~~~~~~
/localhd/gbercea/patch-compiler/src/projects/openmp/libomptarget/omptests/t-parallel-for/../utilities/utilities.h:60:5: note: expanded from macro 'TEST'
    V \
    ^
/localhd/gbercea/patch-compiler/src/projects/openmp/libomptarget/omptests/t-parallel-for/test.c:426:27: warning: format specifies type 'double' but the argument has type 'int' [-Wformat]
    }, VERIFY(0, 1, S[0], 3 * (33*33 + 66*33) ));
       ~~~~~~~~~~~~~~~~~~~^~~~~~~~~~~~~~~~~~~~~
/localhd/gbercea/patch-compiler/src/projects/openmp/libomptarget/omptests/t-parallel-for/../utilities/utilities.h:35:70: note: expanded from macro 'VERIFY'
      printf ("Failed at %3d with %s, expected %f, got %f\n", i, #X, VAL, X); \
                                               ~~                    ^~~
/localhd/gbercea/patch-compiler/src/projects/openmp/libomptarget/omptests/t-parallel-for/../utilities/utilities.h:80:5: note: expanded from macro 'TESTD'
    V \
    ^
12 warnings generated.
 "/localhd/gbercea/patch-compiler/obj-release/bin/clang-6.0" -cc1 -triple nvptx64-nvidia-cuda -aux-triple powerpc64le-ibm-linux-gnu -S -disable-free -main-file-name test.c -mrelocation-model pic -pic-level 2 -mthread-model posix -mdisable-fp-elim -no-integrated-as -fuse-init-array -mlink-cuda-bitcode /usr/local/cuda-8.0/nvvm/libdevice/libdevice.compute_35.10.bc -target-feature +ptx42 -mlink-cuda-bitcode /localhd/gbercea/patch-compiler/obj-release/lib/libomptarget-nvptx-sm_37.bc -target-cpu sm_37 -dwarf-column-info -debugger-tuning=gdb -v -resource-dir /localhd/gbercea/patch-compiler/obj-release/lib/clang/7.0.0 -I /localhd/gbercea/patch-compiler/obj-release/lib -I /localhd/gbercea/patch-compiler/obj-release/lib/../ -I /localhd/gbercea/patch-compiler/obj-release/lib/../projects/openmp/runtime/src/ -internal-isystem /usr/local/include -internal-isystem /localhd/gbercea/patch-compiler/obj-release/lib/clang/7.0.0/include -internal-externc-isystem /usr/include/powerpc64le-linux-gnu -internal-externc-isystem /include -internal-externc-isystem /usr/include -internal-isystem /usr/local/include -internal-isystem /localhd/gbercea/patch-compiler/obj-release/lib/clang/7.0.0/include -internal-externc-isystem /usr/include/powerpc64le-linux-gnu -internal-externc-isystem /include -internal-externc-isystem /usr/include -O3 -fno-dwarf-directory-asm -fdebug-compilation-dir /localhd/gbercea/patch-compiler/src/projects/openmp/libomptarget/omptests/t-parallel-for/results -ferror-limit 19 -fmessage-length 0 -fopenmp -fobjc-runtime=gcc -fdiagnostics-show-option -vectorize-loops -vectorize-slp -o /tmp/test-0c6408.s -x c /localhd/gbercea/patch-compiler/src/projects/openmp/libomptarget/omptests/t-parallel-for/test.c -fopenmp-is-device -fopenmp-host-ir-file-path /tmp/test-614028.bc
clang -cc1 version 7.0.0 based upon LLVM 7.0.0svn default target powerpc64le-unknown-linux-gnu
ignoring nonexistent directory "/include"
ignoring nonexistent directory "/include"
ignoring duplicate directory "/usr/local/include"
ignoring duplicate directory "/localhd/gbercea/patch-compiler/obj-release/lib/clang/7.0.0/include"
ignoring duplicate directory "/usr/include/powerpc64le-linux-gnu"
ignoring duplicate directory "/usr/include"
#include "..." search starts here:
#include <...> search starts here:
 /localhd/gbercea/patch-compiler/obj-release/lib
 /localhd/gbercea/patch-compiler/obj-release/lib/..
 /localhd/gbercea/patch-compiler/obj-release/lib/../projects/openmp/runtime/src
 /usr/local/include
 /localhd/gbercea/patch-compiler/obj-release/lib/clang/7.0.0/include
 /usr/include/powerpc64le-linux-gnu
 /usr/include
End of search list.
/localhd/gbercea/patch-compiler/src/projects/openmp/libomptarget/omptests/t-parallel-for/test.c:52:24: warning: format specifies type 'double' but the argument has type 'int' [-Wformat]
    VERIFY(0, 1, S[0], SUMS * (N/2*(N+1))))
    ~~~~~~~~~~~~~~~~~~~^~~~~~~~~~~~~~~~~~~~
/localhd/gbercea/patch-compiler/src/projects/openmp/libomptarget/omptests/t-parallel-for/defines.h:27:14: note: expanded from macro 'SUMS'
#define SUMS (9)
             ^
/localhd/gbercea/patch-compiler/src/projects/openmp/libomptarget/omptests/t-parallel-for/../utilities/utilities.h:35:70: note: expanded from macro 'VERIFY'
      printf ("Failed at %3d with %s, expected %f, got %f\n", i, #X, VAL, X); \
                                               ~~                    ^
/localhd/gbercea/patch-compiler/src/projects/openmp/libomptarget/omptests/t-parallel-for/defines.h:24:4: note: expanded from macro 'PARALLEL_FOR'
}, VERIFY)
~~~^~~~~~~
/localhd/gbercea/patch-compiler/src/projects/openmp/libomptarget/omptests/t-parallel-for/../utilities/utilities.h:60:5: note: expanded from macro 'TEST'
    V \
    ^
/localhd/gbercea/patch-compiler/src/projects/openmp/libomptarget/omptests/t-parallel-for/test.c:78:24: warning: format specifies type 'double' but the argument has type 'int' [-Wformat]
    VERIFY(0, 1, S[0], SUMS * (N/2*(N+1))))
    ~~~~~~~~~~~~~~~~~~~^~~~~~~~~~~~~~~~~~~~
/localhd/gbercea/patch-compiler/src/projects/openmp/libomptarget/omptests/t-parallel-for/defines.h:27:14: note: expanded from macro 'SUMS'
#define SUMS (9)
             ^
/localhd/gbercea/patch-compiler/src/projects/openmp/libomptarget/omptests/t-parallel-for/../utilities/utilities.h:35:70: note: expanded from macro 'VERIFY'
      printf ("Failed at %3d with %s, expected %f, got %f\n", i, #X, VAL, X); \
                                               ~~                    ^
/localhd/gbercea/patch-compiler/src/projects/openmp/libomptarget/omptests/t-parallel-for/defines.h:24:4: note: expanded from macro 'PARALLEL_FOR'
}, VERIFY)
~~~^~~~~~~
/localhd/gbercea/patch-compiler/src/projects/openmp/libomptarget/omptests/t-parallel-for/../utilities/utilities.h:60:5: note: expanded from macro 'TEST'
    V \
    ^
/localhd/gbercea/patch-compiler/src/projects/openmp/libomptarget/omptests/t-parallel-for/test.c:104:24: warning: format specifies type 'double' but the argument has type 'int' [-Wformat]
    VERIFY(0, 1, S[0], SUMS * (N/2*(N+1))))
    ~~~~~~~~~~~~~~~~~~~^~~~~~~~~~~~~~~~~~~~
/localhd/gbercea/patch-compiler/src/projects/openmp/libomptarget/omptests/t-parallel-for/defines.h:27:14: note: expanded from macro 'SUMS'
#define SUMS (9)
             ^
/localhd/gbercea/patch-compiler/src/projects/openmp/libomptarget/omptests/t-parallel-for/../utilities/utilities.h:35:70: note: expanded from macro 'VERIFY'
      printf ("Failed at %3d with %s, expected %f, got %f\n", i, #X, VAL, X); \
                                               ~~                    ^
/localhd/gbercea/patch-compiler/src/projects/openmp/libomptarget/omptests/t-parallel-for/defines.h:24:4: note: expanded from macro 'PARALLEL_FOR'
}, VERIFY)
~~~^~~~~~~
/localhd/gbercea/patch-compiler/src/projects/openmp/libomptarget/omptests/t-parallel-for/../utilities/utilities.h:60:5: note: expanded from macro 'TEST'
    V \
    ^
/localhd/gbercea/patch-compiler/src/projects/openmp/libomptarget/omptests/t-parallel-for/test.c:130:24: warning: format specifies type 'double' but the argument has type 'int' [-Wformat]
    VERIFY(0, 1, S[0], SUMS * (N/2*(N+1))))
    ~~~~~~~~~~~~~~~~~~~^~~~~~~~~~~~~~~~~~~~
/localhd/gbercea/patch-compiler/src/projects/openmp/libomptarget/omptests/t-parallel-for/defines.h:27:14: note: expanded from macro 'SUMS'
#define SUMS (9)
             ^
/localhd/gbercea/patch-compiler/src/projects/openmp/libomptarget/omptests/t-parallel-for/../utilities/utilities.h:35:70: note: expanded from macro 'VERIFY'
      printf ("Failed at %3d with %s, expected %f, got %f\n", i, #X, VAL, X); \
                                               ~~                    ^
/localhd/gbercea/patch-compiler/src/projects/openmp/libomptarget/omptests/t-parallel-for/defines.h:24:4: note: expanded from macro 'PARALLEL_FOR'
}, VERIFY)
~~~^~~~~~~
/localhd/gbercea/patch-compiler/src/projects/openmp/libomptarget/omptests/t-parallel-for/../utilities/utilities.h:60:5: note: expanded from macro 'TEST'
    V \
    ^
/localhd/gbercea/patch-compiler/src/projects/openmp/libomptarget/omptests/t-parallel-for/test.c:164:24: warning: format specifies type 'double' but the argument has type 'int' [-Wformat]
    VERIFY(0, 1, S[0], 6 + SUMS * (N/2*(N+1))))
    ~~~~~~~~~~~~~~~~~~~^~~~~~~~~~~~~~~~~~~~~~~~
/localhd/gbercea/patch-compiler/src/projects/openmp/libomptarget/omptests/t-parallel-for/../utilities/utilities.h:35:70: note: expanded from macro 'VERIFY'
      printf ("Failed at %3d with %s, expected %f, got %f\n", i, #X, VAL, X); \
                                               ~~                    ^
/localhd/gbercea/patch-compiler/src/projects/openmp/libomptarget/omptests/t-parallel-for/defines.h:24:4: note: expanded from macro 'PARALLEL_FOR'
}, VERIFY)
~~~^~~~~~~
/localhd/gbercea/patch-compiler/src/projects/openmp/libomptarget/omptests/t-parallel-for/../utilities/utilities.h:60:5: note: expanded from macro 'TEST'
    V \
    ^
/localhd/gbercea/patch-compiler/src/projects/openmp/libomptarget/omptests/t-parallel-for/test.c:200:24: warning: format specifies type 'double' but the argument has type 'int' [-Wformat]
    VERIFY(0, 1, S[0], SUMS * (N/2*(N+1))))
    ~~~~~~~~~~~~~~~~~~~^~~~~~~~~~~~~~~~~~~~
/localhd/gbercea/patch-compiler/src/projects/openmp/libomptarget/omptests/t-parallel-for/defines.h:27:14: note: expanded from macro 'SUMS'
#define SUMS (9)
             ^
/localhd/gbercea/patch-compiler/src/projects/openmp/libomptarget/omptests/t-parallel-for/../utilities/utilities.h:35:70: note: expanded from macro 'VERIFY'
      printf ("Failed at %3d with %s, expected %f, got %f\n", i, #X, VAL, X); \
                                               ~~                    ^
/localhd/gbercea/patch-compiler/src/projects/openmp/libomptarget/omptests/t-parallel-for/defines.h:24:4: note: expanded from macro 'PARALLEL_FOR'
}, VERIFY)
~~~^~~~~~~
/localhd/gbercea/patch-compiler/src/projects/openmp/libomptarget/omptests/t-parallel-for/../utilities/utilities.h:60:5: note: expanded from macro 'TEST'
    V \
    ^
/localhd/gbercea/patch-compiler/src/projects/openmp/libomptarget/omptests/t-parallel-for/test.c:271:27: warning: format specifies type 'double' but the argument has type 'int' [-Wformat]
    }, VERIFY(0, 1, S[0], 5 * (N + (N/2*(N+1))) ));
    ~~~~~~~~~~~~~~~~~~~~~~^~~~~~~~~~~~~~~~~~~~~~~~
/localhd/gbercea/patch-compiler/src/projects/openmp/libomptarget/omptests/t-parallel-for/../utilities/utilities.h:35:70: note: expanded from macro 'VERIFY'
      printf ("Failed at %3d with %s, expected %f, got %f\n", i, #X, VAL, X); \
                                               ~~                    ^
/localhd/gbercea/patch-compiler/src/projects/openmp/libomptarget/omptests/t-parallel-for/../utilities/utilities.h:60:5: note: expanded from macro 'TEST'
    V \
    ^
/localhd/gbercea/patch-compiler/src/projects/openmp/libomptarget/omptests/t-parallel-for/test.c:304:24: warning: format specifies type 'double' but the argument has type 'int' [-Wformat]
    VERIFY(0, 1, S[0], 6 + SUMS * (N/2*(N+1))))
    ~~~~~~~~~~~~~~~~~~~^~~~~~~~~~~~~~~~~~~~~~~~
/localhd/gbercea/patch-compiler/src/projects/openmp/libomptarget/omptests/t-parallel-for/../utilities/utilities.h:35:70: note: expanded from macro 'VERIFY'
      printf ("Failed at %3d with %s, expected %f, got %f\n", i, #X, VAL, X); \
                                               ~~                    ^
/localhd/gbercea/patch-compiler/src/projects/openmp/libomptarget/omptests/t-parallel-for/defines.h:24:4: note: expanded from macro 'PARALLEL_FOR'
}, VERIFY)
~~~^~~~~~~
/localhd/gbercea/patch-compiler/src/projects/openmp/libomptarget/omptests/t-parallel-for/../utilities/utilities.h:60:5: note: expanded from macro 'TEST'
    V \
    ^
/localhd/gbercea/patch-compiler/src/projects/openmp/libomptarget/omptests/t-parallel-for/test.c:340:24: warning: format specifies type 'double' but the argument has type 'int' [-Wformat]
    VERIFY(0, 1, S[0], SUMS * (N/2*(N+1))))
    ~~~~~~~~~~~~~~~~~~~^~~~~~~~~~~~~~~~~~~~
/localhd/gbercea/patch-compiler/src/projects/openmp/libomptarget/omptests/t-parallel-for/defines.h:27:14: note: expanded from macro 'SUMS'
#define SUMS (9)
             ^
/localhd/gbercea/patch-compiler/src/projects/openmp/libomptarget/omptests/t-parallel-for/../utilities/utilities.h:35:70: note: expanded from macro 'VERIFY'
      printf ("Failed at %3d with %s, expected %f, got %f\n", i, #X, VAL, X); \
                                               ~~                    ^
/localhd/gbercea/patch-compiler/src/projects/openmp/libomptarget/omptests/t-parallel-for/defines.h:24:4: note: expanded from macro 'PARALLEL_FOR'
}, VERIFY)
~~~^~~~~~~
/localhd/gbercea/patch-compiler/src/projects/openmp/libomptarget/omptests/t-parallel-for/../utilities/utilities.h:60:5: note: expanded from macro 'TEST'
    V \
    ^
/localhd/gbercea/patch-compiler/src/projects/openmp/libomptarget/omptests/t-parallel-for/test.c:372:24: warning: format specifies type 'double' but the argument has type 'int' [-Wformat]
    VERIFY(0, 1, S[0], SUMS * (N/2*(N+1))))
    ~~~~~~~~~~~~~~~~~~~^~~~~~~~~~~~~~~~~~~~
/localhd/gbercea/patch-compiler/src/projects/openmp/libomptarget/omptests/t-parallel-for/defines.h:27:14: note: expanded from macro 'SUMS'
#define SUMS (9)
             ^
/localhd/gbercea/patch-compiler/src/projects/openmp/libomptarget/omptests/t-parallel-for/../utilities/utilities.h:35:70: note: expanded from macro 'VERIFY'
      printf ("Failed at %3d with %s, expected %f, got %f\n", i, #X, VAL, X); \
                                               ~~                    ^
/localhd/gbercea/patch-compiler/src/projects/openmp/libomptarget/omptests/t-parallel-for/defines.h:24:4: note: expanded from macro 'PARALLEL_FOR'
}, VERIFY)
~~~^~~~~~~
/localhd/gbercea/patch-compiler/src/projects/openmp/libomptarget/omptests/t-parallel-for/../utilities/utilities.h:60:5: note: expanded from macro 'TEST'
    V \
    ^
/localhd/gbercea/patch-compiler/src/projects/openmp/libomptarget/omptests/t-parallel-for/test.c:394:24: warning: format specifies type 'double' but the argument has type 'int' [-Wformat]
    VERIFY(0, 1, S[0], SUMS * (N/2*(N+1))))
    ~~~~~~~~~~~~~~~~~~~^~~~~~~~~~~~~~~~~~~~
/localhd/gbercea/patch-compiler/src/projects/openmp/libomptarget/omptests/t-parallel-for/defines.h:27:14: note: expanded from macro 'SUMS'
#define SUMS (9)
             ^
/localhd/gbercea/patch-compiler/src/projects/openmp/libomptarget/omptests/t-parallel-for/../utilities/utilities.h:35:70: note: expanded from macro 'VERIFY'
      printf ("Failed at %3d with %s, expected %f, got %f\n", i, #X, VAL, X); \
                                               ~~                    ^
/localhd/gbercea/patch-compiler/src/projects/openmp/libomptarget/omptests/t-parallel-for/defines.h:24:4: note: expanded from macro 'PARALLEL_FOR'
}, VERIFY)
~~~^~~~~~~
/localhd/gbercea/patch-compiler/src/projects/openmp/libomptarget/omptests/t-parallel-for/../utilities/utilities.h:60:5: note: expanded from macro 'TEST'
    V \
    ^
/localhd/gbercea/patch-compiler/src/projects/openmp/libomptarget/omptests/t-parallel-for/test.c:426:27: warning: format specifies type 'double' but the argument has type 'int' [-Wformat]
    }, VERIFY(0, 1, S[0], 3 * (33*33 + 66*33) ));
       ~~~~~~~~~~~~~~~~~~~^~~~~~~~~~~~~~~~~~~~~
/localhd/gbercea/patch-compiler/src/projects/openmp/libomptarget/omptests/t-parallel-for/../utilities/utilities.h:35:70: note: expanded from macro 'VERIFY'
      printf ("Failed at %3d with %s, expected %f, got %f\n", i, #X, VAL, X); \
                                               ~~                    ^~~
/localhd/gbercea/patch-compiler/src/projects/openmp/libomptarget/omptests/t-parallel-for/../utilities/utilities.h:80:5: note: expanded from macro 'TESTD'
    V \
    ^
12 warnings generated.
 "/usr/local/cuda-8.0/bin/ptxas" -m64 -O3 -v --gpu-name sm_37 --output-file /tmp/test-a40523.cubin /tmp/test-0c6408.s -c
ptxas info    : 12 bytes gmem
ptxas info    : Compiling entry function '__omp_offloading_811_2783c91_main_l317' for 'sm_37'
ptxas info    : Function properties for __omp_offloading_811_2783c91_main_l317
    16 bytes stack frame, 0 bytes spill stores, 0 bytes spill loads
ptxas info    : Used 74 registers, 384 bytes cmem[0], 8 bytes cmem[2]
ptxas info    : Compiling entry function '__omp_offloading_811_2783c91_main_l34' for 'sm_37'
ptxas info    : Function properties for __omp_offloading_811_2783c91_main_l34
    16 bytes stack frame, 0 bytes spill stores, 0 bytes spill loads
ptxas info    : Used 63 registers, 376 bytes cmem[0], 8 bytes cmem[2]
ptxas info    : Compiling entry function '__omp_offloading_811_2783c91_main_l142' for 'sm_37'
ptxas info    : Function properties for __omp_offloading_811_2783c91_main_l142
    16 bytes stack frame, 0 bytes spill stores, 0 bytes spill loads
ptxas info    : Used 63 registers, 376 bytes cmem[0], 8 bytes cmem[2]
ptxas info    : Compiling entry function '__omp_offloading_811_2783c91_main_l384' for 'sm_37'
ptxas info    : Function properties for __omp_offloading_811_2783c91_main_l384
    16 bytes stack frame, 0 bytes spill stores, 0 bytes spill loads
ptxas info    : Used 53 registers, 352 bytes cmem[0], 4 bytes cmem[2]
ptxas info    : Compiling entry function '__omp_offloading_811_2783c91_main_l86' for 'sm_37'
ptxas info    : Function properties for __omp_offloading_811_2783c91_main_l86
    16 bytes stack frame, 0 bytes spill stores, 0 bytes spill loads
ptxas info    : Used 63 registers, 376 bytes cmem[0], 8 bytes cmem[2]
ptxas info    : Compiling entry function '__omp_offloading_811_2783c91_main_l210' for 'sm_37'
ptxas info    : Function properties for __omp_offloading_811_2783c91_main_l210
    16 bytes stack frame, 0 bytes spill stores, 0 bytes spill loads
ptxas info    : Used 101 registers, 456 bytes cmem[0], 8 bytes cmem[2]
ptxas info    : Compiling entry function '__omp_offloading_811_2783c91_main_l352' for 'sm_37'
ptxas info    : Function properties for __omp_offloading_811_2783c91_main_l352
    16 bytes stack frame, 0 bytes spill stores, 0 bytes spill loads
ptxas info    : Used 63 registers, 376 bytes cmem[0], 8 bytes cmem[2]
ptxas info    : Compiling entry function '__omp_offloading_811_2783c91_main_l60' for 'sm_37'
ptxas info    : Function properties for __omp_offloading_811_2783c91_main_l60
    16 bytes stack frame, 0 bytes spill stores, 0 bytes spill loads
ptxas info    : Used 63 registers, 376 bytes cmem[0], 8 bytes cmem[2]
ptxas info    : Compiling entry function '__omp_offloading_811_2783c91_main_l176' for 'sm_37'
ptxas info    : Function properties for __omp_offloading_811_2783c91_main_l176
    16 bytes stack frame, 0 bytes spill stores, 0 bytes spill loads
ptxas info    : Used 72 registers, 376 bytes cmem[0], 8 bytes cmem[2]
ptxas info    : Compiling entry function '__omp_offloading_811_2783c91_main_l112' for 'sm_37'
ptxas info    : Function properties for __omp_offloading_811_2783c91_main_l112
    16 bytes stack frame, 0 bytes spill stores, 0 bytes spill loads
ptxas info    : Used 63 registers, 376 bytes cmem[0], 8 bytes cmem[2]
ptxas info    : Compiling entry function '__omp_offloading_811_2783c91_main_l283' for 'sm_37'
ptxas info    : Function properties for __omp_offloading_811_2783c91_main_l283
    16 bytes stack frame, 0 bytes spill stores, 0 bytes spill loads
ptxas info    : Used 64 registers, 384 bytes cmem[0], 8 bytes cmem[2]
ptxas info    : Compiling entry function '__omp_offloading_811_27e04ce_check_offloading_l22' for 'sm_37'
ptxas info    : Function properties for __omp_offloading_811_27e04ce_check_offloading_l22
    0 bytes stack frame, 0 bytes spill stores, 0 bytes spill loads
ptxas info    : Used 38 registers, 328 bytes cmem[0], 4 bytes cmem[2]
ptxas info    : Function properties for __omp_outlined__51_wrapper
    0 bytes stack frame, 0 bytes spill stores, 0 bytes spill loads
ptxas info    : Function properties for __omp_outlined__15_wrapper
    104 bytes stack frame, 88 bytes spill stores, 88 bytes spill loads
ptxas info    : Function properties for __omp_outlined__86_wrapper
    128 bytes stack frame, 108 bytes spill stores, 108 bytes spill loads
ptxas info    : Function properties for __omp_outlined__33_wrapper
    88 bytes stack frame, 72 bytes spill stores, 72 bytes spill loads
ptxas info    : Function properties for __omp_outlined__104_wrapper
    72 bytes stack frame, 56 bytes spill stores, 56 bytes spill loads
ptxas info    : Function properties for __omp_outlined__68_wrapper
    0 bytes stack frame, 0 bytes spill stores, 0 bytes spill loads
ptxas info    : Function properties for __omp_outlined__42_wrapper
    88 bytes stack frame, 72 bytes spill stores, 72 bytes spill loads
ptxas info    : Function properties for __omp_outlined__6_wrapper
    0 bytes stack frame, 0 bytes spill stores, 0 bytes spill loads
ptxas info    : Function properties for __omp_outlined__77_wrapper
    0 bytes stack frame, 0 bytes spill stores, 0 bytes spill loads
ptxas info    : Function properties for __omp_outlined__24_wrapper
    88 bytes stack frame, 72 bytes spill stores, 72 bytes spill loads
ptxas info    : Function properties for __omp_outlined__95_wrapper
    88 bytes stack frame, 72 bytes spill stores, 72 bytes spill loads
ptxas info    : Function properties for __omp_outlined__59_wrapper
    0 bytes stack frame, 0 bytes spill stores, 0 bytes spill loads
ptxas info    : Function properties for __omp_outlined__55_wrapper
    128 bytes stack frame, 108 bytes spill stores, 108 bytes spill loads
ptxas info    : Function properties for __omp_outlined__19_wrapper
    0 bytes stack frame, 0 bytes spill stores, 0 bytes spill loads
ptxas info    : Function properties for __omp_outlined__90_wrapper
    0 bytes stack frame, 0 bytes spill stores, 0 bytes spill loads
ptxas info    : Function properties for __omp_outlined__37_wrapper
    0 bytes stack frame, 0 bytes spill stores, 0 bytes spill loads
ptxas info    : Function properties for __omp_outlined__108_wrapper
    72 bytes stack frame, 56 bytes spill stores, 56 bytes spill loads
ptxas info    : Function properties for __omp_outlined__2_wrapper
    88 bytes stack frame, 72 bytes spill stores, 72 bytes spill loads
ptxas info    : Function properties for __omp_outlined__73_wrapper
    88 bytes stack frame, 72 bytes spill stores, 72 bytes spill loads
ptxas info    : Function properties for __omp_outlined__46_wrapper
    0 bytes stack frame, 0 bytes spill stores, 0 bytes spill loads
ptxas info    : Function properties for __omp_outlined__11_wrapper
    0 bytes stack frame, 0 bytes spill stores, 0 bytes spill loads
ptxas info    : Function properties for __omp_outlined__82_wrapper
    0 bytes stack frame, 0 bytes spill stores, 0 bytes spill loads
ptxas info    : Function properties for __omp_outlined__28_wrapper
    0 bytes stack frame, 0 bytes spill stores, 0 bytes spill loads
ptxas info    : Function properties for __omp_outlined__99_wrapper
    0 bytes stack frame, 0 bytes spill stores, 0 bytes spill loads
ptxas info    : Function properties for __omp_outlined__64_wrapper
    96 bytes stack frame, 76 bytes spill stores, 76 bytes spill loads
ptxas info    : Function properties for __omp_outlined__53_wrapper
    104 bytes stack frame, 88 bytes spill stores, 88 bytes spill loads
ptxas info    : Function properties for __omp_outlined__17_wrapper
    0 bytes stack frame, 0 bytes spill stores, 0 bytes spill loads
ptxas info    : Function properties for __omp_outlined__88_wrapper
    0 bytes stack frame, 0 bytes spill stores, 0 bytes spill loads
ptxas info    : Function properties for __omp_outlined__35_wrapper
    104 bytes stack frame, 88 bytes spill stores, 88 bytes spill loads
ptxas info    : Function properties for __omp_outlined__106_wrapper
    72 bytes stack frame, 56 bytes spill stores, 56 bytes spill loads
ptxas info    : Function properties for __omp_outlined__70_wrapper
    0 bytes stack frame, 0 bytes spill stores, 0 bytes spill loads
ptxas info    : Function properties for __omp_outlined__44_wrapper
    88 bytes stack frame, 72 bytes spill stores, 72 bytes spill loads
ptxas info    : Function properties for __omp_outlined__8_wrapper
    0 bytes stack frame, 0 bytes spill stores, 0 bytes spill loads
ptxas info    : Function properties for __omp_outlined__79_wrapper
    0 bytes stack frame, 0 bytes spill stores, 0 bytes spill loads
ptxas info    : Function properties for __omp_outlined__26_wrapper
    0 bytes stack frame, 0 bytes spill stores, 0 bytes spill loads
ptxas info    : Function properties for __omp_outlined__97_wrapper
    0 bytes stack frame, 0 bytes spill stores, 0 bytes spill loads
ptxas info    : Function properties for __omp_outlined__62_wrapper
    96 bytes stack frame, 76 bytes spill stores, 76 bytes spill loads
ptxas info    : Function properties for __omp_outlined__48_wrapper
    0 bytes stack frame, 0 bytes spill stores, 0 bytes spill loads
ptxas info    : Function properties for __omp_outlined__13_wrapper
    88 bytes stack frame, 72 bytes spill stores, 72 bytes spill loads
ptxas info    : Function properties for __omp_outlined__84_wrapper
    104 bytes stack frame, 88 bytes spill stores, 88 bytes spill loads
ptxas info    : Function properties for __omp_outlined__31_wrapper
    0 bytes stack frame, 0 bytes spill stores, 0 bytes spill loads
ptxas info    : Function properties for __omp_outlined__102_wrapper
    72 bytes stack frame, 56 bytes spill stores, 56 bytes spill loads
ptxas info    : Function properties for __omp_outlined__66_wrapper
    0 bytes stack frame, 0 bytes spill stores, 0 bytes spill loads
ptxas info    : Function properties for __omp_outlined__22_wrapper
    88 bytes stack frame, 72 bytes spill stores, 72 bytes spill loads
ptxas info    : Function properties for __omp_outlined__93_wrapper
    88 bytes stack frame, 72 bytes spill stores, 72 bytes spill loads
ptxas info    : Function properties for __omp_outlined__57_wrapper
    0 bytes stack frame, 0 bytes spill stores, 0 bytes spill loads
ptxas info    : Function properties for __omp_outlined__39_wrapper
    0 bytes stack frame, 0 bytes spill stores, 0 bytes spill loads
ptxas info    : Function properties for __omp_outlined__110_wrapper
    72 bytes stack frame, 56 bytes spill stores, 56 bytes spill loads
ptxas info    : Function properties for __omp_outlined__4_wrapper
    88 bytes stack frame, 72 bytes spill stores, 72 bytes spill loads
ptxas info    : Function properties for __omp_outlined__75_wrapper
    88 bytes stack frame, 72 bytes spill stores, 72 bytes spill loads
ptxas info    : Function properties for __omp_outlined__52_wrapper
    104 bytes stack frame, 88 bytes spill stores, 88 bytes spill loads
ptxas info    : Function properties for __omp_outlined__16_wrapper
    0 bytes stack frame, 0 bytes spill stores, 0 bytes spill loads
ptxas info    : Function properties for __omp_outlined__87_wrapper
    0 bytes stack frame, 0 bytes spill stores, 0 bytes spill loads
ptxas info    : Function properties for __omp_outlined__34_wrapper
    88 bytes stack frame, 72 bytes spill stores, 72 bytes spill loads
ptxas info    : Function properties for __omp_outlined__105_wrapper
    72 bytes stack frame, 56 bytes spill stores, 56 bytes spill loads
ptxas info    : Function properties for __omp_outlined__69_wrapper
    0 bytes stack frame, 0 bytes spill stores, 0 bytes spill loads
ptxas info    : Function properties for __omp_outlined__43_wrapper
    88 bytes stack frame, 72 bytes spill stores, 72 bytes spill loads
ptxas info    : Function properties for __omp_outlined__7_wrapper
    0 bytes stack frame, 0 bytes spill stores, 0 bytes spill loads
ptxas info    : Function properties for __omp_outlined__78_wrapper
    0 bytes stack frame, 0 bytes spill stores, 0 bytes spill loads
ptxas info    : Function properties for __omp_outlined__25_wrapper
    104 bytes stack frame, 88 bytes spill stores, 88 bytes spill loads
ptxas info    : Function properties for __omp_outlined__96_wrapper
    104 bytes stack frame, 88 bytes spill stores, 88 bytes spill loads
ptxas info    : Function properties for __omp_outlined__61_wrapper
    0 bytes stack frame, 0 bytes spill stores, 0 bytes spill loads
ptxas info    : Function properties for __omp_outlined__56_wrapper
    0 bytes stack frame, 0 bytes spill stores, 0 bytes spill loads
ptxas info    : Function properties for __omp_outlined__21_wrapper
    0 bytes stack frame, 0 bytes spill stores, 0 bytes spill loads
ptxas info    : Function properties for __omp_outlined__92_wrapper
    0 bytes stack frame, 0 bytes spill stores, 0 bytes spill loads
ptxas info    : Function properties for __omp_outlined__38_wrapper
    0 bytes stack frame, 0 bytes spill stores, 0 bytes spill loads
ptxas info    : Function properties for __omp_outlined__109_wrapper
    72 bytes stack frame, 56 bytes spill stores, 56 bytes spill loads
ptxas info    : Function properties for __omp_outlined__3_wrapper
    88 bytes stack frame, 72 bytes spill stores, 72 bytes spill loads
ptxas info    : Function properties for __omp_outlined__74_wrapper
    88 bytes stack frame, 72 bytes spill stores, 72 bytes spill loads
ptxas info    : Function properties for __omp_outlined__47_wrapper
    0 bytes stack frame, 0 bytes spill stores, 0 bytes spill loads
ptxas info    : Function properties for __omp_outlined__12_wrapper
    88 bytes stack frame, 72 bytes spill stores, 72 bytes spill loads
ptxas info    : Function properties for __omp_outlined__83_wrapper
    104 bytes stack frame, 88 bytes spill stores, 88 bytes spill loads
ptxas info    : Function properties for __omp_outlined__29_wrapper
    0 bytes stack frame, 0 bytes spill stores, 0 bytes spill loads
ptxas info    : Function properties for __omp_outlined__100_wrapper
    0 bytes stack frame, 0 bytes spill stores, 0 bytes spill loads
ptxas info    : Function properties for __omp_outlined__65_wrapper
    104 bytes stack frame, 84 bytes spill stores, 84 bytes spill loads
ptxas info    : Function properties for __omp_outlined__54_wrapper
    104 bytes stack frame, 88 bytes spill stores, 88 bytes spill loads
ptxas info    : Function properties for __omp_outlined__18_wrapper
    0 bytes stack frame, 0 bytes spill stores, 0 bytes spill loads
ptxas info    : Function properties for __omp_outlined__89_wrapper
    0 bytes stack frame, 0 bytes spill stores, 0 bytes spill loads
ptxas info    : Function properties for __omp_outlined__36_wrapper
    0 bytes stack frame, 0 bytes spill stores, 0 bytes spill loads
ptxas info    : Function properties for __omp_outlined__107_wrapper
    72 bytes stack frame, 56 bytes spill stores, 56 bytes spill loads
ptxas info    : Function properties for __omp_outlined__1_wrapper
    0 bytes stack frame, 0 bytes spill stores, 0 bytes spill loads
ptxas info    : Function properties for __omp_outlined__72_wrapper
    0 bytes stack frame, 0 bytes spill stores, 0 bytes spill loads
ptxas info    : Function properties for __omp_outlined__45_wrapper
    104 bytes stack frame, 88 bytes spill stores, 88 bytes spill loads
ptxas info    : Function properties for __omp_outlined__9_wrapper
    0 bytes stack frame, 0 bytes spill stores, 0 bytes spill loads
ptxas info    : Function properties for __omp_outlined__80_wrapper
    0 bytes stack frame, 0 bytes spill stores, 0 bytes spill loads
ptxas info    : Function properties for __omp_outlined__27_wrapper
    0 bytes stack frame, 0 bytes spill stores, 0 bytes spill loads
ptxas info    : Function properties for __omp_outlined__98_wrapper
    0 bytes stack frame, 0 bytes spill stores, 0 bytes spill loads
ptxas info    : Function properties for __omp_outlined__63_wrapper
    96 bytes stack frame, 76 bytes spill stores, 76 bytes spill loads
ptxas info    : Function properties for __omp_outlined__49_wrapper
    0 bytes stack frame, 0 bytes spill stores, 0 bytes spill loads
ptxas info    : Function properties for __omp_outlined__14_wrapper
    88 bytes stack frame, 72 bytes spill stores, 72 bytes spill loads
ptxas info    : Function properties for __omp_outlined__85_wrapper
    104 bytes stack frame, 88 bytes spill stores, 88 bytes spill loads
ptxas info    : Function properties for __omp_outlined__32_wrapper
    88 bytes stack frame, 72 bytes spill stores, 72 bytes spill loads
ptxas info    : Function properties for __omp_outlined__103_wrapper
    72 bytes stack frame, 56 bytes spill stores, 56 bytes spill loads
ptxas info    : Function properties for __omp_outlined__67_wrapper
    0 bytes stack frame, 0 bytes spill stores, 0 bytes spill loads
ptxas info    : Function properties for __omp_outlined__23_wrapper
    88 bytes stack frame, 72 bytes spill stores, 72 bytes spill loads
ptxas info    : Function properties for __omp_outlined__94_wrapper
    88 bytes stack frame, 72 bytes spill stores, 72 bytes spill loads
ptxas info    : Function properties for __omp_outlined__58_wrapper
    0 bytes stack frame, 0 bytes spill stores, 0 bytes spill loads
ptxas info    : Function properties for __omp_outlined__41_wrapper
    0 bytes stack frame, 0 bytes spill stores, 0 bytes spill loads
ptxas info    : Function properties for _ZN27omptarget_nvptx_LoopSupportIiiE13dispatch_nextEPiS1_S1_S1_
    0 bytes stack frame, 0 bytes spill stores, 0 bytes spill loads
ptxas info    : Function properties for __omp_outlined__5_wrapper
    104 bytes stack frame, 88 bytes spill stores, 88 bytes spill loads
ptxas info    : Function properties for __omp_outlined__76_wrapper
    104 bytes stack frame, 88 bytes spill stores, 88 bytes spill loads
 "/usr/local/cuda-8.0/bin/nvlink" -o /tmp/test-f30351.out -v -arch sm_37 -L/localhd/gbercea/patch-compiler/obj-release/lib -L/usr/local/cuda-8.0/lib64 -L/usr/local/cuda-8.0/nvvm/libdevice -L/localhd/gbercea/patch-compiler/obj-release/lib -lomptarget-nvptx /tmp/test-a40523.cubin
nvlink info    : 100538538 bytes gmem
nvlink info    : Function properties for '__omp_offloading_811_27e04ce_check_offloading_l22':
nvlink info    : used 113 registers, 128 stack, 1092 bytes smem, 328 bytes cmem[0], 140 bytes cmem[2], 0 bytes lmem
nvlink info    : Function properties for '__omp_offloading_811_2783c91_main_l283':
nvlink info    : used 113 registers, 144 stack, 1092 bytes smem, 384 bytes cmem[0], 140 bytes cmem[2], 0 bytes lmem
nvlink info    : Function properties for '__omp_offloading_811_2783c91_main_l112':
nvlink info    : used 113 registers, 144 stack, 1092 bytes smem, 376 bytes cmem[0], 140 bytes cmem[2], 0 bytes lmem
nvlink info    : Function properties for '__omp_offloading_811_2783c91_main_l176':
nvlink info    : used 113 registers, 144 stack, 1092 bytes smem, 376 bytes cmem[0], 140 bytes cmem[2], 0 bytes lmem
nvlink info    : Function properties for '__omp_offloading_811_2783c91_main_l60':
nvlink info    : used 113 registers, 144 stack, 1092 bytes smem, 376 bytes cmem[0], 140 bytes cmem[2], 0 bytes lmem
nvlink info    : Function properties for '__omp_offloading_811_2783c91_main_l352':
nvlink info    : used 113 registers, 144 stack, 1092 bytes smem, 376 bytes cmem[0], 140 bytes cmem[2], 0 bytes lmem
nvlink info    : Function properties for '__omp_offloading_811_2783c91_main_l210':
nvlink info    : used 113 registers, 144 stack, 1092 bytes smem, 456 bytes cmem[0], 140 bytes cmem[2], 0 bytes lmem
nvlink info    : Function properties for '__omp_offloading_811_2783c91_main_l86':
nvlink info    : used 113 registers, 144 stack, 1092 bytes smem, 376 bytes cmem[0], 140 bytes cmem[2], 0 bytes lmem
nvlink info    : Function properties for '__omp_offloading_811_2783c91_main_l384':
nvlink info    : used 113 registers, 144 stack, 1092 bytes smem, 352 bytes cmem[0], 140 bytes cmem[2], 0 bytes lmem
nvlink info    : Function properties for '__omp_offloading_811_2783c91_main_l142':
nvlink info    : used 113 registers, 144 stack, 1092 bytes smem, 376 bytes cmem[0], 140 bytes cmem[2], 0 bytes lmem
nvlink info    : Function properties for '__omp_offloading_811_2783c91_main_l34':
nvlink info    : used 113 registers, 144 stack, 1092 bytes smem, 376 bytes cmem[0], 140 bytes cmem[2], 0 bytes lmem
nvlink info    : Function properties for '__omp_offloading_811_2783c91_main_l317':
nvlink info    : used 113 registers, 144 stack, 1092 bytes smem, 384 bytes cmem[0], 140 bytes cmem[2], 0 bytes lmem
 "/localhd/gbercea/patch-compiler/obj-release/bin/clang-6.0" -cc1 -triple powerpc64le-ibm-linux-gnu -emit-obj -disable-free -main-file-name test.c -mrelocation-model pic -pic-level 2 -mthread-model posix -fmath-errno -masm-verbose -mconstructor-aliases -fuse-init-array -target-cpu pwr8 -mfloat-abi hard -target-abi elfv2 -dwarf-column-info -debugger-tuning=gdb -momit-leaf-frame-pointer -v -resource-dir /localhd/gbercea/patch-compiler/obj-release/lib/clang/7.0.0 -O3 -fdebug-compilation-dir /localhd/gbercea/patch-compiler/src/projects/openmp/libomptarget/omptests/t-parallel-for/results -ferror-limit 19 -fmessage-length 0 -fopenmp -fno-signed-char -fobjc-runtime=gcc -fdiagnostics-show-option -vectorize-loops -vectorize-slp -o /tmp/test-1c408d.o -x ir /tmp/test-614028.bc -faddrsig
clang -cc1 version 7.0.0 based upon LLVM 7.0.0svn default target powerpc64le-unknown-linux-gnu
 "/usr/bin/ld" -z relro --hash-style=gnu --eh-frame-hdr -m elf64lppc -dynamic-linker /lib64/ld64.so.2 -o /localhd/gbercea/patch-compiler/src/projects/openmp/libomptarget/omptests/t-parallel-for/results/a.out /usr/lib/gcc/powerpc64le-linux-gnu/4.8/../../../powerpc64le-linux-gnu/crt1.o /usr/lib/gcc/powerpc64le-linux-gnu/4.8/../../../powerpc64le-linux-gnu/crti.o /usr/lib/gcc/powerpc64le-linux-gnu/4.8/crtbegin.o -L/localhd/gbercea/patch-compiler/obj-release/lib -L/localhd/gbercea/patch-compiler/obj-release/lib -L/usr/lib/gcc/powerpc64le-linux-gnu/4.8 -L/usr/lib/gcc/powerpc64le-linux-gnu/4.8/../../../powerpc64le-linux-gnu -L/usr/lib/gcc/powerpc64le-linux-gnu/4.8/../../../../lib64 -L/lib/powerpc64le-linux-gnu -L/lib/../lib64 -L/usr/lib/powerpc64le-linux-gnu -L/usr/lib/../lib64 -L/usr/lib/powerpc64le-linux-gnu/../../lib64 -L/usr/lib/gcc/powerpc64le-linux-gnu/4.8/../../.. -L/localhd/gbercea/patch-compiler/obj-release/bin/../lib -L/lib -L/usr/lib /tmp/test-1c408d.o -L/localhd/gbercea/patch-compiler/obj-release/lib -L/usr/local/cuda-8.0/lib64 -L/usr/local/cuda-8.0/nvvm/libdevice -lomp -lomptarget -lgcc --as-needed -lgcc_s --no-as-needed -lpthread -latomic -lc -lgcc --as-needed -lgcc_s --no-as-needed /usr/lib/gcc/powerpc64le-linux-gnu/4.8/crtend.o /usr/lib/gcc/powerpc64le-linux-gnu/4.8/../../../powerpc64le-linux-gnu/crtn.o -T /tmp/a-0fe4f0.lk
