clang version 7.0.0 (http://llvm.org/git/clang.git 0f6b139a0ce2f74a708f120da6336c05c14ea1cb) (http://llvm.org/git/llvm.git a02ad35dfa959d5c50a5d0008b010e5fb0c5cbe8)
Target: powerpc64le-ibm-linux-gnu
Thread model: posix
InstalledDir: /localhd/gbercea/patch-compiler/obj-release/bin
Found candidate GCC installation: /usr/lib/gcc/powerpc64le-linux-gnu/4.8
Found candidate GCC installation: /usr/lib/gcc/powerpc64le-linux-gnu/4.8.4
Found candidate GCC installation: /usr/lib/gcc/powerpc64le-linux-gnu/4.9
Found candidate GCC installation: /usr/lib/gcc/powerpc64le-linux-gnu/4.9.1
Selected GCC installation: /usr/lib/gcc/powerpc64le-linux-gnu/4.8
Candidate multilib: .;@m64
Selected multilib: .;@m64
Found CUDA installation: /usr/local/cuda-8.0, version 8.0
 "/localhd/gbercea/patch-compiler/obj-release/bin/clang-6.0" -cc1 -triple powerpc64le-ibm-linux-gnu -emit-llvm-bc -emit-llvm-uselists -disable-free -main-file-name test.cpp -mrelocation-model pic -pic-level 2 -mthread-model posix -fmath-errno -masm-verbose -mconstructor-aliases -fuse-init-array -target-cpu pwr8 -mfloat-abi hard -target-abi elfv2 -dwarf-column-info -debugger-tuning=gdb -momit-leaf-frame-pointer -v -resource-dir /localhd/gbercea/patch-compiler/obj-release/lib/clang/7.0.0 -I /localhd/gbercea/patch-compiler/obj-release/lib -I /localhd/gbercea/patch-compiler/obj-release/lib/../ -I /localhd/gbercea/patch-compiler/obj-release/lib/../projects/openmp/runtime/src/ -internal-isystem /usr/lib/gcc/powerpc64le-linux-gnu/4.8/../../../../include/c++/4.8 -internal-isystem /usr/lib/gcc/powerpc64le-linux-gnu/4.8/../../../../include/powerpc64le-linux-gnu/c++/4.8 -internal-isystem /usr/lib/gcc/powerpc64le-linux-gnu/4.8/../../../../include/powerpc64le-linux-gnu/c++/4.8 -internal-isystem /usr/lib/gcc/powerpc64le-linux-gnu/4.8/../../../../include/c++/4.8/backward -internal-isystem /usr/lib/gcc/powerpc64le-linux-gnu/4.8/../../../../include/c++/4.8 -internal-isystem /usr/lib/gcc/powerpc64le-linux-gnu/4.8/../../../../include/powerpc64le-linux-gnu/c++/4.8 -internal-isystem /usr/lib/gcc/powerpc64le-linux-gnu/4.8/../../../../include/powerpc64le-linux-gnu/c++/4.8 -internal-isystem /usr/lib/gcc/powerpc64le-linux-gnu/4.8/../../../../include/c++/4.8/backward -internal-isystem /usr/local/include -internal-isystem /localhd/gbercea/patch-compiler/obj-release/lib/clang/7.0.0/include -internal-externc-isystem /usr/include/powerpc64le-linux-gnu -internal-externc-isystem /include -internal-externc-isystem /usr/include -internal-isystem /usr/local/include -internal-isystem /localhd/gbercea/patch-compiler/obj-release/lib/clang/7.0.0/include -internal-externc-isystem /usr/include/powerpc64le-linux-gnu -internal-externc-isystem /include -internal-externc-isystem /usr/include -O2 -std=c++11 -fdeprecated-macro -fdebug-compilation-dir /localhd/gbercea/patch-compiler/src/projects/openmp/libomptarget/omptests/t-teams-distribute-parallel-for-simd/results -ferror-limit 19 -fmessage-length 0 -fopenmp -fno-signed-char -fobjc-runtime=gcc -fdiagnostics-show-option -vectorize-loops -vectorize-slp -o /tmp/test-e7d5cd.bc -x c++ /localhd/gbercea/patch-compiler/src/projects/openmp/libomptarget/omptests/t-teams-distribute-parallel-for-simd/test.cpp -fopenmp-targets=nvptx64-nvidia-cuda -faddrsig
clang -cc1 version 7.0.0 based upon LLVM 7.0.0svn default target powerpc64le-unknown-linux-gnu
ignoring nonexistent directory "/include"
ignoring nonexistent directory "/include"
ignoring duplicate directory "/usr/lib/gcc/powerpc64le-linux-gnu/4.8/../../../../include/powerpc64le-linux-gnu/c++/4.8"
ignoring duplicate directory "/usr/lib/gcc/powerpc64le-linux-gnu/4.8/../../../../include/c++/4.8"
ignoring duplicate directory "/usr/lib/gcc/powerpc64le-linux-gnu/4.8/../../../../include/powerpc64le-linux-gnu/c++/4.8"
ignoring duplicate directory "/usr/lib/gcc/powerpc64le-linux-gnu/4.8/../../../../include/powerpc64le-linux-gnu/c++/4.8"
ignoring duplicate directory "/usr/lib/gcc/powerpc64le-linux-gnu/4.8/../../../../include/c++/4.8/backward"
ignoring duplicate directory "/usr/local/include"
ignoring duplicate directory "/localhd/gbercea/patch-compiler/obj-release/lib/clang/7.0.0/include"
ignoring duplicate directory "/usr/include/powerpc64le-linux-gnu"
ignoring duplicate directory "/usr/include"
#include "..." search starts here:
#include <...> search starts here:
 /localhd/gbercea/patch-compiler/obj-release/lib
 /localhd/gbercea/patch-compiler/obj-release/lib/..
 /localhd/gbercea/patch-compiler/obj-release/lib/../projects/openmp/runtime/src
 /usr/lib/gcc/powerpc64le-linux-gnu/4.8/../../../../include/c++/4.8
 /usr/lib/gcc/powerpc64le-linux-gnu/4.8/../../../../include/powerpc64le-linux-gnu/c++/4.8
 /usr/lib/gcc/powerpc64le-linux-gnu/4.8/../../../../include/c++/4.8/backward
 /usr/local/include
 /localhd/gbercea/patch-compiler/obj-release/lib/clang/7.0.0/include
 /usr/include/powerpc64le-linux-gnu
 /usr/include
End of search list.
warning: loop not vectorized: failed explicitly specified loop vectorization [-Wpass-failed=loop-vectorize]
warning: loop not vectorized: failed explicitly specified loop vectorization [-Wpass-failed=loop-vectorize]
warning: loop not vectorized: failed explicitly specified loop vectorization [-Wpass-failed=loop-vectorize]
warning: loop not vectorized: failed explicitly specified loop vectorization [-Wpass-failed=loop-vectorize]
warning: loop not vectorized: failed explicitly specified loop vectorization [-Wpass-failed=loop-vectorize]
warning: loop not vectorized: failed explicitly specified loop vectorization [-Wpass-failed=loop-vectorize]
warning: loop not vectorized: failed explicitly specified loop vectorization [-Wpass-failed=loop-vectorize]
warning: loop not vectorized: failed explicitly specified loop vectorization [-Wpass-failed=loop-vectorize]
warning: loop not vectorized: failed explicitly specified loop vectorization [-Wpass-failed=loop-vectorize]
warning: loop not vectorized: failed explicitly specified loop vectorization [-Wpass-failed=loop-vectorize]
warning: loop not vectorized: failed explicitly specified loop vectorization [-Wpass-failed=loop-vectorize]
warning: loop not vectorized: failed explicitly specified loop vectorization [-Wpass-failed=loop-vectorize]
warning: loop not vectorized: failed explicitly specified loop vectorization [-Wpass-failed=loop-vectorize]
warning: loop not vectorized: failed explicitly specified loop vectorization [-Wpass-failed=loop-vectorize]
warning: loop not vectorized: failed explicitly specified loop vectorization [-Wpass-failed=loop-vectorize]
warning: loop not vectorized: failed explicitly specified loop vectorization [-Wpass-failed=loop-vectorize]
warning: loop not vectorized: failed explicitly specified loop vectorization [-Wpass-failed=loop-vectorize]
warning: loop not vectorized: failed explicitly specified loop vectorization [-Wpass-failed=loop-vectorize]
warning: loop not vectorized: failed explicitly specified loop vectorization [-Wpass-failed=loop-vectorize]
warning: loop not vectorized: failed explicitly specified loop vectorization [-Wpass-failed=loop-vectorize]
warning: loop not vectorized: failed explicitly specified loop vectorization [-Wpass-failed=loop-vectorize]
warning: loop not vectorized: failed explicitly specified loop vectorization [-Wpass-failed=loop-vectorize]
warning: loop not vectorized: failed explicitly specified loop vectorization [-Wpass-failed=loop-vectorize]
warning: loop not vectorized: failed explicitly specified loop vectorization [-Wpass-failed=loop-vectorize]
warning: loop not vectorized: failed explicitly specified loop vectorization [-Wpass-failed=loop-vectorize]
warning: loop not vectorized: failed explicitly specified loop vectorization [-Wpass-failed=loop-vectorize]
warning: loop not vectorized: failed explicitly specified loop vectorization [-Wpass-failed=loop-vectorize]
warning: loop not vectorized: failed explicitly specified loop vectorization [-Wpass-failed=loop-vectorize]
warning: loop not vectorized: failed explicitly specified loop vectorization [-Wpass-failed=loop-vectorize]
warning: loop not vectorized: failed explicitly specified loop vectorization [-Wpass-failed=loop-vectorize]
warning: loop not vectorized: failed explicitly specified loop vectorization [-Wpass-failed=loop-vectorize]
warning: loop not vectorized: failed explicitly specified loop vectorization [-Wpass-failed=loop-vectorize]
warning: loop not vectorized: failed explicitly specified loop vectorization [-Wpass-failed=loop-vectorize]
warning: loop not vectorized: failed explicitly specified loop vectorization [-Wpass-failed=loop-vectorize]
warning: loop not vectorized: failed explicitly specified loop vectorization [-Wpass-failed=loop-vectorize]
warning: loop not vectorized: failed explicitly specified loop vectorization [-Wpass-failed=loop-vectorize]
warning: loop not vectorized: failed explicitly specified loop vectorization [-Wpass-failed=loop-vectorize]
warning: loop not vectorized: failed explicitly specified loop vectorization [-Wpass-failed=loop-vectorize]
warning: loop not vectorized: failed explicitly specified loop vectorization [-Wpass-failed=loop-vectorize]
warning: loop not vectorized: failed explicitly specified loop vectorization [-Wpass-failed=loop-vectorize]
warning: loop not vectorized: failed explicitly specified loop vectorization [-Wpass-failed=loop-vectorize]
warning: loop not vectorized: failed explicitly specified loop vectorization [-Wpass-failed=loop-vectorize]
warning: loop not vectorized: failed explicitly specified loop vectorization [-Wpass-failed=loop-vectorize]
warning: loop not vectorized: failed explicitly specified loop vectorization [-Wpass-failed=loop-vectorize]
warning: loop not vectorized: failed explicitly specified loop vectorization [-Wpass-failed=loop-vectorize]
warning: loop not vectorized: failed explicitly specified loop vectorization [-Wpass-failed=loop-vectorize]
warning: loop not vectorized: failed explicitly specified loop vectorization [-Wpass-failed=loop-vectorize]
warning: loop not vectorized: failed explicitly specified loop vectorization [-Wpass-failed=loop-vectorize]
warning: loop not vectorized: failed explicitly specified loop vectorization [-Wpass-failed=loop-vectorize]
49 warnings generated.
 "/localhd/gbercea/patch-compiler/obj-release/bin/clang-6.0" -cc1 -triple nvptx64-nvidia-cuda -aux-triple powerpc64le-ibm-linux-gnu -S -disable-free -main-file-name test.cpp -mrelocation-model pic -pic-level 2 -mthread-model posix -mdisable-fp-elim -no-integrated-as -fuse-init-array -mlink-cuda-bitcode /usr/local/cuda-8.0/nvvm/libdevice/libdevice.compute_35.10.bc -target-feature +ptx42 -mlink-cuda-bitcode /localhd/gbercea/patch-compiler/obj-release/lib/libomptarget-nvptx-sm_37.bc -target-cpu sm_37 -dwarf-column-info -debugger-tuning=gdb -v -resource-dir /localhd/gbercea/patch-compiler/obj-release/lib/clang/7.0.0 -I /localhd/gbercea/patch-compiler/obj-release/lib -I /localhd/gbercea/patch-compiler/obj-release/lib/../ -I /localhd/gbercea/patch-compiler/obj-release/lib/../projects/openmp/runtime/src/ -internal-isystem /usr/lib/gcc/powerpc64le-linux-gnu/4.8/../../../../include/c++/4.8 -internal-isystem /usr/lib/gcc/powerpc64le-linux-gnu/4.8/../../../../include/powerpc64le-linux-gnu/c++/4.8 -internal-isystem /usr/lib/gcc/powerpc64le-linux-gnu/4.8/../../../../include/powerpc64le-linux-gnu/c++/4.8 -internal-isystem /usr/lib/gcc/powerpc64le-linux-gnu/4.8/../../../../include/c++/4.8/backward -internal-isystem /usr/lib/gcc/powerpc64le-linux-gnu/4.8/../../../../include/c++/4.8 -internal-isystem /usr/lib/gcc/powerpc64le-linux-gnu/4.8/../../../../include/powerpc64le-linux-gnu/c++/4.8 -internal-isystem /usr/lib/gcc/powerpc64le-linux-gnu/4.8/../../../../include/powerpc64le-linux-gnu/c++/4.8 -internal-isystem /usr/lib/gcc/powerpc64le-linux-gnu/4.8/../../../../include/c++/4.8/backward -internal-isystem /usr/local/include -internal-isystem /localhd/gbercea/patch-compiler/obj-release/lib/clang/7.0.0/include -internal-externc-isystem /usr/include/powerpc64le-linux-gnu -internal-externc-isystem /include -internal-externc-isystem /usr/include -internal-isystem /usr/local/include -internal-isystem /localhd/gbercea/patch-compiler/obj-release/lib/clang/7.0.0/include -internal-externc-isystem /usr/include/powerpc64le-linux-gnu -internal-externc-isystem /include -internal-externc-isystem /usr/include -O2 -std=c++11 -fdeprecated-macro -fno-dwarf-directory-asm -fdebug-compilation-dir /localhd/gbercea/patch-compiler/src/projects/openmp/libomptarget/omptests/t-teams-distribute-parallel-for-simd/results -ferror-limit 19 -fmessage-length 0 -fopenmp -fobjc-runtime=gcc -fdiagnostics-show-option -vectorize-loops -vectorize-slp -o /tmp/test-61c5b9.s -x c++ /localhd/gbercea/patch-compiler/src/projects/openmp/libomptarget/omptests/t-teams-distribute-parallel-for-simd/test.cpp -fopenmp-is-device -fopenmp-host-ir-file-path /tmp/test-e7d5cd.bc
clang -cc1 version 7.0.0 based upon LLVM 7.0.0svn default target powerpc64le-unknown-linux-gnu
ignoring nonexistent directory "/include"
ignoring nonexistent directory "/include"
ignoring duplicate directory "/usr/lib/gcc/powerpc64le-linux-gnu/4.8/../../../../include/powerpc64le-linux-gnu/c++/4.8"
ignoring duplicate directory "/usr/lib/gcc/powerpc64le-linux-gnu/4.8/../../../../include/c++/4.8"
ignoring duplicate directory "/usr/lib/gcc/powerpc64le-linux-gnu/4.8/../../../../include/powerpc64le-linux-gnu/c++/4.8"
ignoring duplicate directory "/usr/lib/gcc/powerpc64le-linux-gnu/4.8/../../../../include/powerpc64le-linux-gnu/c++/4.8"
ignoring duplicate directory "/usr/lib/gcc/powerpc64le-linux-gnu/4.8/../../../../include/c++/4.8/backward"
ignoring duplicate directory "/usr/local/include"
ignoring duplicate directory "/localhd/gbercea/patch-compiler/obj-release/lib/clang/7.0.0/include"
ignoring duplicate directory "/usr/include/powerpc64le-linux-gnu"
ignoring duplicate directory "/usr/include"
#include "..." search starts here:
#include <...> search starts here:
 /localhd/gbercea/patch-compiler/obj-release/lib
 /localhd/gbercea/patch-compiler/obj-release/lib/..
 /localhd/gbercea/patch-compiler/obj-release/lib/../projects/openmp/runtime/src
 /usr/lib/gcc/powerpc64le-linux-gnu/4.8/../../../../include/c++/4.8
 /usr/lib/gcc/powerpc64le-linux-gnu/4.8/../../../../include/powerpc64le-linux-gnu/c++/4.8
 /usr/lib/gcc/powerpc64le-linux-gnu/4.8/../../../../include/c++/4.8/backward
 /usr/local/include
 /localhd/gbercea/patch-compiler/obj-release/lib/clang/7.0.0/include
 /usr/include/powerpc64le-linux-gnu
 /usr/include
End of search list.
warning: loop not vectorized: failed explicitly specified loop vectorization [-Wpass-failed=loop-vectorize]
warning: loop not vectorized: failed explicitly specified loop vectorization [-Wpass-failed=loop-vectorize]
warning: loop not vectorized: failed explicitly specified loop vectorization [-Wpass-failed=loop-vectorize]
warning: loop not vectorized: failed explicitly specified loop vectorization [-Wpass-failed=loop-vectorize]
warning: loop not vectorized: failed explicitly specified loop vectorization [-Wpass-failed=loop-vectorize]
warning: loop not vectorized: failed explicitly specified loop vectorization [-Wpass-failed=loop-vectorize]
warning: loop not vectorized: failed explicitly specified loop vectorization [-Wpass-failed=loop-vectorize]
warning: loop not vectorized: failed explicitly specified loop vectorization [-Wpass-failed=loop-vectorize]
warning: loop not vectorized: failed explicitly specified loop vectorization [-Wpass-failed=loop-vectorize]
warning: loop not vectorized: failed explicitly specified loop vectorization [-Wpass-failed=loop-vectorize]
warning: loop not vectorized: failed explicitly specified loop vectorization [-Wpass-failed=loop-vectorize]
warning: loop not vectorized: failed explicitly specified loop vectorization [-Wpass-failed=loop-vectorize]
warning: loop not vectorized: failed explicitly specified loop vectorization [-Wpass-failed=loop-vectorize]
warning: loop not vectorized: failed explicitly specified loop vectorization [-Wpass-failed=loop-vectorize]
warning: loop not vectorized: failed explicitly specified loop vectorization [-Wpass-failed=loop-vectorize]
warning: loop not vectorized: failed explicitly specified loop vectorization [-Wpass-failed=loop-vectorize]
warning: loop not vectorized: failed explicitly specified loop vectorization [-Wpass-failed=loop-vectorize]
warning: loop not vectorized: failed explicitly specified loop vectorization [-Wpass-failed=loop-vectorize]
18 warnings generated.
 "/usr/local/cuda-8.0/bin/ptxas" -m64 -O2 -v --gpu-name sm_37 --output-file /tmp/test-6a8c12.cubin /tmp/test-61c5b9.s -c
ptxas info    : 102 bytes gmem
ptxas info    : Compiling entry function '__omp_offloading_811_27e0706_main_l731' for 'sm_37'
ptxas info    : Function properties for __omp_offloading_811_27e0706_main_l731
    0 bytes stack frame, 0 bytes spill stores, 0 bytes spill loads
ptxas info    : Used 48 registers, 400 bytes cmem[0], 4 bytes cmem[2]
ptxas info    : Compiling entry function '__omp_offloading_811_27e0706_main_l340' for 'sm_37'
ptxas info    : Function properties for __omp_offloading_811_27e0706_main_l340
    16 bytes stack frame, 0 bytes spill stores, 0 bytes spill loads
ptxas info    : Used 63 registers, 384 bytes cmem[0], 4 bytes cmem[2]
ptxas info    : Compiling entry function '__omp_offloading_811_27e0706_main_l160' for 'sm_37'
ptxas info    : Function properties for __omp_offloading_811_27e0706_main_l160
    0 bytes stack frame, 0 bytes spill stores, 0 bytes spill loads
ptxas info    : Used 40 registers, 384 bytes cmem[0], 4 bytes cmem[2]
ptxas info    : Compiling entry function '__omp_offloading_811_27e0706_main_l524' for 'sm_37'
ptxas info    : Function properties for __omp_offloading_811_27e0706_main_l524
    16 bytes stack frame, 0 bytes spill stores, 0 bytes spill loads
ptxas info    : Used 72 registers, 384 bytes cmem[0], 4 bytes cmem[2]
ptxas info    : Compiling entry function '__omp_offloading_811_27e0706_main_l250' for 'sm_37'
ptxas info    : Function properties for __omp_offloading_811_27e0706_main_l250
    16 bytes stack frame, 0 bytes spill stores, 0 bytes spill loads
ptxas info    : Used 72 registers, 384 bytes cmem[0], 4 bytes cmem[2]
ptxas info    : Compiling entry function '__omp_offloading_811_27e0706_main_l631' for 'sm_37'
ptxas info    : Function properties for __omp_offloading_811_27e0706_main_l631
    16 bytes stack frame, 0 bytes spill stores, 0 bytes spill loads
ptxas info    : Used 63 registers, 400 bytes cmem[0], 4 bytes cmem[2]
ptxas info    : Compiling entry function '__omp_offloading_811_27e0706_main_l943' for 'sm_37'
ptxas info    : Function properties for __omp_offloading_811_27e0706_main_l943
    16 bytes stack frame, 0 bytes spill stores, 0 bytes spill loads
ptxas info    : Used 72 registers, 384 bytes cmem[0], 4 bytes cmem[2]
ptxas info    : Compiling entry function '__omp_offloading_811_27e0706_main_l80' for 'sm_37'
ptxas info    : Function properties for __omp_offloading_811_27e0706_main_l80
    16 bytes stack frame, 0 bytes spill stores, 0 bytes spill loads
ptxas info    : Used 63 registers, 384 bytes cmem[0], 4 bytes cmem[2]
ptxas info    : Compiling entry function '__omp_offloading_811_27e0706_main_l420' for 'sm_37'
ptxas info    : Function properties for __omp_offloading_811_27e0706_main_l420
    0 bytes stack frame, 0 bytes spill stores, 0 bytes spill loads
ptxas info    : Used 40 registers, 384 bytes cmem[0], 4 bytes cmem[2]
ptxas info    : Compiling entry function '__omp_offloading_811_27e0706_main_l681' for 'sm_37'
ptxas info    : Function properties for __omp_offloading_811_27e0706_main_l681
    16 bytes stack frame, 0 bytes spill stores, 0 bytes spill loads
ptxas info    : Used 72 registers, 400 bytes cmem[0], 4 bytes cmem[2]
ptxas info    : Compiling entry function '__omp_offloading_811_27e0706_main_l290' for 'sm_37'
ptxas info    : Function properties for __omp_offloading_811_27e0706_main_l290
    0 bytes stack frame, 0 bytes spill stores, 0 bytes spill loads
ptxas info    : Used 40 registers, 384 bytes cmem[0], 4 bytes cmem[2]
ptxas info    : Compiling entry function '__omp_offloading_811_27e0706_main_l987' for 'sm_37'
ptxas info    : Function properties for __omp_offloading_811_27e0706_main_l987
    0 bytes stack frame, 0 bytes spill stores, 0 bytes spill loads
ptxas info    : Used 40 registers, 384 bytes cmem[0], 4 bytes cmem[2]
ptxas info    : Compiling entry function '__omp_offloading_811_27e0706_main_l120' for 'sm_37'
ptxas info    : Function properties for __omp_offloading_811_27e0706_main_l120
    16 bytes stack frame, 0 bytes spill stores, 0 bytes spill loads
ptxas info    : Used 72 registers, 384 bytes cmem[0], 4 bytes cmem[2]
ptxas info    : Compiling entry function '__omp_offloading_811_27e0706_main_l478' for 'sm_37'
ptxas info    : Function properties for __omp_offloading_811_27e0706_main_l478
    16 bytes stack frame, 0 bytes spill stores, 0 bytes spill loads
ptxas info    : Used 63 registers, 384 bytes cmem[0], 4 bytes cmem[2]
ptxas info    : Compiling entry function '__omp_offloading_811_27e0706_main_l210' for 'sm_37'
ptxas info    : Function properties for __omp_offloading_811_27e0706_main_l210
    16 bytes stack frame, 0 bytes spill stores, 0 bytes spill loads
ptxas info    : Used 63 registers, 384 bytes cmem[0], 4 bytes cmem[2]
ptxas info    : Compiling entry function '__omp_offloading_811_27e0706_main_l570' for 'sm_37'
ptxas info    : Function properties for __omp_offloading_811_27e0706_main_l570
    0 bytes stack frame, 0 bytes spill stores, 0 bytes spill loads
ptxas info    : Used 39 registers, 384 bytes cmem[0], 4 bytes cmem[2]
ptxas info    : Compiling entry function '__omp_offloading_811_27e0706_main_l899' for 'sm_37'
ptxas info    : Function properties for __omp_offloading_811_27e0706_main_l899
    16 bytes stack frame, 0 bytes spill stores, 0 bytes spill loads
ptxas info    : Used 63 registers, 384 bytes cmem[0], 4 bytes cmem[2]
ptxas info    : Compiling entry function '__omp_offloading_811_27e0706_main_l39' for 'sm_37'
ptxas info    : Function properties for __omp_offloading_811_27e0706_main_l39
    0 bytes stack frame, 0 bytes spill stores, 0 bytes spill loads
ptxas info    : Used 32 registers, 328 bytes cmem[0], 4 bytes cmem[2]
ptxas info    : Compiling entry function '__omp_offloading_811_27e0706_main_l380' for 'sm_37'
ptxas info    : Function properties for __omp_offloading_811_27e0706_main_l380
    16 bytes stack frame, 0 bytes spill stores, 0 bytes spill loads
ptxas info    : Used 72 registers, 384 bytes cmem[0], 4 bytes cmem[2]
ptxas info    : Compiling entry function '__omp_offloading_811_27e0706_main_l706' for 'sm_37'
ptxas info    : Function properties for __omp_offloading_811_27e0706_main_l706
    16 bytes stack frame, 0 bytes spill stores, 0 bytes spill loads
ptxas info    : Used 72 registers, 400 bytes cmem[0], 4 bytes cmem[2]
ptxas info    : Compiling entry function '__omp_offloading_811_27e0706_main_l320' for 'sm_37'
ptxas info    : Function properties for __omp_offloading_811_27e0706_main_l320
    0 bytes stack frame, 0 bytes spill stores, 0 bytes spill loads
ptxas info    : Used 40 registers, 376 bytes cmem[0], 4 bytes cmem[2]
ptxas info    : Compiling entry function '__omp_offloading_811_27e0706_main_l140' for 'sm_37'
ptxas info    : Function properties for __omp_offloading_811_27e0706_main_l140
    16 bytes stack frame, 0 bytes spill stores, 0 bytes spill loads
ptxas info    : Used 72 registers, 384 bytes cmem[0], 4 bytes cmem[2]
ptxas info    : Compiling entry function '__omp_offloading_811_27e0706_main_l501' for 'sm_37'
ptxas info    : Function properties for __omp_offloading_811_27e0706_main_l501
    16 bytes stack frame, 0 bytes spill stores, 0 bytes spill loads
ptxas info    : Used 72 registers, 384 bytes cmem[0], 4 bytes cmem[2]
ptxas info    : Compiling entry function '__omp_offloading_811_27e0706_main_l230' for 'sm_37'
ptxas info    : Function properties for __omp_offloading_811_27e0706_main_l230
    16 bytes stack frame, 0 bytes spill stores, 0 bytes spill loads
ptxas info    : Used 72 registers, 384 bytes cmem[0], 4 bytes cmem[2]
ptxas info    : Compiling entry function '__omp_offloading_811_27e0706_main_l606' for 'sm_37'
ptxas info    : Function properties for __omp_offloading_811_27e0706_main_l606
    0 bytes stack frame, 0 bytes spill stores, 0 bytes spill loads
ptxas info    : Used 48 registers, 392 bytes cmem[0], 4 bytes cmem[2]
ptxas info    : Compiling entry function '__omp_offloading_811_27e0706_main_l921' for 'sm_37'
ptxas info    : Function properties for __omp_offloading_811_27e0706_main_l921
    16 bytes stack frame, 0 bytes spill stores, 0 bytes spill loads
ptxas info    : Used 72 registers, 384 bytes cmem[0], 4 bytes cmem[2]
ptxas info    : Compiling entry function '__omp_offloading_811_27e0706_main_l60' for 'sm_37'
ptxas info    : Function properties for __omp_offloading_811_27e0706_main_l60
    0 bytes stack frame, 0 bytes spill stores, 0 bytes spill loads
ptxas info    : Used 40 registers, 376 bytes cmem[0], 4 bytes cmem[2]
ptxas info    : Compiling entry function '__omp_offloading_811_27e0706_main_l400' for 'sm_37'
ptxas info    : Function properties for __omp_offloading_811_27e0706_main_l400
    16 bytes stack frame, 0 bytes spill stores, 0 bytes spill loads
ptxas info    : Used 72 registers, 384 bytes cmem[0], 4 bytes cmem[2]
ptxas info    : Compiling entry function '__omp_offloading_811_27e0706_main_l190' for 'sm_37'
ptxas info    : Function properties for __omp_offloading_811_27e0706_main_l190
    0 bytes stack frame, 0 bytes spill stores, 0 bytes spill loads
ptxas info    : Used 40 registers, 376 bytes cmem[0], 4 bytes cmem[2]
ptxas info    : Compiling entry function '__omp_offloading_811_27e0706_main_l547' for 'sm_37'
ptxas info    : Function properties for __omp_offloading_811_27e0706_main_l547
    16 bytes stack frame, 0 bytes spill stores, 0 bytes spill loads
ptxas info    : Used 72 registers, 384 bytes cmem[0], 4 bytes cmem[2]
ptxas info    : Compiling entry function '__omp_offloading_811_27e0706_main_l877' for 'sm_37'
ptxas info    : Function properties for __omp_offloading_811_27e0706_main_l877
    0 bytes stack frame, 0 bytes spill stores, 0 bytes spill loads
ptxas info    : Used 40 registers, 376 bytes cmem[0], 4 bytes cmem[2]
ptxas info    : Compiling entry function '__omp_offloading_811_27e04ce__Z16check_offloadingv_l22' for 'sm_37'
ptxas info    : Function properties for __omp_offloading_811_27e04ce__Z16check_offloadingv_l22
    0 bytes stack frame, 0 bytes spill stores, 0 bytes spill loads
ptxas info    : Used 32 registers, 328 bytes cmem[0], 4 bytes cmem[2]
ptxas info    : Compiling entry function '__omp_offloading_811_27e0706_main_l360' for 'sm_37'
ptxas info    : Function properties for __omp_offloading_811_27e0706_main_l360
    16 bytes stack frame, 0 bytes spill stores, 0 bytes spill loads
ptxas info    : Used 72 registers, 384 bytes cmem[0], 4 bytes cmem[2]
ptxas info    : Compiling entry function '__omp_offloading_811_27e0706_main_l270' for 'sm_37'
ptxas info    : Function properties for __omp_offloading_811_27e0706_main_l270
    16 bytes stack frame, 0 bytes spill stores, 0 bytes spill loads
ptxas info    : Used 72 registers, 384 bytes cmem[0], 4 bytes cmem[2]
ptxas info    : Compiling entry function '__omp_offloading_811_27e0706_main_l656' for 'sm_37'
ptxas info    : Function properties for __omp_offloading_811_27e0706_main_l656
    16 bytes stack frame, 0 bytes spill stores, 0 bytes spill loads
ptxas info    : Used 72 registers, 400 bytes cmem[0], 4 bytes cmem[2]
ptxas info    : Compiling entry function '__omp_offloading_811_27e0706_main_l965' for 'sm_37'
ptxas info    : Function properties for __omp_offloading_811_27e0706_main_l965
    16 bytes stack frame, 0 bytes spill stores, 0 bytes spill loads
ptxas info    : Used 72 registers, 384 bytes cmem[0], 4 bytes cmem[2]
ptxas info    : Compiling entry function '__omp_offloading_811_27e0706_main_l100' for 'sm_37'
ptxas info    : Function properties for __omp_offloading_811_27e0706_main_l100
    16 bytes stack frame, 0 bytes spill stores, 0 bytes spill loads
ptxas info    : Used 72 registers, 384 bytes cmem[0], 4 bytes cmem[2]
ptxas info    : Compiling entry function '__omp_offloading_811_27e0706_main_l455' for 'sm_37'
ptxas info    : Function properties for __omp_offloading_811_27e0706_main_l455
    0 bytes stack frame, 0 bytes spill stores, 0 bytes spill loads
ptxas info    : Used 39 registers, 376 bytes cmem[0], 4 bytes cmem[2]
ptxas info    : Function properties for __omp_outlined__17_wrapper
    88 bytes stack frame, 72 bytes spill stores, 72 bytes spill loads
ptxas info    : Compiling entry function '__omp_offloading_811_27e0706_main_l1357' for 'sm_37'
ptxas info    : Function properties for __omp_offloading_811_27e0706_main_l1357
    0 bytes stack frame, 0 bytes spill stores, 0 bytes spill loads
ptxas info    : Used 30 registers, 376 bytes cmem[0], 4 bytes cmem[2]
ptxas info    : Function properties for __omp_outlined__49_wrapper
    0 bytes stack frame, 0 bytes spill stores, 0 bytes spill loads
ptxas info    : Compiling entry function '__omp_offloading_811_27e0706_main_l1065' for 'sm_37'
ptxas info    : Function properties for __omp_offloading_811_27e0706_main_l1065
    0 bytes stack frame, 0 bytes spill stores, 0 bytes spill loads
ptxas info    : Used 29 registers, 368 bytes cmem[0], 4 bytes cmem[2]
ptxas info    : Function properties for __omp_outlined__33_wrapper
    88 bytes stack frame, 72 bytes spill stores, 72 bytes spill loads
ptxas info    : Function properties for __omp_outlined__1_wrapper
    0 bytes stack frame, 0 bytes spill stores, 0 bytes spill loads
ptxas info    : Function properties for __omp_outlined__65_wrapper
    88 bytes stack frame, 72 bytes spill stores, 72 bytes spill loads
ptxas info    : Compiling entry function '__omp_offloading_811_27e0706_main_l1212' for 'sm_37'
ptxas info    : Function properties for __omp_offloading_811_27e0706_main_l1212
    0 bytes stack frame, 0 bytes spill stores, 0 bytes spill loads
ptxas info    : Used 29 registers, 368 bytes cmem[0], 4 bytes cmem[2]
ptxas info    : Function properties for __omp_outlined__41_wrapper
    88 bytes stack frame, 72 bytes spill stores, 72 bytes spill loads
ptxas info    : Function properties for __omp_outlined__9_wrapper
    88 bytes stack frame, 72 bytes spill stores, 72 bytes spill loads
ptxas info    : Function properties for __kmpc_dispatch_init_4
    0 bytes stack frame, 0 bytes spill stores, 0 bytes spill loads
ptxas info    : Function properties for __omp_outlined__25_wrapper
    0 bytes stack frame, 0 bytes spill stores, 0 bytes spill loads
ptxas info    : Compiling entry function '__omp_offloading_811_27e0706_main_l1509' for 'sm_37'
ptxas info    : Function properties for __omp_offloading_811_27e0706_main_l1509
    16 bytes stack frame, 0 bytes spill stores, 0 bytes spill loads
ptxas info    : Used 53 registers, 376 bytes cmem[0], 4 bytes cmem[2]
ptxas info    : Function properties for __omp_outlined__57_wrapper
    104 bytes stack frame, 88 bytes spill stores, 88 bytes spill loads
ptxas info    : Function properties for __omp_outlined__13_wrapper
    0 bytes stack frame, 0 bytes spill stores, 0 bytes spill loads
ptxas info    : Compiling entry function '__omp_offloading_811_27e0706_main_l1284' for 'sm_37'
ptxas info    : Function properties for __omp_offloading_811_27e0706_main_l1284
    0 bytes stack frame, 0 bytes spill stores, 0 bytes spill loads
ptxas info    : Used 29 registers, 368 bytes cmem[0], 4 bytes cmem[2]
ptxas info    : Function properties for __omp_outlined__45_wrapper
    88 bytes stack frame, 72 bytes spill stores, 72 bytes spill loads
ptxas info    : Function properties for __omp_outlined__29_wrapper
    88 bytes stack frame, 72 bytes spill stores, 72 bytes spill loads
ptxas info    : Compiling entry function '__omp_offloading_811_27e0706_main_l1586' for 'sm_37'
ptxas info    : Function properties for __omp_offloading_811_27e0706_main_l1586
    16 bytes stack frame, 0 bytes spill stores, 0 bytes spill loads
ptxas info    : Used 47 registers, 376 bytes cmem[0], 4 bytes cmem[2]
ptxas info    : Function properties for __omp_outlined__61_wrapper
    0 bytes stack frame, 0 bytes spill stores, 0 bytes spill loads
ptxas info    : Compiling entry function '__omp_offloading_811_27e0706_main_l1137' for 'sm_37'
ptxas info    : Function properties for __omp_offloading_811_27e0706_main_l1137
    16 bytes stack frame, 0 bytes spill stores, 0 bytes spill loads
ptxas info    : Used 53 registers, 368 bytes cmem[0], 4 bytes cmem[2]
ptxas info    : Function properties for __omp_outlined__37_wrapper
    0 bytes stack frame, 0 bytes spill stores, 0 bytes spill loads
ptxas info    : Function properties for __omp_outlined__5_wrapper
    88 bytes stack frame, 72 bytes spill stores, 72 bytes spill loads
ptxas info    : Function properties for __omp_outlined__69_wrapper
    88 bytes stack frame, 72 bytes spill stores, 72 bytes spill loads
ptxas info    : Function properties for __omp_outlined__21_wrapper
    88 bytes stack frame, 72 bytes spill stores, 72 bytes spill loads
ptxas info    : Compiling entry function '__omp_offloading_811_27e0706_main_l1433' for 'sm_37'
ptxas info    : Function properties for __omp_offloading_811_27e0706_main_l1433
    16 bytes stack frame, 0 bytes spill stores, 0 bytes spill loads
ptxas info    : Used 53 registers, 376 bytes cmem[0], 4 bytes cmem[2]
ptxas info    : Function properties for __omp_outlined__53_wrapper
    104 bytes stack frame, 88 bytes spill stores, 88 bytes spill loads
ptxas info    : Function properties for __omp_outlined__15_wrapper
    88 bytes stack frame, 72 bytes spill stores, 72 bytes spill loads
ptxas info    : Compiling entry function '__omp_offloading_811_27e0706_main_l1320' for 'sm_37'
ptxas info    : Function properties for __omp_offloading_811_27e0706_main_l1320
    0 bytes stack frame, 0 bytes spill stores, 0 bytes spill loads
ptxas info    : Used 37 registers, 376 bytes cmem[0], 4 bytes cmem[2]
ptxas info    : Function properties for __omp_outlined__47_wrapper
    0 bytes stack frame, 0 bytes spill stores, 0 bytes spill loads
ptxas info    : Compiling entry function '__omp_offloading_811_27e0706_main_l1030' for 'sm_37'
ptxas info    : Function properties for __omp_offloading_811_27e0706_main_l1030
    0 bytes stack frame, 0 bytes spill stores, 0 bytes spill loads
ptxas info    : Used 29 registers, 368 bytes cmem[0], 4 bytes cmem[2]
ptxas info    : Function properties for __omp_outlined__31_wrapper
    88 bytes stack frame, 72 bytes spill stores, 72 bytes spill loads
ptxas info    : Compiling entry function '__omp_offloading_811_27e0706_main_l1623' for 'sm_37'
ptxas info    : Function properties for __omp_offloading_811_27e0706_main_l1623
    16 bytes stack frame, 0 bytes spill stores, 0 bytes spill loads
ptxas info    : Used 53 registers, 376 bytes cmem[0], 4 bytes cmem[2]
ptxas info    : Function properties for __omp_outlined__63_wrapper
    88 bytes stack frame, 72 bytes spill stores, 72 bytes spill loads
ptxas info    : Compiling entry function '__omp_offloading_811_27e0706_main_l1175' for 'sm_37'
ptxas info    : Function properties for __omp_offloading_811_27e0706_main_l1175
    16 bytes stack frame, 0 bytes spill stores, 0 bytes spill loads
ptxas info    : Used 53 registers, 376 bytes cmem[0], 4 bytes cmem[2]
ptxas info    : Function properties for __omp_outlined__39_wrapper
    88 bytes stack frame, 72 bytes spill stores, 72 bytes spill loads
ptxas info    : Function properties for __omp_outlined__7_wrapper
    88 bytes stack frame, 72 bytes spill stores, 72 bytes spill loads
ptxas info    : Function properties for __omp_outlined__71_wrapper
    0 bytes stack frame, 0 bytes spill stores, 0 bytes spill loads
ptxas info    : Function properties for __omp_outlined__23_wrapper
    0 bytes stack frame, 0 bytes spill stores, 0 bytes spill loads
ptxas info    : Compiling entry function '__omp_offloading_811_27e0706_main_l1471' for 'sm_37'
ptxas info    : Function properties for __omp_offloading_811_27e0706_main_l1471
    16 bytes stack frame, 0 bytes spill stores, 0 bytes spill loads
ptxas info    : Used 55 registers, 384 bytes cmem[0], 4 bytes cmem[2]
ptxas info    : Function properties for __omp_outlined__55_wrapper
    104 bytes stack frame, 88 bytes spill stores, 88 bytes spill loads
ptxas info    : Compiling entry function '__omp_offloading_811_27e0706_main_l1101' for 'sm_37'
ptxas info    : Function properties for __omp_offloading_811_27e0706_main_l1101
    0 bytes stack frame, 0 bytes spill stores, 0 bytes spill loads
ptxas info    : Used 37 registers, 376 bytes cmem[0], 4 bytes cmem[2]
ptxas info    : Function properties for __omp_outlined__35_wrapper
    0 bytes stack frame, 0 bytes spill stores, 0 bytes spill loads
ptxas info    : Function properties for __omp_outlined__3_wrapper
    88 bytes stack frame, 72 bytes spill stores, 72 bytes spill loads
ptxas info    : Function properties for __omp_outlined__67_wrapper
    88 bytes stack frame, 72 bytes spill stores, 72 bytes spill loads
ptxas info    : Function properties for __omp_outlined__19_wrapper
    88 bytes stack frame, 72 bytes spill stores, 72 bytes spill loads
ptxas info    : Compiling entry function '__omp_offloading_811_27e0706_main_l1395' for 'sm_37'
ptxas info    : Function properties for __omp_offloading_811_27e0706_main_l1395
    0 bytes stack frame, 0 bytes spill stores, 0 bytes spill loads
ptxas info    : Used 37 registers, 384 bytes cmem[0], 4 bytes cmem[2]
ptxas info    : Function properties for __omp_outlined__51_wrapper
    104 bytes stack frame, 88 bytes spill stores, 88 bytes spill loads
ptxas info    : Compiling entry function '__omp_offloading_811_27e0706_main_l1248' for 'sm_37'
ptxas info    : Function properties for __omp_offloading_811_27e0706_main_l1248
    0 bytes stack frame, 0 bytes spill stores, 0 bytes spill loads
ptxas info    : Used 30 registers, 376 bytes cmem[0], 4 bytes cmem[2]
ptxas info    : Function properties for __omp_outlined__43_wrapper
    88 bytes stack frame, 72 bytes spill stores, 72 bytes spill loads
ptxas info    : Function properties for __omp_outlined__11_wrapper
    0 bytes stack frame, 0 bytes spill stores, 0 bytes spill loads
ptxas info    : Function properties for _ZN27omptarget_nvptx_LoopSupportIiiE13dispatch_nextEPiS1_S1_S1_
    0 bytes stack frame, 0 bytes spill stores, 0 bytes spill loads
ptxas info    : Function properties for __omp_outlined__27_wrapper
    88 bytes stack frame, 72 bytes spill stores, 72 bytes spill loads
ptxas info    : Compiling entry function '__omp_offloading_811_27e0706_main_l1547' for 'sm_37'
ptxas info    : Function properties for __omp_offloading_811_27e0706_main_l1547
    16 bytes stack frame, 0 bytes spill stores, 0 bytes spill loads
ptxas info    : Used 55 registers, 384 bytes cmem[0], 4 bytes cmem[2]
ptxas info    : Function properties for __omp_outlined__59_wrapper
    0 bytes stack frame, 0 bytes spill stores, 0 bytes spill loads
 "/usr/local/cuda-8.0/bin/nvlink" -o /tmp/test-3e14b2.out -v -arch sm_37 -L/localhd/gbercea/patch-compiler/obj-release/lib -L/usr/local/cuda-8.0/lib64 -L/usr/local/cuda-8.0/nvvm/libdevice -L/localhd/gbercea/patch-compiler/obj-release/lib -lomptarget-nvptx /tmp/test-6a8c12.cubin
nvlink info    : 100538643 bytes gmem
nvlink info    : Function properties for '__omp_offloading_811_27e0706_main_l1547':
nvlink info    : used 55 registers, 16 stack, 1092 bytes smem, 384 bytes cmem[0], 8 bytes cmem[2], 0 bytes lmem
nvlink info    : Function properties for '__omp_offloading_811_27e0706_main_l1248':
nvlink info    : used 30 registers, 0 stack, 1092 bytes smem, 376 bytes cmem[0], 4 bytes cmem[2], 0 bytes lmem
nvlink info    : Function properties for '__omp_offloading_811_27e0706_main_l1395':
nvlink info    : used 37 registers, 0 stack, 1092 bytes smem, 384 bytes cmem[0], 4 bytes cmem[2], 0 bytes lmem
nvlink info    : Function properties for '__omp_offloading_811_27e0706_main_l1101':
nvlink info    : used 37 registers, 0 stack, 1092 bytes smem, 376 bytes cmem[0], 4 bytes cmem[2], 0 bytes lmem
nvlink info    : Function properties for '__omp_offloading_811_27e0706_main_l1471':
nvlink info    : used 55 registers, 16 stack, 1092 bytes smem, 384 bytes cmem[0], 8 bytes cmem[2], 0 bytes lmem
nvlink info    : Function properties for '__omp_offloading_811_27e0706_main_l1175':
nvlink info    : used 53 registers, 16 stack, 1092 bytes smem, 376 bytes cmem[0], 8 bytes cmem[2], 0 bytes lmem
nvlink info    : Function properties for '__omp_offloading_811_27e0706_main_l1623':
nvlink info    : used 53 registers, 16 stack, 1092 bytes smem, 376 bytes cmem[0], 8 bytes cmem[2], 0 bytes lmem
nvlink info    : Function properties for '__omp_offloading_811_27e0706_main_l1030':
nvlink info    : used 29 registers, 0 stack, 1092 bytes smem, 368 bytes cmem[0], 4 bytes cmem[2], 0 bytes lmem
nvlink info    : Function properties for '__omp_offloading_811_27e0706_main_l1320':
nvlink info    : used 37 registers, 0 stack, 1092 bytes smem, 376 bytes cmem[0], 4 bytes cmem[2], 0 bytes lmem
nvlink info    : Function properties for '__omp_offloading_811_27e0706_main_l1433':
nvlink info    : used 53 registers, 16 stack, 1092 bytes smem, 376 bytes cmem[0], 8 bytes cmem[2], 0 bytes lmem
nvlink info    : Function properties for '__omp_offloading_811_27e0706_main_l1137':
nvlink info    : used 53 registers, 16 stack, 1092 bytes smem, 368 bytes cmem[0], 8 bytes cmem[2], 0 bytes lmem
nvlink info    : Function properties for '__omp_offloading_811_27e0706_main_l1586':
nvlink info    : used 47 registers, 16 stack, 1092 bytes smem, 376 bytes cmem[0], 8 bytes cmem[2], 0 bytes lmem
nvlink info    : Function properties for '__omp_offloading_811_27e0706_main_l1284':
nvlink info    : used 29 registers, 0 stack, 1092 bytes smem, 368 bytes cmem[0], 4 bytes cmem[2], 0 bytes lmem
nvlink info    : Function properties for '__omp_offloading_811_27e0706_main_l1509':
nvlink info    : used 53 registers, 16 stack, 1092 bytes smem, 376 bytes cmem[0], 8 bytes cmem[2], 0 bytes lmem
nvlink info    : Function properties for '__omp_offloading_811_27e0706_main_l1212':
nvlink info    : used 29 registers, 0 stack, 1092 bytes smem, 368 bytes cmem[0], 4 bytes cmem[2], 0 bytes lmem
nvlink info    : Function properties for '__omp_offloading_811_27e0706_main_l1065':
nvlink info    : used 29 registers, 0 stack, 1092 bytes smem, 368 bytes cmem[0], 4 bytes cmem[2], 0 bytes lmem
nvlink info    : Function properties for '__omp_offloading_811_27e0706_main_l1357':
nvlink info    : used 30 registers, 0 stack, 1092 bytes smem, 376 bytes cmem[0], 4 bytes cmem[2], 0 bytes lmem
nvlink info    : Function properties for '__omp_offloading_811_27e0706_main_l455':
nvlink info    : used 76 registers, 104 stack, 1092 bytes smem, 376 bytes cmem[0], 8 bytes cmem[2], 0 bytes lmem
nvlink info    : Function properties for '__omp_offloading_811_27e0706_main_l100':
nvlink info    : used 76 registers, 120 stack, 1092 bytes smem, 384 bytes cmem[0], 8 bytes cmem[2], 0 bytes lmem
nvlink info    : Function properties for '__omp_offloading_811_27e0706_main_l965':
nvlink info    : used 76 registers, 120 stack, 1092 bytes smem, 384 bytes cmem[0], 8 bytes cmem[2], 0 bytes lmem
nvlink info    : Function properties for '__omp_offloading_811_27e0706_main_l656':
nvlink info    : used 76 registers, 120 stack, 1092 bytes smem, 400 bytes cmem[0], 8 bytes cmem[2], 0 bytes lmem
nvlink info    : Function properties for '__omp_offloading_811_27e0706_main_l270':
nvlink info    : used 76 registers, 120 stack, 1092 bytes smem, 384 bytes cmem[0], 8 bytes cmem[2], 0 bytes lmem
nvlink info    : Function properties for '__omp_offloading_811_27e0706_main_l360':
nvlink info    : used 76 registers, 120 stack, 1092 bytes smem, 384 bytes cmem[0], 8 bytes cmem[2], 0 bytes lmem
nvlink info    : Function properties for '__omp_offloading_811_27e04ce__Z16check_offloadingv_l22':
nvlink info    : used 76 registers, 104 stack, 1092 bytes smem, 328 bytes cmem[0], 8 bytes cmem[2], 0 bytes lmem
nvlink info    : Function properties for '__omp_offloading_811_27e0706_main_l877':
nvlink info    : used 76 registers, 104 stack, 1092 bytes smem, 376 bytes cmem[0], 8 bytes cmem[2], 0 bytes lmem
nvlink info    : Function properties for '__omp_offloading_811_27e0706_main_l547':
nvlink info    : used 76 registers, 120 stack, 1092 bytes smem, 384 bytes cmem[0], 8 bytes cmem[2], 0 bytes lmem
nvlink info    : Function properties for '__omp_offloading_811_27e0706_main_l190':
nvlink info    : used 76 registers, 104 stack, 1092 bytes smem, 376 bytes cmem[0], 8 bytes cmem[2], 0 bytes lmem
nvlink info    : Function properties for '__omp_offloading_811_27e0706_main_l400':
nvlink info    : used 76 registers, 120 stack, 1092 bytes smem, 384 bytes cmem[0], 8 bytes cmem[2], 0 bytes lmem
nvlink info    : Function properties for '__omp_offloading_811_27e0706_main_l60':
nvlink info    : used 76 registers, 104 stack, 1092 bytes smem, 376 bytes cmem[0], 8 bytes cmem[2], 0 bytes lmem
nvlink info    : Function properties for '__omp_offloading_811_27e0706_main_l921':
nvlink info    : used 76 registers, 120 stack, 1092 bytes smem, 384 bytes cmem[0], 8 bytes cmem[2], 0 bytes lmem
nvlink info    : Function properties for '__omp_offloading_811_27e0706_main_l606':
nvlink info    : used 76 registers, 104 stack, 1092 bytes smem, 392 bytes cmem[0], 8 bytes cmem[2], 0 bytes lmem
nvlink info    : Function properties for '__omp_offloading_811_27e0706_main_l230':
nvlink info    : used 76 registers, 120 stack, 1092 bytes smem, 384 bytes cmem[0], 8 bytes cmem[2], 0 bytes lmem
nvlink info    : Function properties for '__omp_offloading_811_27e0706_main_l501':
nvlink info    : used 76 registers, 120 stack, 1092 bytes smem, 384 bytes cmem[0], 8 bytes cmem[2], 0 bytes lmem
nvlink info    : Function properties for '__omp_offloading_811_27e0706_main_l140':
nvlink info    : used 76 registers, 120 stack, 1092 bytes smem, 384 bytes cmem[0], 8 bytes cmem[2], 0 bytes lmem
nvlink info    : Function properties for '__omp_offloading_811_27e0706_main_l320':
nvlink info    : used 76 registers, 104 stack, 1092 bytes smem, 376 bytes cmem[0], 8 bytes cmem[2], 0 bytes lmem
nvlink info    : Function properties for '__omp_offloading_811_27e0706_main_l706':
nvlink info    : used 76 registers, 120 stack, 1092 bytes smem, 400 bytes cmem[0], 8 bytes cmem[2], 0 bytes lmem
nvlink info    : Function properties for '__omp_offloading_811_27e0706_main_l380':
nvlink info    : used 76 registers, 120 stack, 1092 bytes smem, 384 bytes cmem[0], 8 bytes cmem[2], 0 bytes lmem
nvlink info    : Function properties for '__omp_offloading_811_27e0706_main_l39':
nvlink info    : used 76 registers, 104 stack, 1092 bytes smem, 328 bytes cmem[0], 8 bytes cmem[2], 0 bytes lmem
nvlink info    : Function properties for '__omp_offloading_811_27e0706_main_l899':
nvlink info    : used 76 registers, 120 stack, 1092 bytes smem, 384 bytes cmem[0], 8 bytes cmem[2], 0 bytes lmem
nvlink info    : Function properties for '__omp_offloading_811_27e0706_main_l570':
nvlink info    : used 76 registers, 104 stack, 1092 bytes smem, 384 bytes cmem[0], 8 bytes cmem[2], 0 bytes lmem
nvlink info    : Function properties for '__omp_offloading_811_27e0706_main_l210':
nvlink info    : used 76 registers, 120 stack, 1092 bytes smem, 384 bytes cmem[0], 8 bytes cmem[2], 0 bytes lmem
nvlink info    : Function properties for '__omp_offloading_811_27e0706_main_l478':
nvlink info    : used 76 registers, 120 stack, 1092 bytes smem, 384 bytes cmem[0], 8 bytes cmem[2], 0 bytes lmem
nvlink info    : Function properties for '__omp_offloading_811_27e0706_main_l120':
nvlink info    : used 76 registers, 120 stack, 1092 bytes smem, 384 bytes cmem[0], 8 bytes cmem[2], 0 bytes lmem
nvlink info    : Function properties for '__omp_offloading_811_27e0706_main_l987':
nvlink info    : used 76 registers, 104 stack, 1092 bytes smem, 384 bytes cmem[0], 8 bytes cmem[2], 0 bytes lmem
nvlink info    : Function properties for '__omp_offloading_811_27e0706_main_l290':
nvlink info    : used 76 registers, 104 stack, 1092 bytes smem, 384 bytes cmem[0], 8 bytes cmem[2], 0 bytes lmem
nvlink info    : Function properties for '__omp_offloading_811_27e0706_main_l681':
nvlink info    : used 76 registers, 120 stack, 1092 bytes smem, 400 bytes cmem[0], 8 bytes cmem[2], 0 bytes lmem
nvlink info    : Function properties for '__omp_offloading_811_27e0706_main_l420':
nvlink info    : used 76 registers, 104 stack, 1092 bytes smem, 384 bytes cmem[0], 8 bytes cmem[2], 0 bytes lmem
nvlink info    : Function properties for '__omp_offloading_811_27e0706_main_l80':
nvlink info    : used 76 registers, 120 stack, 1092 bytes smem, 384 bytes cmem[0], 8 bytes cmem[2], 0 bytes lmem
nvlink info    : Function properties for '__omp_offloading_811_27e0706_main_l943':
nvlink info    : used 76 registers, 120 stack, 1092 bytes smem, 384 bytes cmem[0], 8 bytes cmem[2], 0 bytes lmem
nvlink info    : Function properties for '__omp_offloading_811_27e0706_main_l631':
nvlink info    : used 76 registers, 120 stack, 1092 bytes smem, 400 bytes cmem[0], 8 bytes cmem[2], 0 bytes lmem
nvlink info    : Function properties for '__omp_offloading_811_27e0706_main_l250':
nvlink info    : used 76 registers, 120 stack, 1092 bytes smem, 384 bytes cmem[0], 8 bytes cmem[2], 0 bytes lmem
nvlink info    : Function properties for '__omp_offloading_811_27e0706_main_l524':
nvlink info    : used 76 registers, 120 stack, 1092 bytes smem, 384 bytes cmem[0], 8 bytes cmem[2], 0 bytes lmem
nvlink info    : Function properties for '__omp_offloading_811_27e0706_main_l160':
nvlink info    : used 76 registers, 104 stack, 1092 bytes smem, 384 bytes cmem[0], 8 bytes cmem[2], 0 bytes lmem
nvlink info    : Function properties for '__omp_offloading_811_27e0706_main_l340':
nvlink info    : used 76 registers, 120 stack, 1092 bytes smem, 384 bytes cmem[0], 8 bytes cmem[2], 0 bytes lmem
nvlink info    : Function properties for '__omp_offloading_811_27e0706_main_l731':
nvlink info    : used 76 registers, 104 stack, 1092 bytes smem, 400 bytes cmem[0], 8 bytes cmem[2], 0 bytes lmem
 "/localhd/gbercea/patch-compiler/obj-release/bin/clang-6.0" -cc1 -triple powerpc64le-ibm-linux-gnu -emit-obj -disable-free -main-file-name test.cpp -mrelocation-model pic -pic-level 2 -mthread-model posix -fmath-errno -masm-verbose -mconstructor-aliases -fuse-init-array -target-cpu pwr8 -mfloat-abi hard -target-abi elfv2 -dwarf-column-info -debugger-tuning=gdb -momit-leaf-frame-pointer -v -resource-dir /localhd/gbercea/patch-compiler/obj-release/lib/clang/7.0.0 -O2 -std=c++11 -fdebug-compilation-dir /localhd/gbercea/patch-compiler/src/projects/openmp/libomptarget/omptests/t-teams-distribute-parallel-for-simd/results -ferror-limit 19 -fmessage-length 0 -fopenmp -fno-signed-char -fobjc-runtime=gcc -fdiagnostics-show-option -vectorize-loops -vectorize-slp -o /tmp/test-67a028.o -x ir /tmp/test-e7d5cd.bc -faddrsig
clang -cc1 version 7.0.0 based upon LLVM 7.0.0svn default target powerpc64le-unknown-linux-gnu
remark: <unknown>:0:0: loop not vectorized: control flow cannot be substituted for a select
warning: <unknown>:0:0: loop not vectorized: failed explicitly specified loop vectorization
remark: <unknown>:0:0: loop not vectorized: control flow cannot be substituted for a select
warning: <unknown>:0:0: loop not vectorized: failed explicitly specified loop vectorization
remark: <unknown>:0:0: loop not vectorized: control flow cannot be substituted for a select
warning: <unknown>:0:0: loop not vectorized: failed explicitly specified loop vectorization
remark: <unknown>:0:0: loop not vectorized: control flow cannot be substituted for a select
warning: <unknown>:0:0: loop not vectorized: failed explicitly specified loop vectorization
remark: <unknown>:0:0: loop not vectorized: control flow cannot be substituted for a select
warning: <unknown>:0:0: loop not vectorized: failed explicitly specified loop vectorization
remark: <unknown>:0:0: loop not vectorized: control flow cannot be substituted for a select
warning: <unknown>:0:0: loop not vectorized: failed explicitly specified loop vectorization
remark: <unknown>:0:0: loop not vectorized: control flow cannot be substituted for a select
warning: <unknown>:0:0: loop not vectorized: failed explicitly specified loop vectorization
remark: <unknown>:0:0: loop not vectorized: control flow cannot be substituted for a select
warning: <unknown>:0:0: loop not vectorized: failed explicitly specified loop vectorization
remark: <unknown>:0:0: loop not vectorized: control flow cannot be substituted for a select
warning: <unknown>:0:0: loop not vectorized: failed explicitly specified loop vectorization
remark: <unknown>:0:0: loop not vectorized: control flow cannot be substituted for a select
warning: <unknown>:0:0: loop not vectorized: failed explicitly specified loop vectorization
remark: <unknown>:0:0: loop not vectorized: control flow cannot be substituted for a select
warning: <unknown>:0:0: loop not vectorized: failed explicitly specified loop vectorization
remark: <unknown>:0:0: loop not vectorized: control flow cannot be substituted for a select
warning: <unknown>:0:0: loop not vectorized: failed explicitly specified loop vectorization
remark: <unknown>:0:0: loop not vectorized: control flow cannot be substituted for a select
warning: <unknown>:0:0: loop not vectorized: failed explicitly specified loop vectorization
remark: <unknown>:0:0: loop not vectorized: control flow cannot be substituted for a select
warning: <unknown>:0:0: loop not vectorized: failed explicitly specified loop vectorization
remark: <unknown>:0:0: loop not vectorized: control flow cannot be substituted for a select
warning: <unknown>:0:0: loop not vectorized: failed explicitly specified loop vectorization
remark: <unknown>:0:0: loop not vectorized: control flow cannot be substituted for a select
warning: <unknown>:0:0: loop not vectorized: failed explicitly specified loop vectorization
remark: <unknown>:0:0: loop not vectorized: control flow cannot be substituted for a select
warning: <unknown>:0:0: loop not vectorized: failed explicitly specified loop vectorization
remark: <unknown>:0:0: loop not vectorized: control flow cannot be substituted for a select
warning: <unknown>:0:0: loop not vectorized: failed explicitly specified loop vectorization
remark: <unknown>:0:0: loop not vectorized: control flow cannot be substituted for a select
warning: <unknown>:0:0: loop not vectorized: failed explicitly specified loop vectorization
remark: <unknown>:0:0: loop not vectorized: control flow cannot be substituted for a select
warning: <unknown>:0:0: loop not vectorized: failed explicitly specified loop vectorization
remark: <unknown>:0:0: loop not vectorized: control flow cannot be substituted for a select
warning: <unknown>:0:0: loop not vectorized: failed explicitly specified loop vectorization
remark: <unknown>:0:0: loop not vectorized: control flow cannot be substituted for a select
warning: <unknown>:0:0: loop not vectorized: failed explicitly specified loop vectorization
remark: <unknown>:0:0: loop not vectorized: control flow cannot be substituted for a select
warning: <unknown>:0:0: loop not vectorized: failed explicitly specified loop vectorization
remark: <unknown>:0:0: loop not vectorized: value that could not be identified as reduction is used outside the loop
warning: <unknown>:0:0: loop not vectorized: failed explicitly specified loop vectorization
remark: <unknown>:0:0: loop not vectorized: control flow cannot be substituted for a select
warning: <unknown>:0:0: loop not vectorized: failed explicitly specified loop vectorization
remark: <unknown>:0:0: loop not vectorized: value that could not be identified as reduction is used outside the loop
warning: <unknown>:0:0: loop not vectorized: failed explicitly specified loop vectorization
remark: <unknown>:0:0: loop not vectorized: control flow cannot be substituted for a select
warning: <unknown>:0:0: loop not vectorized: failed explicitly specified loop vectorization
remark: <unknown>:0:0: loop not vectorized: value that could not be identified as reduction is used outside the loop
warning: <unknown>:0:0: loop not vectorized: failed explicitly specified loop vectorization
remark: <unknown>:0:0: loop not vectorized: control flow cannot be substituted for a select
warning: <unknown>:0:0: loop not vectorized: failed explicitly specified loop vectorization
remark: <unknown>:0:0: loop not vectorized: value that could not be identified as reduction is used outside the loop
warning: <unknown>:0:0: loop not vectorized: failed explicitly specified loop vectorization
remark: <unknown>:0:0: loop not vectorized: control flow cannot be substituted for a select
warning: <unknown>:0:0: loop not vectorized: failed explicitly specified loop vectorization
remark: <unknown>:0:0: loop not vectorized: value that could not be identified as reduction is used outside the loop
warning: <unknown>:0:0: loop not vectorized: failed explicitly specified loop vectorization
remark: <unknown>:0:0: loop not vectorized: control flow cannot be substituted for a select
warning: <unknown>:0:0: loop not vectorized: failed explicitly specified loop vectorization
remark: <unknown>:0:0: loop not vectorized: value that could not be identified as reduction is used outside the loop
warning: <unknown>:0:0: loop not vectorized: failed explicitly specified loop vectorization
remark: <unknown>:0:0: loop not vectorized: control flow cannot be substituted for a select
warning: <unknown>:0:0: loop not vectorized: failed explicitly specified loop vectorization
remark: <unknown>:0:0: loop not vectorized: control flow cannot be substituted for a select
warning: <unknown>:0:0: loop not vectorized: failed explicitly specified loop vectorization
remark: <unknown>:0:0: loop not vectorized: control flow cannot be substituted for a select
warning: <unknown>:0:0: loop not vectorized: failed explicitly specified loop vectorization
remark: <unknown>:0:0: loop not vectorized: control flow cannot be substituted for a select
warning: <unknown>:0:0: loop not vectorized: failed explicitly specified loop vectorization
remark: <unknown>:0:0: loop not vectorized: control flow cannot be substituted for a select
warning: <unknown>:0:0: loop not vectorized: failed explicitly specified loop vectorization
remark: <unknown>:0:0: loop not vectorized: control flow cannot be substituted for a select
warning: <unknown>:0:0: loop not vectorized: failed explicitly specified loop vectorization
remark: <unknown>:0:0: loop not vectorized: value that could not be identified as reduction is used outside the loop
warning: <unknown>:0:0: loop not vectorized: failed explicitly specified loop vectorization
remark: <unknown>:0:0: loop not vectorized: value that could not be identified as reduction is used outside the loop
warning: <unknown>:0:0: loop not vectorized: failed explicitly specified loop vectorization
remark: <unknown>:0:0: loop not vectorized: value that could not be identified as reduction is used outside the loop
warning: <unknown>:0:0: loop not vectorized: failed explicitly specified loop vectorization
remark: <unknown>:0:0: loop not vectorized: value that could not be identified as reduction is used outside the loop
warning: <unknown>:0:0: loop not vectorized: failed explicitly specified loop vectorization
remark: <unknown>:0:0: loop not vectorized: value that could not be identified as reduction is used outside the loop
warning: <unknown>:0:0: loop not vectorized: failed explicitly specified loop vectorization
remark: <unknown>:0:0: loop not vectorized: value that could not be identified as reduction is used outside the loop
warning: <unknown>:0:0: loop not vectorized: failed explicitly specified loop vectorization
remark: <unknown>:0:0: loop not vectorized: value that could not be identified as reduction is used outside the loop
warning: <unknown>:0:0: loop not vectorized: failed explicitly specified loop vectorization
remark: <unknown>:0:0: loop not vectorized: value that could not be identified as reduction is used outside the loop
warning: <unknown>:0:0: loop not vectorized: failed explicitly specified loop vectorization
remark: <unknown>:0:0: loop not vectorized: value that could not be identified as reduction is used outside the loop
warning: <unknown>:0:0: loop not vectorized: failed explicitly specified loop vectorization
 "/usr/bin/ld" -z relro --hash-style=gnu --eh-frame-hdr -m elf64lppc -dynamic-linker /lib64/ld64.so.2 -o /localhd/gbercea/patch-compiler/src/projects/openmp/libomptarget/omptests/t-teams-distribute-parallel-for-simd/results/a.out /usr/lib/gcc/powerpc64le-linux-gnu/4.8/../../../powerpc64le-linux-gnu/crt1.o /usr/lib/gcc/powerpc64le-linux-gnu/4.8/../../../powerpc64le-linux-gnu/crti.o /usr/lib/gcc/powerpc64le-linux-gnu/4.8/crtbegin.o -L/localhd/gbercea/patch-compiler/obj-release/lib -L/localhd/gbercea/patch-compiler/obj-release/lib -L/usr/lib/gcc/powerpc64le-linux-gnu/4.8 -L/usr/lib/gcc/powerpc64le-linux-gnu/4.8/../../../powerpc64le-linux-gnu -L/usr/lib/gcc/powerpc64le-linux-gnu/4.8/../../../../lib64 -L/lib/powerpc64le-linux-gnu -L/lib/../lib64 -L/usr/lib/powerpc64le-linux-gnu -L/usr/lib/../lib64 -L/usr/lib/powerpc64le-linux-gnu/../../lib64 -L/usr/lib/gcc/powerpc64le-linux-gnu/4.8/../../.. -L/localhd/gbercea/patch-compiler/obj-release/bin/../lib -L/lib -L/usr/lib /tmp/test-67a028.o -L/localhd/gbercea/patch-compiler/obj-release/lib -L/usr/local/cuda-8.0/lib64 -L/usr/local/cuda-8.0/nvvm/libdevice -lstdc++ -lm -lomp -lomptarget -lgcc_s -lgcc -lpthread -latomic -lc -lgcc_s -lgcc /usr/lib/gcc/powerpc64le-linux-gnu/4.8/crtend.o /usr/lib/gcc/powerpc64le-linux-gnu/4.8/../../../powerpc64le-linux-gnu/crtn.o -T /tmp/a-30f05b.lk
