clang version 7.0.0 (http://llvm.org/git/clang.git 54d71f0ca9e6bbb7f8688abadf9d1805b9babae8) (http://llvm.org/git/llvm.git ac8c393bd50a8d2b3f62a149bf97c37659e3c4e9)
Target: powerpc64le-ibm-linux-gnu
Thread model: posix
InstalledDir: /home/gbercea/patch-compiler/obj-release/bin
Found candidate GCC installation: /usr/lib/gcc/ppc64le-redhat-linux/4.8.2
Found candidate GCC installation: /usr/lib/gcc/ppc64le-redhat-linux/4.8.5
Selected GCC installation: /usr/lib/gcc/ppc64le-redhat-linux/4.8.5
Candidate multilib: .;@m64
Selected multilib: .;@m64
Found CUDA installation: /usr/local/cuda-9.2, version 9.2
 "/home/gbercea/patch-compiler/obj-release/bin/clang-7" -cc1 -triple powerpc64le-ibm-linux-gnu -emit-llvm-bc -emit-llvm-uselists -disable-free -main-file-name test.c -mrelocation-model pic -pic-level 2 -mthread-model posix -fmath-errno -masm-verbose -mconstructor-aliases -fuse-init-array -target-cpu pwr8 -mfloat-abi hard -target-abi elfv2 -dwarf-column-info -debugger-tuning=gdb -momit-leaf-frame-pointer -v -resource-dir /home/gbercea/patch-compiler/obj-release/lib/clang/7.0.0 -I /home/gbercea/patch-compiler/obj-release/lib -I /home/gbercea/patch-compiler/obj-release/lib/../ -I /home/gbercea/patch-compiler/obj-release/lib/../projects/openmp/runtime/src/ -internal-isystem /usr/local/include -internal-isystem /home/gbercea/patch-compiler/obj-release/lib/clang/7.0.0/include -internal-externc-isystem /include -internal-externc-isystem /usr/include -internal-isystem /usr/local/include -internal-isystem /home/gbercea/patch-compiler/obj-release/lib/clang/7.0.0/include -internal-externc-isystem /include -internal-externc-isystem /usr/include -O2 -fdebug-compilation-dir /home/gbercea/patch-compiler/src/projects/openmp/libomptarget/omptests/t-parallel-for-simd/results -ferror-limit 19 -fmessage-length 0 -fopenmp -fno-signed-char -fobjc-runtime=gcc -fdiagnostics-show-option -vectorize-loops -vectorize-slp -o /tmp/test-075bb4.bc -x c /home/gbercea/patch-compiler/src/projects/openmp/libomptarget/omptests/t-parallel-for-simd/test.c -fopenmp-targets=nvptx64-nvidia-cuda
clang -cc1 version 7.0.0 based upon LLVM 7.0.0svn default target powerpc64le-unknown-linux-gnu
ignoring nonexistent directory "/include"
ignoring nonexistent directory "/include"
ignoring duplicate directory "/usr/local/include"
ignoring duplicate directory "/home/gbercea/patch-compiler/obj-release/lib/clang/7.0.0/include"
ignoring duplicate directory "/usr/include"
#include "..." search starts here:
#include <...> search starts here:
 /home/gbercea/patch-compiler/obj-release/lib
 /home/gbercea/patch-compiler/obj-release/lib/..
 /home/gbercea/patch-compiler/obj-release/lib/../projects/openmp/runtime/src
 /usr/local/include
 /home/gbercea/patch-compiler/obj-release/lib/clang/7.0.0/include
 /usr/include
End of search list.
/home/gbercea/patch-compiler/src/projects/openmp/libomptarget/omptests/t-parallel-for-simd/test.c:54:24: warning: format specifies type 'double' but the argument has type 'int' [-Wformat]
    VERIFY(0, 1, S[0], SUMS * (N/2*(N+1))))
    ~~~~~~~~~~~~~~~~~~~^~~~~~~~~~~~~~~~~~~~
/home/gbercea/patch-compiler/src/projects/openmp/libomptarget/omptests/t-parallel-for-simd/defines.h:27:14: note: expanded from macro 'SUMS'
#define SUMS (9)
             ^
/home/gbercea/patch-compiler/src/projects/openmp/libomptarget/omptests/t-parallel-for-simd/../utilities/utilities.h:35:70: note: expanded from macro 'VERIFY'
      printf ("Failed at %3d with %s, expected %f, got %f\n", i, #X, VAL, X); \
                                               ~~                    ^
/home/gbercea/patch-compiler/src/projects/openmp/libomptarget/omptests/t-parallel-for-simd/defines.h:24:4: note: expanded from macro 'PARALLEL_FOR'
}, VERIFY)
~~~^~~~~~~
/home/gbercea/patch-compiler/src/projects/openmp/libomptarget/omptests/t-parallel-for-simd/../utilities/utilities.h:60:5: note: expanded from macro 'TEST'
    V \
    ^
/home/gbercea/patch-compiler/src/projects/openmp/libomptarget/omptests/t-parallel-for-simd/test.c:80:24: warning: format specifies type 'double' but the argument has type 'int' [-Wformat]
    VERIFY(0, 1, S[0], SUMS * (N/2*(N+1))))
    ~~~~~~~~~~~~~~~~~~~^~~~~~~~~~~~~~~~~~~~
/home/gbercea/patch-compiler/src/projects/openmp/libomptarget/omptests/t-parallel-for-simd/defines.h:27:14: note: expanded from macro 'SUMS'
#define SUMS (9)
             ^
/home/gbercea/patch-compiler/src/projects/openmp/libomptarget/omptests/t-parallel-for-simd/../utilities/utilities.h:35:70: note: expanded from macro 'VERIFY'
      printf ("Failed at %3d with %s, expected %f, got %f\n", i, #X, VAL, X); \
                                               ~~                    ^
/home/gbercea/patch-compiler/src/projects/openmp/libomptarget/omptests/t-parallel-for-simd/defines.h:24:4: note: expanded from macro 'PARALLEL_FOR'
}, VERIFY)
~~~^~~~~~~
/home/gbercea/patch-compiler/src/projects/openmp/libomptarget/omptests/t-parallel-for-simd/../utilities/utilities.h:60:5: note: expanded from macro 'TEST'
    V \
    ^
/home/gbercea/patch-compiler/src/projects/openmp/libomptarget/omptests/t-parallel-for-simd/test.c:106:24: warning: format specifies type 'double' but the argument has type 'int' [-Wformat]
    VERIFY(0, 1, S[0], SUMS * (N/2*(N+1))))
    ~~~~~~~~~~~~~~~~~~~^~~~~~~~~~~~~~~~~~~~
/home/gbercea/patch-compiler/src/projects/openmp/libomptarget/omptests/t-parallel-for-simd/defines.h:27:14: note: expanded from macro 'SUMS'
#define SUMS (9)
             ^
/home/gbercea/patch-compiler/src/projects/openmp/libomptarget/omptests/t-parallel-for-simd/../utilities/utilities.h:35:70: note: expanded from macro 'VERIFY'
      printf ("Failed at %3d with %s, expected %f, got %f\n", i, #X, VAL, X); \
                                               ~~                    ^
/home/gbercea/patch-compiler/src/projects/openmp/libomptarget/omptests/t-parallel-for-simd/defines.h:24:4: note: expanded from macro 'PARALLEL_FOR'
}, VERIFY)
~~~^~~~~~~
/home/gbercea/patch-compiler/src/projects/openmp/libomptarget/omptests/t-parallel-for-simd/../utilities/utilities.h:60:5: note: expanded from macro 'TEST'
    V \
    ^
/home/gbercea/patch-compiler/src/projects/openmp/libomptarget/omptests/t-parallel-for-simd/test.c:132:24: warning: format specifies type 'double' but the argument has type 'int' [-Wformat]
    VERIFY(0, 1, S[0], SUMS * (N/2*(N+1))))
    ~~~~~~~~~~~~~~~~~~~^~~~~~~~~~~~~~~~~~~~
/home/gbercea/patch-compiler/src/projects/openmp/libomptarget/omptests/t-parallel-for-simd/defines.h:27:14: note: expanded from macro 'SUMS'
#define SUMS (9)
             ^
/home/gbercea/patch-compiler/src/projects/openmp/libomptarget/omptests/t-parallel-for-simd/../utilities/utilities.h:35:70: note: expanded from macro 'VERIFY'
      printf ("Failed at %3d with %s, expected %f, got %f\n", i, #X, VAL, X); \
                                               ~~                    ^
/home/gbercea/patch-compiler/src/projects/openmp/libomptarget/omptests/t-parallel-for-simd/defines.h:24:4: note: expanded from macro 'PARALLEL_FOR'
}, VERIFY)
~~~^~~~~~~
/home/gbercea/patch-compiler/src/projects/openmp/libomptarget/omptests/t-parallel-for-simd/../utilities/utilities.h:60:5: note: expanded from macro 'TEST'
    V \
    ^
/home/gbercea/patch-compiler/src/projects/openmp/libomptarget/omptests/t-parallel-for-simd/test.c:166:24: warning: format specifies type 'double' but the argument has type 'int' [-Wformat]
    VERIFY(0, 1, S[0], 6 + SUMS * (N/2*(N+1))))
    ~~~~~~~~~~~~~~~~~~~^~~~~~~~~~~~~~~~~~~~~~~~
/home/gbercea/patch-compiler/src/projects/openmp/libomptarget/omptests/t-parallel-for-simd/../utilities/utilities.h:35:70: note: expanded from macro 'VERIFY'
      printf ("Failed at %3d with %s, expected %f, got %f\n", i, #X, VAL, X); \
                                               ~~                    ^
/home/gbercea/patch-compiler/src/projects/openmp/libomptarget/omptests/t-parallel-for-simd/defines.h:24:4: note: expanded from macro 'PARALLEL_FOR'
}, VERIFY)
~~~^~~~~~~
/home/gbercea/patch-compiler/src/projects/openmp/libomptarget/omptests/t-parallel-for-simd/../utilities/utilities.h:60:5: note: expanded from macro 'TEST'
    V \
    ^
/home/gbercea/patch-compiler/src/projects/openmp/libomptarget/omptests/t-parallel-for-simd/test.c:202:24: warning: format specifies type 'double' but the argument has type 'int' [-Wformat]
    VERIFY(0, 1, S[0], SUMS * (N/2*(N+1))))
    ~~~~~~~~~~~~~~~~~~~^~~~~~~~~~~~~~~~~~~~
/home/gbercea/patch-compiler/src/projects/openmp/libomptarget/omptests/t-parallel-for-simd/defines.h:27:14: note: expanded from macro 'SUMS'
#define SUMS (9)
             ^
/home/gbercea/patch-compiler/src/projects/openmp/libomptarget/omptests/t-parallel-for-simd/../utilities/utilities.h:35:70: note: expanded from macro 'VERIFY'
      printf ("Failed at %3d with %s, expected %f, got %f\n", i, #X, VAL, X); \
                                               ~~                    ^
/home/gbercea/patch-compiler/src/projects/openmp/libomptarget/omptests/t-parallel-for-simd/defines.h:24:4: note: expanded from macro 'PARALLEL_FOR'
}, VERIFY)
~~~^~~~~~~
/home/gbercea/patch-compiler/src/projects/openmp/libomptarget/omptests/t-parallel-for-simd/../utilities/utilities.h:60:5: note: expanded from macro 'TEST'
    V \
    ^
/home/gbercea/patch-compiler/src/projects/openmp/libomptarget/omptests/t-parallel-for-simd/test.c:273:27: warning: format specifies type 'double' but the argument has type 'int' [-Wformat]
    }, VERIFY(0, 1, S[0], 5 * (N + (N/2*(N+1))) ));
    ~~~~~~~~~~~~~~~~~~~~~~^~~~~~~~~~~~~~~~~~~~~~~~
/home/gbercea/patch-compiler/src/projects/openmp/libomptarget/omptests/t-parallel-for-simd/../utilities/utilities.h:35:70: note: expanded from macro 'VERIFY'
      printf ("Failed at %3d with %s, expected %f, got %f\n", i, #X, VAL, X); \
                                               ~~                    ^
/home/gbercea/patch-compiler/src/projects/openmp/libomptarget/omptests/t-parallel-for-simd/../utilities/utilities.h:60:5: note: expanded from macro 'TEST'
    V \
    ^
/home/gbercea/patch-compiler/src/projects/openmp/libomptarget/omptests/t-parallel-for-simd/test.c:306:24: warning: format specifies type 'double' but the argument has type 'int' [-Wformat]
    VERIFY(0, 1, S[0], 6 + SUMS * (N/2*(N+1))))
    ~~~~~~~~~~~~~~~~~~~^~~~~~~~~~~~~~~~~~~~~~~~
/home/gbercea/patch-compiler/src/projects/openmp/libomptarget/omptests/t-parallel-for-simd/../utilities/utilities.h:35:70: note: expanded from macro 'VERIFY'
      printf ("Failed at %3d with %s, expected %f, got %f\n", i, #X, VAL, X); \
                                               ~~                    ^
/home/gbercea/patch-compiler/src/projects/openmp/libomptarget/omptests/t-parallel-for-simd/defines.h:24:4: note: expanded from macro 'PARALLEL_FOR'
}, VERIFY)
~~~^~~~~~~
/home/gbercea/patch-compiler/src/projects/openmp/libomptarget/omptests/t-parallel-for-simd/../utilities/utilities.h:60:5: note: expanded from macro 'TEST'
    V \
    ^
/home/gbercea/patch-compiler/src/projects/openmp/libomptarget/omptests/t-parallel-for-simd/test.c:342:24: warning: format specifies type 'double' but the argument has type 'int' [-Wformat]
    VERIFY(0, 1, S[0], SUMS * (N/2*(N+1))))
    ~~~~~~~~~~~~~~~~~~~^~~~~~~~~~~~~~~~~~~~
/home/gbercea/patch-compiler/src/projects/openmp/libomptarget/omptests/t-parallel-for-simd/defines.h:27:14: note: expanded from macro 'SUMS'
#define SUMS (9)
             ^
/home/gbercea/patch-compiler/src/projects/openmp/libomptarget/omptests/t-parallel-for-simd/../utilities/utilities.h:35:70: note: expanded from macro 'VERIFY'
      printf ("Failed at %3d with %s, expected %f, got %f\n", i, #X, VAL, X); \
                                               ~~                    ^
/home/gbercea/patch-compiler/src/projects/openmp/libomptarget/omptests/t-parallel-for-simd/defines.h:24:4: note: expanded from macro 'PARALLEL_FOR'
}, VERIFY)
~~~^~~~~~~
/home/gbercea/patch-compiler/src/projects/openmp/libomptarget/omptests/t-parallel-for-simd/../utilities/utilities.h:60:5: note: expanded from macro 'TEST'
    V \
    ^
/home/gbercea/patch-compiler/src/projects/openmp/libomptarget/omptests/t-parallel-for-simd/test.c:374:24: warning: format specifies type 'double' but the argument has type 'int' [-Wformat]
    VERIFY(0, 1, S[0], SUMS * (N/2*(N+1))))
    ~~~~~~~~~~~~~~~~~~~^~~~~~~~~~~~~~~~~~~~
/home/gbercea/patch-compiler/src/projects/openmp/libomptarget/omptests/t-parallel-for-simd/defines.h:27:14: note: expanded from macro 'SUMS'
#define SUMS (9)
             ^
/home/gbercea/patch-compiler/src/projects/openmp/libomptarget/omptests/t-parallel-for-simd/../utilities/utilities.h:35:70: note: expanded from macro 'VERIFY'
      printf ("Failed at %3d with %s, expected %f, got %f\n", i, #X, VAL, X); \
                                               ~~                    ^
/home/gbercea/patch-compiler/src/projects/openmp/libomptarget/omptests/t-parallel-for-simd/defines.h:24:4: note: expanded from macro 'PARALLEL_FOR'
}, VERIFY)
~~~^~~~~~~
/home/gbercea/patch-compiler/src/projects/openmp/libomptarget/omptests/t-parallel-for-simd/../utilities/utilities.h:60:5: note: expanded from macro 'TEST'
    V \
    ^
/home/gbercea/patch-compiler/src/projects/openmp/libomptarget/omptests/t-parallel-for-simd/test.c:406:27: warning: format specifies type 'double' but the argument has type 'int' [-Wformat]
    }, VERIFY(0, 1, S[0], 3 * (33*33 + 66*33) ));
       ~~~~~~~~~~~~~~~~~~~^~~~~~~~~~~~~~~~~~~~~
/home/gbercea/patch-compiler/src/projects/openmp/libomptarget/omptests/t-parallel-for-simd/../utilities/utilities.h:35:70: note: expanded from macro 'VERIFY'
      printf ("Failed at %3d with %s, expected %f, got %f\n", i, #X, VAL, X); \
                                               ~~                    ^~~
/home/gbercea/patch-compiler/src/projects/openmp/libomptarget/omptests/t-parallel-for-simd/../utilities/utilities.h:80:5: note: expanded from macro 'TESTD'
    V \
    ^
warning: loop not vectorized: failed explicitly specified loop vectorization [-Wpass-failed=loop-vectorize]
warning: loop not vectorized: failed explicitly specified loop vectorization [-Wpass-failed=loop-vectorize]
warning: loop not vectorized: failed explicitly specified loop vectorization [-Wpass-failed=loop-vectorize]
warning: loop not vectorized: failed explicitly specified loop vectorization [-Wpass-failed=loop-vectorize]
warning: loop not vectorized: failed explicitly specified loop vectorization [-Wpass-failed=loop-vectorize]
warning: loop not vectorized: failed explicitly specified loop vectorization [-Wpass-failed=loop-vectorize]
warning: loop not vectorized: failed explicitly specified loop vectorization [-Wpass-failed=loop-vectorize]
warning: loop not vectorized: failed explicitly specified loop vectorization [-Wpass-failed=loop-vectorize]
warning: loop not vectorized: failed explicitly specified loop vectorization [-Wpass-failed=loop-vectorize]
warning: loop not vectorized: failed explicitly specified loop vectorization [-Wpass-failed=loop-vectorize]
warning: loop not vectorized: failed explicitly specified loop vectorization [-Wpass-failed=loop-vectorize]
warning: loop not vectorized: failed explicitly specified loop vectorization [-Wpass-failed=loop-vectorize]
warning: loop not vectorized: failed explicitly specified loop vectorization [-Wpass-failed=loop-vectorize]
warning: loop not vectorized: failed explicitly specified loop vectorization [-Wpass-failed=loop-vectorize]
warning: loop not vectorized: failed explicitly specified loop vectorization [-Wpass-failed=loop-vectorize]
warning: loop not vectorized: failed explicitly specified loop vectorization [-Wpass-failed=loop-vectorize]
warning: loop not vectorized: failed explicitly specified loop vectorization [-Wpass-failed=loop-vectorize]
warning: loop not vectorized: failed explicitly specified loop vectorization [-Wpass-failed=loop-vectorize]
warning: loop not vectorized: failed explicitly specified loop vectorization [-Wpass-failed=loop-vectorize]
warning: loop not vectorized: failed explicitly specified loop vectorization [-Wpass-failed=loop-vectorize]
warning: loop not vectorized: failed explicitly specified loop vectorization [-Wpass-failed=loop-vectorize]
warning: loop not vectorized: failed explicitly specified loop vectorization [-Wpass-failed=loop-vectorize]
warning: loop not vectorized: failed explicitly specified loop vectorization [-Wpass-failed=loop-vectorize]
warning: loop not vectorized: failed explicitly specified loop vectorization [-Wpass-failed=loop-vectorize]
warning: loop not vectorized: failed explicitly specified loop vectorization [-Wpass-failed=loop-vectorize]
warning: loop not vectorized: failed explicitly specified loop vectorization [-Wpass-failed=loop-vectorize]
warning: loop not vectorized: failed explicitly specified loop vectorization [-Wpass-failed=loop-vectorize]
warning: loop not vectorized: failed explicitly specified loop vectorization [-Wpass-failed=loop-vectorize]
warning: loop not vectorized: failed explicitly specified loop vectorization [-Wpass-failed=loop-vectorize]
warning: loop not vectorized: failed explicitly specified loop vectorization [-Wpass-failed=loop-vectorize]
warning: loop not vectorized: failed explicitly specified loop vectorization [-Wpass-failed=loop-vectorize]
warning: loop not vectorized: failed explicitly specified loop vectorization [-Wpass-failed=loop-vectorize]
warning: loop not vectorized: failed explicitly specified loop vectorization [-Wpass-failed=loop-vectorize]
warning: loop not vectorized: failed explicitly specified loop vectorization [-Wpass-failed=loop-vectorize]
warning: loop not vectorized: failed explicitly specified loop vectorization [-Wpass-failed=loop-vectorize]
warning: loop not vectorized: failed explicitly specified loop vectorization [-Wpass-failed=loop-vectorize]
warning: loop not vectorized: failed explicitly specified loop vectorization [-Wpass-failed=loop-vectorize]
warning: loop not vectorized: failed explicitly specified loop vectorization [-Wpass-failed=loop-vectorize]
warning: loop not vectorized: failed explicitly specified loop vectorization [-Wpass-failed=loop-vectorize]
warning: loop not vectorized: failed explicitly specified loop vectorization [-Wpass-failed=loop-vectorize]
warning: loop not vectorized: failed explicitly specified loop vectorization [-Wpass-failed=loop-vectorize]
52 warnings generated.
 "/home/gbercea/patch-compiler/obj-release/bin/clang-7" -cc1 -triple nvptx64-nvidia-cuda -aux-triple powerpc64le-ibm-linux-gnu -S -disable-free -main-file-name test.c -mrelocation-model pic -pic-level 2 -mthread-model posix -mdisable-fp-elim -no-integrated-as -fuse-init-array -mlink-cuda-bitcode /usr/local/cuda-9.2/nvvm/libdevice/libdevice.10.bc -target-feature +ptx61 -mlink-cuda-bitcode /home/gbercea/patch-compiler/obj-release/lib/libomptarget-nvptx-sm_70.bc -target-cpu sm_70 -dwarf-column-info -debugger-tuning=gdb -v -resource-dir /home/gbercea/patch-compiler/obj-release/lib/clang/7.0.0 -I /home/gbercea/patch-compiler/obj-release/lib -I /home/gbercea/patch-compiler/obj-release/lib/../ -I /home/gbercea/patch-compiler/obj-release/lib/../projects/openmp/runtime/src/ -internal-isystem /usr/local/include -internal-isystem /home/gbercea/patch-compiler/obj-release/lib/clang/7.0.0/include -internal-externc-isystem /include -internal-externc-isystem /usr/include -internal-isystem /usr/local/include -internal-isystem /home/gbercea/patch-compiler/obj-release/lib/clang/7.0.0/include -internal-externc-isystem /include -internal-externc-isystem /usr/include -O2 -fno-dwarf-directory-asm -fdebug-compilation-dir /home/gbercea/patch-compiler/src/projects/openmp/libomptarget/omptests/t-parallel-for-simd/results -ferror-limit 19 -fmessage-length 0 -fopenmp -fobjc-runtime=gcc -fdiagnostics-show-option -vectorize-loops -vectorize-slp -o /tmp/test-09fafa.s -x c /home/gbercea/patch-compiler/src/projects/openmp/libomptarget/omptests/t-parallel-for-simd/test.c -fopenmp-is-device -fopenmp-host-ir-file-path /tmp/test-075bb4.bc
clang -cc1 version 7.0.0 based upon LLVM 7.0.0svn default target powerpc64le-unknown-linux-gnu
ignoring nonexistent directory "/include"
ignoring nonexistent directory "/include"
ignoring duplicate directory "/usr/local/include"
ignoring duplicate directory "/home/gbercea/patch-compiler/obj-release/lib/clang/7.0.0/include"
ignoring duplicate directory "/usr/include"
#include "..." search starts here:
#include <...> search starts here:
 /home/gbercea/patch-compiler/obj-release/lib
 /home/gbercea/patch-compiler/obj-release/lib/..
 /home/gbercea/patch-compiler/obj-release/lib/../projects/openmp/runtime/src
 /usr/local/include
 /home/gbercea/patch-compiler/obj-release/lib/clang/7.0.0/include
 /usr/include
End of search list.
/home/gbercea/patch-compiler/src/projects/openmp/libomptarget/omptests/t-parallel-for-simd/test.c:54:24: warning: format specifies type 'double' but the argument has type 'int' [-Wformat]
    VERIFY(0, 1, S[0], SUMS * (N/2*(N+1))))
    ~~~~~~~~~~~~~~~~~~~^~~~~~~~~~~~~~~~~~~~
/home/gbercea/patch-compiler/src/projects/openmp/libomptarget/omptests/t-parallel-for-simd/defines.h:27:14: note: expanded from macro 'SUMS'
#define SUMS (9)
             ^
/home/gbercea/patch-compiler/src/projects/openmp/libomptarget/omptests/t-parallel-for-simd/../utilities/utilities.h:35:70: note: expanded from macro 'VERIFY'
      printf ("Failed at %3d with %s, expected %f, got %f\n", i, #X, VAL, X); \
                                               ~~                    ^
/home/gbercea/patch-compiler/src/projects/openmp/libomptarget/omptests/t-parallel-for-simd/defines.h:24:4: note: expanded from macro 'PARALLEL_FOR'
}, VERIFY)
~~~^~~~~~~
/home/gbercea/patch-compiler/src/projects/openmp/libomptarget/omptests/t-parallel-for-simd/../utilities/utilities.h:60:5: note: expanded from macro 'TEST'
    V \
    ^
/home/gbercea/patch-compiler/src/projects/openmp/libomptarget/omptests/t-parallel-for-simd/test.c:80:24: warning: format specifies type 'double' but the argument has type 'int' [-Wformat]
    VERIFY(0, 1, S[0], SUMS * (N/2*(N+1))))
    ~~~~~~~~~~~~~~~~~~~^~~~~~~~~~~~~~~~~~~~
/home/gbercea/patch-compiler/src/projects/openmp/libomptarget/omptests/t-parallel-for-simd/defines.h:27:14: note: expanded from macro 'SUMS'
#define SUMS (9)
             ^
/home/gbercea/patch-compiler/src/projects/openmp/libomptarget/omptests/t-parallel-for-simd/../utilities/utilities.h:35:70: note: expanded from macro 'VERIFY'
      printf ("Failed at %3d with %s, expected %f, got %f\n", i, #X, VAL, X); \
                                               ~~                    ^
/home/gbercea/patch-compiler/src/projects/openmp/libomptarget/omptests/t-parallel-for-simd/defines.h:24:4: note: expanded from macro 'PARALLEL_FOR'
}, VERIFY)
~~~^~~~~~~
/home/gbercea/patch-compiler/src/projects/openmp/libomptarget/omptests/t-parallel-for-simd/../utilities/utilities.h:60:5: note: expanded from macro 'TEST'
    V \
    ^
/home/gbercea/patch-compiler/src/projects/openmp/libomptarget/omptests/t-parallel-for-simd/test.c:106:24: warning: format specifies type 'double' but the argument has type 'int' [-Wformat]
    VERIFY(0, 1, S[0], SUMS * (N/2*(N+1))))
    ~~~~~~~~~~~~~~~~~~~^~~~~~~~~~~~~~~~~~~~
/home/gbercea/patch-compiler/src/projects/openmp/libomptarget/omptests/t-parallel-for-simd/defines.h:27:14: note: expanded from macro 'SUMS'
#define SUMS (9)
             ^
/home/gbercea/patch-compiler/src/projects/openmp/libomptarget/omptests/t-parallel-for-simd/../utilities/utilities.h:35:70: note: expanded from macro 'VERIFY'
      printf ("Failed at %3d with %s, expected %f, got %f\n", i, #X, VAL, X); \
                                               ~~                    ^
/home/gbercea/patch-compiler/src/projects/openmp/libomptarget/omptests/t-parallel-for-simd/defines.h:24:4: note: expanded from macro 'PARALLEL_FOR'
}, VERIFY)
~~~^~~~~~~
/home/gbercea/patch-compiler/src/projects/openmp/libomptarget/omptests/t-parallel-for-simd/../utilities/utilities.h:60:5: note: expanded from macro 'TEST'
    V \
    ^
/home/gbercea/patch-compiler/src/projects/openmp/libomptarget/omptests/t-parallel-for-simd/test.c:132:24: warning: format specifies type 'double' but the argument has type 'int' [-Wformat]
    VERIFY(0, 1, S[0], SUMS * (N/2*(N+1))))
    ~~~~~~~~~~~~~~~~~~~^~~~~~~~~~~~~~~~~~~~
/home/gbercea/patch-compiler/src/projects/openmp/libomptarget/omptests/t-parallel-for-simd/defines.h:27:14: note: expanded from macro 'SUMS'
#define SUMS (9)
             ^
/home/gbercea/patch-compiler/src/projects/openmp/libomptarget/omptests/t-parallel-for-simd/../utilities/utilities.h:35:70: note: expanded from macro 'VERIFY'
      printf ("Failed at %3d with %s, expected %f, got %f\n", i, #X, VAL, X); \
                                               ~~                    ^
/home/gbercea/patch-compiler/src/projects/openmp/libomptarget/omptests/t-parallel-for-simd/defines.h:24:4: note: expanded from macro 'PARALLEL_FOR'
}, VERIFY)
~~~^~~~~~~
/home/gbercea/patch-compiler/src/projects/openmp/libomptarget/omptests/t-parallel-for-simd/../utilities/utilities.h:60:5: note: expanded from macro 'TEST'
    V \
    ^
/home/gbercea/patch-compiler/src/projects/openmp/libomptarget/omptests/t-parallel-for-simd/test.c:166:24: warning: format specifies type 'double' but the argument has type 'int' [-Wformat]
    VERIFY(0, 1, S[0], 6 + SUMS * (N/2*(N+1))))
    ~~~~~~~~~~~~~~~~~~~^~~~~~~~~~~~~~~~~~~~~~~~
/home/gbercea/patch-compiler/src/projects/openmp/libomptarget/omptests/t-parallel-for-simd/../utilities/utilities.h:35:70: note: expanded from macro 'VERIFY'
      printf ("Failed at %3d with %s, expected %f, got %f\n", i, #X, VAL, X); \
                                               ~~                    ^
/home/gbercea/patch-compiler/src/projects/openmp/libomptarget/omptests/t-parallel-for-simd/defines.h:24:4: note: expanded from macro 'PARALLEL_FOR'
}, VERIFY)
~~~^~~~~~~
/home/gbercea/patch-compiler/src/projects/openmp/libomptarget/omptests/t-parallel-for-simd/../utilities/utilities.h:60:5: note: expanded from macro 'TEST'
    V \
    ^
/home/gbercea/patch-compiler/src/projects/openmp/libomptarget/omptests/t-parallel-for-simd/test.c:202:24: warning: format specifies type 'double' but the argument has type 'int' [-Wformat]
    VERIFY(0, 1, S[0], SUMS * (N/2*(N+1))))
    ~~~~~~~~~~~~~~~~~~~^~~~~~~~~~~~~~~~~~~~
/home/gbercea/patch-compiler/src/projects/openmp/libomptarget/omptests/t-parallel-for-simd/defines.h:27:14: note: expanded from macro 'SUMS'
#define SUMS (9)
             ^
/home/gbercea/patch-compiler/src/projects/openmp/libomptarget/omptests/t-parallel-for-simd/../utilities/utilities.h:35:70: note: expanded from macro 'VERIFY'
      printf ("Failed at %3d with %s, expected %f, got %f\n", i, #X, VAL, X); \
                                               ~~                    ^
/home/gbercea/patch-compiler/src/projects/openmp/libomptarget/omptests/t-parallel-for-simd/defines.h:24:4: note: expanded from macro 'PARALLEL_FOR'
}, VERIFY)
~~~^~~~~~~
/home/gbercea/patch-compiler/src/projects/openmp/libomptarget/omptests/t-parallel-for-simd/../utilities/utilities.h:60:5: note: expanded from macro 'TEST'
    V \
    ^
/home/gbercea/patch-compiler/src/projects/openmp/libomptarget/omptests/t-parallel-for-simd/test.c:273:27: warning: format specifies type 'double' but the argument has type 'int' [-Wformat]
    }, VERIFY(0, 1, S[0], 5 * (N + (N/2*(N+1))) ));
    ~~~~~~~~~~~~~~~~~~~~~~^~~~~~~~~~~~~~~~~~~~~~~~
/home/gbercea/patch-compiler/src/projects/openmp/libomptarget/omptests/t-parallel-for-simd/../utilities/utilities.h:35:70: note: expanded from macro 'VERIFY'
      printf ("Failed at %3d with %s, expected %f, got %f\n", i, #X, VAL, X); \
                                               ~~                    ^
/home/gbercea/patch-compiler/src/projects/openmp/libomptarget/omptests/t-parallel-for-simd/../utilities/utilities.h:60:5: note: expanded from macro 'TEST'
    V \
    ^
/home/gbercea/patch-compiler/src/projects/openmp/libomptarget/omptests/t-parallel-for-simd/test.c:306:24: warning: format specifies type 'double' but the argument has type 'int' [-Wformat]
    VERIFY(0, 1, S[0], 6 + SUMS * (N/2*(N+1))))
    ~~~~~~~~~~~~~~~~~~~^~~~~~~~~~~~~~~~~~~~~~~~
/home/gbercea/patch-compiler/src/projects/openmp/libomptarget/omptests/t-parallel-for-simd/../utilities/utilities.h:35:70: note: expanded from macro 'VERIFY'
      printf ("Failed at %3d with %s, expected %f, got %f\n", i, #X, VAL, X); \
                                               ~~                    ^
/home/gbercea/patch-compiler/src/projects/openmp/libomptarget/omptests/t-parallel-for-simd/defines.h:24:4: note: expanded from macro 'PARALLEL_FOR'
}, VERIFY)
~~~^~~~~~~
/home/gbercea/patch-compiler/src/projects/openmp/libomptarget/omptests/t-parallel-for-simd/../utilities/utilities.h:60:5: note: expanded from macro 'TEST'
    V \
    ^
/home/gbercea/patch-compiler/src/projects/openmp/libomptarget/omptests/t-parallel-for-simd/test.c:342:24: warning: format specifies type 'double' but the argument has type 'int' [-Wformat]
    VERIFY(0, 1, S[0], SUMS * (N/2*(N+1))))
    ~~~~~~~~~~~~~~~~~~~^~~~~~~~~~~~~~~~~~~~
/home/gbercea/patch-compiler/src/projects/openmp/libomptarget/omptests/t-parallel-for-simd/defines.h:27:14: note: expanded from macro 'SUMS'
#define SUMS (9)
             ^
/home/gbercea/patch-compiler/src/projects/openmp/libomptarget/omptests/t-parallel-for-simd/../utilities/utilities.h:35:70: note: expanded from macro 'VERIFY'
      printf ("Failed at %3d with %s, expected %f, got %f\n", i, #X, VAL, X); \
                                               ~~                    ^
/home/gbercea/patch-compiler/src/projects/openmp/libomptarget/omptests/t-parallel-for-simd/defines.h:24:4: note: expanded from macro 'PARALLEL_FOR'
}, VERIFY)
~~~^~~~~~~
/home/gbercea/patch-compiler/src/projects/openmp/libomptarget/omptests/t-parallel-for-simd/../utilities/utilities.h:60:5: note: expanded from macro 'TEST'
    V \
    ^
/home/gbercea/patch-compiler/src/projects/openmp/libomptarget/omptests/t-parallel-for-simd/test.c:374:24: warning: format specifies type 'double' but the argument has type 'int' [-Wformat]
    VERIFY(0, 1, S[0], SUMS * (N/2*(N+1))))
    ~~~~~~~~~~~~~~~~~~~^~~~~~~~~~~~~~~~~~~~
/home/gbercea/patch-compiler/src/projects/openmp/libomptarget/omptests/t-parallel-for-simd/defines.h:27:14: note: expanded from macro 'SUMS'
#define SUMS (9)
             ^
/home/gbercea/patch-compiler/src/projects/openmp/libomptarget/omptests/t-parallel-for-simd/../utilities/utilities.h:35:70: note: expanded from macro 'VERIFY'
      printf ("Failed at %3d with %s, expected %f, got %f\n", i, #X, VAL, X); \
                                               ~~                    ^
/home/gbercea/patch-compiler/src/projects/openmp/libomptarget/omptests/t-parallel-for-simd/defines.h:24:4: note: expanded from macro 'PARALLEL_FOR'
}, VERIFY)
~~~^~~~~~~
/home/gbercea/patch-compiler/src/projects/openmp/libomptarget/omptests/t-parallel-for-simd/../utilities/utilities.h:60:5: note: expanded from macro 'TEST'
    V \
    ^
/home/gbercea/patch-compiler/src/projects/openmp/libomptarget/omptests/t-parallel-for-simd/test.c:406:27: warning: format specifies type 'double' but the argument has type 'int' [-Wformat]
    }, VERIFY(0, 1, S[0], 3 * (33*33 + 66*33) ));
       ~~~~~~~~~~~~~~~~~~~^~~~~~~~~~~~~~~~~~~~~
/home/gbercea/patch-compiler/src/projects/openmp/libomptarget/omptests/t-parallel-for-simd/../utilities/utilities.h:35:70: note: expanded from macro 'VERIFY'
      printf ("Failed at %3d with %s, expected %f, got %f\n", i, #X, VAL, X); \
                                               ~~                    ^~~
/home/gbercea/patch-compiler/src/projects/openmp/libomptarget/omptests/t-parallel-for-simd/../utilities/utilities.h:80:5: note: expanded from macro 'TESTD'
    V \
    ^
warning: loop not vectorized: failed explicitly specified loop vectorization [-Wpass-failed=loop-vectorize]
warning: loop not vectorized: failed explicitly specified loop vectorization [-Wpass-failed=loop-vectorize]
warning: loop not vectorized: failed explicitly specified loop vectorization [-Wpass-failed=loop-vectorize]
warning: loop not vectorized: failed explicitly specified loop vectorization [-Wpass-failed=loop-vectorize]
warning: loop not vectorized: failed explicitly specified loop vectorization [-Wpass-failed=loop-vectorize]
warning: loop not vectorized: failed explicitly specified loop vectorization [-Wpass-failed=loop-vectorize]
warning: loop not vectorized: failed explicitly specified loop vectorization [-Wpass-failed=loop-vectorize]
warning: loop not vectorized: failed explicitly specified loop vectorization [-Wpass-failed=loop-vectorize]
warning: loop not vectorized: failed explicitly specified loop vectorization [-Wpass-failed=loop-vectorize]
warning: loop not vectorized: failed explicitly specified loop vectorization [-Wpass-failed=loop-vectorize]
warning: loop not vectorized: failed explicitly specified loop vectorization [-Wpass-failed=loop-vectorize]
warning: loop not vectorized: failed explicitly specified loop vectorization [-Wpass-failed=loop-vectorize]
warning: loop not vectorized: failed explicitly specified loop vectorization [-Wpass-failed=loop-vectorize]
warning: loop not vectorized: failed explicitly specified loop vectorization [-Wpass-failed=loop-vectorize]
warning: loop not vectorized: failed explicitly specified loop vectorization [-Wpass-failed=loop-vectorize]
warning: loop not vectorized: failed explicitly specified loop vectorization [-Wpass-failed=loop-vectorize]
warning: loop not vectorized: failed explicitly specified loop vectorization [-Wpass-failed=loop-vectorize]
warning: loop not vectorized: failed explicitly specified loop vectorization [-Wpass-failed=loop-vectorize]
warning: loop not vectorized: failed explicitly specified loop vectorization [-Wpass-failed=loop-vectorize]
warning: loop not vectorized: failed explicitly specified loop vectorization [-Wpass-failed=loop-vectorize]
warning: loop not vectorized: failed explicitly specified loop vectorization [-Wpass-failed=loop-vectorize]
warning: loop not vectorized: failed explicitly specified loop vectorization [-Wpass-failed=loop-vectorize]
warning: loop not vectorized: failed explicitly specified loop vectorization [-Wpass-failed=loop-vectorize]
warning: loop not vectorized: failed explicitly specified loop vectorization [-Wpass-failed=loop-vectorize]
warning: loop not vectorized: failed explicitly specified loop vectorization [-Wpass-failed=loop-vectorize]
warning: loop not vectorized: failed explicitly specified loop vectorization [-Wpass-failed=loop-vectorize]
warning: loop not vectorized: failed explicitly specified loop vectorization [-Wpass-failed=loop-vectorize]
warning: loop not vectorized: failed explicitly specified loop vectorization [-Wpass-failed=loop-vectorize]
warning: loop not vectorized: failed explicitly specified loop vectorization [-Wpass-failed=loop-vectorize]
warning: loop not vectorized: failed explicitly specified loop vectorization [-Wpass-failed=loop-vectorize]
warning: loop not vectorized: failed explicitly specified loop vectorization [-Wpass-failed=loop-vectorize]
warning: loop not vectorized: failed explicitly specified loop vectorization [-Wpass-failed=loop-vectorize]
warning: loop not vectorized: failed explicitly specified loop vectorization [-Wpass-failed=loop-vectorize]
warning: loop not vectorized: failed explicitly specified loop vectorization [-Wpass-failed=loop-vectorize]
warning: loop not vectorized: failed explicitly specified loop vectorization [-Wpass-failed=loop-vectorize]
warning: loop not vectorized: failed explicitly specified loop vectorization [-Wpass-failed=loop-vectorize]
warning: loop not vectorized: failed explicitly specified loop vectorization [-Wpass-failed=loop-vectorize]
warning: loop not vectorized: failed explicitly specified loop vectorization [-Wpass-failed=loop-vectorize]
warning: loop not vectorized: failed explicitly specified loop vectorization [-Wpass-failed=loop-vectorize]
warning: loop not vectorized: failed explicitly specified loop vectorization [-Wpass-failed=loop-vectorize]
warning: loop not vectorized: failed explicitly specified loop vectorization [-Wpass-failed=loop-vectorize]
warning: loop not vectorized: failed explicitly specified loop vectorization [-Wpass-failed=loop-vectorize]
warning: loop not vectorized: failed explicitly specified loop vectorization [-Wpass-failed=loop-vectorize]
warning: loop not vectorized: failed explicitly specified loop vectorization [-Wpass-failed=loop-vectorize]
warning: loop not vectorized: failed explicitly specified loop vectorization [-Wpass-failed=loop-vectorize]
warning: loop not vectorized: failed explicitly specified loop vectorization [-Wpass-failed=loop-vectorize]
warning: loop not vectorized: failed explicitly specified loop vectorization [-Wpass-failed=loop-vectorize]
warning: loop not vectorized: failed explicitly specified loop vectorization [-Wpass-failed=loop-vectorize]
warning: loop not vectorized: failed explicitly specified loop vectorization [-Wpass-failed=loop-vectorize]
warning: loop not vectorized: failed explicitly specified loop vectorization [-Wpass-failed=loop-vectorize]
warning: loop not vectorized: failed explicitly specified loop vectorization [-Wpass-failed=loop-vectorize]
warning: loop not vectorized: failed explicitly specified loop vectorization [-Wpass-failed=loop-vectorize]
warning: loop not vectorized: failed explicitly specified loop vectorization [-Wpass-failed=loop-vectorize]
warning: loop not vectorized: failed explicitly specified loop vectorization [-Wpass-failed=loop-vectorize]
warning: loop not vectorized: failed explicitly specified loop vectorization [-Wpass-failed=loop-vectorize]
warning: loop not vectorized: failed explicitly specified loop vectorization [-Wpass-failed=loop-vectorize]
warning: loop not vectorized: failed explicitly specified loop vectorization [-Wpass-failed=loop-vectorize]
warning: loop not vectorized: failed explicitly specified loop vectorization [-Wpass-failed=loop-vectorize]
warning: loop not vectorized: failed explicitly specified loop vectorization [-Wpass-failed=loop-vectorize]
warning: loop not vectorized: failed explicitly specified loop vectorization [-Wpass-failed=loop-vectorize]
warning: loop not vectorized: failed explicitly specified loop vectorization [-Wpass-failed=loop-vectorize]
warning: loop not vectorized: failed explicitly specified loop vectorization [-Wpass-failed=loop-vectorize]
warning: loop not vectorized: failed explicitly specified loop vectorization [-Wpass-failed=loop-vectorize]
warning: loop not vectorized: failed explicitly specified loop vectorization [-Wpass-failed=loop-vectorize]
warning: loop not vectorized: failed explicitly specified loop vectorization [-Wpass-failed=loop-vectorize]
warning: loop not vectorized: failed explicitly specified loop vectorization [-Wpass-failed=loop-vectorize]
warning: loop not vectorized: failed explicitly specified loop vectorization [-Wpass-failed=loop-vectorize]
warning: loop not vectorized: failed explicitly specified loop vectorization [-Wpass-failed=loop-vectorize]
warning: loop not vectorized: failed explicitly specified loop vectorization [-Wpass-failed=loop-vectorize]
warning: loop not vectorized: failed explicitly specified loop vectorization [-Wpass-failed=loop-vectorize]
warning: loop not vectorized: failed explicitly specified loop vectorization [-Wpass-failed=loop-vectorize]
warning: loop not vectorized: failed explicitly specified loop vectorization [-Wpass-failed=loop-vectorize]
warning: loop not vectorized: failed explicitly specified loop vectorization [-Wpass-failed=loop-vectorize]
warning: loop not vectorized: failed explicitly specified loop vectorization [-Wpass-failed=loop-vectorize]
warning: loop not vectorized: failed explicitly specified loop vectorization [-Wpass-failed=loop-vectorize]
warning: loop not vectorized: failed explicitly specified loop vectorization [-Wpass-failed=loop-vectorize]
warning: loop not vectorized: failed explicitly specified loop vectorization [-Wpass-failed=loop-vectorize]
warning: loop not vectorized: failed explicitly specified loop vectorization [-Wpass-failed=loop-vectorize]
warning: loop not vectorized: failed explicitly specified loop vectorization [-Wpass-failed=loop-vectorize]
warning: loop not vectorized: failed explicitly specified loop vectorization [-Wpass-failed=loop-vectorize]
warning: loop not vectorized: failed explicitly specified loop vectorization [-Wpass-failed=loop-vectorize]
warning: loop not vectorized: failed explicitly specified loop vectorization [-Wpass-failed=loop-vectorize]
warning: loop not vectorized: failed explicitly specified loop vectorization [-Wpass-failed=loop-vectorize]
94 warnings generated.
 "/usr/local/cuda-9.2/bin/ptxas" -m64 -O2 -v --gpu-name sm_70 --output-file /tmp/test-797663.cubin /tmp/test-09fafa.s -c
ptxas info    : 63 bytes gmem
ptxas info    : Compiling entry function '__omp_offloading_fd02_c2ad54e5_main_l450' for 'sm_70'
ptxas info    : Function properties for __omp_offloading_fd02_c2ad54e5_main_l450
    16 bytes stack frame, 0 bytes spill stores, 0 bytes spill loads
ptxas info    : Used 106 registers, 376 bytes cmem[0]
ptxas info    : Compiling entry function '__omp_offloading_fd02_c2ad54e5_main_l114' for 'sm_70'
ptxas info    : Function properties for __omp_offloading_fd02_c2ad54e5_main_l114
    16 bytes stack frame, 0 bytes spill stores, 0 bytes spill loads
ptxas info    : Used 90 registers, 408 bytes cmem[0]
ptxas info    : Compiling entry function '__omp_offloading_fd02_c2ad54e5_main_l285' for 'sm_70'
ptxas info    : Function properties for __omp_offloading_fd02_c2ad54e5_main_l285
    16 bytes stack frame, 0 bytes spill stores, 0 bytes spill loads
ptxas info    : Used 90 registers, 416 bytes cmem[0]
ptxas info    : Compiling entry function '__omp_offloading_fd02_81c9d807_check_offloading_l22' for 'sm_70'
ptxas info    : Function properties for __omp_offloading_fd02_81c9d807_check_offloading_l22
    0 bytes stack frame, 0 bytes spill stores, 0 bytes spill loads
ptxas info    : Used 30 registers, 360 bytes cmem[0]
ptxas info    : Compiling entry function '__omp_offloading_fd02_c2ad54e5_main_l354' for 'sm_70'
ptxas info    : Function properties for __omp_offloading_fd02_c2ad54e5_main_l354
    16 bytes stack frame, 0 bytes spill stores, 0 bytes spill loads
ptxas info    : Used 90 registers, 408 bytes cmem[0]
ptxas info    : Compiling entry function '__omp_offloading_fd02_c2ad54e5_main_l62' for 'sm_70'
ptxas info    : Function properties for __omp_offloading_fd02_c2ad54e5_main_l62
    16 bytes stack frame, 0 bytes spill stores, 0 bytes spill loads
ptxas info    : Used 90 registers, 408 bytes cmem[0]
ptxas info    : Compiling entry function '__omp_offloading_fd02_c2ad54e5_main_l178' for 'sm_70'
ptxas info    : Function properties for __omp_offloading_fd02_c2ad54e5_main_l178
    16 bytes stack frame, 0 bytes spill stores, 0 bytes spill loads
ptxas info    : Used 98 registers, 408 bytes cmem[0]
ptxas info    : Compiling entry function '__omp_offloading_fd02_c2ad54e5_main_l504' for 'sm_70'
ptxas info    : Function properties for __omp_offloading_fd02_c2ad54e5_main_l504
    16 bytes stack frame, 0 bytes spill stores, 0 bytes spill loads
ptxas info    : Used 88 registers, 376 bytes cmem[0]
ptxas info    : Compiling entry function '__omp_offloading_fd02_c2ad54e5_main_l478' for 'sm_70'
ptxas info    : Function properties for __omp_offloading_fd02_c2ad54e5_main_l478
    16 bytes stack frame, 0 bytes spill stores, 0 bytes spill loads
ptxas info    : Used 82 registers, 376 bytes cmem[0]
ptxas info    : Compiling entry function '__omp_offloading_fd02_c2ad54e5_main_l144' for 'sm_70'
ptxas info    : Function properties for __omp_offloading_fd02_c2ad54e5_main_l144
    16 bytes stack frame, 0 bytes spill stores, 0 bytes spill loads
ptxas info    : Used 90 registers, 408 bytes cmem[0]
ptxas info    : Compiling entry function '__omp_offloading_fd02_c2ad54e5_main_l319' for 'sm_70'
ptxas info    : Function properties for __omp_offloading_fd02_c2ad54e5_main_l319
    16 bytes stack frame, 0 bytes spill stores, 0 bytes spill loads
ptxas info    : Used 112 registers, 416 bytes cmem[0]
ptxas info    : Compiling entry function '__omp_offloading_fd02_c2ad54e5_main_l36' for 'sm_70'
ptxas info    : Function properties for __omp_offloading_fd02_c2ad54e5_main_l36
    16 bytes stack frame, 0 bytes spill stores, 0 bytes spill loads
ptxas info    : Used 90 registers, 408 bytes cmem[0]
ptxas info    : Compiling entry function '__omp_offloading_fd02_c2ad54e5_main_l426' for 'sm_70'
ptxas info    : Function properties for __omp_offloading_fd02_c2ad54e5_main_l426
    16 bytes stack frame, 0 bytes spill stores, 0 bytes spill loads
ptxas info    : Used 88 registers, 384 bytes cmem[0]
ptxas info    : Compiling entry function '__omp_offloading_fd02_c2ad54e5_main_l88' for 'sm_70'
ptxas info    : Function properties for __omp_offloading_fd02_c2ad54e5_main_l88
    16 bytes stack frame, 0 bytes spill stores, 0 bytes spill loads
ptxas info    : Used 90 registers, 408 bytes cmem[0]
ptxas info    : Compiling entry function '__omp_offloading_fd02_c2ad54e5_main_l212' for 'sm_70'
ptxas info    : Function properties for __omp_offloading_fd02_c2ad54e5_main_l212
    16 bytes stack frame, 0 bytes spill stores, 0 bytes spill loads
ptxas info    : Used 144 registers, 488 bytes cmem[0]
ptxas info    : Compiling entry function '__omp_offloading_fd02_c2ad54e5_main_l530' for 'sm_70'
ptxas info    : Function properties for __omp_offloading_fd02_c2ad54e5_main_l530
    16 bytes stack frame, 0 bytes spill stores, 0 bytes spill loads
ptxas info    : Used 88 registers, 376 bytes cmem[0]
ptxas info    : Function properties for __omp_outlined__49_wrapper
    0 bytes stack frame, 0 bytes spill stores, 0 bytes spill loads
ptxas info    : Function properties for __omp_outlined__120_wrapper
    0 bytes stack frame, 0 bytes spill stores, 0 bytes spill loads
ptxas info    : Function properties for __omp_outlined__14_wrapper
    112 bytes stack frame, 92 bytes spill stores, 92 bytes spill loads
ptxas info    : Function properties for __omp_outlined__85_wrapper
    120 bytes stack frame, 100 bytes spill stores, 100 bytes spill loads
ptxas info    : Function properties for __omp_outlined__32_wrapper
    112 bytes stack frame, 92 bytes spill stores, 92 bytes spill loads
ptxas info    : Function properties for __omp_outlined__103_wrapper
    72 bytes stack frame, 52 bytes spill stores, 52 bytes spill loads
ptxas info    : Function properties for __omp_outlined__67_wrapper
    0 bytes stack frame, 0 bytes spill stores, 0 bytes spill loads
ptxas info    : Function properties for __omp_outlined__138_wrapper
    0 bytes stack frame, 0 bytes spill stores, 0 bytes spill loads
ptxas info    : Function properties for __omp_outlined__23_wrapper
    112 bytes stack frame, 92 bytes spill stores, 92 bytes spill loads
ptxas info    : Function properties for __omp_outlined__94_wrapper
    112 bytes stack frame, 92 bytes spill stores, 92 bytes spill loads
ptxas info    : Function properties for __omp_outlined__58_wrapper
    0 bytes stack frame, 0 bytes spill stores, 0 bytes spill loads
ptxas info    : Function properties for __omp_outlined__129_wrapper
    0 bytes stack frame, 0 bytes spill stores, 0 bytes spill loads
ptxas info    : Function properties for __omp_outlined__41_wrapper
    0 bytes stack frame, 0 bytes spill stores, 0 bytes spill loads
ptxas info    : Function properties for __omp_outlined__112_wrapper
    0 bytes stack frame, 0 bytes spill stores, 0 bytes spill loads
ptxas info    : Function properties for __omp_outlined__76_wrapper
    120 bytes stack frame, 104 bytes spill stores, 104 bytes spill loads
ptxas info    : Function properties for __omp_outlined__147_wrapper
    0 bytes stack frame, 0 bytes spill stores, 0 bytes spill loads
ptxas info    : Function properties for __omp_outlined__5_wrapper
    120 bytes stack frame, 104 bytes spill stores, 104 bytes spill loads
ptxas info    : Function properties for __omp_outlined__27_wrapper
    0 bytes stack frame, 0 bytes spill stores, 0 bytes spill loads
ptxas info    : Function properties for __omp_outlined__98_wrapper
    0 bytes stack frame, 0 bytes spill stores, 0 bytes spill loads
ptxas info    : Function properties for __omp_outlined__63_wrapper
    104 bytes stack frame, 88 bytes spill stores, 88 bytes spill loads
ptxas info    : Function properties for __omp_outlined__134_wrapper
    72 bytes stack frame, 52 bytes spill stores, 52 bytes spill loads
ptxas info    : Function properties for __omp_outlined__45_wrapper
    120 bytes stack frame, 104 bytes spill stores, 104 bytes spill loads
ptxas info    : Function properties for __omp_outlined__116_wrapper
    96 bytes stack frame, 80 bytes spill stores, 80 bytes spill loads
ptxas info    : Function properties for __omp_outlined__80_wrapper
    0 bytes stack frame, 0 bytes spill stores, 0 bytes spill loads
ptxas info    : Function properties for __kmpc_dispatch_init_4
    0 bytes stack frame, 0 bytes spill stores, 0 bytes spill loads
ptxas info    : Function properties for __omp_outlined__9_wrapper
    0 bytes stack frame, 0 bytes spill stores, 0 bytes spill loads
ptxas info    : Function properties for __omp_outlined__18_wrapper
    0 bytes stack frame, 0 bytes spill stores, 0 bytes spill loads
ptxas info    : Function properties for __omp_outlined__89_wrapper
    0 bytes stack frame, 0 bytes spill stores, 0 bytes spill loads
ptxas info    : Function properties for __omp_outlined__54_wrapper
    120 bytes stack frame, 100 bytes spill stores, 100 bytes spill loads
ptxas info    : Function properties for __omp_outlined__125_wrapper
    88 bytes stack frame, 68 bytes spill stores, 68 bytes spill loads
ptxas info    : Function properties for __omp_outlined__36_wrapper
    0 bytes stack frame, 0 bytes spill stores, 0 bytes spill loads
ptxas info    : Function properties for __omp_outlined__107_wrapper
    0 bytes stack frame, 0 bytes spill stores, 0 bytes spill loads
ptxas info    : Function properties for __omp_outlined__72_wrapper
    0 bytes stack frame, 0 bytes spill stores, 0 bytes spill loads
ptxas info    : Function properties for __omp_outlined__143_wrapper
    72 bytes stack frame, 52 bytes spill stores, 52 bytes spill loads
ptxas info    : Function properties for __omp_outlined__1_wrapper
    0 bytes stack frame, 0 bytes spill stores, 0 bytes spill loads
ptxas info    : Function properties for __omp_outlined__47_wrapper
    0 bytes stack frame, 0 bytes spill stores, 0 bytes spill loads
ptxas info    : Function properties for __omp_outlined__118_wrapper
    0 bytes stack frame, 0 bytes spill stores, 0 bytes spill loads
ptxas info    : Function properties for __omp_outlined__12_wrapper
    112 bytes stack frame, 92 bytes spill stores, 92 bytes spill loads
ptxas info    : Function properties for __omp_outlined__83_wrapper
    120 bytes stack frame, 100 bytes spill stores, 100 bytes spill loads
ptxas info    : Function properties for __omp_outlined__29_wrapper
    0 bytes stack frame, 0 bytes spill stores, 0 bytes spill loads
ptxas info    : Function properties for __omp_outlined__100_wrapper
    0 bytes stack frame, 0 bytes spill stores, 0 bytes spill loads
ptxas info    : Function properties for __omp_outlined__65_wrapper
    120 bytes stack frame, 104 bytes spill stores, 104 bytes spill loads
ptxas info    : Function properties for __omp_outlined__136_wrapper
    88 bytes stack frame, 72 bytes spill stores, 72 bytes spill loads
ptxas info    : Function properties for __omp_outlined__21_wrapper
    0 bytes stack frame, 0 bytes spill stores, 0 bytes spill loads
ptxas info    : Function properties for __omp_outlined__92_wrapper
    0 bytes stack frame, 0 bytes spill stores, 0 bytes spill loads
ptxas info    : Function properties for __omp_outlined__56_wrapper
    0 bytes stack frame, 0 bytes spill stores, 0 bytes spill loads
ptxas info    : Function properties for __omp_outlined__127_wrapper
    0 bytes stack frame, 0 bytes spill stores, 0 bytes spill loads
ptxas info    : Function properties for __omp_outlined__38_wrapper
    0 bytes stack frame, 0 bytes spill stores, 0 bytes spill loads
ptxas info    : Function properties for __omp_outlined__109_wrapper
    0 bytes stack frame, 0 bytes spill stores, 0 bytes spill loads
ptxas info    : Function properties for __omp_outlined__74_wrapper
    112 bytes stack frame, 92 bytes spill stores, 92 bytes spill loads
ptxas info    : Function properties for __omp_outlined__145_wrapper
    72 bytes stack frame, 52 bytes spill stores, 52 bytes spill loads
ptxas info    : Function properties for __omp_outlined__3_wrapper
    112 bytes stack frame, 92 bytes spill stores, 92 bytes spill loads
ptxas info    : Function properties for __omp_outlined__25_wrapper
    120 bytes stack frame, 104 bytes spill stores, 104 bytes spill loads
ptxas info    : Function properties for __omp_outlined__96_wrapper
    120 bytes stack frame, 104 bytes spill stores, 104 bytes spill loads
ptxas info    : Function properties for __omp_outlined__61_wrapper
    0 bytes stack frame, 0 bytes spill stores, 0 bytes spill loads
ptxas info    : Function properties for __omp_outlined__132_wrapper
    0 bytes stack frame, 0 bytes spill stores, 0 bytes spill loads
ptxas info    : Function properties for __omp_outlined__43_wrapper
    112 bytes stack frame, 92 bytes spill stores, 92 bytes spill loads
ptxas info    : Function properties for __omp_outlined__114_wrapper
    88 bytes stack frame, 68 bytes spill stores, 68 bytes spill loads
ptxas info    : Function properties for __omp_outlined__78_wrapper
    0 bytes stack frame, 0 bytes spill stores, 0 bytes spill loads
ptxas info    : Function properties for __omp_outlined__149_wrapper
    0 bytes stack frame, 0 bytes spill stores, 0 bytes spill loads
ptxas info    : Function properties for __omp_outlined__7_wrapper
    0 bytes stack frame, 0 bytes spill stores, 0 bytes spill loads
ptxas info    : Function properties for __omp_outlined__16_wrapper
    0 bytes stack frame, 0 bytes spill stores, 0 bytes spill loads
ptxas info    : Function properties for __omp_outlined__87_wrapper
    0 bytes stack frame, 0 bytes spill stores, 0 bytes spill loads
ptxas info    : Function properties for __omp_outlined__52_wrapper
    120 bytes stack frame, 100 bytes spill stores, 100 bytes spill loads
ptxas info    : Function properties for __omp_outlined__123_wrapper
    88 bytes stack frame, 68 bytes spill stores, 68 bytes spill loads
ptxas info    : Function properties for __omp_outlined__34_wrapper
    112 bytes stack frame, 92 bytes spill stores, 92 bytes spill loads
ptxas info    : Function properties for __omp_outlined__105_wrapper
    72 bytes stack frame, 52 bytes spill stores, 52 bytes spill loads
ptxas info    : Function properties for __omp_outlined__69_wrapper
    0 bytes stack frame, 0 bytes spill stores, 0 bytes spill loads
ptxas info    : Function properties for __omp_outlined__140_wrapper
    0 bytes stack frame, 0 bytes spill stores, 0 bytes spill loads
ptxas info    : Function properties for __omp_outlined__51_wrapper
    0 bytes stack frame, 0 bytes spill stores, 0 bytes spill loads
ptxas info    : Function properties for __omp_outlined__122_wrapper
    0 bytes stack frame, 0 bytes spill stores, 0 bytes spill loads
ptxas info    : Function properties for __omp_outlined__15_wrapper
    120 bytes stack frame, 104 bytes spill stores, 104 bytes spill loads
ptxas info    : Function properties for __omp_outlined__86_wrapper
    120 bytes stack frame, 100 bytes spill stores, 100 bytes spill loads
ptxas info    : Function properties for __omp_outlined__33_wrapper
    112 bytes stack frame, 92 bytes spill stores, 92 bytes spill loads
ptxas info    : Function properties for __omp_outlined__104_wrapper
    72 bytes stack frame, 52 bytes spill stores, 52 bytes spill loads
ptxas info    : Function properties for __omp_outlined__68_wrapper
    0 bytes stack frame, 0 bytes spill stores, 0 bytes spill loads
ptxas info    : Function properties for __omp_outlined__139_wrapper
    0 bytes stack frame, 0 bytes spill stores, 0 bytes spill loads
ptxas info    : Function properties for __omp_outlined__24_wrapper
    112 bytes stack frame, 92 bytes spill stores, 92 bytes spill loads
ptxas info    : Function properties for __omp_outlined__95_wrapper
    112 bytes stack frame, 92 bytes spill stores, 92 bytes spill loads
ptxas info    : Function properties for __omp_outlined__59_wrapper
    0 bytes stack frame, 0 bytes spill stores, 0 bytes spill loads
ptxas info    : Function properties for __omp_outlined__130_wrapper
    0 bytes stack frame, 0 bytes spill stores, 0 bytes spill loads
ptxas info    : Function properties for __omp_outlined__42_wrapper
    112 bytes stack frame, 92 bytes spill stores, 92 bytes spill loads
ptxas info    : Function properties for __omp_outlined__113_wrapper
    88 bytes stack frame, 68 bytes spill stores, 68 bytes spill loads
ptxas info    : Function properties for __omp_outlined__77_wrapper
    0 bytes stack frame, 0 bytes spill stores, 0 bytes spill loads
ptxas info    : Function properties for __omp_outlined__148_wrapper
    0 bytes stack frame, 0 bytes spill stores, 0 bytes spill loads
ptxas info    : Function properties for __omp_outlined__6_wrapper
    0 bytes stack frame, 0 bytes spill stores, 0 bytes spill loads
ptxas info    : Function properties for __omp_outlined__28_wrapper
    0 bytes stack frame, 0 bytes spill stores, 0 bytes spill loads
ptxas info    : Function properties for __omp_outlined__99_wrapper
    0 bytes stack frame, 0 bytes spill stores, 0 bytes spill loads
ptxas info    : Function properties for __omp_outlined__64_wrapper
    104 bytes stack frame, 88 bytes spill stores, 88 bytes spill loads
ptxas info    : Function properties for __omp_outlined__135_wrapper
    72 bytes stack frame, 52 bytes spill stores, 52 bytes spill loads
ptxas info    : Function properties for __omp_outlined__46_wrapper
    0 bytes stack frame, 0 bytes spill stores, 0 bytes spill loads
ptxas info    : Function properties for __omp_outlined__117_wrapper
    0 bytes stack frame, 0 bytes spill stores, 0 bytes spill loads
ptxas info    : Function properties for __omp_outlined__82_wrapper
    0 bytes stack frame, 0 bytes spill stores, 0 bytes spill loads
ptxas info    : Function properties for _ZN27omptarget_nvptx_LoopSupportIiiE13dispatch_nextEPiS1_S1_S1_
    0 bytes stack frame, 0 bytes spill stores, 0 bytes spill loads
ptxas info    : Function properties for __omp_outlined__11_wrapper
    0 bytes stack frame, 0 bytes spill stores, 0 bytes spill loads
ptxas info    : Function properties for __omp_outlined__19_wrapper
    0 bytes stack frame, 0 bytes spill stores, 0 bytes spill loads
ptxas info    : Function properties for __omp_outlined__90_wrapper
    0 bytes stack frame, 0 bytes spill stores, 0 bytes spill loads
ptxas info    : Function properties for __omp_outlined__55_wrapper
    136 bytes stack frame, 120 bytes spill stores, 120 bytes spill loads
ptxas info    : Function properties for __omp_outlined__126_wrapper
    88 bytes stack frame, 68 bytes spill stores, 68 bytes spill loads
ptxas info    : Function properties for __omp_outlined__37_wrapper
    0 bytes stack frame, 0 bytes spill stores, 0 bytes spill loads
ptxas info    : Function properties for __omp_outlined__108_wrapper
    0 bytes stack frame, 0 bytes spill stores, 0 bytes spill loads
ptxas info    : Function properties for __omp_outlined__73_wrapper
    112 bytes stack frame, 92 bytes spill stores, 92 bytes spill loads
ptxas info    : Function properties for __omp_outlined__144_wrapper
    72 bytes stack frame, 52 bytes spill stores, 52 bytes spill loads
ptxas info    : Function properties for __omp_outlined__2_wrapper
    112 bytes stack frame, 92 bytes spill stores, 92 bytes spill loads
ptxas info    : Function properties for __omp_outlined__48_wrapper
    0 bytes stack frame, 0 bytes spill stores, 0 bytes spill loads
ptxas info    : Function properties for __omp_outlined__119_wrapper
    0 bytes stack frame, 0 bytes spill stores, 0 bytes spill loads
ptxas info    : Function properties for __omp_outlined__13_wrapper
    112 bytes stack frame, 92 bytes spill stores, 92 bytes spill loads
ptxas info    : Function properties for __omp_outlined__84_wrapper
    120 bytes stack frame, 100 bytes spill stores, 100 bytes spill loads
ptxas info    : Function properties for __omp_outlined__31_wrapper
    0 bytes stack frame, 0 bytes spill stores, 0 bytes spill loads
ptxas info    : Function properties for __omp_outlined__102_wrapper
    0 bytes stack frame, 0 bytes spill stores, 0 bytes spill loads
ptxas info    : Function properties for __omp_outlined__66_wrapper
    0 bytes stack frame, 0 bytes spill stores, 0 bytes spill loads
ptxas info    : Function properties for __omp_outlined__137_wrapper
    0 bytes stack frame, 0 bytes spill stores, 0 bytes spill loads
ptxas info    : Function properties for __omp_outlined__22_wrapper
    112 bytes stack frame, 92 bytes spill stores, 92 bytes spill loads
ptxas info    : Function properties for __omp_outlined__93_wrapper
    112 bytes stack frame, 92 bytes spill stores, 92 bytes spill loads
ptxas info    : Function properties for __omp_outlined__57_wrapper
    0 bytes stack frame, 0 bytes spill stores, 0 bytes spill loads
ptxas info    : Function properties for __omp_outlined__128_wrapper
    0 bytes stack frame, 0 bytes spill stores, 0 bytes spill loads
ptxas info    : Function properties for __omp_outlined__39_wrapper
    0 bytes stack frame, 0 bytes spill stores, 0 bytes spill loads
ptxas info    : Function properties for __omp_outlined__110_wrapper
    0 bytes stack frame, 0 bytes spill stores, 0 bytes spill loads
ptxas info    : Function properties for __omp_outlined__75_wrapper
    112 bytes stack frame, 92 bytes spill stores, 92 bytes spill loads
ptxas info    : Function properties for __omp_outlined__146_wrapper
    88 bytes stack frame, 72 bytes spill stores, 72 bytes spill loads
ptxas info    : Function properties for __omp_outlined__4_wrapper
    112 bytes stack frame, 92 bytes spill stores, 92 bytes spill loads
ptxas info    : Function properties for __omp_outlined__26_wrapper
    0 bytes stack frame, 0 bytes spill stores, 0 bytes spill loads
ptxas info    : Function properties for __omp_outlined__97_wrapper
    0 bytes stack frame, 0 bytes spill stores, 0 bytes spill loads
ptxas info    : Function properties for __omp_outlined__62_wrapper
    104 bytes stack frame, 88 bytes spill stores, 88 bytes spill loads
ptxas info    : Function properties for __omp_outlined__133_wrapper
    72 bytes stack frame, 52 bytes spill stores, 52 bytes spill loads
ptxas info    : Function properties for __omp_outlined__44_wrapper
    112 bytes stack frame, 92 bytes spill stores, 92 bytes spill loads
ptxas info    : Function properties for __omp_outlined__115_wrapper
    88 bytes stack frame, 68 bytes spill stores, 68 bytes spill loads
ptxas info    : Function properties for __omp_outlined__79_wrapper
    0 bytes stack frame, 0 bytes spill stores, 0 bytes spill loads
ptxas info    : Function properties for __omp_outlined__150_wrapper
    0 bytes stack frame, 0 bytes spill stores, 0 bytes spill loads
ptxas info    : Function properties for __omp_outlined__8_wrapper
    0 bytes stack frame, 0 bytes spill stores, 0 bytes spill loads
ptxas info    : Function properties for __omp_outlined__17_wrapper
    0 bytes stack frame, 0 bytes spill stores, 0 bytes spill loads
ptxas info    : Function properties for __omp_outlined__88_wrapper
    0 bytes stack frame, 0 bytes spill stores, 0 bytes spill loads
ptxas info    : Function properties for __omp_outlined__53_wrapper
    120 bytes stack frame, 100 bytes spill stores, 100 bytes spill loads
ptxas info    : Function properties for __omp_outlined__124_wrapper
    88 bytes stack frame, 68 bytes spill stores, 68 bytes spill loads
ptxas info    : Function properties for __omp_outlined__35_wrapper
    120 bytes stack frame, 104 bytes spill stores, 104 bytes spill loads
ptxas info    : Function properties for __omp_outlined__106_wrapper
    88 bytes stack frame, 72 bytes spill stores, 72 bytes spill loads
ptxas info    : Function properties for __omp_outlined__70_wrapper
    0 bytes stack frame, 0 bytes spill stores, 0 bytes spill loads
ptxas info    : Function properties for __omp_outlined__142_wrapper
    0 bytes stack frame, 0 bytes spill stores, 0 bytes spill loads
 "/usr/local/cuda-9.2/bin/nvlink" -o /tmp/test-6067ae.out -v -arch sm_70 -L/home/gbercea/patch-compiler/obj-release/lib -L/usr/local/cuda-9.2/lib64 -L/usr/local/cuda-9.2/nvvm/libdevice -L/home/gbercea/patch-compiler/obj-release/lib -lomptarget-nvptx /tmp/test-797663.cubin
nvlink info    : 703720040 bytes gmem
nvlink info    : Function properties for '__omp_offloading_fd02_c2ad54e5_main_l530':
nvlink info    : used 108 registers, 152 stack, 1092 bytes smem, 376 bytes cmem[0], 0 bytes lmem
nvlink info    : Function properties for '__omp_offloading_fd02_c2ad54e5_main_l212':
nvlink info    : used 144 registers, 152 stack, 1092 bytes smem, 488 bytes cmem[0], 0 bytes lmem
nvlink info    : Function properties for '__omp_offloading_fd02_c2ad54e5_main_l88':
nvlink info    : used 108 registers, 152 stack, 1092 bytes smem, 408 bytes cmem[0], 0 bytes lmem
nvlink info    : Function properties for '__omp_offloading_fd02_c2ad54e5_main_l426':
nvlink info    : used 108 registers, 152 stack, 1092 bytes smem, 384 bytes cmem[0], 0 bytes lmem
nvlink info    : Function properties for '__omp_offloading_fd02_c2ad54e5_main_l36':
nvlink info    : used 108 registers, 152 stack, 1092 bytes smem, 408 bytes cmem[0], 0 bytes lmem
nvlink info    : Function properties for '__omp_offloading_fd02_c2ad54e5_main_l319':
nvlink info    : used 112 registers, 152 stack, 1092 bytes smem, 416 bytes cmem[0], 0 bytes lmem
nvlink info    : Function properties for '__omp_offloading_fd02_c2ad54e5_main_l144':
nvlink info    : used 108 registers, 152 stack, 1092 bytes smem, 408 bytes cmem[0], 0 bytes lmem
nvlink info    : Function properties for '__omp_offloading_fd02_c2ad54e5_main_l478':
nvlink info    : used 108 registers, 152 stack, 1092 bytes smem, 376 bytes cmem[0], 0 bytes lmem
nvlink info    : Function properties for '__omp_offloading_fd02_c2ad54e5_main_l504':
nvlink info    : used 108 registers, 152 stack, 1092 bytes smem, 376 bytes cmem[0], 0 bytes lmem
nvlink info    : Function properties for '__omp_offloading_fd02_c2ad54e5_main_l178':
nvlink info    : used 108 registers, 152 stack, 1092 bytes smem, 408 bytes cmem[0], 0 bytes lmem
nvlink info    : Function properties for '__omp_offloading_fd02_c2ad54e5_main_l62':
nvlink info    : used 108 registers, 152 stack, 1092 bytes smem, 408 bytes cmem[0], 0 bytes lmem
nvlink info    : Function properties for '__omp_offloading_fd02_c2ad54e5_main_l354':
nvlink info    : used 108 registers, 152 stack, 1092 bytes smem, 408 bytes cmem[0], 0 bytes lmem
nvlink info    : Function properties for '__omp_offloading_fd02_81c9d807_check_offloading_l22':
nvlink info    : used 108 registers, 136 stack, 1092 bytes smem, 360 bytes cmem[0], 0 bytes lmem
nvlink info    : Function properties for '__omp_offloading_fd02_c2ad54e5_main_l285':
nvlink info    : used 108 registers, 152 stack, 1092 bytes smem, 416 bytes cmem[0], 0 bytes lmem
nvlink info    : Function properties for '__omp_offloading_fd02_c2ad54e5_main_l114':
nvlink info    : used 108 registers, 152 stack, 1092 bytes smem, 408 bytes cmem[0], 0 bytes lmem
nvlink info    : Function properties for '__omp_offloading_fd02_c2ad54e5_main_l450':
nvlink info    : used 108 registers, 152 stack, 1092 bytes smem, 376 bytes cmem[0], 0 bytes lmem
 "/home/gbercea/patch-compiler/obj-release/bin/clang-7" -cc1 -triple powerpc64le-ibm-linux-gnu -emit-obj -disable-free -main-file-name test.c -mrelocation-model pic -pic-level 2 -mthread-model posix -fmath-errno -masm-verbose -mconstructor-aliases -fuse-init-array -target-cpu pwr8 -mfloat-abi hard -target-abi elfv2 -dwarf-column-info -debugger-tuning=gdb -momit-leaf-frame-pointer -v -resource-dir /home/gbercea/patch-compiler/obj-release/lib/clang/7.0.0 -O2 -fdebug-compilation-dir /home/gbercea/patch-compiler/src/projects/openmp/libomptarget/omptests/t-parallel-for-simd/results -ferror-limit 19 -fmessage-length 0 -fopenmp -fno-signed-char -fobjc-runtime=gcc -fdiagnostics-show-option -vectorize-loops -vectorize-slp -o /tmp/test-63ec6a.o -x ir /tmp/test-075bb4.bc
clang -cc1 version 7.0.0 based upon LLVM 7.0.0svn default target powerpc64le-unknown-linux-gnu
remark: <unknown>:0:0: loop not vectorized: value that could not be identified as reduction is used outside the loop
warning: <unknown>:0:0: loop not vectorized: failed explicitly specified loop vectorization
remark: <unknown>:0:0: loop not vectorized: value that could not be identified as reduction is used outside the loop
warning: <unknown>:0:0: loop not vectorized: failed explicitly specified loop vectorization
remark: <unknown>:0:0: loop not vectorized: value that could not be identified as reduction is used outside the loop
warning: <unknown>:0:0: loop not vectorized: failed explicitly specified loop vectorization
remark: <unknown>:0:0: loop not vectorized: value that could not be identified as reduction is used outside the loop
warning: <unknown>:0:0: loop not vectorized: failed explicitly specified loop vectorization
remark: <unknown>:0:0: loop not vectorized: value that could not be identified as reduction is used outside the loop
warning: <unknown>:0:0: loop not vectorized: failed explicitly specified loop vectorization
remark: <unknown>:0:0: loop not vectorized: value that could not be identified as reduction is used outside the loop
warning: <unknown>:0:0: loop not vectorized: failed explicitly specified loop vectorization
remark: <unknown>:0:0: loop not vectorized: value that could not be identified as reduction is used outside the loop
warning: <unknown>:0:0: loop not vectorized: failed explicitly specified loop vectorization
remark: <unknown>:0:0: loop not vectorized: value that could not be identified as reduction is used outside the loop
warning: <unknown>:0:0: loop not vectorized: failed explicitly specified loop vectorization
remark: <unknown>:0:0: loop not vectorized: value that could not be identified as reduction is used outside the loop
warning: <unknown>:0:0: loop not vectorized: failed explicitly specified loop vectorization
remark: <unknown>:0:0: loop not vectorized: value cannot be used outside the loop
warning: <unknown>:0:0: loop not vectorized: failed explicitly specified loop vectorization
remark: <unknown>:0:0: loop not vectorized: value cannot be used outside the loop
warning: <unknown>:0:0: loop not vectorized: failed explicitly specified loop vectorization
remark: <unknown>:0:0: loop not vectorized: value cannot be used outside the loop
warning: <unknown>:0:0: loop not vectorized: failed explicitly specified loop vectorization
remark: <unknown>:0:0: loop not vectorized: value cannot be used outside the loop
warning: <unknown>:0:0: loop not vectorized: failed explicitly specified loop vectorization
remark: <unknown>:0:0: loop not vectorized: value cannot be used outside the loop
warning: <unknown>:0:0: loop not vectorized: failed explicitly specified loop vectorization
remark: <unknown>:0:0: loop not vectorized: value cannot be used outside the loop
warning: <unknown>:0:0: loop not vectorized: failed explicitly specified loop vectorization
remark: <unknown>:0:0: loop not vectorized: value cannot be used outside the loop
warning: <unknown>:0:0: loop not vectorized: failed explicitly specified loop vectorization
remark: <unknown>:0:0: loop not vectorized: value cannot be used outside the loop
warning: <unknown>:0:0: loop not vectorized: failed explicitly specified loop vectorization
remark: <unknown>:0:0: loop not vectorized: value cannot be used outside the loop
warning: <unknown>:0:0: loop not vectorized: failed explicitly specified loop vectorization
remark: <unknown>:0:0: loop not vectorized: value cannot be used outside the loop
warning: <unknown>:0:0: loop not vectorized: failed explicitly specified loop vectorization
remark: <unknown>:0:0: loop not vectorized: value cannot be used outside the loop
warning: <unknown>:0:0: loop not vectorized: failed explicitly specified loop vectorization
remark: <unknown>:0:0: loop not vectorized: value cannot be used outside the loop
warning: <unknown>:0:0: loop not vectorized: failed explicitly specified loop vectorization
remark: <unknown>:0:0: loop not vectorized: loop control flow is not understood by vectorizer
warning: <unknown>:0:0: loop not vectorized: failed explicitly specified loop vectorization
remark: <unknown>:0:0: loop not vectorized: loop control flow is not understood by vectorizer
warning: <unknown>:0:0: loop not vectorized: failed explicitly specified loop vectorization
remark: <unknown>:0:0: loop not vectorized: loop control flow is not understood by vectorizer
warning: <unknown>:0:0: loop not vectorized: failed explicitly specified loop vectorization
remark: <unknown>:0:0: loop not vectorized: loop control flow is not understood by vectorizer
warning: <unknown>:0:0: loop not vectorized: failed explicitly specified loop vectorization
remark: <unknown>:0:0: loop not vectorized: loop control flow is not understood by vectorizer
warning: <unknown>:0:0: loop not vectorized: failed explicitly specified loop vectorization
remark: <unknown>:0:0: loop not vectorized: loop control flow is not understood by vectorizer
warning: <unknown>:0:0: loop not vectorized: failed explicitly specified loop vectorization
remark: <unknown>:0:0: loop not vectorized: loop control flow is not understood by vectorizer
warning: <unknown>:0:0: loop not vectorized: failed explicitly specified loop vectorization
remark: <unknown>:0:0: loop not vectorized: loop control flow is not understood by vectorizer
warning: <unknown>:0:0: loop not vectorized: failed explicitly specified loop vectorization
remark: <unknown>:0:0: loop not vectorized: loop control flow is not understood by vectorizer
warning: <unknown>:0:0: loop not vectorized: failed explicitly specified loop vectorization
remark: <unknown>:0:0: loop not vectorized: loop control flow is not understood by vectorizer
warning: <unknown>:0:0: loop not vectorized: failed explicitly specified loop vectorization
remark: <unknown>:0:0: loop not vectorized: loop control flow is not understood by vectorizer
warning: <unknown>:0:0: loop not vectorized: failed explicitly specified loop vectorization
remark: <unknown>:0:0: loop not vectorized: loop control flow is not understood by vectorizer
warning: <unknown>:0:0: loop not vectorized: failed explicitly specified loop vectorization
remark: <unknown>:0:0: loop not vectorized: loop control flow is not understood by vectorizer
warning: <unknown>:0:0: loop not vectorized: failed explicitly specified loop vectorization
remark: <unknown>:0:0: loop not vectorized: loop control flow is not understood by vectorizer
warning: <unknown>:0:0: loop not vectorized: failed explicitly specified loop vectorization
remark: <unknown>:0:0: loop not vectorized: loop control flow is not understood by vectorizer
warning: <unknown>:0:0: loop not vectorized: failed explicitly specified loop vectorization
remark: <unknown>:0:0: loop not vectorized: loop control flow is not understood by vectorizer
warning: <unknown>:0:0: loop not vectorized: failed explicitly specified loop vectorization
remark: <unknown>:0:0: loop not vectorized: loop control flow is not understood by vectorizer
warning: <unknown>:0:0: loop not vectorized: failed explicitly specified loop vectorization
remark: <unknown>:0:0: loop not vectorized: loop control flow is not understood by vectorizer
warning: <unknown>:0:0: loop not vectorized: failed explicitly specified loop vectorization
warning: <unknown>:0:0: loop not vectorized: failed explicitly specified loop vectorization
warning: <unknown>:0:0: loop not vectorized: failed explicitly specified loop vectorization
warning: <unknown>:0:0: loop not vectorized: failed explicitly specified loop vectorization
warning: <unknown>:0:0: loop not vectorized: failed explicitly specified loop vectorization
warning: <unknown>:0:0: loop not vectorized: failed explicitly specified loop vectorization
warning: <unknown>:0:0: loop not vectorized: failed explicitly specified loop vectorization
warning: <unknown>:0:0: loop not vectorized: failed explicitly specified loop vectorization
warning: <unknown>:0:0: loop not vectorized: failed explicitly specified loop vectorization
remark: <unknown>:0:0: loop not vectorized: value cannot be used outside the loop
warning: <unknown>:0:0: loop not vectorized: failed explicitly specified loop vectorization
remark: <unknown>:0:0: loop not vectorized: value cannot be used outside the loop
warning: <unknown>:0:0: loop not vectorized: failed explicitly specified loop vectorization
remark: <unknown>:0:0: loop not vectorized: value cannot be used outside the loop
warning: <unknown>:0:0: loop not vectorized: failed explicitly specified loop vectorization
 "/usr/bin/ld" --hash-style=gnu --no-add-needed --eh-frame-hdr -m elf64lppc -dynamic-linker /lib64/ld64.so.2 -o /home/gbercea/patch-compiler/src/projects/openmp/libomptarget/omptests/t-parallel-for-simd/results/a.out /usr/lib/gcc/ppc64le-redhat-linux/4.8.5/../../../../lib64/crt1.o /usr/lib/gcc/ppc64le-redhat-linux/4.8.5/../../../../lib64/crti.o /usr/lib/gcc/ppc64le-redhat-linux/4.8.5/crtbegin.o -L/home/gbercea/patch-compiler/obj-release/lib -L/home/gbercea/patch-compiler/obj-release/lib -L/usr/lib/gcc/ppc64le-redhat-linux/4.8.5 -L/usr/lib/gcc/ppc64le-redhat-linux/4.8.5/../../../../lib64 -L/lib/../lib64 -L/usr/lib/../lib64 -L/usr/lib/gcc/ppc64le-redhat-linux/4.8.5/../../.. -L/home/gbercea/patch-compiler/obj-release/bin/../lib -L/lib -L/usr/lib /tmp/test-63ec6a.o -L/home/gbercea/patch-compiler/obj-release/lib -L/usr/local/cuda-9.2/lib64 -L/usr/local/cuda-9.2/nvvm/libdevice -lomp -lomptarget -lgcc --as-needed -lgcc_s --no-as-needed -lpthread -latomic -lc -lgcc --as-needed -lgcc_s --no-as-needed /usr/lib/gcc/ppc64le-redhat-linux/4.8.5/crtend.o /usr/lib/gcc/ppc64le-redhat-linux/4.8.5/../../../../lib64/crtn.o -T /tmp/a-26271d.lk
