clang version 7.0.0 (http://llvm.org/git/clang.git 0f6b139a0ce2f74a708f120da6336c05c14ea1cb) (http://llvm.org/git/llvm.git a02ad35dfa959d5c50a5d0008b010e5fb0c5cbe8)
Target: powerpc64le-ibm-linux-gnu
Thread model: posix
InstalledDir: /localhd/gbercea/patch-compiler/obj-release/bin
Found candidate GCC installation: /usr/lib/gcc/powerpc64le-linux-gnu/4.8
Found candidate GCC installation: /usr/lib/gcc/powerpc64le-linux-gnu/4.8.4
Found candidate GCC installation: /usr/lib/gcc/powerpc64le-linux-gnu/4.9
Found candidate GCC installation: /usr/lib/gcc/powerpc64le-linux-gnu/4.9.1
Selected GCC installation: /usr/lib/gcc/powerpc64le-linux-gnu/4.8
Candidate multilib: .;@m64
Selected multilib: .;@m64
Found CUDA installation: /usr/local/cuda-8.0, version 8.0
 "/localhd/gbercea/patch-compiler/obj-release/bin/clang-6.0" -cc1 -triple powerpc64le-ibm-linux-gnu -emit-llvm-bc -emit-llvm-uselists -disable-free -main-file-name test.c -mrelocation-model pic -pic-level 2 -mthread-model posix -fmath-errno -masm-verbose -mconstructor-aliases -fuse-init-array -target-cpu pwr8 -mfloat-abi hard -target-abi elfv2 -dwarf-column-info -debugger-tuning=gdb -momit-leaf-frame-pointer -v -resource-dir /localhd/gbercea/patch-compiler/obj-release/lib/clang/7.0.0 -I /localhd/gbercea/patch-compiler/obj-release/lib -I /localhd/gbercea/patch-compiler/obj-release/lib/../ -I /localhd/gbercea/patch-compiler/obj-release/lib/../projects/openmp/runtime/src/ -internal-isystem /usr/local/include -internal-isystem /localhd/gbercea/patch-compiler/obj-release/lib/clang/7.0.0/include -internal-externc-isystem /usr/include/powerpc64le-linux-gnu -internal-externc-isystem /include -internal-externc-isystem /usr/include -internal-isystem /usr/local/include -internal-isystem /localhd/gbercea/patch-compiler/obj-release/lib/clang/7.0.0/include -internal-externc-isystem /usr/include/powerpc64le-linux-gnu -internal-externc-isystem /include -internal-externc-isystem /usr/include -O3 -fdebug-compilation-dir /localhd/gbercea/patch-compiler/src/projects/openmp/libomptarget/omptests/t-reduction/results -ferror-limit 19 -fmessage-length 0 -fopenmp -fno-signed-char -fobjc-runtime=gcc -fdiagnostics-show-option -vectorize-loops -vectorize-slp -o /tmp/test-8d7d36.bc -x c /localhd/gbercea/patch-compiler/src/projects/openmp/libomptarget/omptests/t-reduction/test.c -fopenmp-targets=nvptx64-nvidia-cuda -faddrsig
clang -cc1 version 7.0.0 based upon LLVM 7.0.0svn default target powerpc64le-unknown-linux-gnu
ignoring nonexistent directory "/include"
ignoring nonexistent directory "/include"
ignoring duplicate directory "/usr/local/include"
ignoring duplicate directory "/localhd/gbercea/patch-compiler/obj-release/lib/clang/7.0.0/include"
ignoring duplicate directory "/usr/include/powerpc64le-linux-gnu"
ignoring duplicate directory "/usr/include"
#include "..." search starts here:
#include <...> search starts here:
 /localhd/gbercea/patch-compiler/obj-release/lib
 /localhd/gbercea/patch-compiler/obj-release/lib/..
 /localhd/gbercea/patch-compiler/obj-release/lib/../projects/openmp/runtime/src
 /usr/local/include
 /localhd/gbercea/patch-compiler/obj-release/lib/clang/7.0.0/include
 /usr/include/powerpc64le-linux-gnu
 /usr/include
End of search list.
/localhd/gbercea/patch-compiler/src/projects/openmp/libomptarget/omptests/t-reduction/test.c:337:29: warning: format specifies type 'double' but the argument has type 'long long' [-Wformat]
    }, VERIFY(0, 6, OUT[i], (trial+1) * EXPECTED[i]));
       ~~~~~~~~~~~~~~~~~~~~~^~~~~~~~~~~~~~~~~~~~~~~~
/localhd/gbercea/patch-compiler/src/projects/openmp/libomptarget/omptests/t-reduction/../utilities/utilities.h:35:70: note: expanded from macro 'VERIFY'
      printf ("Failed at %3d with %s, expected %f, got %f\n", i, #X, VAL, X); \
                                               ~~                    ^~~
/localhd/gbercea/patch-compiler/src/projects/openmp/libomptarget/omptests/t-reduction/../utilities/utilities.h:60:5: note: expanded from macro 'TEST'
    V \
    ^
/localhd/gbercea/patch-compiler/src/projects/openmp/libomptarget/omptests/t-reduction/test.c:337:21: warning: format specifies type 'double' but the argument has type 'long long' [-Wformat]
    }, VERIFY(0, 6, OUT[i], (trial+1) * EXPECTED[i]));
       ~~~~~~~~~~~~~^~~~~~~~~~~~~~~~~~~~~~~~~~~~~~~~
/localhd/gbercea/patch-compiler/src/projects/openmp/libomptarget/omptests/t-reduction/../utilities/utilities.h:35:75: note: expanded from macro 'VERIFY'
      printf ("Failed at %3d with %s, expected %f, got %f\n", i, #X, VAL, X); \
                                                       ~~                 ^
/localhd/gbercea/patch-compiler/src/projects/openmp/libomptarget/omptests/t-reduction/../utilities/utilities.h:60:5: note: expanded from macro 'TEST'
    V \
    ^
/localhd/gbercea/patch-compiler/src/projects/openmp/libomptarget/omptests/t-reduction/test.c:368:29: warning: format specifies type 'double' but the argument has type 'long long' [-Wformat]
    }, VERIFY(0, 6, OUT[i], (trial+1) * 2*EXPECTED[i]));
       ~~~~~~~~~~~~~~~~~~~~~^~~~~~~~~~~~~~~~~~~~~~~~~~
/localhd/gbercea/patch-compiler/src/projects/openmp/libomptarget/omptests/t-reduction/../utilities/utilities.h:35:70: note: expanded from macro 'VERIFY'
      printf ("Failed at %3d with %s, expected %f, got %f\n", i, #X, VAL, X); \
                                               ~~                    ^~~
/localhd/gbercea/patch-compiler/src/projects/openmp/libomptarget/omptests/t-reduction/../utilities/utilities.h:60:5: note: expanded from macro 'TEST'
    V \
    ^
/localhd/gbercea/patch-compiler/src/projects/openmp/libomptarget/omptests/t-reduction/test.c:368:21: warning: format specifies type 'double' but the argument has type 'long long' [-Wformat]
    }, VERIFY(0, 6, OUT[i], (trial+1) * 2*EXPECTED[i]));
       ~~~~~~~~~~~~~^~~~~~~~~~~~~~~~~~~~~~~~~~~~~~~~~~
/localhd/gbercea/patch-compiler/src/projects/openmp/libomptarget/omptests/t-reduction/../utilities/utilities.h:35:75: note: expanded from macro 'VERIFY'
      printf ("Failed at %3d with %s, expected %f, got %f\n", i, #X, VAL, X); \
                                                       ~~                 ^
/localhd/gbercea/patch-compiler/src/projects/openmp/libomptarget/omptests/t-reduction/../utilities/utilities.h:60:5: note: expanded from macro 'TEST'
    V \
    ^
/localhd/gbercea/patch-compiler/src/projects/openmp/libomptarget/omptests/t-reduction/test.c:388:26: warning: format specifies type 'double' but the argument has type 'long long' [-Wformat]
    VERIFY(0, 6, OUT[i], (trial+1) * SUMS * EXPECTED[i]))
    ~~~~~~~~~~~~~~~~~~~~~^~~~~~~~~~~~~~~~~~~~~~~~~~~~~~~~
/localhd/gbercea/patch-compiler/src/projects/openmp/libomptarget/omptests/t-reduction/../utilities/utilities.h:35:70: note: expanded from macro 'VERIFY'
      printf ("Failed at %3d with %s, expected %f, got %f\n", i, #X, VAL, X); \
                                               ~~                    ^
/localhd/gbercea/patch-compiler/src/projects/openmp/libomptarget/omptests/t-reduction/defines-red.h:32:4: note: expanded from macro 'PARALLEL_FOR'
}, VERIFY)
~~~^~~~~~~
/localhd/gbercea/patch-compiler/src/projects/openmp/libomptarget/omptests/t-reduction/../utilities/utilities.h:60:5: note: expanded from macro 'TEST'
    V \
    ^
/localhd/gbercea/patch-compiler/src/projects/openmp/libomptarget/omptests/t-reduction/test.c:388:18: warning: format specifies type 'double' but the argument has type 'long long' [-Wformat]
    VERIFY(0, 6, OUT[i], (trial+1) * SUMS * EXPECTED[i]))
    ~~~~~~~~~~~~~^~~~~~~~~~~~~~~~~~~~~~~~~~~~~~~~~~~~~~~
/localhd/gbercea/patch-compiler/src/projects/openmp/libomptarget/omptests/t-reduction/../utilities/utilities.h:35:75: note: expanded from macro 'VERIFY'
      printf ("Failed at %3d with %s, expected %f, got %f\n", i, #X, VAL, X); \
                                                       ~~                 ^
/localhd/gbercea/patch-compiler/src/projects/openmp/libomptarget/omptests/t-reduction/defines-red.h:32:4: note: expanded from macro 'PARALLEL_FOR'
}, VERIFY)
   ^~~~~~
/localhd/gbercea/patch-compiler/src/projects/openmp/libomptarget/omptests/t-reduction/../utilities/utilities.h:60:5: note: expanded from macro 'TEST'
    V \
    ^
/localhd/gbercea/patch-compiler/src/projects/openmp/libomptarget/omptests/t-reduction/test.c:413:28: warning: format specifies type 'double' but the argument has type 'long long' [-Wformat]
      VERIFY(0, 6, OUT[i], (trial+1) * SUMS * EXPECTED[i]))
      ~~~~~~~~~~~~~~~~~~~~~^~~~~~~~~~~~~~~~~~~~~~~~~~~~~~~~
/localhd/gbercea/patch-compiler/src/projects/openmp/libomptarget/omptests/t-reduction/../utilities/utilities.h:35:70: note: expanded from macro 'VERIFY'
      printf ("Failed at %3d with %s, expected %f, got %f\n", i, #X, VAL, X); \
                                               ~~                    ^
/localhd/gbercea/patch-compiler/src/projects/openmp/libomptarget/omptests/t-reduction/defines-red.h:67:4: note: expanded from macro 'PARALLEL_NESTED_FOR'
}, VERIFY)
~~~^~~~~~~
/localhd/gbercea/patch-compiler/src/projects/openmp/libomptarget/omptests/t-reduction/../utilities/utilities.h:60:5: note: expanded from macro 'TEST'
    V \
    ^
/localhd/gbercea/patch-compiler/src/projects/openmp/libomptarget/omptests/t-reduction/test.c:413:20: warning: format specifies type 'double' but the argument has type 'long long' [-Wformat]
      VERIFY(0, 6, OUT[i], (trial+1) * SUMS * EXPECTED[i]))
      ~~~~~~~~~~~~~^~~~~~~~~~~~~~~~~~~~~~~~~~~~~~~~~~~~~~~
/localhd/gbercea/patch-compiler/src/projects/openmp/libomptarget/omptests/t-reduction/../utilities/utilities.h:35:75: note: expanded from macro 'VERIFY'
      printf ("Failed at %3d with %s, expected %f, got %f\n", i, #X, VAL, X); \
                                                       ~~                 ^
/localhd/gbercea/patch-compiler/src/projects/openmp/libomptarget/omptests/t-reduction/defines-red.h:67:4: note: expanded from macro 'PARALLEL_NESTED_FOR'
}, VERIFY)
   ^~~~~~
/localhd/gbercea/patch-compiler/src/projects/openmp/libomptarget/omptests/t-reduction/../utilities/utilities.h:60:5: note: expanded from macro 'TEST'
    V \
    ^
/localhd/gbercea/patch-compiler/src/projects/openmp/libomptarget/omptests/t-reduction/test.c:443:27: warning: format specifies type 'double' but the argument has type 'long long' [-Wformat]
  }, VERIFY(0, 1, OUT[0], (5ll << 32)));
     ~~~~~~~~~~~~~~~~~~~~~^~~~~~~~~~~~
/localhd/gbercea/patch-compiler/src/projects/openmp/libomptarget/omptests/t-reduction/../utilities/utilities.h:35:70: note: expanded from macro 'VERIFY'
      printf ("Failed at %3d with %s, expected %f, got %f\n", i, #X, VAL, X); \
                                               ~~                    ^~~
/localhd/gbercea/patch-compiler/src/projects/openmp/libomptarget/omptests/t-reduction/../utilities/utilities.h:60:5: note: expanded from macro 'TEST'
    V \
    ^
/localhd/gbercea/patch-compiler/src/projects/openmp/libomptarget/omptests/t-reduction/test.c:443:19: warning: format specifies type 'double' but the argument has type 'long long' [-Wformat]
  }, VERIFY(0, 1, OUT[0], (5ll << 32)));
     ~~~~~~~~~~~~~^~~~~~~~~~~~~~~~~~~~
/localhd/gbercea/patch-compiler/src/projects/openmp/libomptarget/omptests/t-reduction/../utilities/utilities.h:35:75: note: expanded from macro 'VERIFY'
      printf ("Failed at %3d with %s, expected %f, got %f\n", i, #X, VAL, X); \
                                                       ~~                 ^
/localhd/gbercea/patch-compiler/src/projects/openmp/libomptarget/omptests/t-reduction/../utilities/utilities.h:60:5: note: expanded from macro 'TEST'
    V \
    ^
/localhd/gbercea/patch-compiler/src/projects/openmp/libomptarget/omptests/t-reduction/test.c:464:27: warning: format specifies type 'double' but the argument has type 'long long' [-Wformat]
  }, VERIFY(0, 1, OUT[0], (5ll << 32)));
     ~~~~~~~~~~~~~~~~~~~~~^~~~~~~~~~~~
/localhd/gbercea/patch-compiler/src/projects/openmp/libomptarget/omptests/t-reduction/../utilities/utilities.h:35:70: note: expanded from macro 'VERIFY'
      printf ("Failed at %3d with %s, expected %f, got %f\n", i, #X, VAL, X); \
                                               ~~                    ^~~
/localhd/gbercea/patch-compiler/src/projects/openmp/libomptarget/omptests/t-reduction/../utilities/utilities.h:60:5: note: expanded from macro 'TEST'
    V \
    ^
/localhd/gbercea/patch-compiler/src/projects/openmp/libomptarget/omptests/t-reduction/test.c:464:19: warning: format specifies type 'double' but the argument has type 'long long' [-Wformat]
  }, VERIFY(0, 1, OUT[0], (5ll << 32)));
     ~~~~~~~~~~~~~^~~~~~~~~~~~~~~~~~~~
/localhd/gbercea/patch-compiler/src/projects/openmp/libomptarget/omptests/t-reduction/../utilities/utilities.h:35:75: note: expanded from macro 'VERIFY'
      printf ("Failed at %3d with %s, expected %f, got %f\n", i, #X, VAL, X); \
                                                       ~~                 ^
/localhd/gbercea/patch-compiler/src/projects/openmp/libomptarget/omptests/t-reduction/../utilities/utilities.h:60:5: note: expanded from macro 'TEST'
    V \
    ^
/localhd/gbercea/patch-compiler/src/projects/openmp/libomptarget/omptests/t-reduction/test.c:483:13: warning: format specifies type 'double' but the argument has type 'int' [-Wformat]
            ( (2*N) << 16 ) ));
            ^~~~~~~~~~~~~~~~~~
/localhd/gbercea/patch-compiler/src/projects/openmp/libomptarget/omptests/t-reduction/../utilities/utilities.h:35:70: note: expanded from macro 'VERIFY'
      printf ("Failed at %3d with %s, expected %f, got %f\n", i, #X, VAL, X); \
                                               ~~                    ^
/localhd/gbercea/patch-compiler/src/projects/openmp/libomptarget/omptests/t-reduction/../utilities/utilities.h:80:5: note: expanded from macro 'TESTD'
    V \
    ^
/localhd/gbercea/patch-compiler/src/projects/openmp/libomptarget/omptests/t-reduction/test.c:482:19: warning: format specifies type 'double' but the argument has type 'long long' [-Wformat]
  }, VERIFY(0, 1, OUT[0]+OUT[1]+OUT[2]+OUT[3]+OUT[4]+OUT[5],
     ~~~~~~~~~~~~~^~~~~~~~~~~~~~~~~~~~~~~~~~~~~~~~~~~~~~~~~~
/localhd/gbercea/patch-compiler/src/projects/openmp/libomptarget/omptests/t-reduction/../utilities/utilities.h:35:75: note: expanded from macro 'VERIFY'
      printf ("Failed at %3d with %s, expected %f, got %f\n", i, #X, VAL, X); \
                                                       ~~                 ^
/localhd/gbercea/patch-compiler/src/projects/openmp/libomptarget/omptests/t-reduction/../utilities/utilities.h:80:5: note: expanded from macro 'TESTD'
    V \
    ^
/localhd/gbercea/patch-compiler/src/projects/openmp/libomptarget/omptests/t-reduction/test.c:504:28: warning: format specifies type 'double' but the argument has type 'long long' [-Wformat]
      VERIFY(0, 6, OUT[i], (trial+1) * EXPECTED[i]));
      ~~~~~~~~~~~~~~~~~~~~~^~~~~~~~~~~~~~~~~~~~~~~~
/localhd/gbercea/patch-compiler/src/projects/openmp/libomptarget/omptests/t-reduction/../utilities/utilities.h:35:70: note: expanded from macro 'VERIFY'
      printf ("Failed at %3d with %s, expected %f, got %f\n", i, #X, VAL, X); \
                                               ~~                    ^~~
/localhd/gbercea/patch-compiler/src/projects/openmp/libomptarget/omptests/t-reduction/../utilities/utilities.h:97:5: note: expanded from macro 'TESTD2'
    V \
    ^
/localhd/gbercea/patch-compiler/src/projects/openmp/libomptarget/omptests/t-reduction/test.c:504:20: warning: format specifies type 'double' but the argument has type 'long long' [-Wformat]
      VERIFY(0, 6, OUT[i], (trial+1) * EXPECTED[i]));
      ~~~~~~~~~~~~~^~~~~~~~~~~~~~~~~~~~~~~~~~~~~~~~
/localhd/gbercea/patch-compiler/src/projects/openmp/libomptarget/omptests/t-reduction/../utilities/utilities.h:35:75: note: expanded from macro 'VERIFY'
      printf ("Failed at %3d with %s, expected %f, got %f\n", i, #X, VAL, X); \
                                                       ~~                 ^
/localhd/gbercea/patch-compiler/src/projects/openmp/libomptarget/omptests/t-reduction/../utilities/utilities.h:97:5: note: expanded from macro 'TESTD2'
    V \
    ^
/localhd/gbercea/patch-compiler/src/projects/openmp/libomptarget/omptests/t-reduction/test.c:521:28: warning: format specifies type 'double' but the argument has type 'long long' [-Wformat]
      VERIFY(0, 6, OUT[i], (trial+1) * EXPECTED[i]));
      ~~~~~~~~~~~~~~~~~~~~~^~~~~~~~~~~~~~~~~~~~~~~~
/localhd/gbercea/patch-compiler/src/projects/openmp/libomptarget/omptests/t-reduction/../utilities/utilities.h:35:70: note: expanded from macro 'VERIFY'
      printf ("Failed at %3d with %s, expected %f, got %f\n", i, #X, VAL, X); \
                                               ~~                    ^~~
/localhd/gbercea/patch-compiler/src/projects/openmp/libomptarget/omptests/t-reduction/../utilities/utilities.h:97:5: note: expanded from macro 'TESTD2'
    V \
    ^
/localhd/gbercea/patch-compiler/src/projects/openmp/libomptarget/omptests/t-reduction/test.c:521:20: warning: format specifies type 'double' but the argument has type 'long long' [-Wformat]
      VERIFY(0, 6, OUT[i], (trial+1) * EXPECTED[i]));
      ~~~~~~~~~~~~~^~~~~~~~~~~~~~~~~~~~~~~~~~~~~~~~
/localhd/gbercea/patch-compiler/src/projects/openmp/libomptarget/omptests/t-reduction/../utilities/utilities.h:35:75: note: expanded from macro 'VERIFY'
      printf ("Failed at %3d with %s, expected %f, got %f\n", i, #X, VAL, X); \
                                                       ~~                 ^
/localhd/gbercea/patch-compiler/src/projects/openmp/libomptarget/omptests/t-reduction/../utilities/utilities.h:97:5: note: expanded from macro 'TESTD2'
    V \
    ^
/localhd/gbercea/patch-compiler/src/projects/openmp/libomptarget/omptests/t-reduction/test.c:567:44: warning: format specifies type 'double' but the argument has type 'int' [-Wformat]
    }, VERIFY(0, 1, OUT[0] + num_tests[0], 0+(trial+1)*2156) );
       ~~~~~~~~~~~~~~~~~~~~~~~~~~~~~~~~~~~~^~~~~~~~~~~~~~~~~
/localhd/gbercea/patch-compiler/src/projects/openmp/libomptarget/omptests/t-reduction/../utilities/utilities.h:35:70: note: expanded from macro 'VERIFY'
      printf ("Failed at %3d with %s, expected %f, got %f\n", i, #X, VAL, X); \
                                               ~~                    ^~~
/localhd/gbercea/patch-compiler/src/projects/openmp/libomptarget/omptests/t-reduction/../utilities/utilities.h:60:5: note: expanded from macro 'TEST'
    V \
    ^
/localhd/gbercea/patch-compiler/src/projects/openmp/libomptarget/omptests/t-reduction/test.c:567:21: warning: format specifies type 'double' but the argument has type 'long long' [-Wformat]
    }, VERIFY(0, 1, OUT[0] + num_tests[0], 0+(trial+1)*2156) );
       ~~~~~~~~~~~~~^~~~~~~~~~~~~~~~~~~~~~~~~~~~~~~~~~~~~~~~
/localhd/gbercea/patch-compiler/src/projects/openmp/libomptarget/omptests/t-reduction/../utilities/utilities.h:35:75: note: expanded from macro 'VERIFY'
      printf ("Failed at %3d with %s, expected %f, got %f\n", i, #X, VAL, X); \
                                                       ~~                 ^
/localhd/gbercea/patch-compiler/src/projects/openmp/libomptarget/omptests/t-reduction/../utilities/utilities.h:60:5: note: expanded from macro 'TEST'
    V \
    ^
/localhd/gbercea/patch-compiler/src/projects/openmp/libomptarget/omptests/t-reduction/test.c:610:44: warning: format specifies type 'double' but the argument has type 'int' [-Wformat]
    }, VERIFY(0, 1, OUT[0] + num_tests[0], 0+(trial+1)*2156) );
       ~~~~~~~~~~~~~~~~~~~~~~~~~~~~~~~~~~~~^~~~~~~~~~~~~~~~~
/localhd/gbercea/patch-compiler/src/projects/openmp/libomptarget/omptests/t-reduction/../utilities/utilities.h:35:70: note: expanded from macro 'VERIFY'
      printf ("Failed at %3d with %s, expected %f, got %f\n", i, #X, VAL, X); \
                                               ~~                    ^~~
/localhd/gbercea/patch-compiler/src/projects/openmp/libomptarget/omptests/t-reduction/../utilities/utilities.h:60:5: note: expanded from macro 'TEST'
    V \
    ^
/localhd/gbercea/patch-compiler/src/projects/openmp/libomptarget/omptests/t-reduction/test.c:610:21: warning: format specifies type 'double' but the argument has type 'long long' [-Wformat]
    }, VERIFY(0, 1, OUT[0] + num_tests[0], 0+(trial+1)*2156) );
       ~~~~~~~~~~~~~^~~~~~~~~~~~~~~~~~~~~~~~~~~~~~~~~~~~~~~~
/localhd/gbercea/patch-compiler/src/projects/openmp/libomptarget/omptests/t-reduction/../utilities/utilities.h:35:75: note: expanded from macro 'VERIFY'
      printf ("Failed at %3d with %s, expected %f, got %f\n", i, #X, VAL, X); \
                                                       ~~                 ^
/localhd/gbercea/patch-compiler/src/projects/openmp/libomptarget/omptests/t-reduction/../utilities/utilities.h:60:5: note: expanded from macro 'TEST'
    V \
    ^
22 warnings generated.
 "/localhd/gbercea/patch-compiler/obj-release/bin/clang-6.0" -cc1 -triple nvptx64-nvidia-cuda -aux-triple powerpc64le-ibm-linux-gnu -S -disable-free -main-file-name test.c -mrelocation-model pic -pic-level 2 -mthread-model posix -mdisable-fp-elim -no-integrated-as -fuse-init-array -mlink-cuda-bitcode /usr/local/cuda-8.0/nvvm/libdevice/libdevice.compute_35.10.bc -target-feature +ptx42 -mlink-cuda-bitcode /localhd/gbercea/patch-compiler/obj-release/lib/libomptarget-nvptx-sm_37.bc -target-cpu sm_37 -dwarf-column-info -debugger-tuning=gdb -v -resource-dir /localhd/gbercea/patch-compiler/obj-release/lib/clang/7.0.0 -I /localhd/gbercea/patch-compiler/obj-release/lib -I /localhd/gbercea/patch-compiler/obj-release/lib/../ -I /localhd/gbercea/patch-compiler/obj-release/lib/../projects/openmp/runtime/src/ -internal-isystem /usr/local/include -internal-isystem /localhd/gbercea/patch-compiler/obj-release/lib/clang/7.0.0/include -internal-externc-isystem /usr/include/powerpc64le-linux-gnu -internal-externc-isystem /include -internal-externc-isystem /usr/include -internal-isystem /usr/local/include -internal-isystem /localhd/gbercea/patch-compiler/obj-release/lib/clang/7.0.0/include -internal-externc-isystem /usr/include/powerpc64le-linux-gnu -internal-externc-isystem /include -internal-externc-isystem /usr/include -O3 -fno-dwarf-directory-asm -fdebug-compilation-dir /localhd/gbercea/patch-compiler/src/projects/openmp/libomptarget/omptests/t-reduction/results -ferror-limit 19 -fmessage-length 0 -fopenmp -fobjc-runtime=gcc -fdiagnostics-show-option -vectorize-loops -vectorize-slp -o /tmp/test-9e609f.s -x c /localhd/gbercea/patch-compiler/src/projects/openmp/libomptarget/omptests/t-reduction/test.c -fopenmp-is-device -fopenmp-host-ir-file-path /tmp/test-8d7d36.bc
clang -cc1 version 7.0.0 based upon LLVM 7.0.0svn default target powerpc64le-unknown-linux-gnu
ignoring nonexistent directory "/include"
ignoring nonexistent directory "/include"
ignoring duplicate directory "/usr/local/include"
ignoring duplicate directory "/localhd/gbercea/patch-compiler/obj-release/lib/clang/7.0.0/include"
ignoring duplicate directory "/usr/include/powerpc64le-linux-gnu"
ignoring duplicate directory "/usr/include"
#include "..." search starts here:
#include <...> search starts here:
 /localhd/gbercea/patch-compiler/obj-release/lib
 /localhd/gbercea/patch-compiler/obj-release/lib/..
 /localhd/gbercea/patch-compiler/obj-release/lib/../projects/openmp/runtime/src
 /usr/local/include
 /localhd/gbercea/patch-compiler/obj-release/lib/clang/7.0.0/include
 /usr/include/powerpc64le-linux-gnu
 /usr/include
End of search list.
/localhd/gbercea/patch-compiler/src/projects/openmp/libomptarget/omptests/t-reduction/test.c:337:29: warning: format specifies type 'double' but the argument has type 'long long' [-Wformat]
    }, VERIFY(0, 6, OUT[i], (trial+1) * EXPECTED[i]));
       ~~~~~~~~~~~~~~~~~~~~~^~~~~~~~~~~~~~~~~~~~~~~~
/localhd/gbercea/patch-compiler/src/projects/openmp/libomptarget/omptests/t-reduction/../utilities/utilities.h:35:70: note: expanded from macro 'VERIFY'
      printf ("Failed at %3d with %s, expected %f, got %f\n", i, #X, VAL, X); \
                                               ~~                    ^~~
/localhd/gbercea/patch-compiler/src/projects/openmp/libomptarget/omptests/t-reduction/../utilities/utilities.h:60:5: note: expanded from macro 'TEST'
    V \
    ^
/localhd/gbercea/patch-compiler/src/projects/openmp/libomptarget/omptests/t-reduction/test.c:337:21: warning: format specifies type 'double' but the argument has type 'long long' [-Wformat]
    }, VERIFY(0, 6, OUT[i], (trial+1) * EXPECTED[i]));
       ~~~~~~~~~~~~~^~~~~~~~~~~~~~~~~~~~~~~~~~~~~~~~
/localhd/gbercea/patch-compiler/src/projects/openmp/libomptarget/omptests/t-reduction/../utilities/utilities.h:35:75: note: expanded from macro 'VERIFY'
      printf ("Failed at %3d with %s, expected %f, got %f\n", i, #X, VAL, X); \
                                                       ~~                 ^
/localhd/gbercea/patch-compiler/src/projects/openmp/libomptarget/omptests/t-reduction/../utilities/utilities.h:60:5: note: expanded from macro 'TEST'
    V \
    ^
/localhd/gbercea/patch-compiler/src/projects/openmp/libomptarget/omptests/t-reduction/test.c:368:29: warning: format specifies type 'double' but the argument has type 'long long' [-Wformat]
    }, VERIFY(0, 6, OUT[i], (trial+1) * 2*EXPECTED[i]));
       ~~~~~~~~~~~~~~~~~~~~~^~~~~~~~~~~~~~~~~~~~~~~~~~
/localhd/gbercea/patch-compiler/src/projects/openmp/libomptarget/omptests/t-reduction/../utilities/utilities.h:35:70: note: expanded from macro 'VERIFY'
      printf ("Failed at %3d with %s, expected %f, got %f\n", i, #X, VAL, X); \
                                               ~~                    ^~~
/localhd/gbercea/patch-compiler/src/projects/openmp/libomptarget/omptests/t-reduction/../utilities/utilities.h:60:5: note: expanded from macro 'TEST'
    V \
    ^
/localhd/gbercea/patch-compiler/src/projects/openmp/libomptarget/omptests/t-reduction/test.c:368:21: warning: format specifies type 'double' but the argument has type 'long long' [-Wformat]
    }, VERIFY(0, 6, OUT[i], (trial+1) * 2*EXPECTED[i]));
       ~~~~~~~~~~~~~^~~~~~~~~~~~~~~~~~~~~~~~~~~~~~~~~~
/localhd/gbercea/patch-compiler/src/projects/openmp/libomptarget/omptests/t-reduction/../utilities/utilities.h:35:75: note: expanded from macro 'VERIFY'
      printf ("Failed at %3d with %s, expected %f, got %f\n", i, #X, VAL, X); \
                                                       ~~                 ^
/localhd/gbercea/patch-compiler/src/projects/openmp/libomptarget/omptests/t-reduction/../utilities/utilities.h:60:5: note: expanded from macro 'TEST'
    V \
    ^
/localhd/gbercea/patch-compiler/src/projects/openmp/libomptarget/omptests/t-reduction/test.c:388:26: warning: format specifies type 'double' but the argument has type 'long long' [-Wformat]
    VERIFY(0, 6, OUT[i], (trial+1) * SUMS * EXPECTED[i]))
    ~~~~~~~~~~~~~~~~~~~~~^~~~~~~~~~~~~~~~~~~~~~~~~~~~~~~~
/localhd/gbercea/patch-compiler/src/projects/openmp/libomptarget/omptests/t-reduction/../utilities/utilities.h:35:70: note: expanded from macro 'VERIFY'
      printf ("Failed at %3d with %s, expected %f, got %f\n", i, #X, VAL, X); \
                                               ~~                    ^
/localhd/gbercea/patch-compiler/src/projects/openmp/libomptarget/omptests/t-reduction/defines-red.h:32:4: note: expanded from macro 'PARALLEL_FOR'
}, VERIFY)
~~~^~~~~~~
/localhd/gbercea/patch-compiler/src/projects/openmp/libomptarget/omptests/t-reduction/../utilities/utilities.h:60:5: note: expanded from macro 'TEST'
    V \
    ^
/localhd/gbercea/patch-compiler/src/projects/openmp/libomptarget/omptests/t-reduction/test.c:388:18: warning: format specifies type 'double' but the argument has type 'long long' [-Wformat]
    VERIFY(0, 6, OUT[i], (trial+1) * SUMS * EXPECTED[i]))
    ~~~~~~~~~~~~~^~~~~~~~~~~~~~~~~~~~~~~~~~~~~~~~~~~~~~~
/localhd/gbercea/patch-compiler/src/projects/openmp/libomptarget/omptests/t-reduction/../utilities/utilities.h:35:75: note: expanded from macro 'VERIFY'
      printf ("Failed at %3d with %s, expected %f, got %f\n", i, #X, VAL, X); \
                                                       ~~                 ^
/localhd/gbercea/patch-compiler/src/projects/openmp/libomptarget/omptests/t-reduction/defines-red.h:32:4: note: expanded from macro 'PARALLEL_FOR'
}, VERIFY)
   ^~~~~~
/localhd/gbercea/patch-compiler/src/projects/openmp/libomptarget/omptests/t-reduction/../utilities/utilities.h:60:5: note: expanded from macro 'TEST'
    V \
    ^
/localhd/gbercea/patch-compiler/src/projects/openmp/libomptarget/omptests/t-reduction/test.c:413:28: warning: format specifies type 'double' but the argument has type 'long long' [-Wformat]
      VERIFY(0, 6, OUT[i], (trial+1) * SUMS * EXPECTED[i]))
      ~~~~~~~~~~~~~~~~~~~~~^~~~~~~~~~~~~~~~~~~~~~~~~~~~~~~~
/localhd/gbercea/patch-compiler/src/projects/openmp/libomptarget/omptests/t-reduction/../utilities/utilities.h:35:70: note: expanded from macro 'VERIFY'
      printf ("Failed at %3d with %s, expected %f, got %f\n", i, #X, VAL, X); \
                                               ~~                    ^
/localhd/gbercea/patch-compiler/src/projects/openmp/libomptarget/omptests/t-reduction/defines-red.h:67:4: note: expanded from macro 'PARALLEL_NESTED_FOR'
}, VERIFY)
~~~^~~~~~~
/localhd/gbercea/patch-compiler/src/projects/openmp/libomptarget/omptests/t-reduction/../utilities/utilities.h:60:5: note: expanded from macro 'TEST'
    V \
    ^
/localhd/gbercea/patch-compiler/src/projects/openmp/libomptarget/omptests/t-reduction/test.c:413:20: warning: format specifies type 'double' but the argument has type 'long long' [-Wformat]
      VERIFY(0, 6, OUT[i], (trial+1) * SUMS * EXPECTED[i]))
      ~~~~~~~~~~~~~^~~~~~~~~~~~~~~~~~~~~~~~~~~~~~~~~~~~~~~
/localhd/gbercea/patch-compiler/src/projects/openmp/libomptarget/omptests/t-reduction/../utilities/utilities.h:35:75: note: expanded from macro 'VERIFY'
      printf ("Failed at %3d with %s, expected %f, got %f\n", i, #X, VAL, X); \
                                                       ~~                 ^
/localhd/gbercea/patch-compiler/src/projects/openmp/libomptarget/omptests/t-reduction/defines-red.h:67:4: note: expanded from macro 'PARALLEL_NESTED_FOR'
}, VERIFY)
   ^~~~~~
/localhd/gbercea/patch-compiler/src/projects/openmp/libomptarget/omptests/t-reduction/../utilities/utilities.h:60:5: note: expanded from macro 'TEST'
    V \
    ^
/localhd/gbercea/patch-compiler/src/projects/openmp/libomptarget/omptests/t-reduction/test.c:443:27: warning: format specifies type 'double' but the argument has type 'long long' [-Wformat]
  }, VERIFY(0, 1, OUT[0], (5ll << 32)));
     ~~~~~~~~~~~~~~~~~~~~~^~~~~~~~~~~~
/localhd/gbercea/patch-compiler/src/projects/openmp/libomptarget/omptests/t-reduction/../utilities/utilities.h:35:70: note: expanded from macro 'VERIFY'
      printf ("Failed at %3d with %s, expected %f, got %f\n", i, #X, VAL, X); \
                                               ~~                    ^~~
/localhd/gbercea/patch-compiler/src/projects/openmp/libomptarget/omptests/t-reduction/../utilities/utilities.h:60:5: note: expanded from macro 'TEST'
    V \
    ^
/localhd/gbercea/patch-compiler/src/projects/openmp/libomptarget/omptests/t-reduction/test.c:443:19: warning: format specifies type 'double' but the argument has type 'long long' [-Wformat]
  }, VERIFY(0, 1, OUT[0], (5ll << 32)));
     ~~~~~~~~~~~~~^~~~~~~~~~~~~~~~~~~~
/localhd/gbercea/patch-compiler/src/projects/openmp/libomptarget/omptests/t-reduction/../utilities/utilities.h:35:75: note: expanded from macro 'VERIFY'
      printf ("Failed at %3d with %s, expected %f, got %f\n", i, #X, VAL, X); \
                                                       ~~                 ^
/localhd/gbercea/patch-compiler/src/projects/openmp/libomptarget/omptests/t-reduction/../utilities/utilities.h:60:5: note: expanded from macro 'TEST'
    V \
    ^
/localhd/gbercea/patch-compiler/src/projects/openmp/libomptarget/omptests/t-reduction/test.c:464:27: warning: format specifies type 'double' but the argument has type 'long long' [-Wformat]
  }, VERIFY(0, 1, OUT[0], (5ll << 32)));
     ~~~~~~~~~~~~~~~~~~~~~^~~~~~~~~~~~
/localhd/gbercea/patch-compiler/src/projects/openmp/libomptarget/omptests/t-reduction/../utilities/utilities.h:35:70: note: expanded from macro 'VERIFY'
      printf ("Failed at %3d with %s, expected %f, got %f\n", i, #X, VAL, X); \
                                               ~~                    ^~~
/localhd/gbercea/patch-compiler/src/projects/openmp/libomptarget/omptests/t-reduction/../utilities/utilities.h:60:5: note: expanded from macro 'TEST'
    V \
    ^
/localhd/gbercea/patch-compiler/src/projects/openmp/libomptarget/omptests/t-reduction/test.c:464:19: warning: format specifies type 'double' but the argument has type 'long long' [-Wformat]
  }, VERIFY(0, 1, OUT[0], (5ll << 32)));
     ~~~~~~~~~~~~~^~~~~~~~~~~~~~~~~~~~
/localhd/gbercea/patch-compiler/src/projects/openmp/libomptarget/omptests/t-reduction/../utilities/utilities.h:35:75: note: expanded from macro 'VERIFY'
      printf ("Failed at %3d with %s, expected %f, got %f\n", i, #X, VAL, X); \
                                                       ~~                 ^
/localhd/gbercea/patch-compiler/src/projects/openmp/libomptarget/omptests/t-reduction/../utilities/utilities.h:60:5: note: expanded from macro 'TEST'
    V \
    ^
/localhd/gbercea/patch-compiler/src/projects/openmp/libomptarget/omptests/t-reduction/test.c:483:13: warning: format specifies type 'double' but the argument has type 'int' [-Wformat]
            ( (2*N) << 16 ) ));
            ^~~~~~~~~~~~~~~~~~
/localhd/gbercea/patch-compiler/src/projects/openmp/libomptarget/omptests/t-reduction/../utilities/utilities.h:35:70: note: expanded from macro 'VERIFY'
      printf ("Failed at %3d with %s, expected %f, got %f\n", i, #X, VAL, X); \
                                               ~~                    ^
/localhd/gbercea/patch-compiler/src/projects/openmp/libomptarget/omptests/t-reduction/../utilities/utilities.h:80:5: note: expanded from macro 'TESTD'
    V \
    ^
/localhd/gbercea/patch-compiler/src/projects/openmp/libomptarget/omptests/t-reduction/test.c:482:19: warning: format specifies type 'double' but the argument has type 'long long' [-Wformat]
  }, VERIFY(0, 1, OUT[0]+OUT[1]+OUT[2]+OUT[3]+OUT[4]+OUT[5],
     ~~~~~~~~~~~~~^~~~~~~~~~~~~~~~~~~~~~~~~~~~~~~~~~~~~~~~~~
/localhd/gbercea/patch-compiler/src/projects/openmp/libomptarget/omptests/t-reduction/../utilities/utilities.h:35:75: note: expanded from macro 'VERIFY'
      printf ("Failed at %3d with %s, expected %f, got %f\n", i, #X, VAL, X); \
                                                       ~~                 ^
/localhd/gbercea/patch-compiler/src/projects/openmp/libomptarget/omptests/t-reduction/../utilities/utilities.h:80:5: note: expanded from macro 'TESTD'
    V \
    ^
/localhd/gbercea/patch-compiler/src/projects/openmp/libomptarget/omptests/t-reduction/test.c:504:28: warning: format specifies type 'double' but the argument has type 'long long' [-Wformat]
      VERIFY(0, 6, OUT[i], (trial+1) * EXPECTED[i]));
      ~~~~~~~~~~~~~~~~~~~~~^~~~~~~~~~~~~~~~~~~~~~~~
/localhd/gbercea/patch-compiler/src/projects/openmp/libomptarget/omptests/t-reduction/../utilities/utilities.h:35:70: note: expanded from macro 'VERIFY'
      printf ("Failed at %3d with %s, expected %f, got %f\n", i, #X, VAL, X); \
                                               ~~                    ^~~
/localhd/gbercea/patch-compiler/src/projects/openmp/libomptarget/omptests/t-reduction/../utilities/utilities.h:97:5: note: expanded from macro 'TESTD2'
    V \
    ^
/localhd/gbercea/patch-compiler/src/projects/openmp/libomptarget/omptests/t-reduction/test.c:504:20: warning: format specifies type 'double' but the argument has type 'long long' [-Wformat]
      VERIFY(0, 6, OUT[i], (trial+1) * EXPECTED[i]));
      ~~~~~~~~~~~~~^~~~~~~~~~~~~~~~~~~~~~~~~~~~~~~~
/localhd/gbercea/patch-compiler/src/projects/openmp/libomptarget/omptests/t-reduction/../utilities/utilities.h:35:75: note: expanded from macro 'VERIFY'
      printf ("Failed at %3d with %s, expected %f, got %f\n", i, #X, VAL, X); \
                                                       ~~                 ^
/localhd/gbercea/patch-compiler/src/projects/openmp/libomptarget/omptests/t-reduction/../utilities/utilities.h:97:5: note: expanded from macro 'TESTD2'
    V \
    ^
/localhd/gbercea/patch-compiler/src/projects/openmp/libomptarget/omptests/t-reduction/test.c:521:28: warning: format specifies type 'double' but the argument has type 'long long' [-Wformat]
      VERIFY(0, 6, OUT[i], (trial+1) * EXPECTED[i]));
      ~~~~~~~~~~~~~~~~~~~~~^~~~~~~~~~~~~~~~~~~~~~~~
/localhd/gbercea/patch-compiler/src/projects/openmp/libomptarget/omptests/t-reduction/../utilities/utilities.h:35:70: note: expanded from macro 'VERIFY'
      printf ("Failed at %3d with %s, expected %f, got %f\n", i, #X, VAL, X); \
                                               ~~                    ^~~
/localhd/gbercea/patch-compiler/src/projects/openmp/libomptarget/omptests/t-reduction/../utilities/utilities.h:97:5: note: expanded from macro 'TESTD2'
    V \
    ^
/localhd/gbercea/patch-compiler/src/projects/openmp/libomptarget/omptests/t-reduction/test.c:521:20: warning: format specifies type 'double' but the argument has type 'long long' [-Wformat]
      VERIFY(0, 6, OUT[i], (trial+1) * EXPECTED[i]));
      ~~~~~~~~~~~~~^~~~~~~~~~~~~~~~~~~~~~~~~~~~~~~~
/localhd/gbercea/patch-compiler/src/projects/openmp/libomptarget/omptests/t-reduction/../utilities/utilities.h:35:75: note: expanded from macro 'VERIFY'
      printf ("Failed at %3d with %s, expected %f, got %f\n", i, #X, VAL, X); \
                                                       ~~                 ^
/localhd/gbercea/patch-compiler/src/projects/openmp/libomptarget/omptests/t-reduction/../utilities/utilities.h:97:5: note: expanded from macro 'TESTD2'
    V \
    ^
/localhd/gbercea/patch-compiler/src/projects/openmp/libomptarget/omptests/t-reduction/test.c:567:44: warning: format specifies type 'double' but the argument has type 'int' [-Wformat]
    }, VERIFY(0, 1, OUT[0] + num_tests[0], 0+(trial+1)*2156) );
       ~~~~~~~~~~~~~~~~~~~~~~~~~~~~~~~~~~~~^~~~~~~~~~~~~~~~~
/localhd/gbercea/patch-compiler/src/projects/openmp/libomptarget/omptests/t-reduction/../utilities/utilities.h:35:70: note: expanded from macro 'VERIFY'
      printf ("Failed at %3d with %s, expected %f, got %f\n", i, #X, VAL, X); \
                                               ~~                    ^~~
/localhd/gbercea/patch-compiler/src/projects/openmp/libomptarget/omptests/t-reduction/../utilities/utilities.h:60:5: note: expanded from macro 'TEST'
    V \
    ^
/localhd/gbercea/patch-compiler/src/projects/openmp/libomptarget/omptests/t-reduction/test.c:567:21: warning: format specifies type 'double' but the argument has type 'long long' [-Wformat]
    }, VERIFY(0, 1, OUT[0] + num_tests[0], 0+(trial+1)*2156) );
       ~~~~~~~~~~~~~^~~~~~~~~~~~~~~~~~~~~~~~~~~~~~~~~~~~~~~~
/localhd/gbercea/patch-compiler/src/projects/openmp/libomptarget/omptests/t-reduction/../utilities/utilities.h:35:75: note: expanded from macro 'VERIFY'
      printf ("Failed at %3d with %s, expected %f, got %f\n", i, #X, VAL, X); \
                                                       ~~                 ^
/localhd/gbercea/patch-compiler/src/projects/openmp/libomptarget/omptests/t-reduction/../utilities/utilities.h:60:5: note: expanded from macro 'TEST'
    V \
    ^
/localhd/gbercea/patch-compiler/src/projects/openmp/libomptarget/omptests/t-reduction/test.c:610:44: warning: format specifies type 'double' but the argument has type 'int' [-Wformat]
    }, VERIFY(0, 1, OUT[0] + num_tests[0], 0+(trial+1)*2156) );
       ~~~~~~~~~~~~~~~~~~~~~~~~~~~~~~~~~~~~^~~~~~~~~~~~~~~~~
/localhd/gbercea/patch-compiler/src/projects/openmp/libomptarget/omptests/t-reduction/../utilities/utilities.h:35:70: note: expanded from macro 'VERIFY'
      printf ("Failed at %3d with %s, expected %f, got %f\n", i, #X, VAL, X); \
                                               ~~                    ^~~
/localhd/gbercea/patch-compiler/src/projects/openmp/libomptarget/omptests/t-reduction/../utilities/utilities.h:60:5: note: expanded from macro 'TEST'
    V \
    ^
/localhd/gbercea/patch-compiler/src/projects/openmp/libomptarget/omptests/t-reduction/test.c:610:21: warning: format specifies type 'double' but the argument has type 'long long' [-Wformat]
    }, VERIFY(0, 1, OUT[0] + num_tests[0], 0+(trial+1)*2156) );
       ~~~~~~~~~~~~~^~~~~~~~~~~~~~~~~~~~~~~~~~~~~~~~~~~~~~~~
/localhd/gbercea/patch-compiler/src/projects/openmp/libomptarget/omptests/t-reduction/../utilities/utilities.h:35:75: note: expanded from macro 'VERIFY'
      printf ("Failed at %3d with %s, expected %f, got %f\n", i, #X, VAL, X); \
                                                       ~~                 ^
/localhd/gbercea/patch-compiler/src/projects/openmp/libomptarget/omptests/t-reduction/../utilities/utilities.h:60:5: note: expanded from macro 'TEST'
    V \
    ^
22 warnings generated.
 "/usr/local/cuda-8.0/bin/ptxas" -m64 -O3 -v --gpu-name sm_37 --output-file /tmp/test-68852a.cubin /tmp/test-9e609f.s -c
ptxas info    : 81 bytes gmem
ptxas info    : Compiling entry function '__omp_offloading_811_2783e98_main_l621' for 'sm_37'
ptxas info    : Function properties for __omp_offloading_811_2783e98_main_l621
    0 bytes stack frame, 0 bytes spill stores, 0 bytes spill loads
ptxas info    : Used 37 registers, 344 bytes cmem[0], 8 bytes cmem[2]
ptxas info    : Compiling entry function '__omp_offloading_811_2783e98_main_l402' for 'sm_37'
ptxas info    : Function properties for __omp_offloading_811_2783e98_main_l402
    632 bytes stack frame, 8 bytes spill stores, 16 bytes spill loads
ptxas info    : Used 255 registers, 992 bytes cmem[0], 4 bytes cmem[2]
ptxas info    : Compiling entry function '__omp_offloading_811_2783e98_main_l490' for 'sm_37'
ptxas info    : Function properties for __omp_offloading_811_2783e98_main_l490
    0 bytes stack frame, 0 bytes spill stores, 0 bytes spill loads
ptxas info    : Used 40 registers, 840 bytes cmem[0], 4 bytes cmem[2]
ptxas info    : Compiling entry function '__omp_offloading_811_2783e98_main_l310' for 'sm_37'
ptxas info    : Function properties for __omp_offloading_811_2783e98_main_l310
    0 bytes stack frame, 0 bytes spill stores, 0 bytes spill loads
ptxas info    : Used 38 registers, 328 bytes cmem[0], 4 bytes cmem[2]
ptxas info    : Compiling entry function '__omp_offloading_811_2783e98_main_l534' for 'sm_37'
ptxas info    : Function properties for __omp_offloading_811_2783e98_main_l534
    0 bytes stack frame, 0 bytes spill stores, 0 bytes spill loads
ptxas info    : Used 40 registers, 384 bytes cmem[0], 4 bytes cmem[2]
ptxas info    : Compiling entry function '__omp_offloading_811_2783e98_main_l347' for 'sm_37'
ptxas info    : Function properties for __omp_offloading_811_2783e98_main_l347
    0 bytes stack frame, 0 bytes spill stores, 0 bytes spill loads
ptxas info    : Used 191 registers, 1000 bytes cmem[0], 4 bytes cmem[2]
ptxas info    : Compiling entry function '__omp_offloading_811_2783e98_main_l448' for 'sm_37'
ptxas info    : Function properties for __omp_offloading_811_2783e98_main_l448
    0 bytes stack frame, 0 bytes spill stores, 0 bytes spill loads
ptxas info    : Used 40 registers, 352 bytes cmem[0], 4 bytes cmem[2]
ptxas info    : Compiling entry function '__omp_offloading_811_2783e98_main_l653' for 'sm_37'
ptxas info    : Function properties for __omp_offloading_811_2783e98_main_l653
    0 bytes stack frame, 0 bytes spill stores, 0 bytes spill loads
ptxas info    : Used 37 registers, 344 bytes cmem[0], 8 bytes cmem[2]
ptxas info    : Compiling entry function '__omp_offloading_811_2783e98_main_l577' for 'sm_37'
ptxas info    : Function properties for __omp_offloading_811_2783e98_main_l577
    0 bytes stack frame, 0 bytes spill stores, 0 bytes spill loads
ptxas info    : Used 61 registers, 384 bytes cmem[0], 20 bytes cmem[2]
ptxas info    : Compiling entry function '__omp_offloading_811_2783e98_main_l380' for 'sm_37'
ptxas info    : Function properties for __omp_offloading_811_2783e98_main_l380
    472 bytes stack frame, 0 bytes spill stores, 0 bytes spill loads
ptxas info    : Used 206 registers, 992 bytes cmem[0], 4 bytes cmem[2]
ptxas info    : Compiling entry function '__omp_offloading_811_2783e98_main_l469' for 'sm_37'
ptxas info    : Function properties for __omp_offloading_811_2783e98_main_l469
    0 bytes stack frame, 0 bytes spill stores, 0 bytes spill loads
ptxas info    : Used 40 registers, 352 bytes cmem[0], 4 bytes cmem[2]
ptxas info    : Compiling entry function '__omp_offloading_811_2783e98_main_l667' for 'sm_37'
ptxas info    : Function properties for __omp_offloading_811_2783e98_main_l667
    0 bytes stack frame, 0 bytes spill stores, 0 bytes spill loads
ptxas info    : Used 37 registers, 344 bytes cmem[0], 8 bytes cmem[2]
ptxas info    : Compiling entry function '__omp_offloading_811_27e04ce_check_offloading_l22' for 'sm_37'
ptxas info    : Function properties for __omp_offloading_811_27e04ce_check_offloading_l22
    0 bytes stack frame, 0 bytes spill stores, 0 bytes spill loads
ptxas info    : Used 38 registers, 328 bytes cmem[0], 4 bytes cmem[2]
ptxas info    : Compiling entry function '__omp_offloading_811_2783e98_main_l426' for 'sm_37'
ptxas info    : Function properties for __omp_offloading_811_2783e98_main_l426
    0 bytes stack frame, 0 bytes spill stores, 0 bytes spill loads
ptxas info    : Used 40 registers, 352 bytes cmem[0], 4 bytes cmem[2]
ptxas info    : Compiling entry function '__omp_offloading_811_2783e98_main_l635' for 'sm_37'
ptxas info    : Function properties for __omp_offloading_811_2783e98_main_l635
    0 bytes stack frame, 0 bytes spill stores, 0 bytes spill loads
ptxas info    : Used 37 registers, 344 bytes cmem[0], 8 bytes cmem[2]
ptxas info    : Compiling entry function '__omp_offloading_811_2783e98_main_l513' for 'sm_37'
ptxas info    : Function properties for __omp_offloading_811_2783e98_main_l513
    0 bytes stack frame, 0 bytes spill stores, 0 bytes spill loads
ptxas info    : Used 40 registers, 840 bytes cmem[0], 4 bytes cmem[2]
ptxas info    : Compiling entry function '__omp_offloading_811_2783e98_main_l326' for 'sm_37'
ptxas info    : Function properties for __omp_offloading_811_2783e98_main_l326
    0 bytes stack frame, 0 bytes spill stores, 0 bytes spill loads
ptxas info    : Used 184 registers, 992 bytes cmem[0], 4 bytes cmem[2]
ptxas info    : Function properties for _omp_reduction_shuffle_and_reduce_func52
    72 bytes stack frame, 68 bytes spill stores, 68 bytes spill loads
ptxas info    : Function properties for _ZN27omptarget_nvptx_LoopSupportIiiE13dispatch_nextEPiS1_S1_S1_
    0 bytes stack frame, 0 bytes spill stores, 0 bytes spill loads
ptxas info    : Function properties for __omp_outlined__24
    1280 bytes stack frame, 740 bytes spill stores, 740 bytes spill loads
ptxas info    : Function properties for __omp_outlined__32_wrapper
    504 bytes stack frame, 28 bytes spill stores, 28 bytes spill loads
ptxas info    : Function properties for __omp_outlined__78_wrapper
    1400 bytes stack frame, 876 bytes spill stores, 876 bytes spill loads
ptxas info    : Function properties for _omp_reduction_shuffle_and_reduce_func14
    72 bytes stack frame, 68 bytes spill stores, 68 bytes spill loads
ptxas info    : Function properties for __omp_outlined__41
    3856 bytes stack frame, 1452 bytes spill stores, 8640 bytes spill loads
ptxas info    : Function properties for __omp_outlined__97_wrapper
    0 bytes stack frame, 0 bytes spill stores, 0 bytes spill loads
ptxas info    : Function properties for __omp_outlined__16_wrapper
    504 bytes stack frame, 28 bytes spill stores, 28 bytes spill loads
ptxas info    : Function properties for __omp_outlined__41_wrapper
    808 bytes stack frame, 180 bytes spill stores, 180 bytes spill loads
ptxas info    : Function properties for __omp_outlined__1_wrapper
    1400 bytes stack frame, 876 bytes spill stores, 876 bytes spill loads
ptxas info    : Function properties for _omp_reduction_shuffle_and_reduce_func30
    72 bytes stack frame, 68 bytes spill stores, 68 bytes spill loads
ptxas info    : Function properties for _omp_reduction_shuffle_and_reduce_func80
    72 bytes stack frame, 68 bytes spill stores, 68 bytes spill loads
ptxas info    : Function properties for _omp_reduction_shuffle_and_reduce_func46
    72 bytes stack frame, 68 bytes spill stores, 68 bytes spill loads
ptxas info    : Function properties for __omp_outlined__107_wrapper
    0 bytes stack frame, 0 bytes spill stores, 0 bytes spill loads
ptxas info    : Function properties for _omp_reduction_shuffle_and_reduce_func22
    72 bytes stack frame, 68 bytes spill stores, 68 bytes spill loads
ptxas info    : Function properties for __omp_outlined__32
    1040 bytes stack frame, 520 bytes spill stores, 520 bytes spill loads
ptxas info    : Function properties for __omp_outlined__69_wrapper
    0 bytes stack frame, 0 bytes spill stores, 0 bytes spill loads
ptxas info    : Function properties for __omp_outlined__7_wrapper
    1400 bytes stack frame, 876 bytes spill stores, 876 bytes spill loads
ptxas info    : Function properties for _omp_reduction_shuffle_and_reduce_func38
    72 bytes stack frame, 68 bytes spill stores, 68 bytes spill loads
ptxas info    : Function properties for __omp_outlined__87_wrapper
    152 bytes stack frame, 152 bytes spill stores, 152 bytes spill loads
ptxas info    : Function properties for __omp_outlined__16
    1280 bytes stack frame, 740 bytes spill stores, 740 bytes spill loads
ptxas info    : Function properties for _omp_reduction_shuffle_and_reduce_func58
    72 bytes stack frame, 68 bytes spill stores, 68 bytes spill loads
ptxas info    : Function properties for __omp_outlined__24_wrapper
    504 bytes stack frame, 28 bytes spill stores, 28 bytes spill loads
ptxas info    : Function properties for _omp_reduction_shuffle_and_reduce_func5
    72 bytes stack frame, 68 bytes spill stores, 68 bytes spill loads
ptxas info    : Function properties for _omp_reduction_shuffle_and_reduce_func49
    72 bytes stack frame, 68 bytes spill stores, 68 bytes spill loads
ptxas info    : Function properties for __omp_outlined__112_wrapper
    0 bytes stack frame, 0 bytes spill stores, 0 bytes spill loads
ptxas info    : Function properties for __omp_outlined__20_wrapper
    504 bytes stack frame, 28 bytes spill stores, 28 bytes spill loads
ptxas info    : Function properties for _omp_reduction_shuffle_and_reduce_func34
    72 bytes stack frame, 68 bytes spill stores, 68 bytes spill loads
ptxas info    : Function properties for __omp_outlined__74_wrapper
    0 bytes stack frame, 0 bytes spill stores, 0 bytes spill loads
ptxas info    : Function properties for __omp_outlined__12
    1040 bytes stack frame, 520 bytes spill stores, 520 bytes spill loads
ptxas info    : Function properties for __omp_outlined__36_wrapper
    504 bytes stack frame, 28 bytes spill stores, 28 bytes spill loads
ptxas info    : Function properties for __omp_outlined__94_wrapper
    104 bytes stack frame, 100 bytes spill stores, 100 bytes spill loads
ptxas info    : Function properties for _omp_reduction_shuffle_and_reduce_func18
    72 bytes stack frame, 68 bytes spill stores, 68 bytes spill loads
ptxas info    : Function properties for _omp_reduction_shuffle_and_reduce_func61
    72 bytes stack frame, 68 bytes spill stores, 68 bytes spill loads
ptxas info    : Function properties for __omp_outlined__28
    1280 bytes stack frame, 740 bytes spill stores, 740 bytes spill loads
ptxas info    : Function properties for _omp_reduction_shuffle_and_reduce_func9
    72 bytes stack frame, 68 bytes spill stores, 68 bytes spill loads
ptxas info    : Function properties for __omp_outlined__36
    1216 bytes stack frame, 692 bytes spill stores, 692 bytes spill loads
ptxas info    : Function properties for __omp_outlined__82_wrapper
    1360 bytes stack frame, 840 bytes spill stores, 840 bytes spill loads
ptxas info    : Function properties for __omp_outlined__12_wrapper
    504 bytes stack frame, 28 bytes spill stores, 28 bytes spill loads
ptxas info    : Function properties for _omp_reduction_shuffle_and_reduce_func55
    72 bytes stack frame, 68 bytes spill stores, 68 bytes spill loads
ptxas info    : Function properties for _omp_reduction_shuffle_and_reduce_func26
    72 bytes stack frame, 68 bytes spill stores, 68 bytes spill loads
ptxas info    : Function properties for _omp_reduction_shuffle_and_reduce_func
    72 bytes stack frame, 68 bytes spill stores, 68 bytes spill loads
ptxas info    : Function properties for _omp_reduction_shuffle_and_reduce_func43
    72 bytes stack frame, 68 bytes spill stores, 68 bytes spill loads
ptxas info    : Function properties for __omp_outlined__102_wrapper
    0 bytes stack frame, 0 bytes spill stores, 0 bytes spill loads
ptxas info    : Function properties for __omp_outlined__20
    1280 bytes stack frame, 740 bytes spill stores, 740 bytes spill loads
ptxas info    : Function properties for __omp_outlined__64_wrapper
    0 bytes stack frame, 0 bytes spill stores, 0 bytes spill loads
ptxas info    : Function properties for __omp_outlined__3_wrapper
    1400 bytes stack frame, 876 bytes spill stores, 876 bytes spill loads
ptxas info    : Function properties for __omp_outlined__28_wrapper
    504 bytes stack frame, 28 bytes spill stores, 28 bytes spill loads
ptxas info    : Function properties for _omp_reduction_shuffle_and_reduce_func84
    72 bytes stack frame, 68 bytes spill stores, 68 bytes spill loads
 "/usr/local/cuda-8.0/bin/nvlink" -o /tmp/test-537f39.out -v -arch sm_37 -L/localhd/gbercea/patch-compiler/obj-release/lib -L/usr/local/cuda-8.0/lib64 -L/usr/local/cuda-8.0/nvvm/libdevice -L/localhd/gbercea/patch-compiler/obj-release/lib -lomptarget-nvptx /tmp/test-68852a.cubin
nvlink info    : 100538607 bytes gmem
nvlink info    : Function properties for '__omp_offloading_811_2783e98_main_l326':
nvlink info    : used 255 registers, 4736 stack, 1348 bytes smem, 992 bytes cmem[0], 432 bytes cmem[2], 0 bytes lmem
nvlink info    : Function properties for '__omp_offloading_811_2783e98_main_l513':
nvlink info    : used 255 registers, 4736 stack, 1348 bytes smem, 840 bytes cmem[0], 432 bytes cmem[2], 0 bytes lmem
nvlink info    : Function properties for '__omp_offloading_811_2783e98_main_l635':
nvlink info    : used 255 registers, 4736 stack, 1348 bytes smem, 344 bytes cmem[0], 432 bytes cmem[2], 0 bytes lmem
nvlink info    : Function properties for '__omp_offloading_811_2783e98_main_l426':
nvlink info    : used 255 registers, 4736 stack, 1348 bytes smem, 352 bytes cmem[0], 432 bytes cmem[2], 0 bytes lmem
nvlink info    : Function properties for '__omp_offloading_811_27e04ce_check_offloading_l22':
nvlink info    : used 255 registers, 4736 stack, 1348 bytes smem, 328 bytes cmem[0], 432 bytes cmem[2], 0 bytes lmem
nvlink info    : Function properties for '__omp_offloading_811_2783e98_main_l667':
nvlink info    : used 255 registers, 4736 stack, 1348 bytes smem, 344 bytes cmem[0], 432 bytes cmem[2], 0 bytes lmem
nvlink info    : Function properties for '__omp_offloading_811_2783e98_main_l469':
nvlink info    : used 255 registers, 4736 stack, 1348 bytes smem, 352 bytes cmem[0], 432 bytes cmem[2], 0 bytes lmem
nvlink info    : Function properties for '__omp_offloading_811_2783e98_main_l380':
nvlink info    : used 255 registers, 5208 stack, 1348 bytes smem, 992 bytes cmem[0], 432 bytes cmem[2], 0 bytes lmem
nvlink info    : Function properties for '__omp_offloading_811_2783e98_main_l577':
nvlink info    : used 255 registers, 4736 stack, 1348 bytes smem, 384 bytes cmem[0], 432 bytes cmem[2], 0 bytes lmem
nvlink info    : Function properties for '__omp_offloading_811_2783e98_main_l653':
nvlink info    : used 255 registers, 4736 stack, 1348 bytes smem, 344 bytes cmem[0], 432 bytes cmem[2], 0 bytes lmem
nvlink info    : Function properties for '__omp_offloading_811_2783e98_main_l448':
nvlink info    : used 255 registers, 4736 stack, 1348 bytes smem, 352 bytes cmem[0], 432 bytes cmem[2], 0 bytes lmem
nvlink info    : Function properties for '__omp_offloading_811_2783e98_main_l347':
nvlink info    : used 255 registers, 4736 stack, 1348 bytes smem, 1000 bytes cmem[0], 432 bytes cmem[2], 0 bytes lmem
nvlink info    : Function properties for '__omp_offloading_811_2783e98_main_l534':
nvlink info    : used 255 registers, 4736 stack, 1348 bytes smem, 384 bytes cmem[0], 432 bytes cmem[2], 0 bytes lmem
nvlink info    : Function properties for '__omp_offloading_811_2783e98_main_l310':
nvlink info    : used 255 registers, 4736 stack, 1348 bytes smem, 328 bytes cmem[0], 432 bytes cmem[2], 0 bytes lmem
nvlink info    : Function properties for '__omp_offloading_811_2783e98_main_l490':
nvlink info    : used 255 registers, 4736 stack, 1348 bytes smem, 840 bytes cmem[0], 432 bytes cmem[2], 0 bytes lmem
nvlink info    : Function properties for '__omp_offloading_811_2783e98_main_l402':
nvlink info    : used 255 registers, 5368 stack, 1348 bytes smem, 992 bytes cmem[0], 432 bytes cmem[2], 0 bytes lmem
nvlink info    : Function properties for '__omp_offloading_811_2783e98_main_l621':
nvlink info    : used 255 registers, 4736 stack, 1348 bytes smem, 344 bytes cmem[0], 432 bytes cmem[2], 0 bytes lmem
 "/localhd/gbercea/patch-compiler/obj-release/bin/clang-6.0" -cc1 -triple powerpc64le-ibm-linux-gnu -emit-obj -disable-free -main-file-name test.c -mrelocation-model pic -pic-level 2 -mthread-model posix -fmath-errno -masm-verbose -mconstructor-aliases -fuse-init-array -target-cpu pwr8 -mfloat-abi hard -target-abi elfv2 -dwarf-column-info -debugger-tuning=gdb -momit-leaf-frame-pointer -v -resource-dir /localhd/gbercea/patch-compiler/obj-release/lib/clang/7.0.0 -O3 -fdebug-compilation-dir /localhd/gbercea/patch-compiler/src/projects/openmp/libomptarget/omptests/t-reduction/results -ferror-limit 19 -fmessage-length 0 -fopenmp -fno-signed-char -fobjc-runtime=gcc -fdiagnostics-show-option -vectorize-loops -vectorize-slp -o /tmp/test-4bf932.o -x ir /tmp/test-8d7d36.bc -faddrsig
clang -cc1 version 7.0.0 based upon LLVM 7.0.0svn default target powerpc64le-unknown-linux-gnu
 "/usr/bin/ld" -z relro --hash-style=gnu --eh-frame-hdr -m elf64lppc -dynamic-linker /lib64/ld64.so.2 -o /localhd/gbercea/patch-compiler/src/projects/openmp/libomptarget/omptests/t-reduction/results/a.out /usr/lib/gcc/powerpc64le-linux-gnu/4.8/../../../powerpc64le-linux-gnu/crt1.o /usr/lib/gcc/powerpc64le-linux-gnu/4.8/../../../powerpc64le-linux-gnu/crti.o /usr/lib/gcc/powerpc64le-linux-gnu/4.8/crtbegin.o -L/localhd/gbercea/patch-compiler/obj-release/lib -L/localhd/gbercea/patch-compiler/obj-release/lib -L/usr/lib/gcc/powerpc64le-linux-gnu/4.8 -L/usr/lib/gcc/powerpc64le-linux-gnu/4.8/../../../powerpc64le-linux-gnu -L/usr/lib/gcc/powerpc64le-linux-gnu/4.8/../../../../lib64 -L/lib/powerpc64le-linux-gnu -L/lib/../lib64 -L/usr/lib/powerpc64le-linux-gnu -L/usr/lib/../lib64 -L/usr/lib/powerpc64le-linux-gnu/../../lib64 -L/usr/lib/gcc/powerpc64le-linux-gnu/4.8/../../.. -L/localhd/gbercea/patch-compiler/obj-release/bin/../lib -L/lib -L/usr/lib /tmp/test-4bf932.o -L/localhd/gbercea/patch-compiler/obj-release/lib -L/usr/local/cuda-8.0/lib64 -L/usr/local/cuda-8.0/nvvm/libdevice -lomp -lomptarget -lgcc --as-needed -lgcc_s --no-as-needed -lpthread -latomic -lc -lgcc --as-needed -lgcc_s --no-as-needed /usr/lib/gcc/powerpc64le-linux-gnu/4.8/crtend.o /usr/lib/gcc/powerpc64le-linux-gnu/4.8/../../../powerpc64le-linux-gnu/crtn.o -T /tmp/a-1b0893.lk
