clang version 7.0.0 (http://llvm.org/git/clang.git 0f6b139a0ce2f74a708f120da6336c05c14ea1cb) (http://llvm.org/git/llvm.git a02ad35dfa959d5c50a5d0008b010e5fb0c5cbe8)
Target: powerpc64le-ibm-linux-gnu
Thread model: posix
InstalledDir: /localhd/gbercea/patch-compiler/obj-release/bin
Found candidate GCC installation: /usr/lib/gcc/powerpc64le-linux-gnu/4.8
Found candidate GCC installation: /usr/lib/gcc/powerpc64le-linux-gnu/4.8.4
Found candidate GCC installation: /usr/lib/gcc/powerpc64le-linux-gnu/4.9
Found candidate GCC installation: /usr/lib/gcc/powerpc64le-linux-gnu/4.9.1
Selected GCC installation: /usr/lib/gcc/powerpc64le-linux-gnu/4.8
Candidate multilib: .;@m64
Selected multilib: .;@m64
Found CUDA installation: /usr/local/cuda-8.0, version 8.0
 "/localhd/gbercea/patch-compiler/obj-release/bin/clang-6.0" -cc1 -triple powerpc64le-ibm-linux-gnu -emit-llvm-bc -emit-llvm-uselists -disable-free -main-file-name test.c -mrelocation-model pic -pic-level 2 -mthread-model posix -fmath-errno -masm-verbose -mconstructor-aliases -fuse-init-array -target-cpu pwr8 -mfloat-abi hard -target-abi elfv2 -dwarf-column-info -debugger-tuning=gdb -momit-leaf-frame-pointer -v -resource-dir /localhd/gbercea/patch-compiler/obj-release/lib/clang/7.0.0 -I /localhd/gbercea/patch-compiler/obj-release/lib -I /localhd/gbercea/patch-compiler/obj-release/lib/../ -I /localhd/gbercea/patch-compiler/obj-release/lib/../projects/openmp/runtime/src/ -internal-isystem /usr/local/include -internal-isystem /localhd/gbercea/patch-compiler/obj-release/lib/clang/7.0.0/include -internal-externc-isystem /usr/include/powerpc64le-linux-gnu -internal-externc-isystem /include -internal-externc-isystem /usr/include -internal-isystem /usr/local/include -internal-isystem /localhd/gbercea/patch-compiler/obj-release/lib/clang/7.0.0/include -internal-externc-isystem /usr/include/powerpc64le-linux-gnu -internal-externc-isystem /include -internal-externc-isystem /usr/include -O3 -fdebug-compilation-dir /localhd/gbercea/patch-compiler/src/projects/openmp/libomptarget/omptests/t-for/results -ferror-limit 19 -fmessage-length 0 -fopenmp -fno-signed-char -fobjc-runtime=gcc -fdiagnostics-show-option -vectorize-loops -vectorize-slp -o /tmp/test-12784a.bc -x c /localhd/gbercea/patch-compiler/src/projects/openmp/libomptarget/omptests/t-for/test.c -fopenmp-targets=nvptx64-nvidia-cuda -faddrsig
clang -cc1 version 7.0.0 based upon LLVM 7.0.0svn default target powerpc64le-unknown-linux-gnu
ignoring nonexistent directory "/include"
ignoring nonexistent directory "/include"
ignoring duplicate directory "/usr/local/include"
ignoring duplicate directory "/localhd/gbercea/patch-compiler/obj-release/lib/clang/7.0.0/include"
ignoring duplicate directory "/usr/include/powerpc64le-linux-gnu"
ignoring duplicate directory "/usr/include"
#include "..." search starts here:
#include <...> search starts here:
 /localhd/gbercea/patch-compiler/obj-release/lib
 /localhd/gbercea/patch-compiler/obj-release/lib/..
 /localhd/gbercea/patch-compiler/obj-release/lib/../projects/openmp/runtime/src
 /usr/local/include
 /localhd/gbercea/patch-compiler/obj-release/lib/clang/7.0.0/include
 /usr/include/powerpc64le-linux-gnu
 /usr/include
End of search list.
/localhd/gbercea/patch-compiler/src/projects/openmp/libomptarget/omptests/t-for/test.c:55:24: warning: format specifies type 'double' but the argument has type 'int' [-Wformat]
    VERIFY(0, 1, S[0], SUMS * (N/2*(N+1))))
    ~~~~~~~~~~~~~~~~~~~^~~~~~~~~~~~~~~~~~~~
/localhd/gbercea/patch-compiler/src/projects/openmp/libomptarget/omptests/t-for/defines.h:30:14: note: expanded from macro 'SUMS'
#define SUMS (9)
             ^
/localhd/gbercea/patch-compiler/src/projects/openmp/libomptarget/omptests/t-for/../utilities/utilities.h:35:70: note: expanded from macro 'VERIFY'
      printf ("Failed at %3d with %s, expected %f, got %f\n", i, #X, VAL, X); \
                                               ~~                    ^
/localhd/gbercea/patch-compiler/src/projects/openmp/libomptarget/omptests/t-for/defines.h:27:4: note: expanded from macro 'PARALLEL'
}, VERIFY)
~~~^~~~~~~
/localhd/gbercea/patch-compiler/src/projects/openmp/libomptarget/omptests/t-for/../utilities/utilities.h:60:5: note: expanded from macro 'TEST'
    V \
    ^
/localhd/gbercea/patch-compiler/src/projects/openmp/libomptarget/omptests/t-for/test.c:88:24: warning: format specifies type 'double' but the argument has type 'int' [-Wformat]
    VERIFY(0, 1, S[0], 6 + SUMS * (N/2*(N+1))))
    ~~~~~~~~~~~~~~~~~~~^~~~~~~~~~~~~~~~~~~~~~~~
/localhd/gbercea/patch-compiler/src/projects/openmp/libomptarget/omptests/t-for/../utilities/utilities.h:35:70: note: expanded from macro 'VERIFY'
      printf ("Failed at %3d with %s, expected %f, got %f\n", i, #X, VAL, X); \
                                               ~~                    ^
/localhd/gbercea/patch-compiler/src/projects/openmp/libomptarget/omptests/t-for/defines.h:27:4: note: expanded from macro 'PARALLEL'
}, VERIFY)
~~~^~~~~~~
/localhd/gbercea/patch-compiler/src/projects/openmp/libomptarget/omptests/t-for/../utilities/utilities.h:60:5: note: expanded from macro 'TEST'
    V \
    ^
/localhd/gbercea/patch-compiler/src/projects/openmp/libomptarget/omptests/t-for/test.c:123:24: warning: format specifies type 'double' but the argument has type 'int' [-Wformat]
    VERIFY(0, 1, S[0], SUMS * (N/2*(N+1))))
    ~~~~~~~~~~~~~~~~~~~^~~~~~~~~~~~~~~~~~~~
/localhd/gbercea/patch-compiler/src/projects/openmp/libomptarget/omptests/t-for/defines.h:30:14: note: expanded from macro 'SUMS'
#define SUMS (9)
             ^
/localhd/gbercea/patch-compiler/src/projects/openmp/libomptarget/omptests/t-for/../utilities/utilities.h:35:70: note: expanded from macro 'VERIFY'
      printf ("Failed at %3d with %s, expected %f, got %f\n", i, #X, VAL, X); \
                                               ~~                    ^
/localhd/gbercea/patch-compiler/src/projects/openmp/libomptarget/omptests/t-for/defines.h:27:4: note: expanded from macro 'PARALLEL'
}, VERIFY)
~~~^~~~~~~
/localhd/gbercea/patch-compiler/src/projects/openmp/libomptarget/omptests/t-for/../utilities/utilities.h:60:5: note: expanded from macro 'TEST'
    V \
    ^
/localhd/gbercea/patch-compiler/src/projects/openmp/libomptarget/omptests/t-for/test.c:196:27: warning: format specifies type 'double' but the argument has type 'int' [-Wformat]
    }, VERIFY(0, 1, S[0], 5 * (N + (N/2*(N+1))) ));
    ~~~~~~~~~~~~~~~~~~~~~~^~~~~~~~~~~~~~~~~~~~~~~~
/localhd/gbercea/patch-compiler/src/projects/openmp/libomptarget/omptests/t-for/../utilities/utilities.h:35:70: note: expanded from macro 'VERIFY'
      printf ("Failed at %3d with %s, expected %f, got %f\n", i, #X, VAL, X); \
                                               ~~                    ^
/localhd/gbercea/patch-compiler/src/projects/openmp/libomptarget/omptests/t-for/../utilities/utilities.h:60:5: note: expanded from macro 'TEST'
    V \
    ^
/localhd/gbercea/patch-compiler/src/projects/openmp/libomptarget/omptests/t-for/test.c:228:24: warning: format specifies type 'double' but the argument has type 'int' [-Wformat]
    VERIFY(0, 1, S[0], 6 + SUMS * (N/2*(N+1))))
    ~~~~~~~~~~~~~~~~~~~^~~~~~~~~~~~~~~~~~~~~~~~
/localhd/gbercea/patch-compiler/src/projects/openmp/libomptarget/omptests/t-for/../utilities/utilities.h:35:70: note: expanded from macro 'VERIFY'
      printf ("Failed at %3d with %s, expected %f, got %f\n", i, #X, VAL, X); \
                                               ~~                    ^
/localhd/gbercea/patch-compiler/src/projects/openmp/libomptarget/omptests/t-for/defines.h:27:4: note: expanded from macro 'PARALLEL'
}, VERIFY)
~~~^~~~~~~
/localhd/gbercea/patch-compiler/src/projects/openmp/libomptarget/omptests/t-for/../utilities/utilities.h:60:5: note: expanded from macro 'TEST'
    V \
    ^
/localhd/gbercea/patch-compiler/src/projects/openmp/libomptarget/omptests/t-for/test.c:262:24: warning: format specifies type 'double' but the argument has type 'int' [-Wformat]
    VERIFY(0, 1, S[0], SUMS * (N/2*(N+1))))
    ~~~~~~~~~~~~~~~~~~~^~~~~~~~~~~~~~~~~~~~
/localhd/gbercea/patch-compiler/src/projects/openmp/libomptarget/omptests/t-for/defines.h:30:14: note: expanded from macro 'SUMS'
#define SUMS (9)
             ^
/localhd/gbercea/patch-compiler/src/projects/openmp/libomptarget/omptests/t-for/../utilities/utilities.h:35:70: note: expanded from macro 'VERIFY'
      printf ("Failed at %3d with %s, expected %f, got %f\n", i, #X, VAL, X); \
                                               ~~                    ^
/localhd/gbercea/patch-compiler/src/projects/openmp/libomptarget/omptests/t-for/defines.h:27:4: note: expanded from macro 'PARALLEL'
}, VERIFY)
~~~^~~~~~~
/localhd/gbercea/patch-compiler/src/projects/openmp/libomptarget/omptests/t-for/../utilities/utilities.h:60:5: note: expanded from macro 'TEST'
    V \
    ^
/localhd/gbercea/patch-compiler/src/projects/openmp/libomptarget/omptests/t-for/test.c:293:24: warning: format specifies type 'double' but the argument has type 'int' [-Wformat]
    VERIFY(0, 1, S[0], SUMS * (N/2*(N+1))))
    ~~~~~~~~~~~~~~~~~~~^~~~~~~~~~~~~~~~~~~~
/localhd/gbercea/patch-compiler/src/projects/openmp/libomptarget/omptests/t-for/defines.h:30:14: note: expanded from macro 'SUMS'
#define SUMS (9)
             ^
/localhd/gbercea/patch-compiler/src/projects/openmp/libomptarget/omptests/t-for/../utilities/utilities.h:35:70: note: expanded from macro 'VERIFY'
      printf ("Failed at %3d with %s, expected %f, got %f\n", i, #X, VAL, X); \
                                               ~~                    ^
/localhd/gbercea/patch-compiler/src/projects/openmp/libomptarget/omptests/t-for/defines.h:27:4: note: expanded from macro 'PARALLEL'
}, VERIFY)
~~~^~~~~~~
/localhd/gbercea/patch-compiler/src/projects/openmp/libomptarget/omptests/t-for/../utilities/utilities.h:60:5: note: expanded from macro 'TEST'
    V \
    ^
/localhd/gbercea/patch-compiler/src/projects/openmp/libomptarget/omptests/t-for/test.c:314:24: warning: format specifies type 'double' but the argument has type 'int' [-Wformat]
    VERIFY(0, 1, S[0], SUMS * (N/2*(N+1))))
    ~~~~~~~~~~~~~~~~~~~^~~~~~~~~~~~~~~~~~~~
/localhd/gbercea/patch-compiler/src/projects/openmp/libomptarget/omptests/t-for/defines.h:30:14: note: expanded from macro 'SUMS'
#define SUMS (9)
             ^
/localhd/gbercea/patch-compiler/src/projects/openmp/libomptarget/omptests/t-for/../utilities/utilities.h:35:70: note: expanded from macro 'VERIFY'
      printf ("Failed at %3d with %s, expected %f, got %f\n", i, #X, VAL, X); \
                                               ~~                    ^
/localhd/gbercea/patch-compiler/src/projects/openmp/libomptarget/omptests/t-for/defines.h:27:4: note: expanded from macro 'PARALLEL'
}, VERIFY)
~~~^~~~~~~
/localhd/gbercea/patch-compiler/src/projects/openmp/libomptarget/omptests/t-for/../utilities/utilities.h:60:5: note: expanded from macro 'TEST'
    V \
    ^
/localhd/gbercea/patch-compiler/src/projects/openmp/libomptarget/omptests/t-for/test.c:347:27: warning: format specifies type 'double' but the argument has type 'int' [-Wformat]
    }, VERIFY(0, 1, S[0], (N/2*(N+1)) ));
    ~~~~~~~~~~~~~~~~~~~~~~^~~~~~~~~~~~~~
/localhd/gbercea/patch-compiler/src/projects/openmp/libomptarget/omptests/t-for/../utilities/utilities.h:35:70: note: expanded from macro 'VERIFY'
      printf ("Failed at %3d with %s, expected %f, got %f\n", i, #X, VAL, X); \
                                               ~~                    ^
/localhd/gbercea/patch-compiler/src/projects/openmp/libomptarget/omptests/t-for/../utilities/utilities.h:60:5: note: expanded from macro 'TEST'
    V \
    ^
/localhd/gbercea/patch-compiler/src/projects/openmp/libomptarget/omptests/t-for/test.c:379:27: warning: format specifies type 'double' but the argument has type 'int' [-Wformat]
    }, VERIFY(0, 1, S[0], 3 * (33*33 + 66*33) ));
       ~~~~~~~~~~~~~~~~~~~^~~~~~~~~~~~~~~~~~~~~
/localhd/gbercea/patch-compiler/src/projects/openmp/libomptarget/omptests/t-for/../utilities/utilities.h:35:70: note: expanded from macro 'VERIFY'
      printf ("Failed at %3d with %s, expected %f, got %f\n", i, #X, VAL, X); \
                                               ~~                    ^~~
/localhd/gbercea/patch-compiler/src/projects/openmp/libomptarget/omptests/t-for/../utilities/utilities.h:80:5: note: expanded from macro 'TESTD'
    V \
    ^
/localhd/gbercea/patch-compiler/src/projects/openmp/libomptarget/omptests/t-for/test.c:411:27: warning: format specifies type 'double' but the argument has type 'int' [-Wformat]
    }, VERIFY(0, N, A[i], 2*i+2) );
       ~~~~~~~~~~~~~~~~~~~^~~~~~
/localhd/gbercea/patch-compiler/src/projects/openmp/libomptarget/omptests/t-for/../utilities/utilities.h:35:70: note: expanded from macro 'VERIFY'
      printf ("Failed at %3d with %s, expected %f, got %f\n", i, #X, VAL, X); \
                                               ~~                    ^~~
/localhd/gbercea/patch-compiler/src/projects/openmp/libomptarget/omptests/t-for/../utilities/utilities.h:60:5: note: expanded from macro 'TEST'
    V \
    ^
11 warnings generated.
 "/localhd/gbercea/patch-compiler/obj-release/bin/clang-6.0" -cc1 -triple nvptx64-nvidia-cuda -aux-triple powerpc64le-ibm-linux-gnu -S -disable-free -main-file-name test.c -mrelocation-model pic -pic-level 2 -mthread-model posix -mdisable-fp-elim -no-integrated-as -fuse-init-array -mlink-cuda-bitcode /usr/local/cuda-8.0/nvvm/libdevice/libdevice.compute_35.10.bc -target-feature +ptx42 -mlink-cuda-bitcode /localhd/gbercea/patch-compiler/obj-release/lib/libomptarget-nvptx-sm_37.bc -target-cpu sm_37 -dwarf-column-info -debugger-tuning=gdb -v -resource-dir /localhd/gbercea/patch-compiler/obj-release/lib/clang/7.0.0 -I /localhd/gbercea/patch-compiler/obj-release/lib -I /localhd/gbercea/patch-compiler/obj-release/lib/../ -I /localhd/gbercea/patch-compiler/obj-release/lib/../projects/openmp/runtime/src/ -internal-isystem /usr/local/include -internal-isystem /localhd/gbercea/patch-compiler/obj-release/lib/clang/7.0.0/include -internal-externc-isystem /usr/include/powerpc64le-linux-gnu -internal-externc-isystem /include -internal-externc-isystem /usr/include -internal-isystem /usr/local/include -internal-isystem /localhd/gbercea/patch-compiler/obj-release/lib/clang/7.0.0/include -internal-externc-isystem /usr/include/powerpc64le-linux-gnu -internal-externc-isystem /include -internal-externc-isystem /usr/include -O3 -fno-dwarf-directory-asm -fdebug-compilation-dir /localhd/gbercea/patch-compiler/src/projects/openmp/libomptarget/omptests/t-for/results -ferror-limit 19 -fmessage-length 0 -fopenmp -fobjc-runtime=gcc -fdiagnostics-show-option -vectorize-loops -vectorize-slp -o /tmp/test-424870.s -x c /localhd/gbercea/patch-compiler/src/projects/openmp/libomptarget/omptests/t-for/test.c -fopenmp-is-device -fopenmp-host-ir-file-path /tmp/test-12784a.bc
clang -cc1 version 7.0.0 based upon LLVM 7.0.0svn default target powerpc64le-unknown-linux-gnu
ignoring nonexistent directory "/include"
ignoring nonexistent directory "/include"
ignoring duplicate directory "/usr/local/include"
ignoring duplicate directory "/localhd/gbercea/patch-compiler/obj-release/lib/clang/7.0.0/include"
ignoring duplicate directory "/usr/include/powerpc64le-linux-gnu"
ignoring duplicate directory "/usr/include"
#include "..." search starts here:
#include <...> search starts here:
 /localhd/gbercea/patch-compiler/obj-release/lib
 /localhd/gbercea/patch-compiler/obj-release/lib/..
 /localhd/gbercea/patch-compiler/obj-release/lib/../projects/openmp/runtime/src
 /usr/local/include
 /localhd/gbercea/patch-compiler/obj-release/lib/clang/7.0.0/include
 /usr/include/powerpc64le-linux-gnu
 /usr/include
End of search list.
/localhd/gbercea/patch-compiler/src/projects/openmp/libomptarget/omptests/t-for/test.c:55:24: warning: format specifies type 'double' but the argument has type 'int' [-Wformat]
    VERIFY(0, 1, S[0], SUMS * (N/2*(N+1))))
    ~~~~~~~~~~~~~~~~~~~^~~~~~~~~~~~~~~~~~~~
/localhd/gbercea/patch-compiler/src/projects/openmp/libomptarget/omptests/t-for/defines.h:30:14: note: expanded from macro 'SUMS'
#define SUMS (9)
             ^
/localhd/gbercea/patch-compiler/src/projects/openmp/libomptarget/omptests/t-for/../utilities/utilities.h:35:70: note: expanded from macro 'VERIFY'
      printf ("Failed at %3d with %s, expected %f, got %f\n", i, #X, VAL, X); \
                                               ~~                    ^
/localhd/gbercea/patch-compiler/src/projects/openmp/libomptarget/omptests/t-for/defines.h:27:4: note: expanded from macro 'PARALLEL'
}, VERIFY)
~~~^~~~~~~
/localhd/gbercea/patch-compiler/src/projects/openmp/libomptarget/omptests/t-for/../utilities/utilities.h:60:5: note: expanded from macro 'TEST'
    V \
    ^
/localhd/gbercea/patch-compiler/src/projects/openmp/libomptarget/omptests/t-for/test.c:88:24: warning: format specifies type 'double' but the argument has type 'int' [-Wformat]
    VERIFY(0, 1, S[0], 6 + SUMS * (N/2*(N+1))))
    ~~~~~~~~~~~~~~~~~~~^~~~~~~~~~~~~~~~~~~~~~~~
/localhd/gbercea/patch-compiler/src/projects/openmp/libomptarget/omptests/t-for/../utilities/utilities.h:35:70: note: expanded from macro 'VERIFY'
      printf ("Failed at %3d with %s, expected %f, got %f\n", i, #X, VAL, X); \
                                               ~~                    ^
/localhd/gbercea/patch-compiler/src/projects/openmp/libomptarget/omptests/t-for/defines.h:27:4: note: expanded from macro 'PARALLEL'
}, VERIFY)
~~~^~~~~~~
/localhd/gbercea/patch-compiler/src/projects/openmp/libomptarget/omptests/t-for/../utilities/utilities.h:60:5: note: expanded from macro 'TEST'
    V \
    ^
/localhd/gbercea/patch-compiler/src/projects/openmp/libomptarget/omptests/t-for/test.c:123:24: warning: format specifies type 'double' but the argument has type 'int' [-Wformat]
    VERIFY(0, 1, S[0], SUMS * (N/2*(N+1))))
    ~~~~~~~~~~~~~~~~~~~^~~~~~~~~~~~~~~~~~~~
/localhd/gbercea/patch-compiler/src/projects/openmp/libomptarget/omptests/t-for/defines.h:30:14: note: expanded from macro 'SUMS'
#define SUMS (9)
             ^
/localhd/gbercea/patch-compiler/src/projects/openmp/libomptarget/omptests/t-for/../utilities/utilities.h:35:70: note: expanded from macro 'VERIFY'
      printf ("Failed at %3d with %s, expected %f, got %f\n", i, #X, VAL, X); \
                                               ~~                    ^
/localhd/gbercea/patch-compiler/src/projects/openmp/libomptarget/omptests/t-for/defines.h:27:4: note: expanded from macro 'PARALLEL'
}, VERIFY)
~~~^~~~~~~
/localhd/gbercea/patch-compiler/src/projects/openmp/libomptarget/omptests/t-for/../utilities/utilities.h:60:5: note: expanded from macro 'TEST'
    V \
    ^
/localhd/gbercea/patch-compiler/src/projects/openmp/libomptarget/omptests/t-for/test.c:196:27: warning: format specifies type 'double' but the argument has type 'int' [-Wformat]
    }, VERIFY(0, 1, S[0], 5 * (N + (N/2*(N+1))) ));
    ~~~~~~~~~~~~~~~~~~~~~~^~~~~~~~~~~~~~~~~~~~~~~~
/localhd/gbercea/patch-compiler/src/projects/openmp/libomptarget/omptests/t-for/../utilities/utilities.h:35:70: note: expanded from macro 'VERIFY'
      printf ("Failed at %3d with %s, expected %f, got %f\n", i, #X, VAL, X); \
                                               ~~                    ^
/localhd/gbercea/patch-compiler/src/projects/openmp/libomptarget/omptests/t-for/../utilities/utilities.h:60:5: note: expanded from macro 'TEST'
    V \
    ^
/localhd/gbercea/patch-compiler/src/projects/openmp/libomptarget/omptests/t-for/test.c:228:24: warning: format specifies type 'double' but the argument has type 'int' [-Wformat]
    VERIFY(0, 1, S[0], 6 + SUMS * (N/2*(N+1))))
    ~~~~~~~~~~~~~~~~~~~^~~~~~~~~~~~~~~~~~~~~~~~
/localhd/gbercea/patch-compiler/src/projects/openmp/libomptarget/omptests/t-for/../utilities/utilities.h:35:70: note: expanded from macro 'VERIFY'
      printf ("Failed at %3d with %s, expected %f, got %f\n", i, #X, VAL, X); \
                                               ~~                    ^
/localhd/gbercea/patch-compiler/src/projects/openmp/libomptarget/omptests/t-for/defines.h:27:4: note: expanded from macro 'PARALLEL'
}, VERIFY)
~~~^~~~~~~
/localhd/gbercea/patch-compiler/src/projects/openmp/libomptarget/omptests/t-for/../utilities/utilities.h:60:5: note: expanded from macro 'TEST'
    V \
    ^
/localhd/gbercea/patch-compiler/src/projects/openmp/libomptarget/omptests/t-for/test.c:262:24: warning: format specifies type 'double' but the argument has type 'int' [-Wformat]
    VERIFY(0, 1, S[0], SUMS * (N/2*(N+1))))
    ~~~~~~~~~~~~~~~~~~~^~~~~~~~~~~~~~~~~~~~
/localhd/gbercea/patch-compiler/src/projects/openmp/libomptarget/omptests/t-for/defines.h:30:14: note: expanded from macro 'SUMS'
#define SUMS (9)
             ^
/localhd/gbercea/patch-compiler/src/projects/openmp/libomptarget/omptests/t-for/../utilities/utilities.h:35:70: note: expanded from macro 'VERIFY'
      printf ("Failed at %3d with %s, expected %f, got %f\n", i, #X, VAL, X); \
                                               ~~                    ^
/localhd/gbercea/patch-compiler/src/projects/openmp/libomptarget/omptests/t-for/defines.h:27:4: note: expanded from macro 'PARALLEL'
}, VERIFY)
~~~^~~~~~~
/localhd/gbercea/patch-compiler/src/projects/openmp/libomptarget/omptests/t-for/../utilities/utilities.h:60:5: note: expanded from macro 'TEST'
    V \
    ^
/localhd/gbercea/patch-compiler/src/projects/openmp/libomptarget/omptests/t-for/test.c:293:24: warning: format specifies type 'double' but the argument has type 'int' [-Wformat]
    VERIFY(0, 1, S[0], SUMS * (N/2*(N+1))))
    ~~~~~~~~~~~~~~~~~~~^~~~~~~~~~~~~~~~~~~~
/localhd/gbercea/patch-compiler/src/projects/openmp/libomptarget/omptests/t-for/defines.h:30:14: note: expanded from macro 'SUMS'
#define SUMS (9)
             ^
/localhd/gbercea/patch-compiler/src/projects/openmp/libomptarget/omptests/t-for/../utilities/utilities.h:35:70: note: expanded from macro 'VERIFY'
      printf ("Failed at %3d with %s, expected %f, got %f\n", i, #X, VAL, X); \
                                               ~~                    ^
/localhd/gbercea/patch-compiler/src/projects/openmp/libomptarget/omptests/t-for/defines.h:27:4: note: expanded from macro 'PARALLEL'
}, VERIFY)
~~~^~~~~~~
/localhd/gbercea/patch-compiler/src/projects/openmp/libomptarget/omptests/t-for/../utilities/utilities.h:60:5: note: expanded from macro 'TEST'
    V \
    ^
/localhd/gbercea/patch-compiler/src/projects/openmp/libomptarget/omptests/t-for/test.c:314:24: warning: format specifies type 'double' but the argument has type 'int' [-Wformat]
    VERIFY(0, 1, S[0], SUMS * (N/2*(N+1))))
    ~~~~~~~~~~~~~~~~~~~^~~~~~~~~~~~~~~~~~~~
/localhd/gbercea/patch-compiler/src/projects/openmp/libomptarget/omptests/t-for/defines.h:30:14: note: expanded from macro 'SUMS'
#define SUMS (9)
             ^
/localhd/gbercea/patch-compiler/src/projects/openmp/libomptarget/omptests/t-for/../utilities/utilities.h:35:70: note: expanded from macro 'VERIFY'
      printf ("Failed at %3d with %s, expected %f, got %f\n", i, #X, VAL, X); \
                                               ~~                    ^
/localhd/gbercea/patch-compiler/src/projects/openmp/libomptarget/omptests/t-for/defines.h:27:4: note: expanded from macro 'PARALLEL'
}, VERIFY)
~~~^~~~~~~
/localhd/gbercea/patch-compiler/src/projects/openmp/libomptarget/omptests/t-for/../utilities/utilities.h:60:5: note: expanded from macro 'TEST'
    V \
    ^
/localhd/gbercea/patch-compiler/src/projects/openmp/libomptarget/omptests/t-for/test.c:347:27: warning: format specifies type 'double' but the argument has type 'int' [-Wformat]
    }, VERIFY(0, 1, S[0], (N/2*(N+1)) ));
    ~~~~~~~~~~~~~~~~~~~~~~^~~~~~~~~~~~~~
/localhd/gbercea/patch-compiler/src/projects/openmp/libomptarget/omptests/t-for/../utilities/utilities.h:35:70: note: expanded from macro 'VERIFY'
      printf ("Failed at %3d with %s, expected %f, got %f\n", i, #X, VAL, X); \
                                               ~~                    ^
/localhd/gbercea/patch-compiler/src/projects/openmp/libomptarget/omptests/t-for/../utilities/utilities.h:60:5: note: expanded from macro 'TEST'
    V \
    ^
/localhd/gbercea/patch-compiler/src/projects/openmp/libomptarget/omptests/t-for/test.c:379:27: warning: format specifies type 'double' but the argument has type 'int' [-Wformat]
    }, VERIFY(0, 1, S[0], 3 * (33*33 + 66*33) ));
       ~~~~~~~~~~~~~~~~~~~^~~~~~~~~~~~~~~~~~~~~
/localhd/gbercea/patch-compiler/src/projects/openmp/libomptarget/omptests/t-for/../utilities/utilities.h:35:70: note: expanded from macro 'VERIFY'
      printf ("Failed at %3d with %s, expected %f, got %f\n", i, #X, VAL, X); \
                                               ~~                    ^~~
/localhd/gbercea/patch-compiler/src/projects/openmp/libomptarget/omptests/t-for/../utilities/utilities.h:80:5: note: expanded from macro 'TESTD'
    V \
    ^
/localhd/gbercea/patch-compiler/src/projects/openmp/libomptarget/omptests/t-for/test.c:411:27: warning: format specifies type 'double' but the argument has type 'int' [-Wformat]
    }, VERIFY(0, N, A[i], 2*i+2) );
       ~~~~~~~~~~~~~~~~~~~^~~~~~
/localhd/gbercea/patch-compiler/src/projects/openmp/libomptarget/omptests/t-for/../utilities/utilities.h:35:70: note: expanded from macro 'VERIFY'
      printf ("Failed at %3d with %s, expected %f, got %f\n", i, #X, VAL, X); \
                                               ~~                    ^~~
/localhd/gbercea/patch-compiler/src/projects/openmp/libomptarget/omptests/t-for/../utilities/utilities.h:60:5: note: expanded from macro 'TEST'
    V \
    ^
11 warnings generated.
 "/usr/local/cuda-8.0/bin/ptxas" -m64 -O3 -v --gpu-name sm_37 --output-file /tmp/test-fd727e.cubin /tmp/test-424870.s -c
ptxas info    : 14 bytes gmem
ptxas info    : Compiling entry function '__omp_offloading_811_2800692_main_l323' for 'sm_37'
ptxas info    : Function properties for __omp_offloading_811_2800692_main_l323
    0 bytes stack frame, 0 bytes spill stores, 0 bytes spill loads
ptxas info    : Used 50 registers, 376 bytes cmem[0], 4 bytes cmem[2]
ptxas info    : Compiling entry function '__omp_offloading_811_2800692_main_l37' for 'sm_37'
ptxas info    : Function properties for __omp_offloading_811_2800692_main_l37
    0 bytes stack frame, 0 bytes spill stores, 0 bytes spill loads
ptxas info    : Used 38 registers, 376 bytes cmem[0], 4 bytes cmem[2]
ptxas info    : Compiling entry function '__omp_offloading_811_2800692_main_l207' for 'sm_37'
ptxas info    : Function properties for __omp_offloading_811_2800692_main_l207
    0 bytes stack frame, 0 bytes spill stores, 0 bytes spill loads
ptxas info    : Used 38 registers, 384 bytes cmem[0], 4 bytes cmem[2]
ptxas info    : Compiling entry function '__omp_offloading_811_2800692_main_l392' for 'sm_37'
ptxas info    : Function properties for __omp_offloading_811_2800692_main_l392
    0 bytes stack frame, 0 bytes spill stores, 0 bytes spill loads
ptxas info    : Used 38 registers, 352 bytes cmem[0], 4 bytes cmem[2]
ptxas info    : Compiling entry function '__omp_offloading_811_2800692_main_l99' for 'sm_37'
ptxas info    : Function properties for __omp_offloading_811_2800692_main_l99
    16 bytes stack frame, 0 bytes spill stores, 0 bytes spill loads
ptxas info    : Used 40 registers, 376 bytes cmem[0], 4 bytes cmem[2]
ptxas info    : Compiling entry function '__omp_offloading_811_2800692_main_l273' for 'sm_37'
ptxas info    : Function properties for __omp_offloading_811_2800692_main_l273
    0 bytes stack frame, 0 bytes spill stores, 0 bytes spill loads
ptxas info    : Used 38 registers, 376 bytes cmem[0], 4 bytes cmem[2]
ptxas info    : Compiling entry function '__omp_offloading_811_27e04ce_check_offloading_l22' for 'sm_37'
ptxas info    : Function properties for __omp_offloading_811_27e04ce_check_offloading_l22
    0 bytes stack frame, 0 bytes spill stores, 0 bytes spill loads
ptxas info    : Used 38 registers, 328 bytes cmem[0], 4 bytes cmem[2]
ptxas info    : Compiling entry function '__omp_offloading_811_2800692_main_l132' for 'sm_37'
ptxas info    : Function properties for __omp_offloading_811_2800692_main_l132
    80 bytes stack frame, 0 bytes spill stores, 0 bytes spill loads
ptxas info    : Used 61 registers, 456 bytes cmem[0], 4 bytes cmem[2]
ptxas info    : Compiling entry function '__omp_offloading_811_2800692_main_l304' for 'sm_37'
ptxas info    : Function properties for __omp_offloading_811_2800692_main_l304
    0 bytes stack frame, 0 bytes spill stores, 0 bytes spill loads
ptxas info    : Used 38 registers, 352 bytes cmem[0], 4 bytes cmem[2]
ptxas info    : Compiling entry function '__omp_offloading_811_2800692_main_l26' for 'sm_37'
ptxas info    : Function properties for __omp_offloading_811_2800692_main_l26
    0 bytes stack frame, 0 bytes spill stores, 0 bytes spill loads
ptxas info    : Used 38 registers, 328 bytes cmem[0], 4 bytes cmem[2]
ptxas info    : Compiling entry function '__omp_offloading_811_2800692_main_l354' for 'sm_37'
ptxas info    : Function properties for __omp_offloading_811_2800692_main_l354
    0 bytes stack frame, 0 bytes spill stores, 0 bytes spill loads
ptxas info    : Used 37 registers, 336 bytes cmem[0], 4 bytes cmem[2]
ptxas info    : Compiling entry function '__omp_offloading_811_2800692_main_l66' for 'sm_37'
ptxas info    : Function properties for __omp_offloading_811_2800692_main_l66
    0 bytes stack frame, 0 bytes spill stores, 0 bytes spill loads
ptxas info    : Used 38 registers, 376 bytes cmem[0], 4 bytes cmem[2]
ptxas info    : Compiling entry function '__omp_offloading_811_2800692_main_l239' for 'sm_37'
ptxas info    : Function properties for __omp_offloading_811_2800692_main_l239
    8 bytes stack frame, 0 bytes spill stores, 0 bytes spill loads
ptxas info    : Used 38 registers, 384 bytes cmem[0], 4 bytes cmem[2]
ptxas info    : Function properties for __omp_outlined__13
    120 bytes stack frame, 100 bytes spill stores, 100 bytes spill loads
ptxas info    : Function properties for __omp_outlined__5
    168 bytes stack frame, 152 bytes spill stores, 152 bytes spill loads
ptxas info    : Function properties for __omp_outlined__1
    120 bytes stack frame, 100 bytes spill stores, 100 bytes spill loads
ptxas info    : Function properties for __omp_outlined__17_wrapper
    0 bytes stack frame, 0 bytes spill stores, 0 bytes spill loads
ptxas info    : Function properties for __omp_outlined__9
    120 bytes stack frame, 100 bytes spill stores, 100 bytes spill loads
ptxas info    : Function properties for __omp_outlined__15
    88 bytes stack frame, 68 bytes spill stores, 68 bytes spill loads
ptxas info    : Function properties for __omp_outlined__7
    128 bytes stack frame, 112 bytes spill stores, 112 bytes spill loads
ptxas info    : Function properties for __omp_outlined__11
    160 bytes stack frame, 144 bytes spill stores, 144 bytes spill loads
ptxas info    : Function properties for __omp_outlined__3
    120 bytes stack frame, 100 bytes spill stores, 100 bytes spill loads
ptxas info    : Function properties for __omp_outlined__21_wrapper
    96 bytes stack frame, 76 bytes spill stores, 76 bytes spill loads
ptxas info    : Compiling entry function '__omp_offloading_811_2800692_main_l422' for 'sm_37'
ptxas info    : Function properties for __omp_offloading_811_2800692_main_l422
    0 bytes stack frame, 0 bytes spill stores, 0 bytes spill loads
ptxas info    : Used 37 registers, 336 bytes cmem[0], 8 bytes cmem[2]
ptxas info    : Function properties for __omp_outlined__15_wrapper
    0 bytes stack frame, 0 bytes spill stores, 0 bytes spill loads
ptxas info    : Function properties for __omp_outlined__7_wrapper
    80 bytes stack frame, 0 bytes spill stores, 0 bytes spill loads
ptxas info    : Function properties for __omp_outlined__11_wrapper
    8 bytes stack frame, 0 bytes spill stores, 0 bytes spill loads
ptxas info    : Function properties for __omp_outlined__3_wrapper
    0 bytes stack frame, 0 bytes spill stores, 0 bytes spill loads
ptxas info    : Function properties for _ZN27omptarget_nvptx_LoopSupportIiiE13dispatch_nextEPiS1_S1_S1_
    0 bytes stack frame, 0 bytes spill stores, 0 bytes spill loads
ptxas info    : Function properties for __omp_outlined__13_wrapper
    0 bytes stack frame, 0 bytes spill stores, 0 bytes spill loads
ptxas info    : Function properties for __omp_outlined__5_wrapper
    16 bytes stack frame, 0 bytes spill stores, 0 bytes spill loads
ptxas info    : Function properties for __omp_outlined__9_wrapper
    0 bytes stack frame, 0 bytes spill stores, 0 bytes spill loads
ptxas info    : Function properties for __omp_outlined__1_wrapper
    0 bytes stack frame, 0 bytes spill stores, 0 bytes spill loads
ptxas info    : Function properties for __omp_outlined__19_wrapper
    72 bytes stack frame, 56 bytes spill stores, 56 bytes spill loads
 "/usr/local/cuda-8.0/bin/nvlink" -o /tmp/test-611fb7.out -v -arch sm_37 -L/localhd/gbercea/patch-compiler/obj-release/lib -L/usr/local/cuda-8.0/lib64 -L/usr/local/cuda-8.0/nvvm/libdevice -L/localhd/gbercea/patch-compiler/obj-release/lib -lomptarget-nvptx /tmp/test-fd727e.cubin
nvlink info    : 100538555 bytes gmem
nvlink info    : Function properties for '__omp_offloading_811_2800692_main_l422':
nvlink info    : used 37 registers, 0 stack, 1092 bytes smem, 336 bytes cmem[0], 8 bytes cmem[2], 0 bytes lmem
nvlink info    : Function properties for '__omp_offloading_811_2800692_main_l239':
nvlink info    : used 106 registers, 216 stack, 1092 bytes smem, 384 bytes cmem[0], 48 bytes cmem[2], 0 bytes lmem
nvlink info    : Function properties for '__omp_offloading_811_2800692_main_l66':
nvlink info    : used 106 registers, 208 stack, 1092 bytes smem, 376 bytes cmem[0], 48 bytes cmem[2], 0 bytes lmem
nvlink info    : Function properties for '__omp_offloading_811_2800692_main_l354':
nvlink info    : used 106 registers, 208 stack, 1092 bytes smem, 336 bytes cmem[0], 48 bytes cmem[2], 0 bytes lmem
nvlink info    : Function properties for '__omp_offloading_811_2800692_main_l26':
nvlink info    : used 106 registers, 208 stack, 1092 bytes smem, 328 bytes cmem[0], 48 bytes cmem[2], 0 bytes lmem
nvlink info    : Function properties for '__omp_offloading_811_2800692_main_l304':
nvlink info    : used 106 registers, 208 stack, 1092 bytes smem, 352 bytes cmem[0], 48 bytes cmem[2], 0 bytes lmem
nvlink info    : Function properties for '__omp_offloading_811_2800692_main_l132':
nvlink info    : used 106 registers, 288 stack, 1092 bytes smem, 456 bytes cmem[0], 48 bytes cmem[2], 0 bytes lmem
nvlink info    : Function properties for '__omp_offloading_811_27e04ce_check_offloading_l22':
nvlink info    : used 106 registers, 208 stack, 1092 bytes smem, 328 bytes cmem[0], 48 bytes cmem[2], 0 bytes lmem
nvlink info    : Function properties for '__omp_offloading_811_2800692_main_l273':
nvlink info    : used 106 registers, 208 stack, 1092 bytes smem, 376 bytes cmem[0], 48 bytes cmem[2], 0 bytes lmem
nvlink info    : Function properties for '__omp_offloading_811_2800692_main_l99':
nvlink info    : used 106 registers, 224 stack, 1092 bytes smem, 376 bytes cmem[0], 48 bytes cmem[2], 0 bytes lmem
nvlink info    : Function properties for '__omp_offloading_811_2800692_main_l392':
nvlink info    : used 106 registers, 208 stack, 1092 bytes smem, 352 bytes cmem[0], 48 bytes cmem[2], 0 bytes lmem
nvlink info    : Function properties for '__omp_offloading_811_2800692_main_l207':
nvlink info    : used 106 registers, 208 stack, 1092 bytes smem, 384 bytes cmem[0], 48 bytes cmem[2], 0 bytes lmem
nvlink info    : Function properties for '__omp_offloading_811_2800692_main_l37':
nvlink info    : used 106 registers, 208 stack, 1092 bytes smem, 376 bytes cmem[0], 48 bytes cmem[2], 0 bytes lmem
nvlink info    : Function properties for '__omp_offloading_811_2800692_main_l323':
nvlink info    : used 106 registers, 208 stack, 1092 bytes smem, 376 bytes cmem[0], 48 bytes cmem[2], 0 bytes lmem
 "/localhd/gbercea/patch-compiler/obj-release/bin/clang-6.0" -cc1 -triple powerpc64le-ibm-linux-gnu -emit-obj -disable-free -main-file-name test.c -mrelocation-model pic -pic-level 2 -mthread-model posix -fmath-errno -masm-verbose -mconstructor-aliases -fuse-init-array -target-cpu pwr8 -mfloat-abi hard -target-abi elfv2 -dwarf-column-info -debugger-tuning=gdb -momit-leaf-frame-pointer -v -resource-dir /localhd/gbercea/patch-compiler/obj-release/lib/clang/7.0.0 -O3 -fdebug-compilation-dir /localhd/gbercea/patch-compiler/src/projects/openmp/libomptarget/omptests/t-for/results -ferror-limit 19 -fmessage-length 0 -fopenmp -fno-signed-char -fobjc-runtime=gcc -fdiagnostics-show-option -vectorize-loops -vectorize-slp -o /tmp/test-68f700.o -x ir /tmp/test-12784a.bc -faddrsig
clang -cc1 version 7.0.0 based upon LLVM 7.0.0svn default target powerpc64le-unknown-linux-gnu
 "/usr/bin/ld" -z relro --hash-style=gnu --eh-frame-hdr -m elf64lppc -dynamic-linker /lib64/ld64.so.2 -o /localhd/gbercea/patch-compiler/src/projects/openmp/libomptarget/omptests/t-for/results/a.out /usr/lib/gcc/powerpc64le-linux-gnu/4.8/../../../powerpc64le-linux-gnu/crt1.o /usr/lib/gcc/powerpc64le-linux-gnu/4.8/../../../powerpc64le-linux-gnu/crti.o /usr/lib/gcc/powerpc64le-linux-gnu/4.8/crtbegin.o -L/localhd/gbercea/patch-compiler/obj-release/lib -L/localhd/gbercea/patch-compiler/obj-release/lib -L/usr/lib/gcc/powerpc64le-linux-gnu/4.8 -L/usr/lib/gcc/powerpc64le-linux-gnu/4.8/../../../powerpc64le-linux-gnu -L/usr/lib/gcc/powerpc64le-linux-gnu/4.8/../../../../lib64 -L/lib/powerpc64le-linux-gnu -L/lib/../lib64 -L/usr/lib/powerpc64le-linux-gnu -L/usr/lib/../lib64 -L/usr/lib/powerpc64le-linux-gnu/../../lib64 -L/usr/lib/gcc/powerpc64le-linux-gnu/4.8/../../.. -L/localhd/gbercea/patch-compiler/obj-release/bin/../lib -L/lib -L/usr/lib /tmp/test-68f700.o -L/localhd/gbercea/patch-compiler/obj-release/lib -L/usr/local/cuda-8.0/lib64 -L/usr/local/cuda-8.0/nvvm/libdevice -lomp -lomptarget -lgcc --as-needed -lgcc_s --no-as-needed -lpthread -latomic -lc -lgcc --as-needed -lgcc_s --no-as-needed /usr/lib/gcc/powerpc64le-linux-gnu/4.8/crtend.o /usr/lib/gcc/powerpc64le-linux-gnu/4.8/../../../powerpc64le-linux-gnu/crtn.o -T /tmp/a-812fa7.lk
