clang version 7.0.0 (http://llvm.org/git/clang.git 0f6b139a0ce2f74a708f120da6336c05c14ea1cb) (http://llvm.org/git/llvm.git a02ad35dfa959d5c50a5d0008b010e5fb0c5cbe8)
Target: powerpc64le-ibm-linux-gnu
Thread model: posix
InstalledDir: /localhd/gbercea/patch-compiler/obj-release/bin
Found candidate GCC installation: /usr/lib/gcc/powerpc64le-linux-gnu/4.8
Found candidate GCC installation: /usr/lib/gcc/powerpc64le-linux-gnu/4.8.4
Found candidate GCC installation: /usr/lib/gcc/powerpc64le-linux-gnu/4.9
Found candidate GCC installation: /usr/lib/gcc/powerpc64le-linux-gnu/4.9.1
Selected GCC installation: /usr/lib/gcc/powerpc64le-linux-gnu/4.8
Candidate multilib: .;@m64
Selected multilib: .;@m64
Found CUDA installation: /usr/local/cuda-8.0, version 8.0
 "/localhd/gbercea/patch-compiler/obj-release/bin/clang-6.0" -cc1 -triple powerpc64le-ibm-linux-gnu -emit-llvm-bc -emit-llvm-uselists -disable-free -main-file-name test.cpp -mrelocation-model pic -pic-level 2 -mthread-model posix -fmath-errno -masm-verbose -mconstructor-aliases -fuse-init-array -target-cpu pwr8 -mfloat-abi hard -target-abi elfv2 -dwarf-column-info -debugger-tuning=gdb -momit-leaf-frame-pointer -v -resource-dir /localhd/gbercea/patch-compiler/obj-release/lib/clang/7.0.0 -I /localhd/gbercea/patch-compiler/obj-release/lib -I /localhd/gbercea/patch-compiler/obj-release/lib/../ -I /localhd/gbercea/patch-compiler/obj-release/lib/../projects/openmp/runtime/src/ -internal-isystem /usr/lib/gcc/powerpc64le-linux-gnu/4.8/../../../../include/c++/4.8 -internal-isystem /usr/lib/gcc/powerpc64le-linux-gnu/4.8/../../../../include/powerpc64le-linux-gnu/c++/4.8 -internal-isystem /usr/lib/gcc/powerpc64le-linux-gnu/4.8/../../../../include/powerpc64le-linux-gnu/c++/4.8 -internal-isystem /usr/lib/gcc/powerpc64le-linux-gnu/4.8/../../../../include/c++/4.8/backward -internal-isystem /usr/lib/gcc/powerpc64le-linux-gnu/4.8/../../../../include/c++/4.8 -internal-isystem /usr/lib/gcc/powerpc64le-linux-gnu/4.8/../../../../include/powerpc64le-linux-gnu/c++/4.8 -internal-isystem /usr/lib/gcc/powerpc64le-linux-gnu/4.8/../../../../include/powerpc64le-linux-gnu/c++/4.8 -internal-isystem /usr/lib/gcc/powerpc64le-linux-gnu/4.8/../../../../include/c++/4.8/backward -internal-isystem /usr/local/include -internal-isystem /localhd/gbercea/patch-compiler/obj-release/lib/clang/7.0.0/include -internal-externc-isystem /usr/include/powerpc64le-linux-gnu -internal-externc-isystem /include -internal-externc-isystem /usr/include -internal-isystem /usr/local/include -internal-isystem /localhd/gbercea/patch-compiler/obj-release/lib/clang/7.0.0/include -internal-externc-isystem /usr/include/powerpc64le-linux-gnu -internal-externc-isystem /include -internal-externc-isystem /usr/include -O3 -std=c++11 -fdeprecated-macro -fdebug-compilation-dir /localhd/gbercea/patch-compiler/src/projects/openmp/libomptarget/omptests/t-td-pf/results -ferror-limit 19 -fmessage-length 0 -fopenmp -fno-signed-char -fobjc-runtime=gcc -fdiagnostics-show-option -vectorize-loops -vectorize-slp -o /tmp/test-b96e4e.bc -x c++ /localhd/gbercea/patch-compiler/src/projects/openmp/libomptarget/omptests/t-td-pf/test.cpp -fopenmp-targets=nvptx64-nvidia-cuda -faddrsig
clang -cc1 version 7.0.0 based upon LLVM 7.0.0svn default target powerpc64le-unknown-linux-gnu
ignoring nonexistent directory "/include"
ignoring nonexistent directory "/include"
ignoring duplicate directory "/usr/lib/gcc/powerpc64le-linux-gnu/4.8/../../../../include/powerpc64le-linux-gnu/c++/4.8"
ignoring duplicate directory "/usr/lib/gcc/powerpc64le-linux-gnu/4.8/../../../../include/c++/4.8"
ignoring duplicate directory "/usr/lib/gcc/powerpc64le-linux-gnu/4.8/../../../../include/powerpc64le-linux-gnu/c++/4.8"
ignoring duplicate directory "/usr/lib/gcc/powerpc64le-linux-gnu/4.8/../../../../include/powerpc64le-linux-gnu/c++/4.8"
ignoring duplicate directory "/usr/lib/gcc/powerpc64le-linux-gnu/4.8/../../../../include/c++/4.8/backward"
ignoring duplicate directory "/usr/local/include"
ignoring duplicate directory "/localhd/gbercea/patch-compiler/obj-release/lib/clang/7.0.0/include"
ignoring duplicate directory "/usr/include/powerpc64le-linux-gnu"
ignoring duplicate directory "/usr/include"
#include "..." search starts here:
#include <...> search starts here:
 /localhd/gbercea/patch-compiler/obj-release/lib
 /localhd/gbercea/patch-compiler/obj-release/lib/..
 /localhd/gbercea/patch-compiler/obj-release/lib/../projects/openmp/runtime/src
 /usr/lib/gcc/powerpc64le-linux-gnu/4.8/../../../../include/c++/4.8
 /usr/lib/gcc/powerpc64le-linux-gnu/4.8/../../../../include/powerpc64le-linux-gnu/c++/4.8
 /usr/lib/gcc/powerpc64le-linux-gnu/4.8/../../../../include/c++/4.8/backward
 /usr/local/include
 /localhd/gbercea/patch-compiler/obj-release/lib/clang/7.0.0/include
 /usr/include/powerpc64le-linux-gnu
 /usr/include
End of search list.
 "/localhd/gbercea/patch-compiler/obj-release/bin/clang-6.0" -cc1 -triple nvptx64-nvidia-cuda -aux-triple powerpc64le-ibm-linux-gnu -S -disable-free -main-file-name test.cpp -mrelocation-model pic -pic-level 2 -mthread-model posix -mdisable-fp-elim -no-integrated-as -fuse-init-array -mlink-cuda-bitcode /usr/local/cuda-8.0/nvvm/libdevice/libdevice.compute_35.10.bc -target-feature +ptx42 -mlink-cuda-bitcode /localhd/gbercea/patch-compiler/obj-release/lib/libomptarget-nvptx-sm_37.bc -target-cpu sm_37 -dwarf-column-info -debugger-tuning=gdb -v -resource-dir /localhd/gbercea/patch-compiler/obj-release/lib/clang/7.0.0 -I /localhd/gbercea/patch-compiler/obj-release/lib -I /localhd/gbercea/patch-compiler/obj-release/lib/../ -I /localhd/gbercea/patch-compiler/obj-release/lib/../projects/openmp/runtime/src/ -internal-isystem /usr/lib/gcc/powerpc64le-linux-gnu/4.8/../../../../include/c++/4.8 -internal-isystem /usr/lib/gcc/powerpc64le-linux-gnu/4.8/../../../../include/powerpc64le-linux-gnu/c++/4.8 -internal-isystem /usr/lib/gcc/powerpc64le-linux-gnu/4.8/../../../../include/powerpc64le-linux-gnu/c++/4.8 -internal-isystem /usr/lib/gcc/powerpc64le-linux-gnu/4.8/../../../../include/c++/4.8/backward -internal-isystem /usr/lib/gcc/powerpc64le-linux-gnu/4.8/../../../../include/c++/4.8 -internal-isystem /usr/lib/gcc/powerpc64le-linux-gnu/4.8/../../../../include/powerpc64le-linux-gnu/c++/4.8 -internal-isystem /usr/lib/gcc/powerpc64le-linux-gnu/4.8/../../../../include/powerpc64le-linux-gnu/c++/4.8 -internal-isystem /usr/lib/gcc/powerpc64le-linux-gnu/4.8/../../../../include/c++/4.8/backward -internal-isystem /usr/local/include -internal-isystem /localhd/gbercea/patch-compiler/obj-release/lib/clang/7.0.0/include -internal-externc-isystem /usr/include/powerpc64le-linux-gnu -internal-externc-isystem /include -internal-externc-isystem /usr/include -internal-isystem /usr/local/include -internal-isystem /localhd/gbercea/patch-compiler/obj-release/lib/clang/7.0.0/include -internal-externc-isystem /usr/include/powerpc64le-linux-gnu -internal-externc-isystem /include -internal-externc-isystem /usr/include -O3 -std=c++11 -fdeprecated-macro -fno-dwarf-directory-asm -fdebug-compilation-dir /localhd/gbercea/patch-compiler/src/projects/openmp/libomptarget/omptests/t-td-pf/results -ferror-limit 19 -fmessage-length 0 -fopenmp -fobjc-runtime=gcc -fdiagnostics-show-option -vectorize-loops -vectorize-slp -o /tmp/test-66525a.s -x c++ /localhd/gbercea/patch-compiler/src/projects/openmp/libomptarget/omptests/t-td-pf/test.cpp -fopenmp-is-device -fopenmp-host-ir-file-path /tmp/test-b96e4e.bc
clang -cc1 version 7.0.0 based upon LLVM 7.0.0svn default target powerpc64le-unknown-linux-gnu
ignoring nonexistent directory "/include"
ignoring nonexistent directory "/include"
ignoring duplicate directory "/usr/lib/gcc/powerpc64le-linux-gnu/4.8/../../../../include/powerpc64le-linux-gnu/c++/4.8"
ignoring duplicate directory "/usr/lib/gcc/powerpc64le-linux-gnu/4.8/../../../../include/c++/4.8"
ignoring duplicate directory "/usr/lib/gcc/powerpc64le-linux-gnu/4.8/../../../../include/powerpc64le-linux-gnu/c++/4.8"
ignoring duplicate directory "/usr/lib/gcc/powerpc64le-linux-gnu/4.8/../../../../include/powerpc64le-linux-gnu/c++/4.8"
ignoring duplicate directory "/usr/lib/gcc/powerpc64le-linux-gnu/4.8/../../../../include/c++/4.8/backward"
ignoring duplicate directory "/usr/local/include"
ignoring duplicate directory "/localhd/gbercea/patch-compiler/obj-release/lib/clang/7.0.0/include"
ignoring duplicate directory "/usr/include/powerpc64le-linux-gnu"
ignoring duplicate directory "/usr/include"
#include "..." search starts here:
#include <...> search starts here:
 /localhd/gbercea/patch-compiler/obj-release/lib
 /localhd/gbercea/patch-compiler/obj-release/lib/..
 /localhd/gbercea/patch-compiler/obj-release/lib/../projects/openmp/runtime/src
 /usr/lib/gcc/powerpc64le-linux-gnu/4.8/../../../../include/c++/4.8
 /usr/lib/gcc/powerpc64le-linux-gnu/4.8/../../../../include/powerpc64le-linux-gnu/c++/4.8
 /usr/lib/gcc/powerpc64le-linux-gnu/4.8/../../../../include/c++/4.8/backward
 /usr/local/include
 /localhd/gbercea/patch-compiler/obj-release/lib/clang/7.0.0/include
 /usr/include/powerpc64le-linux-gnu
 /usr/include
End of search list.
 "/usr/local/cuda-8.0/bin/ptxas" -m64 -O3 -v --gpu-name sm_37 --output-file /tmp/test-6c32e1.cubin /tmp/test-66525a.s -c
ptxas info    : 18 bytes gmem
ptxas info    : Compiling entry function '__omp_offloading_811_28005f1_main_l179' for 'sm_37'
ptxas info    : Function properties for __omp_offloading_811_28005f1_main_l179
    16 bytes stack frame, 0 bytes spill stores, 0 bytes spill loads
ptxas info    : Used 62 registers, 384 bytes cmem[0], 4 bytes cmem[2]
ptxas info    : Compiling entry function '__omp_offloading_811_28005f1_main_l123' for 'sm_37'
ptxas info    : Function properties for __omp_offloading_811_28005f1_main_l123
    0 bytes stack frame, 0 bytes spill stores, 0 bytes spill loads
ptxas info    : Used 48 registers, 376 bytes cmem[0], 4 bytes cmem[2]
ptxas info    : Compiling entry function '__omp_offloading_811_28005f1_main_l151' for 'sm_37'
ptxas info    : Function properties for __omp_offloading_811_28005f1_main_l151
    16 bytes stack frame, 0 bytes spill stores, 0 bytes spill loads
ptxas info    : Used 62 registers, 384 bytes cmem[0], 4 bytes cmem[2]
ptxas info    : Compiling entry function '__omp_offloading_811_28005f1_main_l95' for 'sm_37'
ptxas info    : Function properties for __omp_offloading_811_28005f1_main_l95
    0 bytes stack frame, 0 bytes spill stores, 0 bytes spill loads
ptxas info    : Used 54 registers, 384 bytes cmem[0], 4 bytes cmem[2]
ptxas info    : Compiling entry function '__omp_offloading_811_28005f1_main_l165' for 'sm_37'
ptxas info    : Function properties for __omp_offloading_811_28005f1_main_l165
    16 bytes stack frame, 0 bytes spill stores, 0 bytes spill loads
ptxas info    : Used 62 registers, 384 bytes cmem[0], 4 bytes cmem[2]
ptxas info    : Compiling entry function '__omp_offloading_811_28005f1_main_l109' for 'sm_37'
ptxas info    : Function properties for __omp_offloading_811_28005f1_main_l109
    0 bytes stack frame, 0 bytes spill stores, 0 bytes spill loads
ptxas info    : Used 48 registers, 376 bytes cmem[0], 4 bytes cmem[2]
ptxas info    : Compiling entry function '__omp_offloading_811_28005f1_main_l137' for 'sm_37'
ptxas info    : Function properties for __omp_offloading_811_28005f1_main_l137
    0 bytes stack frame, 0 bytes spill stores, 0 bytes spill loads
ptxas info    : Used 62 registers, 384 bytes cmem[0], 4 bytes cmem[2]
ptxas info    : Compiling entry function '__omp_offloading_811_28005f1_main_l193' for 'sm_37'
ptxas info    : Function properties for __omp_offloading_811_28005f1_main_l193
    16 bytes stack frame, 0 bytes spill stores, 0 bytes spill loads
ptxas info    : Used 64 registers, 392 bytes cmem[0], 4 bytes cmem[2]
ptxas info    : Compiling entry function '__omp_offloading_811_28005f1_main_l81' for 'sm_37'
ptxas info    : Function properties for __omp_offloading_811_28005f1_main_l81
    0 bytes stack frame, 0 bytes spill stores, 0 bytes spill loads
ptxas info    : Used 48 registers, 376 bytes cmem[0], 4 bytes cmem[2]
ptxas info    : Compiling entry function '__omp_offloading_811_28005f1_main_l172' for 'sm_37'
ptxas info    : Function properties for __omp_offloading_811_28005f1_main_l172
    16 bytes stack frame, 0 bytes spill stores, 0 bytes spill loads
ptxas info    : Used 64 registers, 392 bytes cmem[0], 4 bytes cmem[2]
ptxas info    : Compiling entry function '__omp_offloading_811_28005f1_main_l116' for 'sm_37'
ptxas info    : Function properties for __omp_offloading_811_28005f1_main_l116
    0 bytes stack frame, 0 bytes spill stores, 0 bytes spill loads
ptxas info    : Used 62 registers, 384 bytes cmem[0], 4 bytes cmem[2]
ptxas info    : Compiling entry function '__omp_offloading_811_28005f1_main_l144' for 'sm_37'
ptxas info    : Function properties for __omp_offloading_811_28005f1_main_l144
    0 bytes stack frame, 0 bytes spill stores, 0 bytes spill loads
ptxas info    : Used 64 registers, 392 bytes cmem[0], 4 bytes cmem[2]
ptxas info    : Compiling entry function '__omp_offloading_811_28005f1_main_l88' for 'sm_37'
ptxas info    : Function properties for __omp_offloading_811_28005f1_main_l88
    16 bytes stack frame, 0 bytes spill stores, 0 bytes spill loads
ptxas info    : Used 53 registers, 376 bytes cmem[0], 4 bytes cmem[2]
ptxas info    : Compiling entry function '__omp_offloading_811_28005f1_main_l130' for 'sm_37'
ptxas info    : Function properties for __omp_offloading_811_28005f1_main_l130
    0 bytes stack frame, 0 bytes spill stores, 0 bytes spill loads
ptxas info    : Used 54 registers, 384 bytes cmem[0], 4 bytes cmem[2]
ptxas info    : Compiling entry function '__omp_offloading_811_28005f1_main_l186' for 'sm_37'
ptxas info    : Function properties for __omp_offloading_811_28005f1_main_l186
    16 bytes stack frame, 0 bytes spill stores, 0 bytes spill loads
ptxas info    : Used 62 registers, 384 bytes cmem[0], 4 bytes cmem[2]
ptxas info    : Compiling entry function '__omp_offloading_811_28005f1_main_l74' for 'sm_37'
ptxas info    : Function properties for __omp_offloading_811_28005f1_main_l74
    0 bytes stack frame, 0 bytes spill stores, 0 bytes spill loads
ptxas info    : Used 48 registers, 376 bytes cmem[0], 4 bytes cmem[2]
ptxas info    : Compiling entry function '__omp_offloading_811_28005f1_main_l158' for 'sm_37'
ptxas info    : Function properties for __omp_offloading_811_28005f1_main_l158
    16 bytes stack frame, 0 bytes spill stores, 0 bytes spill loads
ptxas info    : Used 64 registers, 392 bytes cmem[0], 4 bytes cmem[2]
ptxas info    : Compiling entry function '__omp_offloading_811_28005f1_main_l102' for 'sm_37'
ptxas info    : Function properties for __omp_offloading_811_28005f1_main_l102
    16 bytes stack frame, 0 bytes spill stores, 0 bytes spill loads
ptxas info    : Used 54 registers, 384 bytes cmem[0], 4 bytes cmem[2]
ptxas info    : Function properties for __omp_outlined__27_wrapper
    80 bytes stack frame, 64 bytes spill stores, 64 bytes spill loads
ptxas info    : Function properties for __omp_outlined__11_wrapper
    0 bytes stack frame, 0 bytes spill stores, 0 bytes spill loads
ptxas info    : Function properties for __omp_outlined__19_wrapper
    0 bytes stack frame, 0 bytes spill stores, 0 bytes spill loads
ptxas info    : Function properties for __omp_outlined__3_wrapper
    0 bytes stack frame, 0 bytes spill stores, 0 bytes spill loads
ptxas info    : Function properties for __omp_outlined__35_wrapper
    80 bytes stack frame, 64 bytes spill stores, 64 bytes spill loads
ptxas info    : Function properties for __omp_outlined__23_wrapper
    80 bytes stack frame, 64 bytes spill stores, 64 bytes spill loads
ptxas info    : Function properties for __omp_outlined__7_wrapper
    0 bytes stack frame, 0 bytes spill stores, 0 bytes spill loads
ptxas info    : Function properties for __omp_outlined__15_wrapper
    0 bytes stack frame, 0 bytes spill stores, 0 bytes spill loads
ptxas info    : Function properties for __omp_outlined__31_wrapper
    80 bytes stack frame, 64 bytes spill stores, 64 bytes spill loads
ptxas info    : Function properties for __omp_outlined__25_wrapper
    80 bytes stack frame, 64 bytes spill stores, 64 bytes spill loads
ptxas info    : Function properties for __omp_outlined__9_wrapper
    80 bytes stack frame, 64 bytes spill stores, 64 bytes spill loads
ptxas info    : Function properties for __omp_outlined__17_wrapper
    0 bytes stack frame, 0 bytes spill stores, 0 bytes spill loads
ptxas info    : Function properties for __omp_outlined__1_wrapper
    0 bytes stack frame, 0 bytes spill stores, 0 bytes spill loads
ptxas info    : Function properties for __omp_outlined__33_wrapper
    80 bytes stack frame, 64 bytes spill stores, 64 bytes spill loads
ptxas info    : Function properties for __omp_outlined__13_wrapper
    0 bytes stack frame, 0 bytes spill stores, 0 bytes spill loads
ptxas info    : Function properties for __omp_outlined__29_wrapper
    80 bytes stack frame, 64 bytes spill stores, 64 bytes spill loads
ptxas info    : Function properties for __omp_outlined__21_wrapper
    0 bytes stack frame, 0 bytes spill stores, 0 bytes spill loads
ptxas info    : Function properties for __omp_outlined__5_wrapper
    80 bytes stack frame, 64 bytes spill stores, 64 bytes spill loads
ptxas info    : Function properties for _ZN27omptarget_nvptx_LoopSupportIiiE13dispatch_nextEPiS1_S1_S1_
    0 bytes stack frame, 0 bytes spill stores, 0 bytes spill loads
 "/usr/local/cuda-8.0/bin/nvlink" -o /tmp/test-c4fb35.out -v -arch sm_37 -L/localhd/gbercea/patch-compiler/obj-release/lib -L/usr/local/cuda-8.0/lib64 -L/usr/local/cuda-8.0/nvvm/libdevice -L/localhd/gbercea/patch-compiler/obj-release/lib -lomptarget-nvptx /tmp/test-6c32e1.cubin
nvlink info    : 100538544 bytes gmem
nvlink info    : Function properties for '__omp_offloading_811_28005f1_main_l102':
nvlink info    : used 65 registers, 96 stack, 1092 bytes smem, 384 bytes cmem[0], 8 bytes cmem[2], 0 bytes lmem
nvlink info    : Function properties for '__omp_offloading_811_28005f1_main_l158':
nvlink info    : used 65 registers, 96 stack, 1092 bytes smem, 392 bytes cmem[0], 8 bytes cmem[2], 0 bytes lmem
nvlink info    : Function properties for '__omp_offloading_811_28005f1_main_l74':
nvlink info    : used 65 registers, 80 stack, 1092 bytes smem, 376 bytes cmem[0], 8 bytes cmem[2], 0 bytes lmem
nvlink info    : Function properties for '__omp_offloading_811_28005f1_main_l186':
nvlink info    : used 65 registers, 96 stack, 1092 bytes smem, 384 bytes cmem[0], 8 bytes cmem[2], 0 bytes lmem
nvlink info    : Function properties for '__omp_offloading_811_28005f1_main_l130':
nvlink info    : used 65 registers, 80 stack, 1092 bytes smem, 384 bytes cmem[0], 8 bytes cmem[2], 0 bytes lmem
nvlink info    : Function properties for '__omp_offloading_811_28005f1_main_l88':
nvlink info    : used 65 registers, 96 stack, 1092 bytes smem, 376 bytes cmem[0], 8 bytes cmem[2], 0 bytes lmem
nvlink info    : Function properties for '__omp_offloading_811_28005f1_main_l144':
nvlink info    : used 65 registers, 80 stack, 1092 bytes smem, 392 bytes cmem[0], 8 bytes cmem[2], 0 bytes lmem
nvlink info    : Function properties for '__omp_offloading_811_28005f1_main_l116':
nvlink info    : used 65 registers, 80 stack, 1092 bytes smem, 384 bytes cmem[0], 8 bytes cmem[2], 0 bytes lmem
nvlink info    : Function properties for '__omp_offloading_811_28005f1_main_l172':
nvlink info    : used 65 registers, 96 stack, 1092 bytes smem, 392 bytes cmem[0], 8 bytes cmem[2], 0 bytes lmem
nvlink info    : Function properties for '__omp_offloading_811_28005f1_main_l81':
nvlink info    : used 65 registers, 80 stack, 1092 bytes smem, 376 bytes cmem[0], 8 bytes cmem[2], 0 bytes lmem
nvlink info    : Function properties for '__omp_offloading_811_28005f1_main_l193':
nvlink info    : used 65 registers, 96 stack, 1092 bytes smem, 392 bytes cmem[0], 8 bytes cmem[2], 0 bytes lmem
nvlink info    : Function properties for '__omp_offloading_811_28005f1_main_l137':
nvlink info    : used 65 registers, 80 stack, 1092 bytes smem, 384 bytes cmem[0], 8 bytes cmem[2], 0 bytes lmem
nvlink info    : Function properties for '__omp_offloading_811_28005f1_main_l109':
nvlink info    : used 65 registers, 80 stack, 1092 bytes smem, 376 bytes cmem[0], 8 bytes cmem[2], 0 bytes lmem
nvlink info    : Function properties for '__omp_offloading_811_28005f1_main_l165':
nvlink info    : used 65 registers, 96 stack, 1092 bytes smem, 384 bytes cmem[0], 8 bytes cmem[2], 0 bytes lmem
nvlink info    : Function properties for '__omp_offloading_811_28005f1_main_l95':
nvlink info    : used 65 registers, 80 stack, 1092 bytes smem, 384 bytes cmem[0], 8 bytes cmem[2], 0 bytes lmem
nvlink info    : Function properties for '__omp_offloading_811_28005f1_main_l151':
nvlink info    : used 65 registers, 96 stack, 1092 bytes smem, 384 bytes cmem[0], 8 bytes cmem[2], 0 bytes lmem
nvlink info    : Function properties for '__omp_offloading_811_28005f1_main_l123':
nvlink info    : used 65 registers, 80 stack, 1092 bytes smem, 376 bytes cmem[0], 8 bytes cmem[2], 0 bytes lmem
nvlink info    : Function properties for '__omp_offloading_811_28005f1_main_l179':
nvlink info    : used 65 registers, 96 stack, 1092 bytes smem, 384 bytes cmem[0], 8 bytes cmem[2], 0 bytes lmem
 "/localhd/gbercea/patch-compiler/obj-release/bin/clang-6.0" -cc1 -triple powerpc64le-ibm-linux-gnu -emit-obj -disable-free -main-file-name test.cpp -mrelocation-model pic -pic-level 2 -mthread-model posix -fmath-errno -masm-verbose -mconstructor-aliases -fuse-init-array -target-cpu pwr8 -mfloat-abi hard -target-abi elfv2 -dwarf-column-info -debugger-tuning=gdb -momit-leaf-frame-pointer -v -resource-dir /localhd/gbercea/patch-compiler/obj-release/lib/clang/7.0.0 -O3 -std=c++11 -fdebug-compilation-dir /localhd/gbercea/patch-compiler/src/projects/openmp/libomptarget/omptests/t-td-pf/results -ferror-limit 19 -fmessage-length 0 -fopenmp -fno-signed-char -fobjc-runtime=gcc -fdiagnostics-show-option -vectorize-loops -vectorize-slp -o /tmp/test-05d7ff.o -x ir /tmp/test-b96e4e.bc -faddrsig
clang -cc1 version 7.0.0 based upon LLVM 7.0.0svn default target powerpc64le-unknown-linux-gnu
 "/usr/bin/ld" -z relro --hash-style=gnu --eh-frame-hdr -m elf64lppc -dynamic-linker /lib64/ld64.so.2 -o /localhd/gbercea/patch-compiler/src/projects/openmp/libomptarget/omptests/t-td-pf/results/a.out /usr/lib/gcc/powerpc64le-linux-gnu/4.8/../../../powerpc64le-linux-gnu/crt1.o /usr/lib/gcc/powerpc64le-linux-gnu/4.8/../../../powerpc64le-linux-gnu/crti.o /usr/lib/gcc/powerpc64le-linux-gnu/4.8/crtbegin.o -L/localhd/gbercea/patch-compiler/obj-release/lib -L/localhd/gbercea/patch-compiler/obj-release/lib -L/usr/lib/gcc/powerpc64le-linux-gnu/4.8 -L/usr/lib/gcc/powerpc64le-linux-gnu/4.8/../../../powerpc64le-linux-gnu -L/usr/lib/gcc/powerpc64le-linux-gnu/4.8/../../../../lib64 -L/lib/powerpc64le-linux-gnu -L/lib/../lib64 -L/usr/lib/powerpc64le-linux-gnu -L/usr/lib/../lib64 -L/usr/lib/powerpc64le-linux-gnu/../../lib64 -L/usr/lib/gcc/powerpc64le-linux-gnu/4.8/../../.. -L/localhd/gbercea/patch-compiler/obj-release/bin/../lib -L/lib -L/usr/lib /tmp/test-05d7ff.o -L/localhd/gbercea/patch-compiler/obj-release/lib -L/usr/local/cuda-8.0/lib64 -L/usr/local/cuda-8.0/nvvm/libdevice -lstdc++ -lm -lomp -lomptarget -lgcc_s -lgcc -lpthread -latomic -lc -lgcc_s -lgcc /usr/lib/gcc/powerpc64le-linux-gnu/4.8/crtend.o /usr/lib/gcc/powerpc64le-linux-gnu/4.8/../../../powerpc64le-linux-gnu/crtn.o -T /tmp/a-aa918d.lk
