clang version 7.0.0 (http://llvm.org/git/clang.git abc56354d023b82153f1e4ca9caeac978857a098) (http://llvm.org/git/llvm.git 321acf353eee88d5e2a2fa6999c57634b9779479)
Target: powerpc64le-ibm-linux-gnu
Thread model: posix
InstalledDir: /localhd/gbercea/patch-compiler/obj-release/bin
Found candidate GCC installation: /usr/lib/gcc/powerpc64le-linux-gnu/4.8
Found candidate GCC installation: /usr/lib/gcc/powerpc64le-linux-gnu/4.8.4
Found candidate GCC installation: /usr/lib/gcc/powerpc64le-linux-gnu/4.9
Found candidate GCC installation: /usr/lib/gcc/powerpc64le-linux-gnu/4.9.1
Selected GCC installation: /usr/lib/gcc/powerpc64le-linux-gnu/4.8
Candidate multilib: .;@m64
Selected multilib: .;@m64
Found CUDA installation: /usr/local/cuda-8.0, version 8.0
 "/localhd/gbercea/patch-compiler/obj-release/bin/clang-6.0" -cc1 -triple powerpc64le-ibm-linux-gnu -emit-llvm-bc -emit-llvm-uselists -disable-free -main-file-name test.cpp -mrelocation-model pic -pic-level 2 -mthread-model posix -fmath-errno -masm-verbose -mconstructor-aliases -fuse-init-array -target-cpu pwr8 -mfloat-abi hard -target-abi elfv2 -dwarf-column-info -debugger-tuning=gdb -momit-leaf-frame-pointer -v -resource-dir /localhd/gbercea/patch-compiler/obj-release/lib/clang/7.0.0 -I /localhd/gbercea/patch-compiler/obj-release/lib -I /localhd/gbercea/patch-compiler/obj-release/lib/../ -I /localhd/gbercea/patch-compiler/obj-release/lib/../projects/openmp/runtime/src/ -internal-isystem /usr/lib/gcc/powerpc64le-linux-gnu/4.8/../../../../include/c++/4.8 -internal-isystem /usr/lib/gcc/powerpc64le-linux-gnu/4.8/../../../../include/powerpc64le-linux-gnu/c++/4.8 -internal-isystem /usr/lib/gcc/powerpc64le-linux-gnu/4.8/../../../../include/powerpc64le-linux-gnu/c++/4.8 -internal-isystem /usr/lib/gcc/powerpc64le-linux-gnu/4.8/../../../../include/c++/4.8/backward -internal-isystem /usr/lib/gcc/powerpc64le-linux-gnu/4.8/../../../../include/c++/4.8 -internal-isystem /usr/lib/gcc/powerpc64le-linux-gnu/4.8/../../../../include/powerpc64le-linux-gnu/c++/4.8 -internal-isystem /usr/lib/gcc/powerpc64le-linux-gnu/4.8/../../../../include/powerpc64le-linux-gnu/c++/4.8 -internal-isystem /usr/lib/gcc/powerpc64le-linux-gnu/4.8/../../../../include/c++/4.8/backward -internal-isystem /usr/local/include -internal-isystem /localhd/gbercea/patch-compiler/obj-release/lib/clang/7.0.0/include -internal-externc-isystem /usr/include/powerpc64le-linux-gnu -internal-externc-isystem /include -internal-externc-isystem /usr/include -internal-isystem /usr/local/include -internal-isystem /localhd/gbercea/patch-compiler/obj-release/lib/clang/7.0.0/include -internal-externc-isystem /usr/include/powerpc64le-linux-gnu -internal-externc-isystem /include -internal-externc-isystem /usr/include -O2 -std=c++11 -fdeprecated-macro -fdebug-compilation-dir /localhd/gbercea/patch-compiler/src/projects/openmp/libomptarget/omptests/t-reduction-struct/results -ferror-limit 19 -fmessage-length 0 -fopenmp -fno-signed-char -fobjc-runtime=gcc -fcxx-exceptions -fexceptions -fdiagnostics-show-option -vectorize-loops -vectorize-slp -o /tmp/test-0db27a.bc -x c++ /localhd/gbercea/patch-compiler/src/projects/openmp/libomptarget/omptests/t-reduction-struct/test.cpp -fopenmp-targets=nvptx64-nvidia-cuda
clang -cc1 version 7.0.0 based upon LLVM 7.0.0svn default target powerpc64le-unknown-linux-gnu
ignoring nonexistent directory "/include"
ignoring nonexistent directory "/include"
ignoring duplicate directory "/usr/lib/gcc/powerpc64le-linux-gnu/4.8/../../../../include/powerpc64le-linux-gnu/c++/4.8"
ignoring duplicate directory "/usr/lib/gcc/powerpc64le-linux-gnu/4.8/../../../../include/c++/4.8"
ignoring duplicate directory "/usr/lib/gcc/powerpc64le-linux-gnu/4.8/../../../../include/powerpc64le-linux-gnu/c++/4.8"
ignoring duplicate directory "/usr/lib/gcc/powerpc64le-linux-gnu/4.8/../../../../include/powerpc64le-linux-gnu/c++/4.8"
ignoring duplicate directory "/usr/lib/gcc/powerpc64le-linux-gnu/4.8/../../../../include/c++/4.8/backward"
ignoring duplicate directory "/usr/local/include"
ignoring duplicate directory "/localhd/gbercea/patch-compiler/obj-release/lib/clang/7.0.0/include"
ignoring duplicate directory "/usr/include/powerpc64le-linux-gnu"
ignoring duplicate directory "/usr/include"
#include "..." search starts here:
#include <...> search starts here:
 /localhd/gbercea/patch-compiler/obj-release/lib
 /localhd/gbercea/patch-compiler/obj-release/lib/..
 /localhd/gbercea/patch-compiler/obj-release/lib/../projects/openmp/runtime/src
 /usr/lib/gcc/powerpc64le-linux-gnu/4.8/../../../../include/c++/4.8
 /usr/lib/gcc/powerpc64le-linux-gnu/4.8/../../../../include/powerpc64le-linux-gnu/c++/4.8
 /usr/lib/gcc/powerpc64le-linux-gnu/4.8/../../../../include/c++/4.8/backward
 /usr/local/include
 /localhd/gbercea/patch-compiler/obj-release/lib/clang/7.0.0/include
 /usr/include/powerpc64le-linux-gnu
 /usr/include
End of search list.
/localhd/gbercea/patch-compiler/src/projects/openmp/libomptarget/omptests/t-reduction-struct/test.cpp:104:7: warning: Non-trivial type 'struct DataTy' is mapped, only trivial types are guaranteed to be mapped correctly [-Wopenmp-target]
      TESTD2("omp target teams distribute parallel for num_teams(tms) thread_limit(ths) REDUCTION_MAP REDUCTION_CLAUSES",
      ^~~~~~~~~~~~~~~~~~~~~~~~~~~~~~~~~~~~~~~~~~~~~~~~~~~~~~~~~~~~~~~~~~~~~~~~~~~~~~~~~~~~~~~~~~~~~~~~~~~~~~~~~~~~~~~~~~~
/localhd/gbercea/patch-compiler/src/projects/openmp/libomptarget/omptests/t-reduction-struct/../utilities/utilities.h:94:5: note: expanded from macro 'TESTD2'
    _Pragma(D) \
    ^~~~~~~~~~
<scratch space>:74:76: note: expanded from here
 omp target teams distribute parallel for num_teams(tms) thread_limit(ths) REDUCTION_MAP REDUCTION_CLAUSES
                                                                           ^~~~~~~~~~~~~
/localhd/gbercea/patch-compiler/src/projects/openmp/libomptarget/omptests/t-reduction-struct/test.cpp:58:35: note: expanded from macro 'REDUCTION_MAP'
#define REDUCTION_MAP map(tofrom: Data)
                                  ^~~~
/localhd/gbercea/patch-compiler/src/projects/openmp/libomptarget/omptests/t-reduction-struct/test.cpp:112:30: warning: format specifies type 'double' but the argument has type 'long long' [-Wformat]
        VERIFY(0, 1, OUT[i], (trial+1) * EXPECTED[i]));
        ~~~~~~~~~~~~~~~~~~~~~^~~~~~~~~~~~~~~~~~~~~~~~
/localhd/gbercea/patch-compiler/src/projects/openmp/libomptarget/omptests/t-reduction-struct/../utilities/utilities.h:35:70: note: expanded from macro 'VERIFY'
      printf ("Failed at %3d with %s, expected %f, got %f\n", i, #X, VAL, X); \
                                               ~~                    ^~~
/localhd/gbercea/patch-compiler/src/projects/openmp/libomptarget/omptests/t-reduction-struct/../utilities/utilities.h:97:5: note: expanded from macro 'TESTD2'
    V \
    ^
/localhd/gbercea/patch-compiler/src/projects/openmp/libomptarget/omptests/t-reduction-struct/test.cpp:112:22: warning: format specifies type 'double' but the argument has type 'long long' [-Wformat]
        VERIFY(0, 1, OUT[i], (trial+1) * EXPECTED[i]));
        ~~~~~~~~~~~~~^~~~~~~~~~~~~~~~~~~~~~~~~~~~~~~~
/localhd/gbercea/patch-compiler/src/projects/openmp/libomptarget/omptests/t-reduction-struct/../utilities/utilities.h:35:75: note: expanded from macro 'VERIFY'
      printf ("Failed at %3d with %s, expected %f, got %f\n", i, #X, VAL, X); \
                                                       ~~                 ^
/localhd/gbercea/patch-compiler/src/projects/openmp/libomptarget/omptests/t-reduction-struct/../utilities/utilities.h:97:5: note: expanded from macro 'TESTD2'
    V \
    ^
3 warnings generated.
 "/localhd/gbercea/patch-compiler/obj-release/bin/clang-6.0" -cc1 -triple nvptx64-nvidia-cuda -aux-triple powerpc64le-ibm-linux-gnu -S -disable-free -main-file-name test.cpp -mrelocation-model pic -pic-level 2 -mthread-model posix -mdisable-fp-elim -no-integrated-as -fuse-init-array -mlink-cuda-bitcode /usr/local/cuda-8.0/nvvm/libdevice/libdevice.compute_35.10.bc -target-feature +ptx42 -mlink-cuda-bitcode /localhd/gbercea/patch-compiler/obj-release/lib/libomptarget-nvptx-sm_37.bc -target-cpu sm_37 -dwarf-column-info -debugger-tuning=gdb -v -resource-dir /localhd/gbercea/patch-compiler/obj-release/lib/clang/7.0.0 -I /localhd/gbercea/patch-compiler/obj-release/lib -I /localhd/gbercea/patch-compiler/obj-release/lib/../ -I /localhd/gbercea/patch-compiler/obj-release/lib/../projects/openmp/runtime/src/ -internal-isystem /usr/lib/gcc/powerpc64le-linux-gnu/4.8/../../../../include/c++/4.8 -internal-isystem /usr/lib/gcc/powerpc64le-linux-gnu/4.8/../../../../include/powerpc64le-linux-gnu/c++/4.8 -internal-isystem /usr/lib/gcc/powerpc64le-linux-gnu/4.8/../../../../include/powerpc64le-linux-gnu/c++/4.8 -internal-isystem /usr/lib/gcc/powerpc64le-linux-gnu/4.8/../../../../include/c++/4.8/backward -internal-isystem /usr/lib/gcc/powerpc64le-linux-gnu/4.8/../../../../include/c++/4.8 -internal-isystem /usr/lib/gcc/powerpc64le-linux-gnu/4.8/../../../../include/powerpc64le-linux-gnu/c++/4.8 -internal-isystem /usr/lib/gcc/powerpc64le-linux-gnu/4.8/../../../../include/powerpc64le-linux-gnu/c++/4.8 -internal-isystem /usr/lib/gcc/powerpc64le-linux-gnu/4.8/../../../../include/c++/4.8/backward -internal-isystem /usr/local/include -internal-isystem /localhd/gbercea/patch-compiler/obj-release/lib/clang/7.0.0/include -internal-externc-isystem /usr/include/powerpc64le-linux-gnu -internal-externc-isystem /include -internal-externc-isystem /usr/include -internal-isystem /usr/local/include -internal-isystem /localhd/gbercea/patch-compiler/obj-release/lib/clang/7.0.0/include -internal-externc-isystem /usr/include/powerpc64le-linux-gnu -internal-externc-isystem /include -internal-externc-isystem /usr/include -O2 -std=c++11 -fdeprecated-macro -fno-dwarf-directory-asm -fdebug-compilation-dir /localhd/gbercea/patch-compiler/src/projects/openmp/libomptarget/omptests/t-reduction-struct/results -ferror-limit 19 -fmessage-length 0 -fopenmp -fobjc-runtime=gcc -fcxx-exceptions -fexceptions -fdiagnostics-show-option -vectorize-loops -vectorize-slp -o /tmp/test-aa8c30.s -x c++ /localhd/gbercea/patch-compiler/src/projects/openmp/libomptarget/omptests/t-reduction-struct/test.cpp -fopenmp-is-device -fopenmp-host-ir-file-path /tmp/test-0db27a.bc
clang -cc1 version 7.0.0 based upon LLVM 7.0.0svn default target powerpc64le-unknown-linux-gnu
ignoring nonexistent directory "/include"
ignoring nonexistent directory "/include"
ignoring duplicate directory "/usr/lib/gcc/powerpc64le-linux-gnu/4.8/../../../../include/powerpc64le-linux-gnu/c++/4.8"
ignoring duplicate directory "/usr/lib/gcc/powerpc64le-linux-gnu/4.8/../../../../include/c++/4.8"
ignoring duplicate directory "/usr/lib/gcc/powerpc64le-linux-gnu/4.8/../../../../include/powerpc64le-linux-gnu/c++/4.8"
ignoring duplicate directory "/usr/lib/gcc/powerpc64le-linux-gnu/4.8/../../../../include/powerpc64le-linux-gnu/c++/4.8"
ignoring duplicate directory "/usr/lib/gcc/powerpc64le-linux-gnu/4.8/../../../../include/c++/4.8/backward"
ignoring duplicate directory "/usr/local/include"
ignoring duplicate directory "/localhd/gbercea/patch-compiler/obj-release/lib/clang/7.0.0/include"
ignoring duplicate directory "/usr/include/powerpc64le-linux-gnu"
ignoring duplicate directory "/usr/include"
#include "..." search starts here:
#include <...> search starts here:
 /localhd/gbercea/patch-compiler/obj-release/lib
 /localhd/gbercea/patch-compiler/obj-release/lib/..
 /localhd/gbercea/patch-compiler/obj-release/lib/../projects/openmp/runtime/src
 /usr/lib/gcc/powerpc64le-linux-gnu/4.8/../../../../include/c++/4.8
 /usr/lib/gcc/powerpc64le-linux-gnu/4.8/../../../../include/powerpc64le-linux-gnu/c++/4.8
 /usr/lib/gcc/powerpc64le-linux-gnu/4.8/../../../../include/c++/4.8/backward
 /usr/local/include
 /localhd/gbercea/patch-compiler/obj-release/lib/clang/7.0.0/include
 /usr/include/powerpc64le-linux-gnu
 /usr/include
End of search list.
/localhd/gbercea/patch-compiler/src/projects/openmp/libomptarget/omptests/t-reduction-struct/test.cpp:104:7: warning: Non-trivial type 'struct DataTy' is mapped, only trivial types are guaranteed to be mapped correctly [-Wopenmp-target]
      TESTD2("omp target teams distribute parallel for num_teams(tms) thread_limit(ths) REDUCTION_MAP REDUCTION_CLAUSES",
      ^~~~~~~~~~~~~~~~~~~~~~~~~~~~~~~~~~~~~~~~~~~~~~~~~~~~~~~~~~~~~~~~~~~~~~~~~~~~~~~~~~~~~~~~~~~~~~~~~~~~~~~~~~~~~~~~~~~
/localhd/gbercea/patch-compiler/src/projects/openmp/libomptarget/omptests/t-reduction-struct/../utilities/utilities.h:94:5: note: expanded from macro 'TESTD2'
    _Pragma(D) \
    ^~~~~~~~~~
<scratch space>:74:76: note: expanded from here
 omp target teams distribute parallel for num_teams(tms) thread_limit(ths) REDUCTION_MAP REDUCTION_CLAUSES
                                                                           ^~~~~~~~~~~~~
/localhd/gbercea/patch-compiler/src/projects/openmp/libomptarget/omptests/t-reduction-struct/test.cpp:58:35: note: expanded from macro 'REDUCTION_MAP'
#define REDUCTION_MAP map(tofrom: Data)
                                  ^~~~
/localhd/gbercea/patch-compiler/src/projects/openmp/libomptarget/omptests/t-reduction-struct/test.cpp:112:30: warning: format specifies type 'double' but the argument has type 'long long' [-Wformat]
        VERIFY(0, 1, OUT[i], (trial+1) * EXPECTED[i]));
        ~~~~~~~~~~~~~~~~~~~~~^~~~~~~~~~~~~~~~~~~~~~~~
/localhd/gbercea/patch-compiler/src/projects/openmp/libomptarget/omptests/t-reduction-struct/../utilities/utilities.h:35:70: note: expanded from macro 'VERIFY'
      printf ("Failed at %3d with %s, expected %f, got %f\n", i, #X, VAL, X); \
                                               ~~                    ^~~
/localhd/gbercea/patch-compiler/src/projects/openmp/libomptarget/omptests/t-reduction-struct/../utilities/utilities.h:97:5: note: expanded from macro 'TESTD2'
    V \
    ^
/localhd/gbercea/patch-compiler/src/projects/openmp/libomptarget/omptests/t-reduction-struct/test.cpp:112:22: warning: format specifies type 'double' but the argument has type 'long long' [-Wformat]
        VERIFY(0, 1, OUT[i], (trial+1) * EXPECTED[i]));
        ~~~~~~~~~~~~~^~~~~~~~~~~~~~~~~~~~~~~~~~~~~~~~
/localhd/gbercea/patch-compiler/src/projects/openmp/libomptarget/omptests/t-reduction-struct/../utilities/utilities.h:35:75: note: expanded from macro 'VERIFY'
      printf ("Failed at %3d with %s, expected %f, got %f\n", i, #X, VAL, X); \
                                                       ~~                 ^
/localhd/gbercea/patch-compiler/src/projects/openmp/libomptarget/omptests/t-reduction-struct/../utilities/utilities.h:97:5: note: expanded from macro 'TESTD2'
    V \
    ^
3 warnings generated.
 "/usr/local/cuda-8.0/bin/ptxas" -m64 -O2 -v --gpu-name sm_37 --output-file /tmp/test-06135e.cubin /tmp/test-aa8c30.s -c
ptxas info    : 3 bytes gmem
ptxas info    : Compiling entry function '__omp_offloading_811_27e0d95_main_l90' for 'sm_37'
ptxas info    : Function properties for __omp_offloading_811_27e0d95_main_l90
    0 bytes stack frame, 0 bytes spill stores, 0 bytes spill loads
ptxas info    : Used 32 registers, 328 bytes cmem[0], 4 bytes cmem[2]
ptxas info    : Compiling entry function '__omp_offloading_811_27e04ce__Z16check_offloadingv_l22' for 'sm_37'
ptxas info    : Function properties for __omp_offloading_811_27e04ce__Z16check_offloadingv_l22
    0 bytes stack frame, 0 bytes spill stores, 0 bytes spill loads
ptxas info    : Used 32 registers, 328 bytes cmem[0], 4 bytes cmem[2]
ptxas info    : Compiling entry function '__omp_offloading_811_27e0d95_main_l104' for 'sm_37'
ptxas info    : Function properties for __omp_offloading_811_27e0d95_main_l104
    96 bytes stack frame, 0 bytes spill stores, 0 bytes spill loads
ptxas info    : Used 43 registers, 1 bytes smem, 344 bytes cmem[0], 8 bytes cmem[2]
ptxas info    : Function properties for _Z10merge_data6DataTyS_
    0 bytes stack frame, 0 bytes spill stores, 0 bytes spill loads
 "/usr/local/cuda-8.0/bin/nvlink" -o /tmp/test-03821e.out -v -arch sm_37 -L/localhd/gbercea/patch-compiler/obj-release/lib -L/usr/local/cuda-8.0/lib64 -L/usr/local/cuda-8.0/nvvm/libdevice -L/localhd/gbercea/patch-compiler/obj-release/lib -lomptarget-nvptx /tmp/test-06135e.cubin
nvlink info    : 90032304 bytes gmem
nvlink info    : Function properties for '__omp_offloading_811_27e0d95_main_l104':
nvlink info    : used 43 registers, 96 stack, 1617 bytes smem, 344 bytes cmem[0], 8 bytes cmem[2], 0 bytes lmem
nvlink info    : Function properties for '__omp_offloading_811_27e04ce__Z16check_offloadingv_l22':
nvlink info    : used 32 registers, 0 stack, 1348 bytes smem, 328 bytes cmem[0], 4 bytes cmem[2], 0 bytes lmem
nvlink info    : Function properties for '__omp_offloading_811_27e0d95_main_l90':
nvlink info    : used 32 registers, 0 stack, 1348 bytes smem, 328 bytes cmem[0], 4 bytes cmem[2], 0 bytes lmem
 "/localhd/gbercea/patch-compiler/obj-release/bin/clang-6.0" -cc1 -triple powerpc64le-ibm-linux-gnu -emit-obj -disable-free -main-file-name test.cpp -mrelocation-model pic -pic-level 2 -mthread-model posix -fmath-errno -masm-verbose -mconstructor-aliases -fuse-init-array -target-cpu pwr8 -mfloat-abi hard -target-abi elfv2 -dwarf-column-info -debugger-tuning=gdb -momit-leaf-frame-pointer -v -resource-dir /localhd/gbercea/patch-compiler/obj-release/lib/clang/7.0.0 -O2 -std=c++11 -fdebug-compilation-dir /localhd/gbercea/patch-compiler/src/projects/openmp/libomptarget/omptests/t-reduction-struct/results -ferror-limit 19 -fmessage-length 0 -fopenmp -fno-signed-char -fobjc-runtime=gcc -fdiagnostics-show-option -vectorize-loops -vectorize-slp -o /tmp/test-74e949.o -x ir /tmp/test-0db27a.bc
clang -cc1 version 7.0.0 based upon LLVM 7.0.0svn default target powerpc64le-unknown-linux-gnu
 "/usr/bin/ld" -z relro --hash-style=gnu --eh-frame-hdr -m elf64lppc -dynamic-linker /lib64/ld64.so.2 -o /localhd/gbercea/patch-compiler/src/projects/openmp/libomptarget/omptests/t-reduction-struct/results/a.out /usr/lib/gcc/powerpc64le-linux-gnu/4.8/../../../powerpc64le-linux-gnu/crt1.o /usr/lib/gcc/powerpc64le-linux-gnu/4.8/../../../powerpc64le-linux-gnu/crti.o /usr/lib/gcc/powerpc64le-linux-gnu/4.8/crtbegin.o -L/localhd/gbercea/patch-compiler/obj-release/lib -L/localhd/gbercea/patch-compiler/obj-release/lib -L/usr/lib/gcc/powerpc64le-linux-gnu/4.8 -L/usr/lib/gcc/powerpc64le-linux-gnu/4.8/../../../powerpc64le-linux-gnu -L/usr/lib/gcc/powerpc64le-linux-gnu/4.8/../../../../lib64 -L/lib/powerpc64le-linux-gnu -L/lib/../lib64 -L/usr/lib/powerpc64le-linux-gnu -L/usr/lib/../lib64 -L/usr/lib/powerpc64le-linux-gnu/../../lib64 -L/usr/lib/gcc/powerpc64le-linux-gnu/4.8/../../.. -L/localhd/gbercea/patch-compiler/obj-release/bin/../lib -L/lib -L/usr/lib /tmp/test-74e949.o -L/localhd/gbercea/patch-compiler/obj-release/lib -L/usr/local/cuda-8.0/lib64 -L/usr/local/cuda-8.0/nvvm/libdevice -lstdc++ -lm -lomp -lomptarget -lgcc_s -lgcc -lpthread -latomic -lc -lgcc_s -lgcc /usr/lib/gcc/powerpc64le-linux-gnu/4.8/crtend.o /usr/lib/gcc/powerpc64le-linux-gnu/4.8/../../../powerpc64le-linux-gnu/crtn.o -T /tmp/a-346e6e.lk
