clang version 7.0.0 (http://llvm.org/git/clang.git 0f6b139a0ce2f74a708f120da6336c05c14ea1cb) (http://llvm.org/git/llvm.git a02ad35dfa959d5c50a5d0008b010e5fb0c5cbe8)
Target: powerpc64le-ibm-linux-gnu
Thread model: posix
InstalledDir: /localhd/gbercea/patch-compiler/obj-release/bin
Found candidate GCC installation: /usr/lib/gcc/powerpc64le-linux-gnu/4.8
Found candidate GCC installation: /usr/lib/gcc/powerpc64le-linux-gnu/4.8.4
Found candidate GCC installation: /usr/lib/gcc/powerpc64le-linux-gnu/4.9
Found candidate GCC installation: /usr/lib/gcc/powerpc64le-linux-gnu/4.9.1
Selected GCC installation: /usr/lib/gcc/powerpc64le-linux-gnu/4.8
Candidate multilib: .;@m64
Selected multilib: .;@m64
Found CUDA installation: /usr/local/cuda-8.0, version 8.0
 "/localhd/gbercea/patch-compiler/obj-release/bin/clang-6.0" -cc1 -triple powerpc64le-ibm-linux-gnu -emit-llvm-bc -emit-llvm-uselists -disable-free -main-file-name test.c -mrelocation-model pic -pic-level 2 -mthread-model posix -fmath-errno -masm-verbose -mconstructor-aliases -fuse-init-array -target-cpu pwr8 -mfloat-abi hard -target-abi elfv2 -dwarf-column-info -debugger-tuning=gdb -momit-leaf-frame-pointer -v -resource-dir /localhd/gbercea/patch-compiler/obj-release/lib/clang/7.0.0 -I /localhd/gbercea/patch-compiler/obj-release/lib -I /localhd/gbercea/patch-compiler/obj-release/lib/../ -I /localhd/gbercea/patch-compiler/obj-release/lib/../projects/openmp/runtime/src/ -internal-isystem /usr/local/include -internal-isystem /localhd/gbercea/patch-compiler/obj-release/lib/clang/7.0.0/include -internal-externc-isystem /usr/include/powerpc64le-linux-gnu -internal-externc-isystem /include -internal-externc-isystem /usr/include -internal-isystem /usr/local/include -internal-isystem /localhd/gbercea/patch-compiler/obj-release/lib/clang/7.0.0/include -internal-externc-isystem /usr/include/powerpc64le-linux-gnu -internal-externc-isystem /include -internal-externc-isystem /usr/include -O3 -fdebug-compilation-dir /localhd/gbercea/patch-compiler/src/projects/openmp/libomptarget/omptests/t-parallel/results -ferror-limit 19 -fmessage-length 0 -fopenmp -fno-signed-char -fobjc-runtime=gcc -fdiagnostics-show-option -vectorize-loops -vectorize-slp -o /tmp/test-2625d4.bc -x c /localhd/gbercea/patch-compiler/src/projects/openmp/libomptarget/omptests/t-parallel/test.c -fopenmp-targets=nvptx64-nvidia-cuda -faddrsig
clang -cc1 version 7.0.0 based upon LLVM 7.0.0svn default target powerpc64le-unknown-linux-gnu
ignoring nonexistent directory "/include"
ignoring nonexistent directory "/include"
ignoring duplicate directory "/usr/local/include"
ignoring duplicate directory "/localhd/gbercea/patch-compiler/obj-release/lib/clang/7.0.0/include"
ignoring duplicate directory "/usr/include/powerpc64le-linux-gnu"
ignoring duplicate directory "/usr/include"
#include "..." search starts here:
#include <...> search starts here:
 /localhd/gbercea/patch-compiler/obj-release/lib
 /localhd/gbercea/patch-compiler/obj-release/lib/..
 /localhd/gbercea/patch-compiler/obj-release/lib/../projects/openmp/runtime/src
 /usr/local/include
 /localhd/gbercea/patch-compiler/obj-release/lib/clang/7.0.0/include
 /usr/include/powerpc64le-linux-gnu
 /usr/include
End of search list.
/localhd/gbercea/patch-compiler/src/projects/openmp/libomptarget/omptests/t-parallel/test.c:38:27: warning: format specifies type 'double' but the argument has type 'int' [-Wformat]
  }, VERIFY(0, 128, A[i], i*(trial+1)));
     ~~~~~~~~~~~~~~~~~~~~~^~~~~~~~~~~~
/localhd/gbercea/patch-compiler/src/projects/openmp/libomptarget/omptests/t-parallel/../utilities/utilities.h:35:70: note: expanded from macro 'VERIFY'
      printf ("Failed at %3d with %s, expected %f, got %f\n", i, #X, VAL, X); \
                                               ~~                    ^~~
/localhd/gbercea/patch-compiler/src/projects/openmp/libomptarget/omptests/t-parallel/../utilities/utilities.h:60:5: note: expanded from macro 'TEST'
    V \
    ^
/localhd/gbercea/patch-compiler/src/projects/openmp/libomptarget/omptests/t-parallel/test.c:63:27: warning: format specifies type 'double' but the argument has type 'int' [-Wformat]
  }, VERIFY(0, 128, A[i], 0));
     ~~~~~~~~~~~~~~~~~~~~~^~
/localhd/gbercea/patch-compiler/src/projects/openmp/libomptarget/omptests/t-parallel/../utilities/utilities.h:35:70: note: expanded from macro 'VERIFY'
      printf ("Failed at %3d with %s, expected %f, got %f\n", i, #X, VAL, X); \
                                               ~~                    ^~~
/localhd/gbercea/patch-compiler/src/projects/openmp/libomptarget/omptests/t-parallel/../utilities/utilities.h:60:5: note: expanded from macro 'TEST'
    V \
    ^
/localhd/gbercea/patch-compiler/src/projects/openmp/libomptarget/omptests/t-parallel/test.c:75:27: warning: format specifies type 'double' but the argument has type 'int' [-Wformat]
  }, VERIFY(0, 128, A[i], 0));
     ~~~~~~~~~~~~~~~~~~~~~^~
/localhd/gbercea/patch-compiler/src/projects/openmp/libomptarget/omptests/t-parallel/../utilities/utilities.h:35:70: note: expanded from macro 'VERIFY'
      printf ("Failed at %3d with %s, expected %f, got %f\n", i, #X, VAL, X); \
                                               ~~                    ^~~
/localhd/gbercea/patch-compiler/src/projects/openmp/libomptarget/omptests/t-parallel/../utilities/utilities.h:60:5: note: expanded from macro 'TEST'
    V \
    ^
/localhd/gbercea/patch-compiler/src/projects/openmp/libomptarget/omptests/t-parallel/test.c:87:27: warning: format specifies type 'double' but the argument has type 'int' [-Wformat]
  }, VERIFY(0, 128, A[i], i));
     ~~~~~~~~~~~~~~~~~~~~~^~
/localhd/gbercea/patch-compiler/src/projects/openmp/libomptarget/omptests/t-parallel/../utilities/utilities.h:35:70: note: expanded from macro 'VERIFY'
      printf ("Failed at %3d with %s, expected %f, got %f\n", i, #X, VAL, X); \
                                               ~~                    ^~~
/localhd/gbercea/patch-compiler/src/projects/openmp/libomptarget/omptests/t-parallel/../utilities/utilities.h:60:5: note: expanded from macro 'TEST'
    V \
    ^
/localhd/gbercea/patch-compiler/src/projects/openmp/libomptarget/omptests/t-parallel/test.c:114:27: warning: format specifies type 'double' but the argument has type 'int' [-Wformat]
  }, VERIFY(0, 512, B[i], 3));
     ~~~~~~~~~~~~~~~~~~~~~^~
/localhd/gbercea/patch-compiler/src/projects/openmp/libomptarget/omptests/t-parallel/../utilities/utilities.h:35:70: note: expanded from macro 'VERIFY'
      printf ("Failed at %3d with %s, expected %f, got %f\n", i, #X, VAL, X); \
                                               ~~                    ^~~
/localhd/gbercea/patch-compiler/src/projects/openmp/libomptarget/omptests/t-parallel/../utilities/utilities.h:60:5: note: expanded from macro 'TEST'
    V \
    ^
/localhd/gbercea/patch-compiler/src/projects/openmp/libomptarget/omptests/t-parallel/test.c:132:29: warning: format specifies type 'double' but the argument has type 'int' [-Wformat]
    }, VERIFY(0, 128, A[i], 99*(i < t)));
       ~~~~~~~~~~~~~~~~~~~~~^~~~~~~~~~~
/localhd/gbercea/patch-compiler/src/projects/openmp/libomptarget/omptests/t-parallel/../utilities/utilities.h:35:70: note: expanded from macro 'VERIFY'
      printf ("Failed at %3d with %s, expected %f, got %f\n", i, #X, VAL, X); \
                                               ~~                    ^~~
/localhd/gbercea/patch-compiler/src/projects/openmp/libomptarget/omptests/t-parallel/../utilities/utilities.h:60:5: note: expanded from macro 'TEST'
    V \
    ^
/localhd/gbercea/patch-compiler/src/projects/openmp/libomptarget/omptests/t-parallel/test.c:150:25: warning: format specifies type 'double' but the argument has type 'int' [-Wformat]
  }, VERIFY(0, 1, A[i], 5));
     ~~~~~~~~~~~~~~~~~~~^~
/localhd/gbercea/patch-compiler/src/projects/openmp/libomptarget/omptests/t-parallel/../utilities/utilities.h:35:70: note: expanded from macro 'VERIFY'
      printf ("Failed at %3d with %s, expected %f, got %f\n", i, #X, VAL, X); \
                                               ~~                    ^~~
/localhd/gbercea/patch-compiler/src/projects/openmp/libomptarget/omptests/t-parallel/../utilities/utilities.h:60:5: note: expanded from macro 'TEST'
    V \
    ^
/localhd/gbercea/patch-compiler/src/projects/openmp/libomptarget/omptests/t-parallel/test.c:167:25: warning: format specifies type 'double' but the argument has type 'int' [-Wformat]
  }, VERIFY(0, 1, A[i], 4));
     ~~~~~~~~~~~~~~~~~~~^~
/localhd/gbercea/patch-compiler/src/projects/openmp/libomptarget/omptests/t-parallel/../utilities/utilities.h:35:70: note: expanded from macro 'VERIFY'
      printf ("Failed at %3d with %s, expected %f, got %f\n", i, #X, VAL, X); \
                                               ~~                    ^~~
/localhd/gbercea/patch-compiler/src/projects/openmp/libomptarget/omptests/t-parallel/../utilities/utilities.h:60:5: note: expanded from macro 'TEST'
    V \
    ^
/localhd/gbercea/patch-compiler/src/projects/openmp/libomptarget/omptests/t-parallel/test.c:184:25: warning: format specifies type 'double' but the argument has type 'int' [-Wformat]
  }, VERIFY(0, 1, A[i], 5));
     ~~~~~~~~~~~~~~~~~~~^~
/localhd/gbercea/patch-compiler/src/projects/openmp/libomptarget/omptests/t-parallel/../utilities/utilities.h:35:70: note: expanded from macro 'VERIFY'
      printf ("Failed at %3d with %s, expected %f, got %f\n", i, #X, VAL, X); \
                                               ~~                    ^~~
/localhd/gbercea/patch-compiler/src/projects/openmp/libomptarget/omptests/t-parallel/../utilities/utilities.h:60:5: note: expanded from macro 'TEST'
    V \
    ^
/localhd/gbercea/patch-compiler/src/projects/openmp/libomptarget/omptests/t-parallel/test.c:203:25: warning: format specifies type 'double' but the argument has type 'int' [-Wformat]
  }, VERIFY(0, 1, A[i], 65));
     ~~~~~~~~~~~~~~~~~~~^~~
/localhd/gbercea/patch-compiler/src/projects/openmp/libomptarget/omptests/t-parallel/../utilities/utilities.h:35:70: note: expanded from macro 'VERIFY'
      printf ("Failed at %3d with %s, expected %f, got %f\n", i, #X, VAL, X); \
                                               ~~                    ^~~
/localhd/gbercea/patch-compiler/src/projects/openmp/libomptarget/omptests/t-parallel/../utilities/utilities.h:60:5: note: expanded from macro 'TEST'
    V \
    ^
/localhd/gbercea/patch-compiler/src/projects/openmp/libomptarget/omptests/t-parallel/test.c:225:27: warning: format specifies type 'double' but the argument has type 'int' [-Wformat]
  }, VERIFY(0, 128, A[i], 103));
     ~~~~~~~~~~~~~~~~~~~~~^~~~
/localhd/gbercea/patch-compiler/src/projects/openmp/libomptarget/omptests/t-parallel/../utilities/utilities.h:35:70: note: expanded from macro 'VERIFY'
      printf ("Failed at %3d with %s, expected %f, got %f\n", i, #X, VAL, X); \
                                               ~~                    ^~~
/localhd/gbercea/patch-compiler/src/projects/openmp/libomptarget/omptests/t-parallel/../utilities/utilities.h:60:5: note: expanded from macro 'TEST'
    V \
    ^
/localhd/gbercea/patch-compiler/src/projects/openmp/libomptarget/omptests/t-parallel/test.c:247:27: warning: format specifies type 'double' but the argument has type 'int' [-Wformat]
  }, VERIFY(0, 128, A[i], 101));
     ~~~~~~~~~~~~~~~~~~~~~^~~~
/localhd/gbercea/patch-compiler/src/projects/openmp/libomptarget/omptests/t-parallel/../utilities/utilities.h:35:70: note: expanded from macro 'VERIFY'
      printf ("Failed at %3d with %s, expected %f, got %f\n", i, #X, VAL, X); \
                                               ~~                    ^~~
/localhd/gbercea/patch-compiler/src/projects/openmp/libomptarget/omptests/t-parallel/../utilities/utilities.h:60:5: note: expanded from macro 'TEST'
    V \
    ^
/localhd/gbercea/patch-compiler/src/projects/openmp/libomptarget/omptests/t-parallel/test.c:269:27: warning: format specifies type 'double' but the argument has type 'int' [-Wformat]
  }, VERIFY(0, 128, A[i], 111));
     ~~~~~~~~~~~~~~~~~~~~~^~~~
/localhd/gbercea/patch-compiler/src/projects/openmp/libomptarget/omptests/t-parallel/../utilities/utilities.h:35:70: note: expanded from macro 'VERIFY'
      printf ("Failed at %3d with %s, expected %f, got %f\n", i, #X, VAL, X); \
                                               ~~                    ^~~
/localhd/gbercea/patch-compiler/src/projects/openmp/libomptarget/omptests/t-parallel/../utilities/utilities.h:60:5: note: expanded from macro 'TEST'
    V \
    ^
/localhd/gbercea/patch-compiler/src/projects/openmp/libomptarget/omptests/t-parallel/test.c:291:25: warning: format specifies type 'double' but the argument has type 'int' [-Wformat]
  }, VERIFY(0, 1, A[i], 171));
     ~~~~~~~~~~~~~~~~~~~^~~~
/localhd/gbercea/patch-compiler/src/projects/openmp/libomptarget/omptests/t-parallel/../utilities/utilities.h:35:70: note: expanded from macro 'VERIFY'
      printf ("Failed at %3d with %s, expected %f, got %f\n", i, #X, VAL, X); \
                                               ~~                    ^~~
/localhd/gbercea/patch-compiler/src/projects/openmp/libomptarget/omptests/t-parallel/../utilities/utilities.h:60:5: note: expanded from macro 'TEST'
    V \
    ^
/localhd/gbercea/patch-compiler/src/projects/openmp/libomptarget/omptests/t-parallel/test.c:323:32: warning: format specifies type 'double' but the argument has type 'int' [-Wformat]
  }, VERIFY(0, 128, data.A[i], (132 + i)*(trial+1)));
     ~~~~~~~~~~~~~~~~~~~~~~~~~~^~~~~~~~~~~~~~~~~~~~
/localhd/gbercea/patch-compiler/src/projects/openmp/libomptarget/omptests/t-parallel/../utilities/utilities.h:35:70: note: expanded from macro 'VERIFY'
      printf ("Failed at %3d with %s, expected %f, got %f\n", i, #X, VAL, X); \
                                               ~~                    ^~~
/localhd/gbercea/patch-compiler/src/projects/openmp/libomptarget/omptests/t-parallel/../utilities/utilities.h:60:5: note: expanded from macro 'TEST'
    V \
    ^
/localhd/gbercea/patch-compiler/src/projects/openmp/libomptarget/omptests/t-parallel/test.c:345:32: warning: format specifies type 'double' but the argument has type 'int' [-Wformat]
  }, VERIFY(0, 128, data.A[i], 103));
     ~~~~~~~~~~~~~~~~~~~~~~~~~~^~~~
/localhd/gbercea/patch-compiler/src/projects/openmp/libomptarget/omptests/t-parallel/../utilities/utilities.h:35:70: note: expanded from macro 'VERIFY'
      printf ("Failed at %3d with %s, expected %f, got %f\n", i, #X, VAL, X); \
                                               ~~                    ^~~
/localhd/gbercea/patch-compiler/src/projects/openmp/libomptarget/omptests/t-parallel/../utilities/utilities.h:60:5: note: expanded from macro 'TEST'
    V \
    ^
/localhd/gbercea/patch-compiler/src/projects/openmp/libomptarget/omptests/t-parallel/test.c:367:30: warning: format specifies type 'double' but the argument has type 'int' [-Wformat]
  }, VERIFY(0, 1, data.A[i], 100));
     ~~~~~~~~~~~~~~~~~~~~~~~~^~~~
/localhd/gbercea/patch-compiler/src/projects/openmp/libomptarget/omptests/t-parallel/../utilities/utilities.h:35:70: note: expanded from macro 'VERIFY'
      printf ("Failed at %3d with %s, expected %f, got %f\n", i, #X, VAL, X); \
                                               ~~                    ^~~
/localhd/gbercea/patch-compiler/src/projects/openmp/libomptarget/omptests/t-parallel/../utilities/utilities.h:60:5: note: expanded from macro 'TEST'
    V \
    ^
/localhd/gbercea/patch-compiler/src/projects/openmp/libomptarget/omptests/t-parallel/test.c:388:30: warning: format specifies type 'double' but the argument has type 'int' [-Wformat]
  }, VERIFY(0, 1, data.A[i], 210));
     ~~~~~~~~~~~~~~~~~~~~~~~~^~~~
/localhd/gbercea/patch-compiler/src/projects/openmp/libomptarget/omptests/t-parallel/../utilities/utilities.h:35:70: note: expanded from macro 'VERIFY'
      printf ("Failed at %3d with %s, expected %f, got %f\n", i, #X, VAL, X); \
                                               ~~                    ^~~
/localhd/gbercea/patch-compiler/src/projects/openmp/libomptarget/omptests/t-parallel/../utilities/utilities.h:60:5: note: expanded from macro 'TEST'
    V \
    ^
/localhd/gbercea/patch-compiler/src/projects/openmp/libomptarget/omptests/t-parallel/test.c:410:25: warning: format specifies type 'double' but the argument has type 'int' [-Wformat]
  }, VERIFY(0, 1, A[i], 171));
     ~~~~~~~~~~~~~~~~~~~^~~~
/localhd/gbercea/patch-compiler/src/projects/openmp/libomptarget/omptests/t-parallel/../utilities/utilities.h:35:70: note: expanded from macro 'VERIFY'
      printf ("Failed at %3d with %s, expected %f, got %f\n", i, #X, VAL, X); \
                                               ~~                    ^~~
/localhd/gbercea/patch-compiler/src/projects/openmp/libomptarget/omptests/t-parallel/../utilities/utilities.h:60:5: note: expanded from macro 'TEST'
    V \
    ^
19 warnings generated.
 "/localhd/gbercea/patch-compiler/obj-release/bin/clang-6.0" -cc1 -triple nvptx64-nvidia-cuda -aux-triple powerpc64le-ibm-linux-gnu -S -disable-free -main-file-name test.c -mrelocation-model pic -pic-level 2 -mthread-model posix -mdisable-fp-elim -no-integrated-as -fuse-init-array -mlink-cuda-bitcode /usr/local/cuda-8.0/nvvm/libdevice/libdevice.compute_35.10.bc -target-feature +ptx42 -mlink-cuda-bitcode /localhd/gbercea/patch-compiler/obj-release/lib/libomptarget-nvptx-sm_37.bc -target-cpu sm_37 -dwarf-column-info -debugger-tuning=gdb -v -resource-dir /localhd/gbercea/patch-compiler/obj-release/lib/clang/7.0.0 -I /localhd/gbercea/patch-compiler/obj-release/lib -I /localhd/gbercea/patch-compiler/obj-release/lib/../ -I /localhd/gbercea/patch-compiler/obj-release/lib/../projects/openmp/runtime/src/ -internal-isystem /usr/local/include -internal-isystem /localhd/gbercea/patch-compiler/obj-release/lib/clang/7.0.0/include -internal-externc-isystem /usr/include/powerpc64le-linux-gnu -internal-externc-isystem /include -internal-externc-isystem /usr/include -internal-isystem /usr/local/include -internal-isystem /localhd/gbercea/patch-compiler/obj-release/lib/clang/7.0.0/include -internal-externc-isystem /usr/include/powerpc64le-linux-gnu -internal-externc-isystem /include -internal-externc-isystem /usr/include -O3 -fno-dwarf-directory-asm -fdebug-compilation-dir /localhd/gbercea/patch-compiler/src/projects/openmp/libomptarget/omptests/t-parallel/results -ferror-limit 19 -fmessage-length 0 -fopenmp -fobjc-runtime=gcc -fdiagnostics-show-option -vectorize-loops -vectorize-slp -o /tmp/test-0ddd3b.s -x c /localhd/gbercea/patch-compiler/src/projects/openmp/libomptarget/omptests/t-parallel/test.c -fopenmp-is-device -fopenmp-host-ir-file-path /tmp/test-2625d4.bc
clang -cc1 version 7.0.0 based upon LLVM 7.0.0svn default target powerpc64le-unknown-linux-gnu
ignoring nonexistent directory "/include"
ignoring nonexistent directory "/include"
ignoring duplicate directory "/usr/local/include"
ignoring duplicate directory "/localhd/gbercea/patch-compiler/obj-release/lib/clang/7.0.0/include"
ignoring duplicate directory "/usr/include/powerpc64le-linux-gnu"
ignoring duplicate directory "/usr/include"
#include "..." search starts here:
#include <...> search starts here:
 /localhd/gbercea/patch-compiler/obj-release/lib
 /localhd/gbercea/patch-compiler/obj-release/lib/..
 /localhd/gbercea/patch-compiler/obj-release/lib/../projects/openmp/runtime/src
 /usr/local/include
 /localhd/gbercea/patch-compiler/obj-release/lib/clang/7.0.0/include
 /usr/include/powerpc64le-linux-gnu
 /usr/include
End of search list.
/localhd/gbercea/patch-compiler/src/projects/openmp/libomptarget/omptests/t-parallel/test.c:38:27: warning: format specifies type 'double' but the argument has type 'int' [-Wformat]
  }, VERIFY(0, 128, A[i], i*(trial+1)));
     ~~~~~~~~~~~~~~~~~~~~~^~~~~~~~~~~~
/localhd/gbercea/patch-compiler/src/projects/openmp/libomptarget/omptests/t-parallel/../utilities/utilities.h:35:70: note: expanded from macro 'VERIFY'
      printf ("Failed at %3d with %s, expected %f, got %f\n", i, #X, VAL, X); \
                                               ~~                    ^~~
/localhd/gbercea/patch-compiler/src/projects/openmp/libomptarget/omptests/t-parallel/../utilities/utilities.h:60:5: note: expanded from macro 'TEST'
    V \
    ^
/localhd/gbercea/patch-compiler/src/projects/openmp/libomptarget/omptests/t-parallel/test.c:63:27: warning: format specifies type 'double' but the argument has type 'int' [-Wformat]
  }, VERIFY(0, 128, A[i], 0));
     ~~~~~~~~~~~~~~~~~~~~~^~
/localhd/gbercea/patch-compiler/src/projects/openmp/libomptarget/omptests/t-parallel/../utilities/utilities.h:35:70: note: expanded from macro 'VERIFY'
      printf ("Failed at %3d with %s, expected %f, got %f\n", i, #X, VAL, X); \
                                               ~~                    ^~~
/localhd/gbercea/patch-compiler/src/projects/openmp/libomptarget/omptests/t-parallel/../utilities/utilities.h:60:5: note: expanded from macro 'TEST'
    V \
    ^
/localhd/gbercea/patch-compiler/src/projects/openmp/libomptarget/omptests/t-parallel/test.c:75:27: warning: format specifies type 'double' but the argument has type 'int' [-Wformat]
  }, VERIFY(0, 128, A[i], 0));
     ~~~~~~~~~~~~~~~~~~~~~^~
/localhd/gbercea/patch-compiler/src/projects/openmp/libomptarget/omptests/t-parallel/../utilities/utilities.h:35:70: note: expanded from macro 'VERIFY'
      printf ("Failed at %3d with %s, expected %f, got %f\n", i, #X, VAL, X); \
                                               ~~                    ^~~
/localhd/gbercea/patch-compiler/src/projects/openmp/libomptarget/omptests/t-parallel/../utilities/utilities.h:60:5: note: expanded from macro 'TEST'
    V \
    ^
/localhd/gbercea/patch-compiler/src/projects/openmp/libomptarget/omptests/t-parallel/test.c:87:27: warning: format specifies type 'double' but the argument has type 'int' [-Wformat]
  }, VERIFY(0, 128, A[i], i));
     ~~~~~~~~~~~~~~~~~~~~~^~
/localhd/gbercea/patch-compiler/src/projects/openmp/libomptarget/omptests/t-parallel/../utilities/utilities.h:35:70: note: expanded from macro 'VERIFY'
      printf ("Failed at %3d with %s, expected %f, got %f\n", i, #X, VAL, X); \
                                               ~~                    ^~~
/localhd/gbercea/patch-compiler/src/projects/openmp/libomptarget/omptests/t-parallel/../utilities/utilities.h:60:5: note: expanded from macro 'TEST'
    V \
    ^
/localhd/gbercea/patch-compiler/src/projects/openmp/libomptarget/omptests/t-parallel/test.c:114:27: warning: format specifies type 'double' but the argument has type 'int' [-Wformat]
  }, VERIFY(0, 512, B[i], 3));
     ~~~~~~~~~~~~~~~~~~~~~^~
/localhd/gbercea/patch-compiler/src/projects/openmp/libomptarget/omptests/t-parallel/../utilities/utilities.h:35:70: note: expanded from macro 'VERIFY'
      printf ("Failed at %3d with %s, expected %f, got %f\n", i, #X, VAL, X); \
                                               ~~                    ^~~
/localhd/gbercea/patch-compiler/src/projects/openmp/libomptarget/omptests/t-parallel/../utilities/utilities.h:60:5: note: expanded from macro 'TEST'
    V \
    ^
/localhd/gbercea/patch-compiler/src/projects/openmp/libomptarget/omptests/t-parallel/test.c:132:29: warning: format specifies type 'double' but the argument has type 'int' [-Wformat]
    }, VERIFY(0, 128, A[i], 99*(i < t)));
       ~~~~~~~~~~~~~~~~~~~~~^~~~~~~~~~~
/localhd/gbercea/patch-compiler/src/projects/openmp/libomptarget/omptests/t-parallel/../utilities/utilities.h:35:70: note: expanded from macro 'VERIFY'
      printf ("Failed at %3d with %s, expected %f, got %f\n", i, #X, VAL, X); \
                                               ~~                    ^~~
/localhd/gbercea/patch-compiler/src/projects/openmp/libomptarget/omptests/t-parallel/../utilities/utilities.h:60:5: note: expanded from macro 'TEST'
    V \
    ^
/localhd/gbercea/patch-compiler/src/projects/openmp/libomptarget/omptests/t-parallel/test.c:150:25: warning: format specifies type 'double' but the argument has type 'int' [-Wformat]
  }, VERIFY(0, 1, A[i], 5));
     ~~~~~~~~~~~~~~~~~~~^~
/localhd/gbercea/patch-compiler/src/projects/openmp/libomptarget/omptests/t-parallel/../utilities/utilities.h:35:70: note: expanded from macro 'VERIFY'
      printf ("Failed at %3d with %s, expected %f, got %f\n", i, #X, VAL, X); \
                                               ~~                    ^~~
/localhd/gbercea/patch-compiler/src/projects/openmp/libomptarget/omptests/t-parallel/../utilities/utilities.h:60:5: note: expanded from macro 'TEST'
    V \
    ^
/localhd/gbercea/patch-compiler/src/projects/openmp/libomptarget/omptests/t-parallel/test.c:167:25: warning: format specifies type 'double' but the argument has type 'int' [-Wformat]
  }, VERIFY(0, 1, A[i], 4));
     ~~~~~~~~~~~~~~~~~~~^~
/localhd/gbercea/patch-compiler/src/projects/openmp/libomptarget/omptests/t-parallel/../utilities/utilities.h:35:70: note: expanded from macro 'VERIFY'
      printf ("Failed at %3d with %s, expected %f, got %f\n", i, #X, VAL, X); \
                                               ~~                    ^~~
/localhd/gbercea/patch-compiler/src/projects/openmp/libomptarget/omptests/t-parallel/../utilities/utilities.h:60:5: note: expanded from macro 'TEST'
    V \
    ^
/localhd/gbercea/patch-compiler/src/projects/openmp/libomptarget/omptests/t-parallel/test.c:184:25: warning: format specifies type 'double' but the argument has type 'int' [-Wformat]
  }, VERIFY(0, 1, A[i], 5));
     ~~~~~~~~~~~~~~~~~~~^~
/localhd/gbercea/patch-compiler/src/projects/openmp/libomptarget/omptests/t-parallel/../utilities/utilities.h:35:70: note: expanded from macro 'VERIFY'
      printf ("Failed at %3d with %s, expected %f, got %f\n", i, #X, VAL, X); \
                                               ~~                    ^~~
/localhd/gbercea/patch-compiler/src/projects/openmp/libomptarget/omptests/t-parallel/../utilities/utilities.h:60:5: note: expanded from macro 'TEST'
    V \
    ^
/localhd/gbercea/patch-compiler/src/projects/openmp/libomptarget/omptests/t-parallel/test.c:203:25: warning: format specifies type 'double' but the argument has type 'int' [-Wformat]
  }, VERIFY(0, 1, A[i], 65));
     ~~~~~~~~~~~~~~~~~~~^~~
/localhd/gbercea/patch-compiler/src/projects/openmp/libomptarget/omptests/t-parallel/../utilities/utilities.h:35:70: note: expanded from macro 'VERIFY'
      printf ("Failed at %3d with %s, expected %f, got %f\n", i, #X, VAL, X); \
                                               ~~                    ^~~
/localhd/gbercea/patch-compiler/src/projects/openmp/libomptarget/omptests/t-parallel/../utilities/utilities.h:60:5: note: expanded from macro 'TEST'
    V \
    ^
/localhd/gbercea/patch-compiler/src/projects/openmp/libomptarget/omptests/t-parallel/test.c:225:27: warning: format specifies type 'double' but the argument has type 'int' [-Wformat]
  }, VERIFY(0, 128, A[i], 103));
     ~~~~~~~~~~~~~~~~~~~~~^~~~
/localhd/gbercea/patch-compiler/src/projects/openmp/libomptarget/omptests/t-parallel/../utilities/utilities.h:35:70: note: expanded from macro 'VERIFY'
      printf ("Failed at %3d with %s, expected %f, got %f\n", i, #X, VAL, X); \
                                               ~~                    ^~~
/localhd/gbercea/patch-compiler/src/projects/openmp/libomptarget/omptests/t-parallel/../utilities/utilities.h:60:5: note: expanded from macro 'TEST'
    V \
    ^
/localhd/gbercea/patch-compiler/src/projects/openmp/libomptarget/omptests/t-parallel/test.c:247:27: warning: format specifies type 'double' but the argument has type 'int' [-Wformat]
  }, VERIFY(0, 128, A[i], 101));
     ~~~~~~~~~~~~~~~~~~~~~^~~~
/localhd/gbercea/patch-compiler/src/projects/openmp/libomptarget/omptests/t-parallel/../utilities/utilities.h:35:70: note: expanded from macro 'VERIFY'
      printf ("Failed at %3d with %s, expected %f, got %f\n", i, #X, VAL, X); \
                                               ~~                    ^~~
/localhd/gbercea/patch-compiler/src/projects/openmp/libomptarget/omptests/t-parallel/../utilities/utilities.h:60:5: note: expanded from macro 'TEST'
    V \
    ^
/localhd/gbercea/patch-compiler/src/projects/openmp/libomptarget/omptests/t-parallel/test.c:269:27: warning: format specifies type 'double' but the argument has type 'int' [-Wformat]
  }, VERIFY(0, 128, A[i], 111));
     ~~~~~~~~~~~~~~~~~~~~~^~~~
/localhd/gbercea/patch-compiler/src/projects/openmp/libomptarget/omptests/t-parallel/../utilities/utilities.h:35:70: note: expanded from macro 'VERIFY'
      printf ("Failed at %3d with %s, expected %f, got %f\n", i, #X, VAL, X); \
                                               ~~                    ^~~
/localhd/gbercea/patch-compiler/src/projects/openmp/libomptarget/omptests/t-parallel/../utilities/utilities.h:60:5: note: expanded from macro 'TEST'
    V \
    ^
/localhd/gbercea/patch-compiler/src/projects/openmp/libomptarget/omptests/t-parallel/test.c:291:25: warning: format specifies type 'double' but the argument has type 'int' [-Wformat]
  }, VERIFY(0, 1, A[i], 171));
     ~~~~~~~~~~~~~~~~~~~^~~~
/localhd/gbercea/patch-compiler/src/projects/openmp/libomptarget/omptests/t-parallel/../utilities/utilities.h:35:70: note: expanded from macro 'VERIFY'
      printf ("Failed at %3d with %s, expected %f, got %f\n", i, #X, VAL, X); \
                                               ~~                    ^~~
/localhd/gbercea/patch-compiler/src/projects/openmp/libomptarget/omptests/t-parallel/../utilities/utilities.h:60:5: note: expanded from macro 'TEST'
    V \
    ^
/localhd/gbercea/patch-compiler/src/projects/openmp/libomptarget/omptests/t-parallel/test.c:323:32: warning: format specifies type 'double' but the argument has type 'int' [-Wformat]
  }, VERIFY(0, 128, data.A[i], (132 + i)*(trial+1)));
     ~~~~~~~~~~~~~~~~~~~~~~~~~~^~~~~~~~~~~~~~~~~~~~
/localhd/gbercea/patch-compiler/src/projects/openmp/libomptarget/omptests/t-parallel/../utilities/utilities.h:35:70: note: expanded from macro 'VERIFY'
      printf ("Failed at %3d with %s, expected %f, got %f\n", i, #X, VAL, X); \
                                               ~~                    ^~~
/localhd/gbercea/patch-compiler/src/projects/openmp/libomptarget/omptests/t-parallel/../utilities/utilities.h:60:5: note: expanded from macro 'TEST'
    V \
    ^
/localhd/gbercea/patch-compiler/src/projects/openmp/libomptarget/omptests/t-parallel/test.c:345:32: warning: format specifies type 'double' but the argument has type 'int' [-Wformat]
  }, VERIFY(0, 128, data.A[i], 103));
     ~~~~~~~~~~~~~~~~~~~~~~~~~~^~~~
/localhd/gbercea/patch-compiler/src/projects/openmp/libomptarget/omptests/t-parallel/../utilities/utilities.h:35:70: note: expanded from macro 'VERIFY'
      printf ("Failed at %3d with %s, expected %f, got %f\n", i, #X, VAL, X); \
                                               ~~                    ^~~
/localhd/gbercea/patch-compiler/src/projects/openmp/libomptarget/omptests/t-parallel/../utilities/utilities.h:60:5: note: expanded from macro 'TEST'
    V \
    ^
/localhd/gbercea/patch-compiler/src/projects/openmp/libomptarget/omptests/t-parallel/test.c:367:30: warning: format specifies type 'double' but the argument has type 'int' [-Wformat]
  }, VERIFY(0, 1, data.A[i], 100));
     ~~~~~~~~~~~~~~~~~~~~~~~~^~~~
/localhd/gbercea/patch-compiler/src/projects/openmp/libomptarget/omptests/t-parallel/../utilities/utilities.h:35:70: note: expanded from macro 'VERIFY'
      printf ("Failed at %3d with %s, expected %f, got %f\n", i, #X, VAL, X); \
                                               ~~                    ^~~
/localhd/gbercea/patch-compiler/src/projects/openmp/libomptarget/omptests/t-parallel/../utilities/utilities.h:60:5: note: expanded from macro 'TEST'
    V \
    ^
/localhd/gbercea/patch-compiler/src/projects/openmp/libomptarget/omptests/t-parallel/test.c:388:30: warning: format specifies type 'double' but the argument has type 'int' [-Wformat]
  }, VERIFY(0, 1, data.A[i], 210));
     ~~~~~~~~~~~~~~~~~~~~~~~~^~~~
/localhd/gbercea/patch-compiler/src/projects/openmp/libomptarget/omptests/t-parallel/../utilities/utilities.h:35:70: note: expanded from macro 'VERIFY'
      printf ("Failed at %3d with %s, expected %f, got %f\n", i, #X, VAL, X); \
                                               ~~                    ^~~
/localhd/gbercea/patch-compiler/src/projects/openmp/libomptarget/omptests/t-parallel/../utilities/utilities.h:60:5: note: expanded from macro 'TEST'
    V \
    ^
/localhd/gbercea/patch-compiler/src/projects/openmp/libomptarget/omptests/t-parallel/test.c:410:25: warning: format specifies type 'double' but the argument has type 'int' [-Wformat]
  }, VERIFY(0, 1, A[i], 171));
     ~~~~~~~~~~~~~~~~~~~^~~~
/localhd/gbercea/patch-compiler/src/projects/openmp/libomptarget/omptests/t-parallel/../utilities/utilities.h:35:70: note: expanded from macro 'VERIFY'
      printf ("Failed at %3d with %s, expected %f, got %f\n", i, #X, VAL, X); \
                                               ~~                    ^~~
/localhd/gbercea/patch-compiler/src/projects/openmp/libomptarget/omptests/t-parallel/../utilities/utilities.h:60:5: note: expanded from macro 'TEST'
    V \
    ^
19 warnings generated.
 "/usr/local/cuda-8.0/bin/ptxas" -m64 -O3 -v --gpu-name sm_37 --output-file /tmp/test-1641af.cubin /tmp/test-0ddd3b.s -c
ptxas info    : 21 bytes gmem
ptxas info    : Compiling entry function '__omp_offloading_811_27e0e2b_main_l192' for 'sm_37'
ptxas info    : Function properties for __omp_offloading_811_27e0e2b_main_l192
    0 bytes stack frame, 0 bytes spill stores, 0 bytes spill loads
ptxas info    : Used 40 registers, 328 bytes cmem[0], 4 bytes cmem[2]
ptxas info    : Compiling entry function '__omp_offloading_811_27e0e2b_main_l57' for 'sm_37'
ptxas info    : Function properties for __omp_offloading_811_27e0e2b_main_l57
    0 bytes stack frame, 0 bytes spill stores, 0 bytes spill loads
ptxas info    : Used 38 registers, 328 bytes cmem[0], 4 bytes cmem[2]
ptxas info    : Compiling entry function '__omp_offloading_811_27e0e2b_main_l376' for 'sm_37'
ptxas info    : Function properties for __omp_offloading_811_27e0e2b_main_l376
    0 bytes stack frame, 0 bytes spill stores, 0 bytes spill loads
ptxas info    : Used 40 registers, 328 bytes cmem[0], 4 bytes cmem[2]
ptxas info    : Compiling entry function '__omp_offloading_811_27e0e2b_main_l278' for 'sm_37'
ptxas info    : Function properties for __omp_offloading_811_27e0e2b_main_l278
    0 bytes stack frame, 0 bytes spill stores, 0 bytes spill loads
ptxas info    : Used 40 registers, 336 bytes cmem[0], 4 bytes cmem[2]
ptxas info    : Compiling entry function '__omp_offloading_811_27e0e2b_main_l126' for 'sm_37'
ptxas info    : Function properties for __omp_offloading_811_27e0e2b_main_l126
    0 bytes stack frame, 0 bytes spill stores, 0 bytes spill loads
ptxas info    : Used 37 registers, 336 bytes cmem[0], 4 bytes cmem[2]
ptxas info    : Compiling entry function '__omp_offloading_811_27e0e2b_main_l232' for 'sm_37'
ptxas info    : Function properties for __omp_offloading_811_27e0e2b_main_l232
    0 bytes stack frame, 0 bytes spill stores, 0 bytes spill loads
ptxas info    : Used 39 registers, 336 bytes cmem[0], 4 bytes cmem[2]
ptxas info    : Compiling entry function '__omp_offloading_811_27e0e2b_main_l81' for 'sm_37'
ptxas info    : Function properties for __omp_offloading_811_27e0e2b_main_l81
    0 bytes stack frame, 0 bytes spill stores, 0 bytes spill loads
ptxas info    : Used 39 registers, 328 bytes cmem[0], 4 bytes cmem[2]
ptxas info    : Compiling entry function '__omp_offloading_811_27e0e2b_main_l158' for 'sm_37'
ptxas info    : Function properties for __omp_offloading_811_27e0e2b_main_l158
    0 bytes stack frame, 0 bytes spill stores, 0 bytes spill loads
ptxas info    : Used 39 registers, 328 bytes cmem[0], 4 bytes cmem[2]
ptxas info    : Compiling entry function '__omp_offloading_811_27e0e2b_main_l330' for 'sm_37'
ptxas info    : Function properties for __omp_offloading_811_27e0e2b_main_l330
    0 bytes stack frame, 0 bytes spill stores, 0 bytes spill loads
ptxas info    : Used 39 registers, 328 bytes cmem[0], 4 bytes cmem[2]
ptxas info    : Compiling entry function '__omp_offloading_811_27e0e2b_main_l27' for 'sm_37'
ptxas info    : Function properties for __omp_offloading_811_27e0e2b_main_l27
    0 bytes stack frame, 0 bytes spill stores, 0 bytes spill loads
ptxas info    : Used 40 registers, 328 bytes cmem[0], 4 bytes cmem[2]
ptxas info    : Compiling entry function '__omp_offloading_811_27e0e2b_main_l254' for 'sm_37'
ptxas info    : Function properties for __omp_offloading_811_27e0e2b_main_l254
    7936 bytes stack frame, 0 bytes spill stores, 0 bytes spill loads
ptxas info    : Used 39 registers, 336 bytes cmem[0], 4 bytes cmem[2]
ptxas info    : Compiling entry function '__omp_offloading_811_27e0e2b_main_l92' for 'sm_37'
ptxas info    : Function properties for __omp_offloading_811_27e0e2b_main_l92
    0 bytes stack frame, 0 bytes spill stores, 0 bytes spill loads
ptxas info    : Used 40 registers, 344 bytes cmem[0], 4 bytes cmem[2]
ptxas info    : Compiling entry function '__omp_offloading_811_27e0e2b_main_l175' for 'sm_37'
ptxas info    : Function properties for __omp_offloading_811_27e0e2b_main_l175
    0 bytes stack frame, 0 bytes spill stores, 0 bytes spill loads
ptxas info    : Used 39 registers, 328 bytes cmem[0], 4 bytes cmem[2]
ptxas info    : Compiling entry function '__omp_offloading_811_27e0e2b_main_l352' for 'sm_37'
ptxas info    : Function properties for __omp_offloading_811_27e0e2b_main_l352
    0 bytes stack frame, 0 bytes spill stores, 0 bytes spill loads
ptxas info    : Used 39 registers, 328 bytes cmem[0], 4 bytes cmem[2]
ptxas info    : Compiling entry function '__omp_offloading_811_27e0e2b_main_l43' for 'sm_37'
ptxas info    : Function properties for __omp_offloading_811_27e0e2b_main_l43
    0 bytes stack frame, 0 bytes spill stores, 0 bytes spill loads
ptxas info    : Used 39 registers, 344 bytes cmem[0], 4 bytes cmem[2]
ptxas info    : Compiling entry function '__omp_offloading_811_27e0e2b_main_l210' for 'sm_37'
ptxas info    : Function properties for __omp_offloading_811_27e0e2b_main_l210
    0 bytes stack frame, 0 bytes spill stores, 0 bytes spill loads
ptxas info    : Used 39 registers, 336 bytes cmem[0], 4 bytes cmem[2]
ptxas info    : Compiling entry function '__omp_offloading_811_27e0e2b_main_l69' for 'sm_37'
ptxas info    : Function properties for __omp_offloading_811_27e0e2b_main_l69
    0 bytes stack frame, 0 bytes spill stores, 0 bytes spill loads
ptxas info    : Used 39 registers, 328 bytes cmem[0], 4 bytes cmem[2]
ptxas info    : Compiling entry function '__omp_offloading_811_27e0e2b_main_l397' for 'sm_37'
ptxas info    : Function properties for __omp_offloading_811_27e0e2b_main_l397
    0 bytes stack frame, 0 bytes spill stores, 0 bytes spill loads
ptxas info    : Used 40 registers, 336 bytes cmem[0], 4 bytes cmem[2]
ptxas info    : Compiling entry function '__omp_offloading_811_27e0e2b_main_l141' for 'sm_37'
ptxas info    : Function properties for __omp_offloading_811_27e0e2b_main_l141
    0 bytes stack frame, 0 bytes spill stores, 0 bytes spill loads
ptxas info    : Used 40 registers, 328 bytes cmem[0], 4 bytes cmem[2]
ptxas info    : Compiling entry function '__omp_offloading_811_27e0e2b_main_l312' for 'sm_37'
ptxas info    : Function properties for __omp_offloading_811_27e0e2b_main_l312
    0 bytes stack frame, 0 bytes spill stores, 0 bytes spill loads
ptxas info    : Used 40 registers, 328 bytes cmem[0], 4 bytes cmem[2]
ptxas info    : Compiling entry function '__omp_offloading_811_27e04ce_check_offloading_l22' for 'sm_37'
ptxas info    : Function properties for __omp_offloading_811_27e04ce_check_offloading_l22
    0 bytes stack frame, 0 bytes spill stores, 0 bytes spill loads
ptxas info    : Used 38 registers, 328 bytes cmem[0], 4 bytes cmem[2]
ptxas info    : Function properties for __omp_outlined__13_wrapper
    0 bytes stack frame, 0 bytes spill stores, 0 bytes spill loads
ptxas info    : Function properties for __omp_outlined__29_wrapper
    7936 bytes stack frame, 0 bytes spill stores, 0 bytes spill loads
ptxas info    : Function properties for __omp_outlined__7_wrapper
    0 bytes stack frame, 0 bytes spill stores, 0 bytes spill loads
ptxas info    : Function properties for __omp_outlined__25_wrapper
    0 bytes stack frame, 0 bytes spill stores, 0 bytes spill loads
ptxas info    : Function properties for __omp_outlined__1_wrapper
    0 bytes stack frame, 0 bytes spill stores, 0 bytes spill loads
ptxas info    : Function properties for __omp_outlined__11_wrapper
    0 bytes stack frame, 0 bytes spill stores, 0 bytes spill loads
ptxas info    : Function properties for __omp_outlined__35_wrapper
    0 bytes stack frame, 0 bytes spill stores, 0 bytes spill loads
ptxas info    : Function properties for __omp_outlined__27_wrapper
    0 bytes stack frame, 0 bytes spill stores, 0 bytes spill loads
ptxas info    : Function properties for __omp_outlined__3_wrapper
    0 bytes stack frame, 0 bytes spill stores, 0 bytes spill loads
ptxas info    : Function properties for __omp_outlined__12_wrapper
    0 bytes stack frame, 0 bytes spill stores, 0 bytes spill loads
ptxas info    : Function properties for __omp_outlined__37_wrapper
    0 bytes stack frame, 0 bytes spill stores, 0 bytes spill loads
ptxas info    : Function properties for __omp_outlined__15_wrapper
    0 bytes stack frame, 0 bytes spill stores, 0 bytes spill loads
ptxas info    : Function properties for __omp_outlined__9_wrapper
    0 bytes stack frame, 0 bytes spill stores, 0 bytes spill loads
ptxas info    : Function properties for __omp_outlined__33_wrapper
    0 bytes stack frame, 0 bytes spill stores, 0 bytes spill loads
 "/usr/local/cuda-8.0/bin/nvlink" -o /tmp/test-efc276.out -v -arch sm_37 -L/localhd/gbercea/patch-compiler/obj-release/lib -L/usr/local/cuda-8.0/lib64 -L/usr/local/cuda-8.0/nvvm/libdevice -L/localhd/gbercea/patch-compiler/obj-release/lib -lomptarget-nvptx /tmp/test-1641af.cubin
nvlink info    : 100538547 bytes gmem
nvlink info    : Function properties for '__omp_offloading_811_27e04ce_check_offloading_l22':
nvlink info    : used 38 registers, 7936 stack, 1092 bytes smem, 328 bytes cmem[0], 4 bytes cmem[2], 0 bytes lmem
nvlink info    : Function properties for '__omp_offloading_811_27e0e2b_main_l312':
nvlink info    : used 40 registers, 7936 stack, 1092 bytes smem, 328 bytes cmem[0], 4 bytes cmem[2], 0 bytes lmem
nvlink info    : Function properties for '__omp_offloading_811_27e0e2b_main_l141':
nvlink info    : used 40 registers, 7936 stack, 1092 bytes smem, 328 bytes cmem[0], 4 bytes cmem[2], 0 bytes lmem
nvlink info    : Function properties for '__omp_offloading_811_27e0e2b_main_l397':
nvlink info    : used 40 registers, 7936 stack, 1092 bytes smem, 336 bytes cmem[0], 4 bytes cmem[2], 0 bytes lmem
nvlink info    : Function properties for '__omp_offloading_811_27e0e2b_main_l69':
nvlink info    : used 39 registers, 7936 stack, 1092 bytes smem, 328 bytes cmem[0], 4 bytes cmem[2], 0 bytes lmem
nvlink info    : Function properties for '__omp_offloading_811_27e0e2b_main_l210':
nvlink info    : used 39 registers, 7936 stack, 1092 bytes smem, 336 bytes cmem[0], 4 bytes cmem[2], 0 bytes lmem
nvlink info    : Function properties for '__omp_offloading_811_27e0e2b_main_l43':
nvlink info    : used 39 registers, 7936 stack, 1092 bytes smem, 344 bytes cmem[0], 4 bytes cmem[2], 0 bytes lmem
nvlink info    : Function properties for '__omp_offloading_811_27e0e2b_main_l352':
nvlink info    : used 39 registers, 7936 stack, 1092 bytes smem, 328 bytes cmem[0], 4 bytes cmem[2], 0 bytes lmem
nvlink info    : Function properties for '__omp_offloading_811_27e0e2b_main_l175':
nvlink info    : used 39 registers, 7936 stack, 1092 bytes smem, 328 bytes cmem[0], 4 bytes cmem[2], 0 bytes lmem
nvlink info    : Function properties for '__omp_offloading_811_27e0e2b_main_l92':
nvlink info    : used 40 registers, 7936 stack, 1092 bytes smem, 344 bytes cmem[0], 4 bytes cmem[2], 0 bytes lmem
nvlink info    : Function properties for '__omp_offloading_811_27e0e2b_main_l254':
nvlink info    : used 39 registers, 15872 stack, 1092 bytes smem, 336 bytes cmem[0], 4 bytes cmem[2], 0 bytes lmem
nvlink info    : Function properties for '__omp_offloading_811_27e0e2b_main_l27':
nvlink info    : used 40 registers, 7936 stack, 1092 bytes smem, 328 bytes cmem[0], 4 bytes cmem[2], 0 bytes lmem
nvlink info    : Function properties for '__omp_offloading_811_27e0e2b_main_l330':
nvlink info    : used 39 registers, 7936 stack, 1092 bytes smem, 328 bytes cmem[0], 4 bytes cmem[2], 0 bytes lmem
nvlink info    : Function properties for '__omp_offloading_811_27e0e2b_main_l158':
nvlink info    : used 39 registers, 7936 stack, 1092 bytes smem, 328 bytes cmem[0], 4 bytes cmem[2], 0 bytes lmem
nvlink info    : Function properties for '__omp_offloading_811_27e0e2b_main_l81':
nvlink info    : used 39 registers, 7936 stack, 1092 bytes smem, 328 bytes cmem[0], 4 bytes cmem[2], 0 bytes lmem
nvlink info    : Function properties for '__omp_offloading_811_27e0e2b_main_l232':
nvlink info    : used 39 registers, 7936 stack, 1092 bytes smem, 336 bytes cmem[0], 4 bytes cmem[2], 0 bytes lmem
nvlink info    : Function properties for '__omp_offloading_811_27e0e2b_main_l126':
nvlink info    : used 37 registers, 7936 stack, 1092 bytes smem, 336 bytes cmem[0], 4 bytes cmem[2], 0 bytes lmem
nvlink info    : Function properties for '__omp_offloading_811_27e0e2b_main_l278':
nvlink info    : used 40 registers, 7936 stack, 1092 bytes smem, 336 bytes cmem[0], 4 bytes cmem[2], 0 bytes lmem
nvlink info    : Function properties for '__omp_offloading_811_27e0e2b_main_l376':
nvlink info    : used 40 registers, 7936 stack, 1092 bytes smem, 328 bytes cmem[0], 4 bytes cmem[2], 0 bytes lmem
nvlink info    : Function properties for '__omp_offloading_811_27e0e2b_main_l57':
nvlink info    : used 38 registers, 7936 stack, 1092 bytes smem, 328 bytes cmem[0], 4 bytes cmem[2], 0 bytes lmem
nvlink info    : Function properties for '__omp_offloading_811_27e0e2b_main_l192':
nvlink info    : used 40 registers, 7936 stack, 1092 bytes smem, 328 bytes cmem[0], 4 bytes cmem[2], 0 bytes lmem
 "/localhd/gbercea/patch-compiler/obj-release/bin/clang-6.0" -cc1 -triple powerpc64le-ibm-linux-gnu -emit-obj -disable-free -main-file-name test.c -mrelocation-model pic -pic-level 2 -mthread-model posix -fmath-errno -masm-verbose -mconstructor-aliases -fuse-init-array -target-cpu pwr8 -mfloat-abi hard -target-abi elfv2 -dwarf-column-info -debugger-tuning=gdb -momit-leaf-frame-pointer -v -resource-dir /localhd/gbercea/patch-compiler/obj-release/lib/clang/7.0.0 -O3 -fdebug-compilation-dir /localhd/gbercea/patch-compiler/src/projects/openmp/libomptarget/omptests/t-parallel/results -ferror-limit 19 -fmessage-length 0 -fopenmp -fno-signed-char -fobjc-runtime=gcc -fdiagnostics-show-option -vectorize-loops -vectorize-slp -o /tmp/test-c2dc63.o -x ir /tmp/test-2625d4.bc -faddrsig
clang -cc1 version 7.0.0 based upon LLVM 7.0.0svn default target powerpc64le-unknown-linux-gnu
 "/usr/bin/ld" -z relro --hash-style=gnu --eh-frame-hdr -m elf64lppc -dynamic-linker /lib64/ld64.so.2 -o /localhd/gbercea/patch-compiler/src/projects/openmp/libomptarget/omptests/t-parallel/results/a.out /usr/lib/gcc/powerpc64le-linux-gnu/4.8/../../../powerpc64le-linux-gnu/crt1.o /usr/lib/gcc/powerpc64le-linux-gnu/4.8/../../../powerpc64le-linux-gnu/crti.o /usr/lib/gcc/powerpc64le-linux-gnu/4.8/crtbegin.o -L/localhd/gbercea/patch-compiler/obj-release/lib -L/localhd/gbercea/patch-compiler/obj-release/lib -L/usr/lib/gcc/powerpc64le-linux-gnu/4.8 -L/usr/lib/gcc/powerpc64le-linux-gnu/4.8/../../../powerpc64le-linux-gnu -L/usr/lib/gcc/powerpc64le-linux-gnu/4.8/../../../../lib64 -L/lib/powerpc64le-linux-gnu -L/lib/../lib64 -L/usr/lib/powerpc64le-linux-gnu -L/usr/lib/../lib64 -L/usr/lib/powerpc64le-linux-gnu/../../lib64 -L/usr/lib/gcc/powerpc64le-linux-gnu/4.8/../../.. -L/localhd/gbercea/patch-compiler/obj-release/bin/../lib -L/lib -L/usr/lib /tmp/test-c2dc63.o -L/localhd/gbercea/patch-compiler/obj-release/lib -L/usr/local/cuda-8.0/lib64 -L/usr/local/cuda-8.0/nvvm/libdevice -lomp -lomptarget -lgcc --as-needed -lgcc_s --no-as-needed -lpthread -latomic -lc -lgcc --as-needed -lgcc_s --no-as-needed /usr/lib/gcc/powerpc64le-linux-gnu/4.8/crtend.o /usr/lib/gcc/powerpc64le-linux-gnu/4.8/../../../powerpc64le-linux-gnu/crtn.o -T /tmp/a-6898d7.lk
