clang version 7.0.0 (http://llvm.org/git/clang.git 0f6b139a0ce2f74a708f120da6336c05c14ea1cb) (http://llvm.org/git/llvm.git a02ad35dfa959d5c50a5d0008b010e5fb0c5cbe8)
Target: powerpc64le-ibm-linux-gnu
Thread model: posix
InstalledDir: /localhd/gbercea/patch-compiler/obj-release/bin
Found candidate GCC installation: /usr/lib/gcc/powerpc64le-linux-gnu/4.8
Found candidate GCC installation: /usr/lib/gcc/powerpc64le-linux-gnu/4.8.4
Found candidate GCC installation: /usr/lib/gcc/powerpc64le-linux-gnu/4.9
Found candidate GCC installation: /usr/lib/gcc/powerpc64le-linux-gnu/4.9.1
Selected GCC installation: /usr/lib/gcc/powerpc64le-linux-gnu/4.8
Candidate multilib: .;@m64
Selected multilib: .;@m64
Found CUDA installation: /usr/local/cuda-8.0, version 8.0
 "/localhd/gbercea/patch-compiler/obj-release/bin/clang-6.0" -cc1 -triple powerpc64le-ibm-linux-gnu -emit-llvm-bc -emit-llvm-uselists -disable-free -main-file-name omptests2.c -mrelocation-model pic -pic-level 2 -mthread-model posix -mdisable-fp-elim -fmath-errno -masm-verbose -mconstructor-aliases -fuse-init-array -target-cpu pwr8 -mfloat-abi hard -target-abi elfv2 -dwarf-column-info -debugger-tuning=gdb -v -resource-dir /localhd/gbercea/patch-compiler/obj-release/lib/clang/7.0.0 -I /localhd/gbercea/patch-compiler/obj-release/lib -I /localhd/gbercea/patch-compiler/obj-release/lib/../ -I /localhd/gbercea/patch-compiler/obj-release/lib/../projects/openmp/runtime/src/ -internal-isystem /usr/local/include -internal-isystem /localhd/gbercea/patch-compiler/obj-release/lib/clang/7.0.0/include -internal-externc-isystem /usr/include/powerpc64le-linux-gnu -internal-externc-isystem /include -internal-externc-isystem /usr/include -internal-isystem /usr/local/include -internal-isystem /localhd/gbercea/patch-compiler/obj-release/lib/clang/7.0.0/include -internal-externc-isystem /usr/include/powerpc64le-linux-gnu -internal-externc-isystem /include -internal-externc-isystem /usr/include -O0 -fdebug-compilation-dir /localhd/gbercea/patch-compiler/src/projects/openmp/libomptarget/omptests/t-multiple-compilation-units/results -ferror-limit 19 -fmessage-length 0 -fopenmp -fno-signed-char -fobjc-runtime=gcc -fdiagnostics-show-option -o /tmp/omptests2-bca52c.bc -x c /localhd/gbercea/patch-compiler/src/projects/openmp/libomptarget/omptests/t-multiple-compilation-units/omptests2.c -fopenmp-targets=nvptx64-nvidia-cuda -faddrsig
clang -cc1 version 7.0.0 based upon LLVM 7.0.0svn default target powerpc64le-unknown-linux-gnu
ignoring nonexistent directory "/include"
ignoring nonexistent directory "/include"
ignoring duplicate directory "/usr/local/include"
ignoring duplicate directory "/localhd/gbercea/patch-compiler/obj-release/lib/clang/7.0.0/include"
ignoring duplicate directory "/usr/include/powerpc64le-linux-gnu"
ignoring duplicate directory "/usr/include"
#include "..." search starts here:
#include <...> search starts here:
 /localhd/gbercea/patch-compiler/obj-release/lib
 /localhd/gbercea/patch-compiler/obj-release/lib/..
 /localhd/gbercea/patch-compiler/obj-release/lib/../projects/openmp/runtime/src
 /usr/local/include
 /localhd/gbercea/patch-compiler/obj-release/lib/clang/7.0.0/include
 /usr/include/powerpc64le-linux-gnu
 /usr/include
End of search list.
 "/localhd/gbercea/patch-compiler/obj-release/bin/clang-6.0" -cc1 -triple nvptx64-nvidia-cuda -aux-triple powerpc64le-ibm-linux-gnu -S -disable-free -main-file-name omptests2.c -mrelocation-model pic -pic-level 2 -mthread-model posix -mdisable-fp-elim -no-integrated-as -fuse-init-array -mlink-cuda-bitcode /usr/local/cuda-8.0/nvvm/libdevice/libdevice.compute_35.10.bc -target-feature +ptx42 -mlink-cuda-bitcode /localhd/gbercea/patch-compiler/obj-release/lib/libomptarget-nvptx-sm_37.bc -target-cpu sm_37 -dwarf-column-info -debugger-tuning=gdb -v -resource-dir /localhd/gbercea/patch-compiler/obj-release/lib/clang/7.0.0 -I /localhd/gbercea/patch-compiler/obj-release/lib -I /localhd/gbercea/patch-compiler/obj-release/lib/../ -I /localhd/gbercea/patch-compiler/obj-release/lib/../projects/openmp/runtime/src/ -internal-isystem /usr/local/include -internal-isystem /localhd/gbercea/patch-compiler/obj-release/lib/clang/7.0.0/include -internal-externc-isystem /usr/include/powerpc64le-linux-gnu -internal-externc-isystem /include -internal-externc-isystem /usr/include -internal-isystem /usr/local/include -internal-isystem /localhd/gbercea/patch-compiler/obj-release/lib/clang/7.0.0/include -internal-externc-isystem /usr/include/powerpc64le-linux-gnu -internal-externc-isystem /include -internal-externc-isystem /usr/include -O0 -fno-dwarf-directory-asm -fdebug-compilation-dir /localhd/gbercea/patch-compiler/src/projects/openmp/libomptarget/omptests/t-multiple-compilation-units/results -ferror-limit 19 -fmessage-length 0 -fopenmp -fobjc-runtime=gcc -fdiagnostics-show-option -o /tmp/omptests2-b815ba.s -x c /localhd/gbercea/patch-compiler/src/projects/openmp/libomptarget/omptests/t-multiple-compilation-units/omptests2.c -fopenmp-is-device -fopenmp-host-ir-file-path /tmp/omptests2-bca52c.bc
clang -cc1 version 7.0.0 based upon LLVM 7.0.0svn default target powerpc64le-unknown-linux-gnu
ignoring nonexistent directory "/include"
ignoring nonexistent directory "/include"
ignoring duplicate directory "/usr/local/include"
ignoring duplicate directory "/localhd/gbercea/patch-compiler/obj-release/lib/clang/7.0.0/include"
ignoring duplicate directory "/usr/include/powerpc64le-linux-gnu"
ignoring duplicate directory "/usr/include"
#include "..." search starts here:
#include <...> search starts here:
 /localhd/gbercea/patch-compiler/obj-release/lib
 /localhd/gbercea/patch-compiler/obj-release/lib/..
 /localhd/gbercea/patch-compiler/obj-release/lib/../projects/openmp/runtime/src
 /usr/local/include
 /localhd/gbercea/patch-compiler/obj-release/lib/clang/7.0.0/include
 /usr/include/powerpc64le-linux-gnu
 /usr/include
End of search list.
 "/usr/local/cuda-8.0/bin/ptxas" -m64 -O0 -v --gpu-name sm_37 --output-file /tmp/omptests2-fa1f04.cubin /tmp/omptests2-b815ba.s -c
ptxas info    : 48 bytes gmem
ptxas info    : Function properties for __omp_offloading_811_27e0e26_test_comp_unit_2_l5_worker
    32 bytes stack frame, 12 bytes spill stores, 12 bytes spill loads
ptxas info    : Function properties for _Z13isGenericModev
    0 bytes stack frame, 0 bytes spill stores, 0 bytes spill loads
ptxas info    : Function properties for _Z19getMyWorkDescriptorv
    0 bytes stack frame, 0 bytes spill stores, 0 bytes spill loads
ptxas info    : Function properties for _Z25GetLogicalThreadIdInBlockv
    8 bytes stack frame, 4 bytes spill stores, 4 bytes spill loads
ptxas info    : Function properties for _ZL9atomicAddPyy11
    0 bytes stack frame, 0 bytes spill stores, 0 bytes spill loads
ptxas info    : Function properties for _ZN26omptarget_nvptx_SharedArgs4InitEv
    0 bytes stack frame, 0 bytes spill stores, 0 bytes spill loads
ptxas info    : Function properties for _ZN25omptarget_nvptx_TaskDescr4CopyEPS_
    16 bytes stack frame, 16 bytes spill stores, 16 bytes spill loads
ptxas info    : Function properties for _ZN25omptarget_nvptx_TaskDescr8NThreadsEv
    0 bytes stack frame, 0 bytes spill stores, 0 bytes spill loads
ptxas info    : Function properties for _ZN21omptarget_nvptx_QueueI36omptarget_nvptx_ThreadPrivateContextLj16EE9IsServingEjj
    8 bytes stack frame, 4 bytes spill stores, 4 bytes spill loads
ptxas info    : Function properties for _ZN25omptarget_nvptx_TaskDescr17CopyFromWorkDescrEPS_
    8 bytes stack frame, 8 bytes spill stores, 8 bytes spill loads
ptxas info    : Function properties for _ZN25omptarget_nvptx_TeamDescr18LevelZeroTaskDescrEv
    0 bytes stack frame, 0 bytes spill stores, 0 bytes spill loads
ptxas info    : Function properties for _ZN21omptarget_nvptx_QueueI36omptarget_nvptx_ThreadPrivateContextLj16EE14ENQUEUE_TICKETEv
    0 bytes stack frame, 0 bytes spill stores, 0 bytes spill loads
ptxas info    : Function properties for _Z22setExecutionParameters13ExecutionMode11RuntimeMode
    0 bytes stack frame, 0 bytes spill stores, 0 bytes spill loads
ptxas info    : Function properties for _Z22getMyTopTaskDescriptori
    0 bytes stack frame, 0 bytes spill stores, 0 bytes spill loads
ptxas info    : Function properties for _ZN25omptarget_nvptx_WorkDescr13InitWorkDescrEv
    8 bytes stack frame, 8 bytes spill stores, 8 bytes spill loads
ptxas info    : Function properties for _ZN21omptarget_nvptx_QueueI36omptarget_nvptx_ThreadPrivateContextLj16EE14DEQUEUE_TICKETEv
    0 bytes stack frame, 0 bytes spill stores, 0 bytes spill loads
ptxas info    : Function properties for _ZN25omptarget_nvptx_TaskDescr13ThreadsInTeamEv
    0 bytes stack frame, 0 bytes spill stores, 0 bytes spill loads
ptxas info    : Function properties for _Z19getMyTeamDescriptorv
    0 bytes stack frame, 0 bytes spill stores, 0 bytes spill loads
ptxas info    : Function properties for __kmpc_kernel_deinit
    0 bytes stack frame, 0 bytes spill stores, 0 bytes spill loads
ptxas info    : Function properties for _ZN25omptarget_nvptx_TeamDescr23GetPreallocatedSlotAddrEi
    0 bytes stack frame, 0 bytes spill stores, 0 bytes spill loads
ptxas info    : Function properties for _ZN25omptarget_nvptx_TeamDescr9WorkDescrEv
    0 bytes stack frame, 0 bytes spill stores, 0 bytes spill loads
ptxas info    : Function properties for _Z17GetMasterThreadIDv
    0 bytes stack frame, 0 bytes spill stores, 0 bytes spill loads
ptxas info    : Function properties for _ZL10atomicExchPyy
    0 bytes stack frame, 0 bytes spill stores, 0 bytes spill loads
ptxas info    : Function properties for _Z4smidv
    0 bytes stack frame, 0 bytes spill stores, 0 bytes spill loads
ptxas info    : Function properties for __kmpc_global_thread_num
    0 bytes stack frame, 0 bytes spill stores, 0 bytes spill loads
ptxas info    : Function properties for _Z22GetNumberOfProcsInTeamv
    0 bytes stack frame, 0 bytes spill stores, 0 bytes spill loads
ptxas info    : Function properties for _ZN21omptarget_nvptx_QueueI36omptarget_nvptx_ThreadPrivateContextLj16EE11DoneServingEjj
    0 bytes stack frame, 0 bytes spill stores, 0 bytes spill loads
ptxas info    : Function properties for __kmpc_data_sharing_init_stack
    0 bytes stack frame, 0 bytes spill stores, 0 bytes spill loads
ptxas info    : Function properties for _ZN36omptarget_nvptx_ThreadPrivateContext4PrivEi
    0 bytes stack frame, 0 bytes spill stores, 0 bytes spill loads
ptxas info    : Function properties for _ZN36omptarget_nvptx_ThreadPrivateContext20GetTopLevelTaskDescrEi
    0 bytes stack frame, 0 bytes spill stores, 0 bytes spill loads
ptxas info    : Function properties for _ZN21omptarget_nvptx_QueueI36omptarget_nvptx_ThreadPrivateContextLj16EE2IDEj
    0 bytes stack frame, 0 bytes spill stores, 0 bytes spill loads
ptxas info    : Function properties for _ZN36omptarget_nvptx_ThreadPrivateContext15Level1TaskDescrEi
    0 bytes stack frame, 0 bytes spill stores, 0 bytes spill loads
ptxas info    : Function properties for _ZN25omptarget_nvptx_TeamDescr13InitTeamDescrEv
    8 bytes stack frame, 8 bytes spill stores, 8 bytes spill loads
ptxas info    : Function properties for _ZN21omptarget_nvptx_QueueI36omptarget_nvptx_ThreadPrivateContextLj16EE7EnqueueEPS0_
    24 bytes stack frame, 24 bytes spill stores, 24 bytes spill loads
ptxas info    : Function properties for __kmpc_kernel_init
    32 bytes stack frame, 32 bytes spill stores, 32 bytes spill loads
ptxas info    : Function properties for __kmpc_kernel_end_parallel
    16 bytes stack frame, 12 bytes spill stores, 12 bytes spill loads
ptxas info    : Function properties for _ZN25omptarget_nvptx_TaskDescr22InitLevelZeroTaskDescrEv
    16 bytes stack frame, 12 bytes spill stores, 12 bytes spill loads
ptxas info    : Function properties for __kmpc_kernel_parallel
    32 bytes stack frame, 28 bytes spill stores, 28 bytes spill loads
ptxas info    : Function properties for _ZN21omptarget_nvptx_QueueI36omptarget_nvptx_ThreadPrivateContextLj16EE7DequeueEv
    24 bytes stack frame, 24 bytes spill stores, 24 bytes spill loads
ptxas info    : Function properties for _Z24GetNumberOfProcsInDevicev
    0 bytes stack frame, 0 bytes spill stores, 0 bytes spill loads
ptxas info    : Function properties for _ZL10atomicExchPjj
    0 bytes stack frame, 0 bytes spill stores, 0 bytes spill loads
ptxas info    : Function properties for _Z30data_sharing_init_stack_commonv
    16 bytes stack frame, 12 bytes spill stores, 12 bytes spill loads
ptxas info    : Function properties for _ZN28omptarget_nvptx_CounterGroup4InitERy
    0 bytes stack frame, 0 bytes spill stores, 0 bytes spill loads
ptxas info    : Function properties for _Z24GetNumberOfWorkersInTeamv
    0 bytes stack frame, 0 bytes spill stores, 0 bytes spill loads
ptxas info    : Function properties for _Z25GetNumberOfThreadsInBlockv
    0 bytes stack frame, 0 bytes spill stores, 0 bytes spill loads
ptxas info    : Function properties for _ZN25omptarget_nvptx_WorkDescr13WorkTaskDescrEv
    0 bytes stack frame, 0 bytes spill stores, 0 bytes spill loads
ptxas info    : Function properties for _ZN36omptarget_nvptx_ThreadPrivateContext24InitThreadPrivateContextEi
    0 bytes stack frame, 0 bytes spill stores, 0 bytes spill loads
ptxas info    : Function properties for _ZL9atomicAddPjj
    0 bytes stack frame, 0 bytes spill stores, 0 bytes spill loads
ptxas info    : Function properties for _ZN36omptarget_nvptx_ThreadPrivateContext11TeamContextEv
    0 bytes stack frame, 0 bytes spill stores, 0 bytes spill loads
ptxas info    : Function properties for _ZN25omptarget_nvptx_TaskDescr8CopyDataEPS_
    0 bytes stack frame, 0 bytes spill stores, 0 bytes spill loads
ptxas info    : Function properties for _ZN25omptarget_nvptx_TaskDescr11ThreadLimitEv
    0 bytes stack frame, 0 bytes spill stores, 0 bytes spill loads
ptxas info    : Function properties for _ZN21omptarget_nvptx_QueueI36omptarget_nvptx_ThreadPrivateContextLj16EE11PushElementEjPS0_
    0 bytes stack frame, 0 bytes spill stores, 0 bytes spill loads
ptxas info    : Function properties for _Z18GetThreadIdInBlockv
    0 bytes stack frame, 0 bytes spill stores, 0 bytes spill loads
ptxas info    : Function properties for _ZN25omptarget_nvptx_TaskDescr16GetPrevTaskDescrEv
    0 bytes stack frame, 0 bytes spill stores, 0 bytes spill loads
ptxas info    : Function properties for _ZN28omptarget_nvptx_CounterGroup5ClearEv
    0 bytes stack frame, 0 bytes spill stores, 0 bytes spill loads
ptxas info    : Function properties for _ZN21omptarget_nvptx_QueueI36omptarget_nvptx_ThreadPrivateContextLj16EE10PopElementEj
    0 bytes stack frame, 0 bytes spill stores, 0 bytes spill loads
ptxas info    : Compiling entry function '__omp_offloading_811_27e0e26_test_comp_unit_2_l5' for 'sm_37'
ptxas info    : Function properties for __omp_offloading_811_27e0e26_test_comp_unit_2_l5
    24 bytes stack frame, 0 bytes spill stores, 0 bytes spill loads
ptxas info    : Used 20 registers, 336 bytes cmem[0]
ptxas info    : Function properties for _ZN25omptarget_nvptx_WorkDescr12CounterGroupEv
    0 bytes stack frame, 0 bytes spill stores, 0 bytes spill loads
ptxas info    : Function properties for _ZN36omptarget_nvptx_ThreadPrivateContext20SetTopLevelTaskDescrEiP25omptarget_nvptx_TaskDescr
    0 bytes stack frame, 0 bytes spill stores, 0 bytes spill loads
 "/localhd/gbercea/patch-compiler/obj-release/bin/clang-6.0" -cc1 -triple powerpc64le-ibm-linux-gnu -emit-llvm-bc -emit-llvm-uselists -disable-free -main-file-name omptests.c -mrelocation-model pic -pic-level 2 -mthread-model posix -mdisable-fp-elim -fmath-errno -masm-verbose -mconstructor-aliases -fuse-init-array -target-cpu pwr8 -mfloat-abi hard -target-abi elfv2 -dwarf-column-info -debugger-tuning=gdb -v -resource-dir /localhd/gbercea/patch-compiler/obj-release/lib/clang/7.0.0 -I /localhd/gbercea/patch-compiler/obj-release/lib -I /localhd/gbercea/patch-compiler/obj-release/lib/../ -I /localhd/gbercea/patch-compiler/obj-release/lib/../projects/openmp/runtime/src/ -internal-isystem /usr/local/include -internal-isystem /localhd/gbercea/patch-compiler/obj-release/lib/clang/7.0.0/include -internal-externc-isystem /usr/include/powerpc64le-linux-gnu -internal-externc-isystem /include -internal-externc-isystem /usr/include -internal-isystem /usr/local/include -internal-isystem /localhd/gbercea/patch-compiler/obj-release/lib/clang/7.0.0/include -internal-externc-isystem /usr/include/powerpc64le-linux-gnu -internal-externc-isystem /include -internal-externc-isystem /usr/include -O0 -fdebug-compilation-dir /localhd/gbercea/patch-compiler/src/projects/openmp/libomptarget/omptests/t-multiple-compilation-units/results -ferror-limit 19 -fmessage-length 0 -fopenmp -fno-signed-char -fobjc-runtime=gcc -fdiagnostics-show-option -o /tmp/omptests-edb27d.bc -x c /localhd/gbercea/patch-compiler/src/projects/openmp/libomptarget/omptests/t-multiple-compilation-units/omptests.c -fopenmp-targets=nvptx64-nvidia-cuda -faddrsig
clang -cc1 version 7.0.0 based upon LLVM 7.0.0svn default target powerpc64le-unknown-linux-gnu
ignoring nonexistent directory "/include"
ignoring nonexistent directory "/include"
ignoring duplicate directory "/usr/local/include"
ignoring duplicate directory "/localhd/gbercea/patch-compiler/obj-release/lib/clang/7.0.0/include"
ignoring duplicate directory "/usr/include/powerpc64le-linux-gnu"
ignoring duplicate directory "/usr/include"
#include "..." search starts here:
#include <...> search starts here:
 /localhd/gbercea/patch-compiler/obj-release/lib
 /localhd/gbercea/patch-compiler/obj-release/lib/..
 /localhd/gbercea/patch-compiler/obj-release/lib/../projects/openmp/runtime/src
 /usr/local/include
 /localhd/gbercea/patch-compiler/obj-release/lib/clang/7.0.0/include
 /usr/include/powerpc64le-linux-gnu
 /usr/include
End of search list.
 "/localhd/gbercea/patch-compiler/obj-release/bin/clang-6.0" -cc1 -triple nvptx64-nvidia-cuda -aux-triple powerpc64le-ibm-linux-gnu -S -disable-free -main-file-name omptests.c -mrelocation-model pic -pic-level 2 -mthread-model posix -mdisable-fp-elim -no-integrated-as -fuse-init-array -mlink-cuda-bitcode /usr/local/cuda-8.0/nvvm/libdevice/libdevice.compute_35.10.bc -target-feature +ptx42 -mlink-cuda-bitcode /localhd/gbercea/patch-compiler/obj-release/lib/libomptarget-nvptx-sm_37.bc -target-cpu sm_37 -dwarf-column-info -debugger-tuning=gdb -v -resource-dir /localhd/gbercea/patch-compiler/obj-release/lib/clang/7.0.0 -I /localhd/gbercea/patch-compiler/obj-release/lib -I /localhd/gbercea/patch-compiler/obj-release/lib/../ -I /localhd/gbercea/patch-compiler/obj-release/lib/../projects/openmp/runtime/src/ -internal-isystem /usr/local/include -internal-isystem /localhd/gbercea/patch-compiler/obj-release/lib/clang/7.0.0/include -internal-externc-isystem /usr/include/powerpc64le-linux-gnu -internal-externc-isystem /include -internal-externc-isystem /usr/include -internal-isystem /usr/local/include -internal-isystem /localhd/gbercea/patch-compiler/obj-release/lib/clang/7.0.0/include -internal-externc-isystem /usr/include/powerpc64le-linux-gnu -internal-externc-isystem /include -internal-externc-isystem /usr/include -O0 -fno-dwarf-directory-asm -fdebug-compilation-dir /localhd/gbercea/patch-compiler/src/projects/openmp/libomptarget/omptests/t-multiple-compilation-units/results -ferror-limit 19 -fmessage-length 0 -fopenmp -fobjc-runtime=gcc -fdiagnostics-show-option -o /tmp/omptests-6d9706.s -x c /localhd/gbercea/patch-compiler/src/projects/openmp/libomptarget/omptests/t-multiple-compilation-units/omptests.c -fopenmp-is-device -fopenmp-host-ir-file-path /tmp/omptests-edb27d.bc
clang -cc1 version 7.0.0 based upon LLVM 7.0.0svn default target powerpc64le-unknown-linux-gnu
ignoring nonexistent directory "/include"
ignoring nonexistent directory "/include"
ignoring duplicate directory "/usr/local/include"
ignoring duplicate directory "/localhd/gbercea/patch-compiler/obj-release/lib/clang/7.0.0/include"
ignoring duplicate directory "/usr/include/powerpc64le-linux-gnu"
ignoring duplicate directory "/usr/include"
#include "..." search starts here:
#include <...> search starts here:
 /localhd/gbercea/patch-compiler/obj-release/lib
 /localhd/gbercea/patch-compiler/obj-release/lib/..
 /localhd/gbercea/patch-compiler/obj-release/lib/../projects/openmp/runtime/src
 /usr/local/include
 /localhd/gbercea/patch-compiler/obj-release/lib/clang/7.0.0/include
 /usr/include/powerpc64le-linux-gnu
 /usr/include
End of search list.
 "/usr/local/cuda-8.0/bin/ptxas" -m64 -O0 -v --gpu-name sm_37 --output-file /tmp/omptests-bb2505.cubin /tmp/omptests-6d9706.s -c
ptxas info    : 48 bytes gmem
ptxas info    : Function properties for __omp_offloading_811_27e0e20_test_comp_unit_1_l33_worker
    32 bytes stack frame, 12 bytes spill stores, 12 bytes spill loads
ptxas info    : Function properties for _Z13isGenericModev
    0 bytes stack frame, 0 bytes spill stores, 0 bytes spill loads
ptxas info    : Function properties for _Z19getMyWorkDescriptorv
    0 bytes stack frame, 0 bytes spill stores, 0 bytes spill loads
ptxas info    : Function properties for _Z25GetLogicalThreadIdInBlockv
    8 bytes stack frame, 4 bytes spill stores, 4 bytes spill loads
ptxas info    : Function properties for _ZL9atomicAddPyy11
    0 bytes stack frame, 0 bytes spill stores, 0 bytes spill loads
ptxas info    : Function properties for _ZN26omptarget_nvptx_SharedArgs4InitEv
    0 bytes stack frame, 0 bytes spill stores, 0 bytes spill loads
ptxas info    : Function properties for _ZN25omptarget_nvptx_TaskDescr4CopyEPS_
    16 bytes stack frame, 16 bytes spill stores, 16 bytes spill loads
ptxas info    : Function properties for _ZN25omptarget_nvptx_TaskDescr8NThreadsEv
    0 bytes stack frame, 0 bytes spill stores, 0 bytes spill loads
ptxas info    : Function properties for _ZN21omptarget_nvptx_QueueI36omptarget_nvptx_ThreadPrivateContextLj16EE9IsServingEjj
    8 bytes stack frame, 4 bytes spill stores, 4 bytes spill loads
ptxas info    : Function properties for _ZN25omptarget_nvptx_TaskDescr17CopyFromWorkDescrEPS_
    8 bytes stack frame, 8 bytes spill stores, 8 bytes spill loads
ptxas info    : Function properties for _ZN25omptarget_nvptx_TeamDescr18LevelZeroTaskDescrEv
    0 bytes stack frame, 0 bytes spill stores, 0 bytes spill loads
ptxas info    : Function properties for _ZN21omptarget_nvptx_QueueI36omptarget_nvptx_ThreadPrivateContextLj16EE14ENQUEUE_TICKETEv
    0 bytes stack frame, 0 bytes spill stores, 0 bytes spill loads
ptxas info    : Function properties for _Z22setExecutionParameters13ExecutionMode11RuntimeMode
    0 bytes stack frame, 0 bytes spill stores, 0 bytes spill loads
ptxas info    : Function properties for _Z22getMyTopTaskDescriptori
    0 bytes stack frame, 0 bytes spill stores, 0 bytes spill loads
ptxas info    : Function properties for _ZN25omptarget_nvptx_WorkDescr13InitWorkDescrEv
    8 bytes stack frame, 8 bytes spill stores, 8 bytes spill loads
ptxas info    : Function properties for _ZN21omptarget_nvptx_QueueI36omptarget_nvptx_ThreadPrivateContextLj16EE14DEQUEUE_TICKETEv
    0 bytes stack frame, 0 bytes spill stores, 0 bytes spill loads
ptxas info    : Function properties for _ZN25omptarget_nvptx_TaskDescr13ThreadsInTeamEv
    0 bytes stack frame, 0 bytes spill stores, 0 bytes spill loads
ptxas info    : Function properties for _Z19getMyTeamDescriptorv
    0 bytes stack frame, 0 bytes spill stores, 0 bytes spill loads
ptxas info    : Function properties for __kmpc_kernel_deinit
    0 bytes stack frame, 0 bytes spill stores, 0 bytes spill loads
ptxas info    : Function properties for _ZN25omptarget_nvptx_TeamDescr23GetPreallocatedSlotAddrEi
    0 bytes stack frame, 0 bytes spill stores, 0 bytes spill loads
ptxas info    : Function properties for _ZN25omptarget_nvptx_TeamDescr9WorkDescrEv
    0 bytes stack frame, 0 bytes spill stores, 0 bytes spill loads
ptxas info    : Function properties for _Z17GetMasterThreadIDv
    0 bytes stack frame, 0 bytes spill stores, 0 bytes spill loads
ptxas info    : Function properties for _ZL10atomicExchPyy
    0 bytes stack frame, 0 bytes spill stores, 0 bytes spill loads
ptxas info    : Function properties for _Z4smidv
    0 bytes stack frame, 0 bytes spill stores, 0 bytes spill loads
ptxas info    : Function properties for __kmpc_global_thread_num
    0 bytes stack frame, 0 bytes spill stores, 0 bytes spill loads
ptxas info    : Function properties for _Z22GetNumberOfProcsInTeamv
    0 bytes stack frame, 0 bytes spill stores, 0 bytes spill loads
ptxas info    : Function properties for _ZN21omptarget_nvptx_QueueI36omptarget_nvptx_ThreadPrivateContextLj16EE11DoneServingEjj
    0 bytes stack frame, 0 bytes spill stores, 0 bytes spill loads
ptxas info    : Function properties for __kmpc_data_sharing_init_stack
    0 bytes stack frame, 0 bytes spill stores, 0 bytes spill loads
ptxas info    : Function properties for _ZN36omptarget_nvptx_ThreadPrivateContext4PrivEi
    0 bytes stack frame, 0 bytes spill stores, 0 bytes spill loads
ptxas info    : Function properties for _ZN36omptarget_nvptx_ThreadPrivateContext20GetTopLevelTaskDescrEi
    0 bytes stack frame, 0 bytes spill stores, 0 bytes spill loads
ptxas info    : Function properties for _ZN21omptarget_nvptx_QueueI36omptarget_nvptx_ThreadPrivateContextLj16EE2IDEj
    0 bytes stack frame, 0 bytes spill stores, 0 bytes spill loads
ptxas info    : Function properties for _ZN36omptarget_nvptx_ThreadPrivateContext15Level1TaskDescrEi
    0 bytes stack frame, 0 bytes spill stores, 0 bytes spill loads
ptxas info    : Function properties for _ZN25omptarget_nvptx_TeamDescr13InitTeamDescrEv
    8 bytes stack frame, 8 bytes spill stores, 8 bytes spill loads
ptxas info    : Function properties for _ZN21omptarget_nvptx_QueueI36omptarget_nvptx_ThreadPrivateContextLj16EE7EnqueueEPS0_
    24 bytes stack frame, 24 bytes spill stores, 24 bytes spill loads
ptxas info    : Function properties for __kmpc_kernel_init
    32 bytes stack frame, 32 bytes spill stores, 32 bytes spill loads
ptxas info    : Function properties for __kmpc_kernel_end_parallel
    16 bytes stack frame, 12 bytes spill stores, 12 bytes spill loads
ptxas info    : Function properties for _ZN25omptarget_nvptx_TaskDescr22InitLevelZeroTaskDescrEv
    16 bytes stack frame, 12 bytes spill stores, 12 bytes spill loads
ptxas info    : Function properties for __kmpc_kernel_parallel
    32 bytes stack frame, 28 bytes spill stores, 28 bytes spill loads
ptxas info    : Function properties for _ZN21omptarget_nvptx_QueueI36omptarget_nvptx_ThreadPrivateContextLj16EE7DequeueEv
    24 bytes stack frame, 24 bytes spill stores, 24 bytes spill loads
ptxas info    : Function properties for _Z24GetNumberOfProcsInDevicev
    0 bytes stack frame, 0 bytes spill stores, 0 bytes spill loads
ptxas info    : Function properties for _ZL10atomicExchPjj
    0 bytes stack frame, 0 bytes spill stores, 0 bytes spill loads
ptxas info    : Function properties for _Z30data_sharing_init_stack_commonv
    16 bytes stack frame, 12 bytes spill stores, 12 bytes spill loads
ptxas info    : Function properties for _ZN28omptarget_nvptx_CounterGroup4InitERy
    0 bytes stack frame, 0 bytes spill stores, 0 bytes spill loads
ptxas info    : Function properties for _Z24GetNumberOfWorkersInTeamv
    0 bytes stack frame, 0 bytes spill stores, 0 bytes spill loads
ptxas info    : Function properties for _Z25GetNumberOfThreadsInBlockv
    0 bytes stack frame, 0 bytes spill stores, 0 bytes spill loads
ptxas info    : Function properties for _ZN25omptarget_nvptx_WorkDescr13WorkTaskDescrEv
    0 bytes stack frame, 0 bytes spill stores, 0 bytes spill loads
ptxas info    : Function properties for _ZN36omptarget_nvptx_ThreadPrivateContext24InitThreadPrivateContextEi
    0 bytes stack frame, 0 bytes spill stores, 0 bytes spill loads
ptxas info    : Function properties for _ZL9atomicAddPjj
    0 bytes stack frame, 0 bytes spill stores, 0 bytes spill loads
ptxas info    : Function properties for _ZN36omptarget_nvptx_ThreadPrivateContext11TeamContextEv
    0 bytes stack frame, 0 bytes spill stores, 0 bytes spill loads
ptxas info    : Function properties for _ZN25omptarget_nvptx_TaskDescr8CopyDataEPS_
    0 bytes stack frame, 0 bytes spill stores, 0 bytes spill loads
ptxas info    : Function properties for _ZN25omptarget_nvptx_TaskDescr11ThreadLimitEv
    0 bytes stack frame, 0 bytes spill stores, 0 bytes spill loads
ptxas info    : Function properties for _ZN21omptarget_nvptx_QueueI36omptarget_nvptx_ThreadPrivateContextLj16EE11PushElementEjPS0_
    0 bytes stack frame, 0 bytes spill stores, 0 bytes spill loads
ptxas info    : Function properties for _Z18GetThreadIdInBlockv
    0 bytes stack frame, 0 bytes spill stores, 0 bytes spill loads
ptxas info    : Function properties for _ZN25omptarget_nvptx_TaskDescr16GetPrevTaskDescrEv
    0 bytes stack frame, 0 bytes spill stores, 0 bytes spill loads
ptxas info    : Function properties for _ZN28omptarget_nvptx_CounterGroup5ClearEv
    0 bytes stack frame, 0 bytes spill stores, 0 bytes spill loads
ptxas info    : Function properties for _ZN21omptarget_nvptx_QueueI36omptarget_nvptx_ThreadPrivateContextLj16EE10PopElementEj
    0 bytes stack frame, 0 bytes spill stores, 0 bytes spill loads
ptxas info    : Compiling entry function '__omp_offloading_811_27e0e20_test_comp_unit_1_l33' for 'sm_37'
ptxas info    : Function properties for __omp_offloading_811_27e0e20_test_comp_unit_1_l33
    24 bytes stack frame, 0 bytes spill stores, 0 bytes spill loads
ptxas info    : Used 20 registers, 336 bytes cmem[0]
ptxas info    : Function properties for _ZN25omptarget_nvptx_WorkDescr12CounterGroupEv
    0 bytes stack frame, 0 bytes spill stores, 0 bytes spill loads
ptxas info    : Function properties for _ZN36omptarget_nvptx_ThreadPrivateContext20SetTopLevelTaskDescrEiP25omptarget_nvptx_TaskDescr
    0 bytes stack frame, 0 bytes spill stores, 0 bytes spill loads
 "/usr/local/cuda-8.0/bin/nvlink" -o /tmp/omptests2-1bd218.out -v -arch sm_37 -L/localhd/gbercea/patch-compiler/obj-release/lib -L/usr/local/cuda-8.0/lib64 -L/usr/local/cuda-8.0/nvvm/libdevice -L/localhd/gbercea/patch-compiler/obj-release/lib -lomptarget-nvptx /tmp/omptests2-fa1f04.cubin /tmp/omptests-bb2505.cubin
nvlink info    : 100538622 bytes gmem
nvlink info    : Function properties for '__omp_offloading_811_27e0e20_test_comp_unit_1_l33':
nvlink info    : used 23 registers, 112 stack, 1092 bytes smem, 336 bytes cmem[0], 0 bytes lmem
nvlink info    : Function properties for '__omp_offloading_811_27e0e26_test_comp_unit_2_l5':
nvlink info    : used 23 registers, 112 stack, 1092 bytes smem, 336 bytes cmem[0], 0 bytes lmem
 "/localhd/gbercea/patch-compiler/obj-release/bin/clang-6.0" -cc1 -triple powerpc64le-ibm-linux-gnu -emit-obj -mrelax-all -disable-free -main-file-name omptests2.c -mrelocation-model pic -pic-level 2 -mthread-model posix -mdisable-fp-elim -fmath-errno -masm-verbose -mconstructor-aliases -fuse-init-array -target-cpu pwr8 -mfloat-abi hard -target-abi elfv2 -dwarf-column-info -debugger-tuning=gdb -v -resource-dir /localhd/gbercea/patch-compiler/obj-release/lib/clang/7.0.0 -O0 -fdebug-compilation-dir /localhd/gbercea/patch-compiler/src/projects/openmp/libomptarget/omptests/t-multiple-compilation-units/results -ferror-limit 19 -fmessage-length 0 -fopenmp -fno-signed-char -fobjc-runtime=gcc -fdiagnostics-show-option -o /tmp/omptests2-d02ef3.o -x ir /tmp/omptests2-bca52c.bc -faddrsig
clang -cc1 version 7.0.0 based upon LLVM 7.0.0svn default target powerpc64le-unknown-linux-gnu
 "/localhd/gbercea/patch-compiler/obj-release/bin/clang-6.0" -cc1 -triple powerpc64le-ibm-linux-gnu -emit-obj -mrelax-all -disable-free -main-file-name omptests.c -mrelocation-model pic -pic-level 2 -mthread-model posix -mdisable-fp-elim -fmath-errno -masm-verbose -mconstructor-aliases -fuse-init-array -target-cpu pwr8 -mfloat-abi hard -target-abi elfv2 -dwarf-column-info -debugger-tuning=gdb -v -resource-dir /localhd/gbercea/patch-compiler/obj-release/lib/clang/7.0.0 -O0 -fdebug-compilation-dir /localhd/gbercea/patch-compiler/src/projects/openmp/libomptarget/omptests/t-multiple-compilation-units/results -ferror-limit 19 -fmessage-length 0 -fopenmp -fno-signed-char -fobjc-runtime=gcc -fdiagnostics-show-option -o /tmp/omptests-2e0d07.o -x ir /tmp/omptests-edb27d.bc -faddrsig
clang -cc1 version 7.0.0 based upon LLVM 7.0.0svn default target powerpc64le-unknown-linux-gnu
 "/usr/bin/ld" -z relro --hash-style=gnu --eh-frame-hdr -m elf64lppc -dynamic-linker /lib64/ld64.so.2 -o /localhd/gbercea/patch-compiler/src/projects/openmp/libomptarget/omptests/t-multiple-compilation-units/results/a.out /usr/lib/gcc/powerpc64le-linux-gnu/4.8/../../../powerpc64le-linux-gnu/crt1.o /usr/lib/gcc/powerpc64le-linux-gnu/4.8/../../../powerpc64le-linux-gnu/crti.o /usr/lib/gcc/powerpc64le-linux-gnu/4.8/crtbegin.o -L/localhd/gbercea/patch-compiler/obj-release/lib -L/localhd/gbercea/patch-compiler/obj-release/lib -L/usr/lib/gcc/powerpc64le-linux-gnu/4.8 -L/usr/lib/gcc/powerpc64le-linux-gnu/4.8/../../../powerpc64le-linux-gnu -L/usr/lib/gcc/powerpc64le-linux-gnu/4.8/../../../../lib64 -L/lib/powerpc64le-linux-gnu -L/lib/../lib64 -L/usr/lib/powerpc64le-linux-gnu -L/usr/lib/../lib64 -L/usr/lib/powerpc64le-linux-gnu/../../lib64 -L/usr/lib/gcc/powerpc64le-linux-gnu/4.8/../../.. -L/localhd/gbercea/patch-compiler/obj-release/bin/../lib -L/lib -L/usr/lib /tmp/omptests2-d02ef3.o /tmp/omptests-2e0d07.o -L/localhd/gbercea/patch-compiler/obj-release/lib -L/usr/local/cuda-8.0/lib64 -L/usr/local/cuda-8.0/nvvm/libdevice -lomp -lomptarget -lgcc --as-needed -lgcc_s --no-as-needed -lpthread -latomic -lc -lgcc --as-needed -lgcc_s --no-as-needed /usr/lib/gcc/powerpc64le-linux-gnu/4.8/crtend.o /usr/lib/gcc/powerpc64le-linux-gnu/4.8/../../../powerpc64le-linux-gnu/crtn.o -T /tmp/a-a743e5.lk
